ARM GAS  C:\Users\ikomb\AppData\Local\Temp\ccPXNeSa.s 			page 1


   1              		.syntax unified
   2              		.cpu cortex-m0plus
   3              		.fpu softvfp
   4              		.eabi_attribute 20, 1
   5              		.eabi_attribute 21, 1
   6              		.eabi_attribute 23, 3
   7              		.eabi_attribute 24, 1
   8              		.eabi_attribute 25, 1
   9              		.eabi_attribute 26, 1
  10              		.eabi_attribute 30, 1
  11              		.eabi_attribute 34, 0
  12              		.eabi_attribute 18, 4
  13              		.thumb
  14              		.syntax unified
  15              		.file	"GraphicLCDIntf_PM.c"
  16              		.text
  17              	.Ltext0:
  18              		.cfi_sections	.debug_frame
  19              		.section	.text.GraphicLCDIntf_SaveConfig,"ax",%progbits
  20              		.align	2
  21              		.global	GraphicLCDIntf_SaveConfig
  22              		.code	16
  23              		.thumb_func
  24              		.type	GraphicLCDIntf_SaveConfig, %function
  25              	GraphicLCDIntf_SaveConfig:
  26              	.LFB36:
  27              		.file 1 "Generated_Source\\PSoC6\\GraphicLCDIntf_PM.c"
   1:Generated_Source\PSoC6/GraphicLCDIntf_PM.c **** /*******************************************************************************
   2:Generated_Source\PSoC6/GraphicLCDIntf_PM.c **** * File Name: GraphicLCDIntf_PM.c
   3:Generated_Source\PSoC6/GraphicLCDIntf_PM.c **** * Version 1.80
   4:Generated_Source\PSoC6/GraphicLCDIntf_PM.c **** *
   5:Generated_Source\PSoC6/GraphicLCDIntf_PM.c **** * Description:
   6:Generated_Source\PSoC6/GraphicLCDIntf_PM.c **** *  This file contains the setup, control and status commands to support 
   7:Generated_Source\PSoC6/GraphicLCDIntf_PM.c **** *  the component operations in Low-power mode.  
   8:Generated_Source\PSoC6/GraphicLCDIntf_PM.c **** *
   9:Generated_Source\PSoC6/GraphicLCDIntf_PM.c **** ********************************************************************************
  10:Generated_Source\PSoC6/GraphicLCDIntf_PM.c **** * Copyright 2008-2018, Cypress Semiconductor Corporation.  All rights reserved.
  11:Generated_Source\PSoC6/GraphicLCDIntf_PM.c **** * You may use this file only in accordance with the license, terms, conditions,
  12:Generated_Source\PSoC6/GraphicLCDIntf_PM.c **** * disclaimers, and limitations in the end user license agreement accompanying
  13:Generated_Source\PSoC6/GraphicLCDIntf_PM.c **** * the software package with which this file was provided.
  14:Generated_Source\PSoC6/GraphicLCDIntf_PM.c **** *******************************************************************************/
  15:Generated_Source\PSoC6/GraphicLCDIntf_PM.c **** 
  16:Generated_Source\PSoC6/GraphicLCDIntf_PM.c **** #include "GraphicLCDIntf.h" 
  17:Generated_Source\PSoC6/GraphicLCDIntf_PM.c **** 
  18:Generated_Source\PSoC6/GraphicLCDIntf_PM.c **** 
  19:Generated_Source\PSoC6/GraphicLCDIntf_PM.c **** /*******************************************************************************
  20:Generated_Source\PSoC6/GraphicLCDIntf_PM.c **** * Function Name: GraphicLCDIntf_SaveConfig
  21:Generated_Source\PSoC6/GraphicLCDIntf_PM.c **** ********************************************************************************
  22:Generated_Source\PSoC6/GraphicLCDIntf_PM.c **** *
  23:Generated_Source\PSoC6/GraphicLCDIntf_PM.c **** * Summary:
  24:Generated_Source\PSoC6/GraphicLCDIntf_PM.c **** *  All configuration registers are retention. Nothing to save here.
  25:Generated_Source\PSoC6/GraphicLCDIntf_PM.c **** *
  26:Generated_Source\PSoC6/GraphicLCDIntf_PM.c **** *******************************************************************************/
  27:Generated_Source\PSoC6/GraphicLCDIntf_PM.c **** void GraphicLCDIntf_SaveConfig(void) 
  28:Generated_Source\PSoC6/GraphicLCDIntf_PM.c **** {   
  28              		.loc 1 28 0
  29              		.cfi_startproc
ARM GAS  C:\Users\ikomb\AppData\Local\Temp\ccPXNeSa.s 			page 2


  30              		@ args = 0, pretend = 0, frame = 0
  31              		@ frame_needed = 0, uses_anonymous_args = 0
  32              		@ link register save eliminated.
  29:Generated_Source\PSoC6/GraphicLCDIntf_PM.c ****     
  30:Generated_Source\PSoC6/GraphicLCDIntf_PM.c **** }
  33              		.loc 1 30 0
  34              		@ sp needed
  35 0000 7047     		bx	lr
  36              		.cfi_endproc
  37              	.LFE36:
  38              		.size	GraphicLCDIntf_SaveConfig, .-GraphicLCDIntf_SaveConfig
  39 0002 C046     		.section	.text.GraphicLCDIntf_RestoreConfig,"ax",%progbits
  40              		.align	2
  41              		.global	GraphicLCDIntf_RestoreConfig
  42              		.code	16
  43              		.thumb_func
  44              		.type	GraphicLCDIntf_RestoreConfig, %function
  45              	GraphicLCDIntf_RestoreConfig:
  46              	.LFB37:
  31:Generated_Source\PSoC6/GraphicLCDIntf_PM.c **** 
  32:Generated_Source\PSoC6/GraphicLCDIntf_PM.c **** 
  33:Generated_Source\PSoC6/GraphicLCDIntf_PM.c **** /*******************************************************************************
  34:Generated_Source\PSoC6/GraphicLCDIntf_PM.c **** * Function Name: GraphicLCDIntf_RestoreConfig
  35:Generated_Source\PSoC6/GraphicLCDIntf_PM.c **** ********************************************************************************
  36:Generated_Source\PSoC6/GraphicLCDIntf_PM.c **** *
  37:Generated_Source\PSoC6/GraphicLCDIntf_PM.c **** * Summary:
  38:Generated_Source\PSoC6/GraphicLCDIntf_PM.c **** *  All configuration registers are retention. Nothing to restore here.
  39:Generated_Source\PSoC6/GraphicLCDIntf_PM.c **** *
  40:Generated_Source\PSoC6/GraphicLCDIntf_PM.c **** *******************************************************************************/
  41:Generated_Source\PSoC6/GraphicLCDIntf_PM.c **** void GraphicLCDIntf_RestoreConfig(void) 
  42:Generated_Source\PSoC6/GraphicLCDIntf_PM.c **** {    
  47              		.loc 1 42 0
  48              		.cfi_startproc
  49              		@ args = 0, pretend = 0, frame = 0
  50              		@ frame_needed = 0, uses_anonymous_args = 0
  51              		@ link register save eliminated.
  43:Generated_Source\PSoC6/GraphicLCDIntf_PM.c ****     
  44:Generated_Source\PSoC6/GraphicLCDIntf_PM.c **** }
  52              		.loc 1 44 0
  53              		@ sp needed
  54 0000 7047     		bx	lr
  55              		.cfi_endproc
  56              	.LFE37:
  57              		.size	GraphicLCDIntf_RestoreConfig, .-GraphicLCDIntf_RestoreConfig
  58 0002 C046     		.section	.text.GraphicLCDIntf_Sleep,"ax",%progbits
  59              		.align	2
  60              		.global	GraphicLCDIntf_Sleep
  61              		.code	16
  62              		.thumb_func
  63              		.type	GraphicLCDIntf_Sleep, %function
  64              	GraphicLCDIntf_Sleep:
  65              	.LFB38:
  45:Generated_Source\PSoC6/GraphicLCDIntf_PM.c **** 
  46:Generated_Source\PSoC6/GraphicLCDIntf_PM.c **** 
  47:Generated_Source\PSoC6/GraphicLCDIntf_PM.c **** /*******************************************************************************
  48:Generated_Source\PSoC6/GraphicLCDIntf_PM.c **** * Function Name: GraphicLCDIntf_Sleep
  49:Generated_Source\PSoC6/GraphicLCDIntf_PM.c **** ********************************************************************************
ARM GAS  C:\Users\ikomb\AppData\Local\Temp\ccPXNeSa.s 			page 3


  50:Generated_Source\PSoC6/GraphicLCDIntf_PM.c **** *
  51:Generated_Source\PSoC6/GraphicLCDIntf_PM.c **** * Summary:
  52:Generated_Source\PSoC6/GraphicLCDIntf_PM.c **** *  Disables block's operation and saves its configuration. Should be called 
  53:Generated_Source\PSoC6/GraphicLCDIntf_PM.c **** *  prior to entering Sleep.
  54:Generated_Source\PSoC6/GraphicLCDIntf_PM.c **** *
  55:Generated_Source\PSoC6/GraphicLCDIntf_PM.c **** *******************************************************************************/
  56:Generated_Source\PSoC6/GraphicLCDIntf_PM.c **** void GraphicLCDIntf_Sleep(void) 
  57:Generated_Source\PSoC6/GraphicLCDIntf_PM.c **** {
  66              		.loc 1 57 0
  67              		.cfi_startproc
  68              		@ args = 0, pretend = 0, frame = 0
  69              		@ frame_needed = 0, uses_anonymous_args = 0
  70 0000 10B5     		push	{r4, lr}
  71              		.cfi_def_cfa_offset 8
  72              		.cfi_offset 4, -8
  73              		.cfi_offset 14, -4
  58:Generated_Source\PSoC6/GraphicLCDIntf_PM.c ****     GraphicLCDIntf_Stop();
  74              		.loc 1 58 0
  75 0002 FFF7FEFF 		bl	GraphicLCDIntf_Stop
  76              	.LVL0:
  59:Generated_Source\PSoC6/GraphicLCDIntf_PM.c **** }
  77              		.loc 1 59 0
  78              		@ sp needed
  79 0006 10BD     		pop	{r4, pc}
  80              		.cfi_endproc
  81              	.LFE38:
  82              		.size	GraphicLCDIntf_Sleep, .-GraphicLCDIntf_Sleep
  83              		.section	.text.GraphicLCDIntf_Wakeup,"ax",%progbits
  84              		.align	2
  85              		.global	GraphicLCDIntf_Wakeup
  86              		.code	16
  87              		.thumb_func
  88              		.type	GraphicLCDIntf_Wakeup, %function
  89              	GraphicLCDIntf_Wakeup:
  90              	.LFB39:
  60:Generated_Source\PSoC6/GraphicLCDIntf_PM.c **** 
  61:Generated_Source\PSoC6/GraphicLCDIntf_PM.c **** 
  62:Generated_Source\PSoC6/GraphicLCDIntf_PM.c **** /*******************************************************************************
  63:Generated_Source\PSoC6/GraphicLCDIntf_PM.c **** * Function Name: GraphicLCDIntf_Wakeup
  64:Generated_Source\PSoC6/GraphicLCDIntf_PM.c **** ********************************************************************************
  65:Generated_Source\PSoC6/GraphicLCDIntf_PM.c **** *
  66:Generated_Source\PSoC6/GraphicLCDIntf_PM.c **** * Summary:
  67:Generated_Source\PSoC6/GraphicLCDIntf_PM.c **** *  Enables block's operation and restores its configuration. Should be called
  68:Generated_Source\PSoC6/GraphicLCDIntf_PM.c **** *  after awaking from Sleep.
  69:Generated_Source\PSoC6/GraphicLCDIntf_PM.c **** *
  70:Generated_Source\PSoC6/GraphicLCDIntf_PM.c **** *******************************************************************************/
  71:Generated_Source\PSoC6/GraphicLCDIntf_PM.c **** void GraphicLCDIntf_Wakeup(void) 
  72:Generated_Source\PSoC6/GraphicLCDIntf_PM.c **** {
  91              		.loc 1 72 0
  92              		.cfi_startproc
  93              		@ args = 0, pretend = 0, frame = 0
  94              		@ frame_needed = 0, uses_anonymous_args = 0
  95 0000 10B5     		push	{r4, lr}
  96              		.cfi_def_cfa_offset 8
  97              		.cfi_offset 4, -8
  98              		.cfi_offset 14, -4
  73:Generated_Source\PSoC6/GraphicLCDIntf_PM.c ****     GraphicLCDIntf_Enable();
ARM GAS  C:\Users\ikomb\AppData\Local\Temp\ccPXNeSa.s 			page 4


  99              		.loc 1 73 0
 100 0002 FFF7FEFF 		bl	GraphicLCDIntf_Enable
 101              	.LVL1:
  74:Generated_Source\PSoC6/GraphicLCDIntf_PM.c **** }
 102              		.loc 1 74 0
 103              		@ sp needed
 104 0006 10BD     		pop	{r4, pc}
 105              		.cfi_endproc
 106              	.LFE39:
 107              		.size	GraphicLCDIntf_Wakeup, .-GraphicLCDIntf_Wakeup
 108              		.text
 109              	.Letext0:
 110              		.file 2 "Generated_Source\\PSoC6\\GraphicLCDIntf.h"
 111              		.section	.debug_info,"",%progbits
 112              	.Ldebug_info0:
 113 0000 FA000000 		.4byte	0xfa
 114 0004 0400     		.2byte	0x4
 115 0006 00000000 		.4byte	.Ldebug_abbrev0
 116 000a 04       		.byte	0x4
 117 000b 01       		.uleb128 0x1
 118 000c 74000000 		.4byte	.LASF19
 119 0010 0C       		.byte	0xc
 120 0011 36010000 		.4byte	.LASF20
 121 0015 B3010000 		.4byte	.LASF21
 122 0019 00000000 		.4byte	.Ldebug_ranges0+0
 123 001d 00000000 		.4byte	0
 124 0021 00000000 		.4byte	.Ldebug_line0
 125 0025 02       		.uleb128 0x2
 126 0026 02       		.byte	0x2
 127 0027 05       		.byte	0x5
 128 0028 13020000 		.4byte	.LASF0
 129 002c 02       		.uleb128 0x2
 130 002d 01       		.byte	0x1
 131 002e 08       		.byte	0x8
 132 002f 1A010000 		.4byte	.LASF1
 133 0033 02       		.uleb128 0x2
 134 0034 01       		.byte	0x1
 135 0035 06       		.byte	0x6
 136 0036 84010000 		.4byte	.LASF2
 137 003a 02       		.uleb128 0x2
 138 003b 02       		.byte	0x2
 139 003c 07       		.byte	0x7
 140 003d 71010000 		.4byte	.LASF3
 141 0041 02       		.uleb128 0x2
 142 0042 04       		.byte	0x4
 143 0043 05       		.byte	0x5
 144 0044 2D010000 		.4byte	.LASF4
 145 0048 02       		.uleb128 0x2
 146 0049 04       		.byte	0x4
 147 004a 07       		.byte	0x7
 148 004b 4B000000 		.4byte	.LASF5
 149 004f 02       		.uleb128 0x2
 150 0050 08       		.byte	0x8
 151 0051 05       		.byte	0x5
 152 0052 00000000 		.4byte	.LASF6
 153 0056 02       		.uleb128 0x2
 154 0057 08       		.byte	0x8
ARM GAS  C:\Users\ikomb\AppData\Local\Temp\ccPXNeSa.s 			page 5


 155 0058 07       		.byte	0x7
 156 0059 5D000000 		.4byte	.LASF7
 157 005d 03       		.uleb128 0x3
 158 005e 04       		.byte	0x4
 159 005f 05       		.byte	0x5
 160 0060 696E7400 		.ascii	"int\000"
 161 0064 02       		.uleb128 0x2
 162 0065 04       		.byte	0x4
 163 0066 07       		.byte	0x7
 164 0067 24000000 		.4byte	.LASF8
 165 006b 02       		.uleb128 0x2
 166 006c 04       		.byte	0x4
 167 006d 07       		.byte	0x7
 168 006e 68010000 		.4byte	.LASF9
 169 0072 02       		.uleb128 0x2
 170 0073 01       		.byte	0x1
 171 0074 08       		.byte	0x8
 172 0075 28010000 		.4byte	.LASF10
 173 0079 02       		.uleb128 0x2
 174 007a 04       		.byte	0x4
 175 007b 04       		.byte	0x4
 176 007c AD010000 		.4byte	.LASF11
 177 0080 02       		.uleb128 0x2
 178 0081 08       		.byte	0x8
 179 0082 04       		.byte	0x4
 180 0083 61010000 		.4byte	.LASF12
 181 0087 04       		.uleb128 0x4
 182 0088 31000000 		.4byte	.LASF13
 183 008c 01       		.byte	0x1
 184 008d 1B       		.byte	0x1b
 185 008e 00000000 		.4byte	.LFB36
 186 0092 02000000 		.4byte	.LFE36-.LFB36
 187 0096 01       		.uleb128 0x1
 188 0097 9C       		.byte	0x9c
 189 0098 04       		.uleb128 0x4
 190 0099 90010000 		.4byte	.LASF14
 191 009d 01       		.byte	0x1
 192 009e 29       		.byte	0x29
 193 009f 00000000 		.4byte	.LFB37
 194 00a3 02000000 		.4byte	.LFE37-.LFB37
 195 00a7 01       		.uleb128 0x1
 196 00a8 9C       		.byte	0x9c
 197 00a9 05       		.uleb128 0x5
 198 00aa 1D020000 		.4byte	.LASF15
 199 00ae 01       		.byte	0x1
 200 00af 38       		.byte	0x38
 201 00b0 00000000 		.4byte	.LFB38
 202 00b4 08000000 		.4byte	.LFE38-.LFB38
 203 00b8 01       		.uleb128 0x1
 204 00b9 9C       		.byte	0x9c
 205 00ba C8000000 		.4byte	0xc8
 206 00be 06       		.uleb128 0x6
 207 00bf 06000000 		.4byte	.LVL0
 208 00c3 E7000000 		.4byte	0xe7
 209 00c7 00       		.byte	0
 210 00c8 05       		.uleb128 0x5
 211 00c9 32020000 		.4byte	.LASF16
ARM GAS  C:\Users\ikomb\AppData\Local\Temp\ccPXNeSa.s 			page 6


 212 00cd 01       		.byte	0x1
 213 00ce 47       		.byte	0x47
 214 00cf 00000000 		.4byte	.LFB39
 215 00d3 08000000 		.4byte	.LFE39-.LFB39
 216 00d7 01       		.uleb128 0x1
 217 00d8 9C       		.byte	0x9c
 218 00d9 E7000000 		.4byte	0xe7
 219 00dd 06       		.uleb128 0x6
 220 00de 06000000 		.4byte	.LVL1
 221 00e2 F2000000 		.4byte	0xf2
 222 00e6 00       		.byte	0
 223 00e7 07       		.uleb128 0x7
 224 00e8 06010000 		.4byte	.LASF17
 225 00ec 06010000 		.4byte	.LASF17
 226 00f0 02       		.byte	0x2
 227 00f1 28       		.byte	0x28
 228 00f2 07       		.uleb128 0x7
 229 00f3 0E000000 		.4byte	.LASF18
 230 00f7 0E000000 		.4byte	.LASF18
 231 00fb 02       		.byte	0x2
 232 00fc 3A       		.byte	0x3a
 233 00fd 00       		.byte	0
 234              		.section	.debug_abbrev,"",%progbits
 235              	.Ldebug_abbrev0:
 236 0000 01       		.uleb128 0x1
 237 0001 11       		.uleb128 0x11
 238 0002 01       		.byte	0x1
 239 0003 25       		.uleb128 0x25
 240 0004 0E       		.uleb128 0xe
 241 0005 13       		.uleb128 0x13
 242 0006 0B       		.uleb128 0xb
 243 0007 03       		.uleb128 0x3
 244 0008 0E       		.uleb128 0xe
 245 0009 1B       		.uleb128 0x1b
 246 000a 0E       		.uleb128 0xe
 247 000b 55       		.uleb128 0x55
 248 000c 17       		.uleb128 0x17
 249 000d 11       		.uleb128 0x11
 250 000e 01       		.uleb128 0x1
 251 000f 10       		.uleb128 0x10
 252 0010 17       		.uleb128 0x17
 253 0011 00       		.byte	0
 254 0012 00       		.byte	0
 255 0013 02       		.uleb128 0x2
 256 0014 24       		.uleb128 0x24
 257 0015 00       		.byte	0
 258 0016 0B       		.uleb128 0xb
 259 0017 0B       		.uleb128 0xb
 260 0018 3E       		.uleb128 0x3e
 261 0019 0B       		.uleb128 0xb
 262 001a 03       		.uleb128 0x3
 263 001b 0E       		.uleb128 0xe
 264 001c 00       		.byte	0
 265 001d 00       		.byte	0
 266 001e 03       		.uleb128 0x3
 267 001f 24       		.uleb128 0x24
 268 0020 00       		.byte	0
ARM GAS  C:\Users\ikomb\AppData\Local\Temp\ccPXNeSa.s 			page 7


 269 0021 0B       		.uleb128 0xb
 270 0022 0B       		.uleb128 0xb
 271 0023 3E       		.uleb128 0x3e
 272 0024 0B       		.uleb128 0xb
 273 0025 03       		.uleb128 0x3
 274 0026 08       		.uleb128 0x8
 275 0027 00       		.byte	0
 276 0028 00       		.byte	0
 277 0029 04       		.uleb128 0x4
 278 002a 2E       		.uleb128 0x2e
 279 002b 00       		.byte	0
 280 002c 3F       		.uleb128 0x3f
 281 002d 19       		.uleb128 0x19
 282 002e 03       		.uleb128 0x3
 283 002f 0E       		.uleb128 0xe
 284 0030 3A       		.uleb128 0x3a
 285 0031 0B       		.uleb128 0xb
 286 0032 3B       		.uleb128 0x3b
 287 0033 0B       		.uleb128 0xb
 288 0034 27       		.uleb128 0x27
 289 0035 19       		.uleb128 0x19
 290 0036 11       		.uleb128 0x11
 291 0037 01       		.uleb128 0x1
 292 0038 12       		.uleb128 0x12
 293 0039 06       		.uleb128 0x6
 294 003a 40       		.uleb128 0x40
 295 003b 18       		.uleb128 0x18
 296 003c 9742     		.uleb128 0x2117
 297 003e 19       		.uleb128 0x19
 298 003f 00       		.byte	0
 299 0040 00       		.byte	0
 300 0041 05       		.uleb128 0x5
 301 0042 2E       		.uleb128 0x2e
 302 0043 01       		.byte	0x1
 303 0044 3F       		.uleb128 0x3f
 304 0045 19       		.uleb128 0x19
 305 0046 03       		.uleb128 0x3
 306 0047 0E       		.uleb128 0xe
 307 0048 3A       		.uleb128 0x3a
 308 0049 0B       		.uleb128 0xb
 309 004a 3B       		.uleb128 0x3b
 310 004b 0B       		.uleb128 0xb
 311 004c 27       		.uleb128 0x27
 312 004d 19       		.uleb128 0x19
 313 004e 11       		.uleb128 0x11
 314 004f 01       		.uleb128 0x1
 315 0050 12       		.uleb128 0x12
 316 0051 06       		.uleb128 0x6
 317 0052 40       		.uleb128 0x40
 318 0053 18       		.uleb128 0x18
 319 0054 9742     		.uleb128 0x2117
 320 0056 19       		.uleb128 0x19
 321 0057 01       		.uleb128 0x1
 322 0058 13       		.uleb128 0x13
 323 0059 00       		.byte	0
 324 005a 00       		.byte	0
 325 005b 06       		.uleb128 0x6
ARM GAS  C:\Users\ikomb\AppData\Local\Temp\ccPXNeSa.s 			page 8


 326 005c 898201   		.uleb128 0x4109
 327 005f 00       		.byte	0
 328 0060 11       		.uleb128 0x11
 329 0061 01       		.uleb128 0x1
 330 0062 31       		.uleb128 0x31
 331 0063 13       		.uleb128 0x13
 332 0064 00       		.byte	0
 333 0065 00       		.byte	0
 334 0066 07       		.uleb128 0x7
 335 0067 2E       		.uleb128 0x2e
 336 0068 00       		.byte	0
 337 0069 3F       		.uleb128 0x3f
 338 006a 19       		.uleb128 0x19
 339 006b 3C       		.uleb128 0x3c
 340 006c 19       		.uleb128 0x19
 341 006d 6E       		.uleb128 0x6e
 342 006e 0E       		.uleb128 0xe
 343 006f 03       		.uleb128 0x3
 344 0070 0E       		.uleb128 0xe
 345 0071 3A       		.uleb128 0x3a
 346 0072 0B       		.uleb128 0xb
 347 0073 3B       		.uleb128 0x3b
 348 0074 0B       		.uleb128 0xb
 349 0075 00       		.byte	0
 350 0076 00       		.byte	0
 351 0077 00       		.byte	0
 352              		.section	.debug_aranges,"",%progbits
 353 0000 34000000 		.4byte	0x34
 354 0004 0200     		.2byte	0x2
 355 0006 00000000 		.4byte	.Ldebug_info0
 356 000a 04       		.byte	0x4
 357 000b 00       		.byte	0
 358 000c 0000     		.2byte	0
 359 000e 0000     		.2byte	0
 360 0010 00000000 		.4byte	.LFB36
 361 0014 02000000 		.4byte	.LFE36-.LFB36
 362 0018 00000000 		.4byte	.LFB37
 363 001c 02000000 		.4byte	.LFE37-.LFB37
 364 0020 00000000 		.4byte	.LFB38
 365 0024 08000000 		.4byte	.LFE38-.LFB38
 366 0028 00000000 		.4byte	.LFB39
 367 002c 08000000 		.4byte	.LFE39-.LFB39
 368 0030 00000000 		.4byte	0
 369 0034 00000000 		.4byte	0
 370              		.section	.debug_ranges,"",%progbits
 371              	.Ldebug_ranges0:
 372 0000 00000000 		.4byte	.LFB36
 373 0004 02000000 		.4byte	.LFE36
 374 0008 00000000 		.4byte	.LFB37
 375 000c 02000000 		.4byte	.LFE37
 376 0010 00000000 		.4byte	.LFB38
 377 0014 08000000 		.4byte	.LFE38
 378 0018 00000000 		.4byte	.LFB39
 379 001c 08000000 		.4byte	.LFE39
 380 0020 00000000 		.4byte	0
 381 0024 00000000 		.4byte	0
 382              		.section	.debug_line,"",%progbits
ARM GAS  C:\Users\ikomb\AppData\Local\Temp\ccPXNeSa.s 			page 9


 383              	.Ldebug_line0:
 384 0000 9E000000 		.section	.debug_str,"MS",%progbits,1
 384      02005500 
 384      00000201 
 384      FB0E0D00 
 384      01010101 
 385              	.LASF6:
 386 0000 6C6F6E67 		.ascii	"long long int\000"
 386      206C6F6E 
 386      6720696E 
 386      7400
 387              	.LASF18:
 388 000e 47726170 		.ascii	"GraphicLCDIntf_Enable\000"
 388      6869634C 
 388      4344496E 
 388      74665F45 
 388      6E61626C 
 389              	.LASF8:
 390 0024 756E7369 		.ascii	"unsigned int\000"
 390      676E6564 
 390      20696E74 
 390      00
 391              	.LASF13:
 392 0031 47726170 		.ascii	"GraphicLCDIntf_SaveConfig\000"
 392      6869634C 
 392      4344496E 
 392      74665F53 
 392      61766543 
 393              	.LASF5:
 394 004b 6C6F6E67 		.ascii	"long unsigned int\000"
 394      20756E73 
 394      69676E65 
 394      6420696E 
 394      7400
 395              	.LASF7:
 396 005d 6C6F6E67 		.ascii	"long long unsigned int\000"
 396      206C6F6E 
 396      6720756E 
 396      7369676E 
 396      65642069 
 397              	.LASF19:
 398 0074 474E5520 		.ascii	"GNU C11 5.4.1 20160609 (release) [ARM/embedded-5-br"
 398      43313120 
 398      352E342E 
 398      31203230 
 398      31363036 
 399 00a7 616E6368 		.ascii	"anch revision 237715] -mcpu=cortex-m0plus -mthumb -"
 399      20726576 
 399      6973696F 
 399      6E203233 
 399      37373135 
 400 00da 67202D4F 		.ascii	"g -Og -ffunction-sections -ffat-lto-objects\000"
 400      67202D66 
 400      66756E63 
 400      74696F6E 
 400      2D736563 
 401              	.LASF17:
ARM GAS  C:\Users\ikomb\AppData\Local\Temp\ccPXNeSa.s 			page 10


 402 0106 47726170 		.ascii	"GraphicLCDIntf_Stop\000"
 402      6869634C 
 402      4344496E 
 402      74665F53 
 402      746F7000 
 403              	.LASF1:
 404 011a 756E7369 		.ascii	"unsigned char\000"
 404      676E6564 
 404      20636861 
 404      7200
 405              	.LASF10:
 406 0128 63686172 		.ascii	"char\000"
 406      00
 407              	.LASF4:
 408 012d 6C6F6E67 		.ascii	"long int\000"
 408      20696E74 
 408      00
 409              	.LASF20:
 410 0136 47656E65 		.ascii	"Generated_Source\\PSoC6\\GraphicLCDIntf_PM.c\000"
 410      72617465 
 410      645F536F 
 410      75726365 
 410      5C50536F 
 411              	.LASF12:
 412 0161 646F7562 		.ascii	"double\000"
 412      6C6500
 413              	.LASF9:
 414 0168 73697A65 		.ascii	"sizetype\000"
 414      74797065 
 414      00
 415              	.LASF3:
 416 0171 73686F72 		.ascii	"short unsigned int\000"
 416      7420756E 
 416      7369676E 
 416      65642069 
 416      6E7400
 417              	.LASF2:
 418 0184 7369676E 		.ascii	"signed char\000"
 418      65642063 
 418      68617200 
 419              	.LASF14:
 420 0190 47726170 		.ascii	"GraphicLCDIntf_RestoreConfig\000"
 420      6869634C 
 420      4344496E 
 420      74665F52 
 420      6573746F 
 421              	.LASF11:
 422 01ad 666C6F61 		.ascii	"float\000"
 422      7400
 423              	.LASF21:
 424 01b3 433A5C55 		.ascii	"C:\\Users\\ikomb\\Documents\\PSoC Creator\\CE222221"
 424      73657273 
 424      5C696B6F 
 424      6D625C44 
 424      6F63756D 
 425 01e1 5F566F69 		.ascii	"_Voice_Recorder01\\CE222221_Voice_Recorder01.cydsn\000"
 425      63655F52 
ARM GAS  C:\Users\ikomb\AppData\Local\Temp\ccPXNeSa.s 			page 11


 425      65636F72 
 425      64657230 
 425      315C4345 
 426              	.LASF0:
 427 0213 73686F72 		.ascii	"short int\000"
 427      7420696E 
 427      7400
 428              	.LASF15:
 429 021d 47726170 		.ascii	"GraphicLCDIntf_Sleep\000"
 429      6869634C 
 429      4344496E 
 429      74665F53 
 429      6C656570 
 430              	.LASF16:
 431 0232 47726170 		.ascii	"GraphicLCDIntf_Wakeup\000"
 431      6869634C 
 431      4344496E 
 431      74665F57 
 431      616B6575 
 432              		.ident	"GCC: (GNU Tools for ARM Embedded Processors) 5.4.1 20160609 (release) [ARM/embedded-5-bran
