ARM GAS  C:\Users\ikomb\AppData\Local\Temp\ccc2uTAf.s 			page 1


   1              		.syntax unified
   2              		.cpu cortex-m4
   3              		.eabi_attribute 27, 1
   4              		.fpu fpv4-sp-d16
   5              		.eabi_attribute 20, 1
   6              		.eabi_attribute 21, 1
   7              		.eabi_attribute 23, 3
   8              		.eabi_attribute 24, 1
   9              		.eabi_attribute 25, 1
  10              		.eabi_attribute 26, 1
  11              		.eabi_attribute 30, 6
  12              		.eabi_attribute 34, 1
  13              		.eabi_attribute 18, 4
  14              		.thumb
  15              		.syntax unified
  16              		.file	"CapSense_Tuner.c"
  17              		.text
  18              	.Ltext0:
  19              		.cfi_sections	.debug_frame
  20              		.bss
  21              		.align	2
  22              	tunerFsm:
  23 0000 00000000 		.space	4
  24              		.section	.text.CapSense_TuInitialize,"ax",%progbits
  25              		.align	2
  26              		.global	CapSense_TuInitialize
  27              		.thumb
  28              		.thumb_func
  29              		.type	CapSense_TuInitialize, %function
  30              	CapSense_TuInitialize:
  31              	.LFB158:
  32              		.file 1 "Generated_Source\\PSoC6\\CapSense_Tuner.c"
   1:Generated_Source\PSoC6/CapSense_Tuner.c **** /***************************************************************************//**
   2:Generated_Source\PSoC6/CapSense_Tuner.c **** * \file CapSense_Tuner.c
   3:Generated_Source\PSoC6/CapSense_Tuner.c **** * \version 2.0
   4:Generated_Source\PSoC6/CapSense_Tuner.c **** *
   5:Generated_Source\PSoC6/CapSense_Tuner.c **** * \brief
   6:Generated_Source\PSoC6/CapSense_Tuner.c **** *   This file provides the source code for the Tuner module API of the 
   7:Generated_Source\PSoC6/CapSense_Tuner.c **** *   Component.
   8:Generated_Source\PSoC6/CapSense_Tuner.c **** *
   9:Generated_Source\PSoC6/CapSense_Tuner.c **** * \see CapSense v2.0 Datasheet
  10:Generated_Source\PSoC6/CapSense_Tuner.c **** *
  11:Generated_Source\PSoC6/CapSense_Tuner.c **** *//*****************************************************************************
  12:Generated_Source\PSoC6/CapSense_Tuner.c **** * Copyright (2016-2017), Cypress Semiconductor Corporation.
  13:Generated_Source\PSoC6/CapSense_Tuner.c **** ********************************************************************************
  14:Generated_Source\PSoC6/CapSense_Tuner.c **** * This software is owned by Cypress Semiconductor Corporation (Cypress) and is
  15:Generated_Source\PSoC6/CapSense_Tuner.c **** * protected by and subject to worldwide patent protection (United States and
  16:Generated_Source\PSoC6/CapSense_Tuner.c **** * foreign), United States copyright laws and international treaty provisions.
  17:Generated_Source\PSoC6/CapSense_Tuner.c **** * Cypress hereby grants to licensee a personal, non-exclusive, non-transferable
  18:Generated_Source\PSoC6/CapSense_Tuner.c **** * license to copy, use, modify, create derivative works of, and compile the
  19:Generated_Source\PSoC6/CapSense_Tuner.c **** * Cypress Source Code and derivative works for the sole purpose of creating
  20:Generated_Source\PSoC6/CapSense_Tuner.c **** * custom software in support of licensee product to be used only in conjunction
  21:Generated_Source\PSoC6/CapSense_Tuner.c **** * with a Cypress integrated circuit as specified in the applicable agreement.
  22:Generated_Source\PSoC6/CapSense_Tuner.c **** * Any reproduction, modification, translation, compilation, or representation of
  23:Generated_Source\PSoC6/CapSense_Tuner.c **** * this software except as specified above is prohibited without the express
  24:Generated_Source\PSoC6/CapSense_Tuner.c **** * written permission of Cypress.
  25:Generated_Source\PSoC6/CapSense_Tuner.c **** *
ARM GAS  C:\Users\ikomb\AppData\Local\Temp\ccc2uTAf.s 			page 2


  26:Generated_Source\PSoC6/CapSense_Tuner.c **** * Disclaimer: CYPRESS MAKES NO WARRANTY OF ANY KIND, EXPRESS OR IMPLIED, WITH
  27:Generated_Source\PSoC6/CapSense_Tuner.c **** * REGARD TO THIS MATERIAL, INCLUDING, BUT NOT LIMITED TO, THE IMPLIED
  28:Generated_Source\PSoC6/CapSense_Tuner.c **** * WARRANTIES OF MERCHANTABILITY AND FITNESS FOR A PARTICULAR PURPOSE.
  29:Generated_Source\PSoC6/CapSense_Tuner.c **** * Cypress reserves the right to make changes without further notice to the
  30:Generated_Source\PSoC6/CapSense_Tuner.c **** * materials described herein. Cypress does not assume any liability arising out
  31:Generated_Source\PSoC6/CapSense_Tuner.c **** * of the application or use of any product or circuit described herein. Cypress
  32:Generated_Source\PSoC6/CapSense_Tuner.c **** * does not authorize its products for use as critical components in life-support
  33:Generated_Source\PSoC6/CapSense_Tuner.c **** * systems where a malfunction or failure may reasonably be expected to result in
  34:Generated_Source\PSoC6/CapSense_Tuner.c **** * significant injury to the user. The inclusion of Cypress' product in a life-
  35:Generated_Source\PSoC6/CapSense_Tuner.c **** * support systems application implies that the manufacturer assumes all risk of
  36:Generated_Source\PSoC6/CapSense_Tuner.c **** * such use and in doing so indemnifies Cypress against all charges. Use may be
  37:Generated_Source\PSoC6/CapSense_Tuner.c **** * limited by and subject to the applicable Cypress software license agreement.
  38:Generated_Source\PSoC6/CapSense_Tuner.c **** *******************************************************************************/
  39:Generated_Source\PSoC6/CapSense_Tuner.c **** 
  40:Generated_Source\PSoC6/CapSense_Tuner.c **** #include "syslib/cy_syslib.h"
  41:Generated_Source\PSoC6/CapSense_Tuner.c **** #include "CapSense_Structure.h"
  42:Generated_Source\PSoC6/CapSense_Tuner.c **** #include "CapSense_Tuner.h"
  43:Generated_Source\PSoC6/CapSense_Tuner.c **** #include "CapSense_Control.h"
  44:Generated_Source\PSoC6/CapSense_Tuner.c **** #include "CapSense_Configuration.h"
  45:Generated_Source\PSoC6/CapSense_Tuner.c **** 
  46:Generated_Source\PSoC6/CapSense_Tuner.c **** /* Tuner states definition */
  47:Generated_Source\PSoC6/CapSense_Tuner.c **** #define TU_FSM_RUNNING      (0u)
  48:Generated_Source\PSoC6/CapSense_Tuner.c **** #define TU_FSM_SUSPENDED    (1u)
  49:Generated_Source\PSoC6/CapSense_Tuner.c **** #define TU_FSM_SNR_TEST     (2u)
  50:Generated_Source\PSoC6/CapSense_Tuner.c **** #define TU_FSM_ONE_SCAN     (3u)
  51:Generated_Source\PSoC6/CapSense_Tuner.c **** 
  52:Generated_Source\PSoC6/CapSense_Tuner.c **** /* Tuner state variable */
  53:Generated_Source\PSoC6/CapSense_Tuner.c **** static uint32 tunerFsm = TU_FSM_RUNNING;
  54:Generated_Source\PSoC6/CapSense_Tuner.c **** 
  55:Generated_Source\PSoC6/CapSense_Tuner.c **** 
  56:Generated_Source\PSoC6/CapSense_Tuner.c **** /*******************************************************************************
  57:Generated_Source\PSoC6/CapSense_Tuner.c **** * Function Name: CapSense_TuInitialize
  58:Generated_Source\PSoC6/CapSense_Tuner.c **** ****************************************************************************//**
  59:Generated_Source\PSoC6/CapSense_Tuner.c **** *
  60:Generated_Source\PSoC6/CapSense_Tuner.c **** * \brief
  61:Generated_Source\PSoC6/CapSense_Tuner.c **** *   This function initializes the communication interface with the Tuner GUI.
  62:Generated_Source\PSoC6/CapSense_Tuner.c **** *
  63:Generated_Source\PSoC6/CapSense_Tuner.c **** * \details
  64:Generated_Source\PSoC6/CapSense_Tuner.c **** *   This API sets the tuner state machine to the default state. It is called by
  65:Generated_Source\PSoC6/CapSense_Tuner.c **** *   the CapSense_Start() API.
  66:Generated_Source\PSoC6/CapSense_Tuner.c **** *
  67:Generated_Source\PSoC6/CapSense_Tuner.c **** *******************************************************************************/
  68:Generated_Source\PSoC6/CapSense_Tuner.c **** void CapSense_TuInitialize(void)
  69:Generated_Source\PSoC6/CapSense_Tuner.c **** {
  33              		.loc 1 69 0
  34              		.cfi_startproc
  35              		@ args = 0, pretend = 0, frame = 8
  36              		@ frame_needed = 1, uses_anonymous_args = 0
  37              		@ link register save eliminated.
  38 0000 80B4     		push	{r7}
  39              		.cfi_def_cfa_offset 4
  40              		.cfi_offset 7, -4
  41 0002 83B0     		sub	sp, sp, #12
  42              		.cfi_def_cfa_offset 16
  43 0004 00AF     		add	r7, sp, #0
  44              		.cfi_def_cfa_register 7
  70:Generated_Source\PSoC6/CapSense_Tuner.c ****     volatile CapSense_RAM_STRUCT *ptrDsRam = &CapSense_dsRam;
ARM GAS  C:\Users\ikomb\AppData\Local\Temp\ccc2uTAf.s 			page 3


  45              		.loc 1 70 0
  46 0006 074B     		ldr	r3, .L2
  47 0008 7B60     		str	r3, [r7, #4]
  71:Generated_Source\PSoC6/CapSense_Tuner.c **** 
  72:Generated_Source\PSoC6/CapSense_Tuner.c ****     ptrDsRam->tunerCmd = (uint16)CapSense_TU_CMD_NONE_E;
  48              		.loc 1 72 0
  49 000a 7B68     		ldr	r3, [r7, #4]
  50 000c 0022     		movs	r2, #0
  51 000e DA80     		strh	r2, [r3, #6]	@ movhi
  73:Generated_Source\PSoC6/CapSense_Tuner.c ****     tunerFsm = TU_FSM_RUNNING;
  52              		.loc 1 73 0
  53 0010 054B     		ldr	r3, .L2+4
  54 0012 0022     		movs	r2, #0
  55 0014 1A60     		str	r2, [r3]
  74:Generated_Source\PSoC6/CapSense_Tuner.c **** }
  56              		.loc 1 74 0
  57 0016 00BF     		nop
  58 0018 0C37     		adds	r7, r7, #12
  59              		.cfi_def_cfa_offset 4
  60 001a BD46     		mov	sp, r7
  61              		.cfi_def_cfa_register 13
  62              		@ sp needed
  63 001c 5DF8047B 		ldr	r7, [sp], #4
  64              		.cfi_restore 7
  65              		.cfi_def_cfa_offset 0
  66 0020 7047     		bx	lr
  67              	.L3:
  68 0022 00BF     		.align	2
  69              	.L2:
  70 0024 00000000 		.word	CapSense_dsRam
  71 0028 00000000 		.word	tunerFsm
  72              		.cfi_endproc
  73              	.LFE158:
  74              		.size	CapSense_TuInitialize, .-CapSense_TuInitialize
  75              		.section	.text.CapSense_RunTuner,"ax",%progbits
  76              		.align	2
  77              		.global	CapSense_RunTuner
  78              		.thumb
  79              		.thumb_func
  80              		.type	CapSense_RunTuner, %function
  81              	CapSense_RunTuner:
  82              	.LFB159:
  75:Generated_Source\PSoC6/CapSense_Tuner.c **** 
  76:Generated_Source\PSoC6/CapSense_Tuner.c **** /*******************************************************************************
  77:Generated_Source\PSoC6/CapSense_Tuner.c **** * Function Name: CapSense_RunTuner
  78:Generated_Source\PSoC6/CapSense_Tuner.c **** ****************************************************************************//**
  79:Generated_Source\PSoC6/CapSense_Tuner.c **** *
  80:Generated_Source\PSoC6/CapSense_Tuner.c **** * \brief
  81:Generated_Source\PSoC6/CapSense_Tuner.c **** *  Establishes synchronized communication with the Tuner application.
  82:Generated_Source\PSoC6/CapSense_Tuner.c **** *
  83:Generated_Source\PSoC6/CapSense_Tuner.c **** * \details
  84:Generated_Source\PSoC6/CapSense_Tuner.c **** *  This function is used to establish synchronized communication between the
  85:Generated_Source\PSoC6/CapSense_Tuner.c **** *  CapSense Component and Tuner application (or other host controllers).
  86:Generated_Source\PSoC6/CapSense_Tuner.c **** *  This function is called periodically in the application program loop
  87:Generated_Source\PSoC6/CapSense_Tuner.c **** *  to serve the Tuner application (or host controller) requests and commands.
  88:Generated_Source\PSoC6/CapSense_Tuner.c **** *  In most cases, the best place to call this function is after processing and
  89:Generated_Source\PSoC6/CapSense_Tuner.c **** *  before next scanning.
ARM GAS  C:\Users\ikomb\AppData\Local\Temp\ccc2uTAf.s 			page 4


  90:Generated_Source\PSoC6/CapSense_Tuner.c **** *
  91:Generated_Source\PSoC6/CapSense_Tuner.c **** *  If this function is absent in the application program, then communication is
  92:Generated_Source\PSoC6/CapSense_Tuner.c **** *  asynchronous and the following disadvantages are applicable:
  93:Generated_Source\PSoC6/CapSense_Tuner.c **** *    - The raw counts displayed in the tuner may be filtered and/or unfiltered.
  94:Generated_Source\PSoC6/CapSense_Tuner.c **** *      As a result, noise and SNR measurements will not be accurate.
  95:Generated_Source\PSoC6/CapSense_Tuner.c **** *    - The Tuner tool may read the sensor data such as raw counts from a scan
  96:Generated_Source\PSoC6/CapSense_Tuner.c **** *      multiple times, as a result, noise and SNR measurement will not be
  97:Generated_Source\PSoC6/CapSense_Tuner.c **** *      accurate.
  98:Generated_Source\PSoC6/CapSense_Tuner.c **** *    - The Tuner tool and host controller should not change the Component parameters
  99:Generated_Source\PSoC6/CapSense_Tuner.c **** *      via the tuner interface. Changing the Component parameters via the tuner
 100:Generated_Source\PSoC6/CapSense_Tuner.c **** *      interface in the async mode will result in Component abnormal behavior.
 101:Generated_Source\PSoC6/CapSense_Tuner.c **** *
 102:Generated_Source\PSoC6/CapSense_Tuner.c **** *  Note that calling this function is not mandatory for the application, but
 103:Generated_Source\PSoC6/CapSense_Tuner.c **** *  required only to synchronize the communication with the host controller or
 104:Generated_Source\PSoC6/CapSense_Tuner.c **** *  tuner application.
 105:Generated_Source\PSoC6/CapSense_Tuner.c **** *
 106:Generated_Source\PSoC6/CapSense_Tuner.c **** * \return
 107:Generated_Source\PSoC6/CapSense_Tuner.c **** *  In some cases, the application program may need to know if the Component was
 108:Generated_Source\PSoC6/CapSense_Tuner.c **** *  re-initialized. The return indicates if a restart command was executed or not:
 109:Generated_Source\PSoC6/CapSense_Tuner.c **** *    - CapSense_STATUS_RESTART_DONE - Based on a received command, the
 110:Generated_Source\PSoC6/CapSense_Tuner.c **** *      Component was restarted.
 111:Generated_Source\PSoC6/CapSense_Tuner.c **** *    -  CapSense_STATUS_RESTART_NONE - No restart was executed by this
 112:Generated_Source\PSoC6/CapSense_Tuner.c **** *      function.
 113:Generated_Source\PSoC6/CapSense_Tuner.c **** *
 114:Generated_Source\PSoC6/CapSense_Tuner.c **** *******************************************************************************/
 115:Generated_Source\PSoC6/CapSense_Tuner.c **** uint32 CapSense_RunTuner(void)
 116:Generated_Source\PSoC6/CapSense_Tuner.c **** {
  83              		.loc 1 116 0
  84              		.cfi_startproc
  85              		@ args = 0, pretend = 0, frame = 32
  86              		@ frame_needed = 1, uses_anonymous_args = 0
  87 0000 80B5     		push	{r7, lr}
  88              		.cfi_def_cfa_offset 8
  89              		.cfi_offset 7, -8
  90              		.cfi_offset 14, -4
  91 0002 88B0     		sub	sp, sp, #32
  92              		.cfi_def_cfa_offset 40
  93 0004 00AF     		add	r7, sp, #0
  94              		.cfi_def_cfa_register 7
 117:Generated_Source\PSoC6/CapSense_Tuner.c ****     uint32 interruptState;
 118:Generated_Source\PSoC6/CapSense_Tuner.c ****     uint32 widgetId;
 119:Generated_Source\PSoC6/CapSense_Tuner.c ****     uint32 sensorId;
 120:Generated_Source\PSoC6/CapSense_Tuner.c ****     uint32 updateFlag = 0Lu;
  95              		.loc 1 120 0
  96 0006 0023     		movs	r3, #0
  97 0008 FB61     		str	r3, [r7, #28]
 121:Generated_Source\PSoC6/CapSense_Tuner.c ****     CapSense_TU_CMD_ENUM command;
 122:Generated_Source\PSoC6/CapSense_Tuner.c ****     uint32 tunerStatus = CapSense_STATUS_RESTART_NONE;
  98              		.loc 1 122 0
  99 000a 0023     		movs	r3, #0
 100 000c BB61     		str	r3, [r7, #24]
 123:Generated_Source\PSoC6/CapSense_Tuner.c **** 
 124:Generated_Source\PSoC6/CapSense_Tuner.c ****     volatile CapSense_RAM_STRUCT *ptrDsRam;
 125:Generated_Source\PSoC6/CapSense_Tuner.c ****     volatile CapSense_RAM_SNS_STRUCT *ptrSnsTmp;
 126:Generated_Source\PSoC6/CapSense_Tuner.c **** 
 127:Generated_Source\PSoC6/CapSense_Tuner.c ****     ptrDsRam = &CapSense_dsRam;
 101              		.loc 1 127 0
ARM GAS  C:\Users\ikomb\AppData\Local\Temp\ccc2uTAf.s 			page 5


 102 000e 604B     		ldr	r3, .L21
 103 0010 7B61     		str	r3, [r7, #20]
 104              	.L17:
 128:Generated_Source\PSoC6/CapSense_Tuner.c **** 
 129:Generated_Source\PSoC6/CapSense_Tuner.c ****     do
 130:Generated_Source\PSoC6/CapSense_Tuner.c ****     {
 131:Generated_Source\PSoC6/CapSense_Tuner.c ****         /* ONE_SCAN command could be interpreted as two commands:
 132:Generated_Source\PSoC6/CapSense_Tuner.c ****         * RESUME till next call of this function and then
 133:Generated_Source\PSoC6/CapSense_Tuner.c ****         * SUSPEND till next command receiving.
 134:Generated_Source\PSoC6/CapSense_Tuner.c ****         */
 135:Generated_Source\PSoC6/CapSense_Tuner.c ****         if (TU_FSM_ONE_SCAN == tunerFsm)
 105              		.loc 1 135 0
 106 0012 604B     		ldr	r3, .L21+4
 107 0014 1B68     		ldr	r3, [r3]
 108 0016 032B     		cmp	r3, #3
 109 0018 08D1     		bne	.L5
 136:Generated_Source\PSoC6/CapSense_Tuner.c ****         {
 137:Generated_Source\PSoC6/CapSense_Tuner.c ****             interruptState = Cy_SysLib_EnterCriticalSection();
 110              		.loc 1 137 0
 111 001a FFF7FEFF 		bl	Cy_SysLib_EnterCriticalSection
 112 001e 3861     		str	r0, [r7, #16]
 138:Generated_Source\PSoC6/CapSense_Tuner.c ****             ptrDsRam->tunerCmd = (uint16)CapSense_TU_CMD_SUSPEND_E;
 113              		.loc 1 138 0
 114 0020 7B69     		ldr	r3, [r7, #20]
 115 0022 0122     		movs	r2, #1
 116 0024 DA80     		strh	r2, [r3, #6]	@ movhi
 139:Generated_Source\PSoC6/CapSense_Tuner.c ****             Cy_SysLib_ExitCriticalSection(interruptState);
 117              		.loc 1 139 0
 118 0026 3869     		ldr	r0, [r7, #16]
 119 0028 FFF7FEFF 		bl	Cy_SysLib_ExitCriticalSection
 120              	.L5:
 140:Generated_Source\PSoC6/CapSense_Tuner.c ****         }
 141:Generated_Source\PSoC6/CapSense_Tuner.c ****         command = (CapSense_TU_CMD_ENUM)ptrDsRam->tunerCmd;
 121              		.loc 1 141 0
 122 002c 7B69     		ldr	r3, [r7, #20]
 123 002e DB88     		ldrh	r3, [r3, #6]	@ movhi
 124 0030 9BB2     		uxth	r3, r3
 125 0032 FB73     		strb	r3, [r7, #15]
 142:Generated_Source\PSoC6/CapSense_Tuner.c **** 
 143:Generated_Source\PSoC6/CapSense_Tuner.c ****         /* Check command register */
 144:Generated_Source\PSoC6/CapSense_Tuner.c ****         switch (command)
 126              		.loc 1 144 0
 127 0034 FB7B     		ldrb	r3, [r7, #15]	@ zero_extendqisi2
 128 0036 013B     		subs	r3, r3, #1
 129 0038 052B     		cmp	r3, #5
 130 003a 37D8     		bhi	.L20
 131 003c 01A2     		adr	r2, .L8
 132 003e 52F823F0 		ldr	pc, [r2, r3, lsl #2]
 133 0042 00BF     		.p2align 2
 134              	.L8:
 135 0044 5D000000 		.word	.L7+1
 136 0048 69000000 		.word	.L9+1
 137 004c 75000000 		.word	.L10+1
 138 0050 89000000 		.word	.L11+1
 139 0054 95000000 		.word	.L12+1
 140 0058 A1000000 		.word	.L13+1
 141              		.p2align 1
ARM GAS  C:\Users\ikomb\AppData\Local\Temp\ccc2uTAf.s 			page 6


 142              	.L7:
 145:Generated_Source\PSoC6/CapSense_Tuner.c ****         {
 146:Generated_Source\PSoC6/CapSense_Tuner.c ****         case CapSense_TU_CMD_SUSPEND_E:
 147:Generated_Source\PSoC6/CapSense_Tuner.c ****             tunerFsm = TU_FSM_SUSPENDED;
 143              		.loc 1 147 0
 144 005c 4D4B     		ldr	r3, .L21+4
 145 005e 0122     		movs	r2, #1
 146 0060 1A60     		str	r2, [r3]
 148:Generated_Source\PSoC6/CapSense_Tuner.c ****             updateFlag = 1Lu;
 147              		.loc 1 148 0
 148 0062 0123     		movs	r3, #1
 149 0064 FB61     		str	r3, [r7, #28]
 149:Generated_Source\PSoC6/CapSense_Tuner.c ****             break;
 150              		.loc 1 149 0
 151 0066 22E0     		b	.L14
 152              	.L9:
 150:Generated_Source\PSoC6/CapSense_Tuner.c **** 
 151:Generated_Source\PSoC6/CapSense_Tuner.c ****         case CapSense_TU_CMD_RESUME_E:
 152:Generated_Source\PSoC6/CapSense_Tuner.c ****             tunerFsm = TU_FSM_RUNNING;
 153              		.loc 1 152 0
 154 0068 4A4B     		ldr	r3, .L21+4
 155 006a 0022     		movs	r2, #0
 156 006c 1A60     		str	r2, [r3]
 153:Generated_Source\PSoC6/CapSense_Tuner.c ****             updateFlag = 1Lu;
 157              		.loc 1 153 0
 158 006e 0123     		movs	r3, #1
 159 0070 FB61     		str	r3, [r7, #28]
 154:Generated_Source\PSoC6/CapSense_Tuner.c ****             break;
 160              		.loc 1 154 0
 161 0072 1CE0     		b	.L14
 162              	.L10:
 155:Generated_Source\PSoC6/CapSense_Tuner.c **** 
 156:Generated_Source\PSoC6/CapSense_Tuner.c ****         case CapSense_TU_CMD_RESTART_E:
 157:Generated_Source\PSoC6/CapSense_Tuner.c ****             (void)CapSense_Start();
 163              		.loc 1 157 0
 164 0074 FFF7FEFF 		bl	CapSense_Start
 158:Generated_Source\PSoC6/CapSense_Tuner.c ****             tunerStatus = CapSense_STATUS_RESTART_DONE;
 165              		.loc 1 158 0
 166 0078 0123     		movs	r3, #1
 167 007a BB61     		str	r3, [r7, #24]
 159:Generated_Source\PSoC6/CapSense_Tuner.c ****             tunerFsm = TU_FSM_RUNNING;
 168              		.loc 1 159 0
 169 007c 454B     		ldr	r3, .L21+4
 170 007e 0022     		movs	r2, #0
 171 0080 1A60     		str	r2, [r3]
 160:Generated_Source\PSoC6/CapSense_Tuner.c ****             updateFlag = 1Lu;
 172              		.loc 1 160 0
 173 0082 0123     		movs	r3, #1
 174 0084 FB61     		str	r3, [r7, #28]
 161:Generated_Source\PSoC6/CapSense_Tuner.c ****             break;
 175              		.loc 1 161 0
 176 0086 12E0     		b	.L14
 177              	.L11:
 162:Generated_Source\PSoC6/CapSense_Tuner.c **** 
 163:Generated_Source\PSoC6/CapSense_Tuner.c ****         case CapSense_TU_CMD_RUN_SNR_TEST_E:
 164:Generated_Source\PSoC6/CapSense_Tuner.c ****             tunerFsm = TU_FSM_SNR_TEST;
 178              		.loc 1 164 0
ARM GAS  C:\Users\ikomb\AppData\Local\Temp\ccc2uTAf.s 			page 7


 179 0088 424B     		ldr	r3, .L21+4
 180 008a 0222     		movs	r2, #2
 181 008c 1A60     		str	r2, [r3]
 165:Generated_Source\PSoC6/CapSense_Tuner.c ****             updateFlag = 1Lu;
 182              		.loc 1 165 0
 183 008e 0123     		movs	r3, #1
 184 0090 FB61     		str	r3, [r7, #28]
 166:Generated_Source\PSoC6/CapSense_Tuner.c ****             break;
 185              		.loc 1 166 0
 186 0092 0CE0     		b	.L14
 187              	.L12:
 167:Generated_Source\PSoC6/CapSense_Tuner.c **** 
 168:Generated_Source\PSoC6/CapSense_Tuner.c ****         case CapSense_TU_CMD_PING_E:
 169:Generated_Source\PSoC6/CapSense_Tuner.c ****             tunerFsm = TU_FSM_RUNNING;
 188              		.loc 1 169 0
 189 0094 3F4B     		ldr	r3, .L21+4
 190 0096 0022     		movs	r2, #0
 191 0098 1A60     		str	r2, [r3]
 170:Generated_Source\PSoC6/CapSense_Tuner.c ****             updateFlag = 1Lu;
 192              		.loc 1 170 0
 193 009a 0123     		movs	r3, #1
 194 009c FB61     		str	r3, [r7, #28]
 171:Generated_Source\PSoC6/CapSense_Tuner.c ****             break;
 195              		.loc 1 171 0
 196 009e 06E0     		b	.L14
 197              	.L13:
 172:Generated_Source\PSoC6/CapSense_Tuner.c **** 
 173:Generated_Source\PSoC6/CapSense_Tuner.c ****         case CapSense_TU_CMD_ONE_SCAN_E:
 174:Generated_Source\PSoC6/CapSense_Tuner.c ****             tunerFsm = TU_FSM_ONE_SCAN;
 198              		.loc 1 174 0
 199 00a0 3C4B     		ldr	r3, .L21+4
 200 00a2 0322     		movs	r2, #3
 201 00a4 1A60     		str	r2, [r3]
 175:Generated_Source\PSoC6/CapSense_Tuner.c ****             updateFlag = 0Lu;
 202              		.loc 1 175 0
 203 00a6 0023     		movs	r3, #0
 204 00a8 FB61     		str	r3, [r7, #28]
 176:Generated_Source\PSoC6/CapSense_Tuner.c ****             break;
 205              		.loc 1 176 0
 206 00aa 00E0     		b	.L14
 207              	.L20:
 177:Generated_Source\PSoC6/CapSense_Tuner.c **** 
 178:Generated_Source\PSoC6/CapSense_Tuner.c ****         default:
 179:Generated_Source\PSoC6/CapSense_Tuner.c ****             break;
 208              		.loc 1 179 0
 209 00ac 00BF     		nop
 210              	.L14:
 180:Generated_Source\PSoC6/CapSense_Tuner.c ****         }
 181:Generated_Source\PSoC6/CapSense_Tuner.c **** 
 182:Generated_Source\PSoC6/CapSense_Tuner.c ****         /* Set Complete flag in command register if needed */
 183:Generated_Source\PSoC6/CapSense_Tuner.c ****         if (0Lu != updateFlag)
 211              		.loc 1 183 0
 212 00ae FB69     		ldr	r3, [r7, #28]
 213 00b0 002B     		cmp	r3, #0
 214 00b2 18D0     		beq	.L15
 184:Generated_Source\PSoC6/CapSense_Tuner.c ****         {
 185:Generated_Source\PSoC6/CapSense_Tuner.c ****             interruptState = Cy_SysLib_EnterCriticalSection();
ARM GAS  C:\Users\ikomb\AppData\Local\Temp\ccc2uTAf.s 			page 8


 215              		.loc 1 185 0
 216 00b4 FFF7FEFF 		bl	Cy_SysLib_EnterCriticalSection
 217 00b8 3861     		str	r0, [r7, #16]
 186:Generated_Source\PSoC6/CapSense_Tuner.c **** 
 187:Generated_Source\PSoC6/CapSense_Tuner.c ****             /* Check if command wasn't overwritten with new command */
 188:Generated_Source\PSoC6/CapSense_Tuner.c ****             if (command == (CapSense_TU_CMD_ENUM)ptrDsRam->tunerCmd)
 218              		.loc 1 188 0
 219 00ba 7B69     		ldr	r3, [r7, #20]
 220 00bc DB88     		ldrh	r3, [r3, #6]	@ movhi
 221 00be 9BB2     		uxth	r3, r3
 222 00c0 DBB2     		uxtb	r3, r3
 223 00c2 FA7B     		ldrb	r2, [r7, #15]	@ zero_extendqisi2
 224 00c4 9A42     		cmp	r2, r3
 225 00c6 09D1     		bne	.L16
 189:Generated_Source\PSoC6/CapSense_Tuner.c ****             {
 190:Generated_Source\PSoC6/CapSense_Tuner.c ****                 ptrDsRam->tunerCmd |= CapSense_TU_CMD_COMPLETE_BIT;
 226              		.loc 1 190 0
 227 00c8 7B69     		ldr	r3, [r7, #20]
 228 00ca DB88     		ldrh	r3, [r3, #6]	@ movhi
 229 00cc 9BB2     		uxth	r3, r3
 230 00ce 6FEA4343 		mvn	r3, r3, lsl #17
 231 00d2 6FEA5343 		mvn	r3, r3, lsr #17
 232 00d6 9AB2     		uxth	r2, r3
 233 00d8 7B69     		ldr	r3, [r7, #20]
 234 00da DA80     		strh	r2, [r3, #6]	@ movhi
 235              	.L16:
 191:Generated_Source\PSoC6/CapSense_Tuner.c ****             }
 192:Generated_Source\PSoC6/CapSense_Tuner.c ****             Cy_SysLib_ExitCriticalSection(interruptState);
 236              		.loc 1 192 0
 237 00dc 3869     		ldr	r0, [r7, #16]
 238 00de FFF7FEFF 		bl	Cy_SysLib_ExitCriticalSection
 193:Generated_Source\PSoC6/CapSense_Tuner.c **** 
 194:Generated_Source\PSoC6/CapSense_Tuner.c ****             updateFlag = 0Lu;
 239              		.loc 1 194 0
 240 00e2 0023     		movs	r3, #0
 241 00e4 FB61     		str	r3, [r7, #28]
 242              	.L15:
 195:Generated_Source\PSoC6/CapSense_Tuner.c ****         }
 196:Generated_Source\PSoC6/CapSense_Tuner.c ****     } while (TU_FSM_SUSPENDED == tunerFsm);
 243              		.loc 1 196 0
 244 00e6 2B4B     		ldr	r3, .L21+4
 245 00e8 1B68     		ldr	r3, [r3]
 246 00ea 012B     		cmp	r3, #1
 247 00ec 91D0     		beq	.L17
 197:Generated_Source\PSoC6/CapSense_Tuner.c **** 
 198:Generated_Source\PSoC6/CapSense_Tuner.c ****     /* Check for SNR Test mode and do appropriate actions */
 199:Generated_Source\PSoC6/CapSense_Tuner.c ****     if (TU_FSM_SNR_TEST == tunerFsm)
 248              		.loc 1 199 0
 249 00ee 294B     		ldr	r3, .L21+4
 250 00f0 1B68     		ldr	r3, [r3]
 251 00f2 022B     		cmp	r3, #2
 252 00f4 47D1     		bne	.L18
 200:Generated_Source\PSoC6/CapSense_Tuner.c ****     {
 201:Generated_Source\PSoC6/CapSense_Tuner.c ****         widgetId = ptrDsRam->snrTestWidgetId;
 253              		.loc 1 201 0
 254 00f6 7B69     		ldr	r3, [r7, #20]
 255 00f8 93F89E30 		ldrb	r3, [r3, #158]
ARM GAS  C:\Users\ikomb\AppData\Local\Temp\ccc2uTAf.s 			page 9


 256 00fc DBB2     		uxtb	r3, r3
 257 00fe BB60     		str	r3, [r7, #8]
 202:Generated_Source\PSoC6/CapSense_Tuner.c ****         sensorId = ptrDsRam->snrTestSensorId;
 258              		.loc 1 202 0
 259 0100 7B69     		ldr	r3, [r7, #20]
 260 0102 93F89F30 		ldrb	r3, [r3, #159]
 261 0106 DBB2     		uxtb	r3, r3
 262 0108 7B60     		str	r3, [r7, #4]
 203:Generated_Source\PSoC6/CapSense_Tuner.c **** 
 204:Generated_Source\PSoC6/CapSense_Tuner.c ****         /* Check if widgetId and sensorId are in range,
 205:Generated_Source\PSoC6/CapSense_Tuner.c ****          * and data was updated in RAM (scan counter changed)
 206:Generated_Source\PSoC6/CapSense_Tuner.c ****          */
 207:Generated_Source\PSoC6/CapSense_Tuner.c ****         if ((widgetId < CapSense_TOTAL_WIDGETS)              &&
 263              		.loc 1 207 0
 264 010a BB68     		ldr	r3, [r7, #8]
 265 010c 022B     		cmp	r3, #2
 266 010e 3AD8     		bhi	.L18
 208:Generated_Source\PSoC6/CapSense_Tuner.c ****             (sensorId < CapSense_GET_SENSOR_COUNT(widgetId)) &&
 267              		.loc 1 208 0 discriminator 1
 268 0110 2149     		ldr	r1, .L21+8
 269 0112 BA68     		ldr	r2, [r7, #8]
 270 0114 1346     		mov	r3, r2
 271 0116 5B00     		lsls	r3, r3, #1
 272 0118 1344     		add	r3, r3, r2
 273 011a 1B01     		lsls	r3, r3, #4
 274 011c 0B44     		add	r3, r3, r1
 275 011e 1833     		adds	r3, r3, #24
 276 0120 1B88     		ldrh	r3, [r3]
 277 0122 1A46     		mov	r2, r3
 207:Generated_Source\PSoC6/CapSense_Tuner.c ****             (sensorId < CapSense_GET_SENSOR_COUNT(widgetId)) &&
 278              		.loc 1 207 0 discriminator 1
 279 0124 7B68     		ldr	r3, [r7, #4]
 280 0126 9A42     		cmp	r2, r3
 281 0128 2DD9     		bls	.L18
 209:Generated_Source\PSoC6/CapSense_Tuner.c ****             (ptrDsRam->scanCounter != ptrDsRam->snrTestScanCounter))
 282              		.loc 1 209 0
 283 012a 7B69     		ldr	r3, [r7, #20]
 284 012c 1B89     		ldrh	r3, [r3, #8]	@ movhi
 285 012e 9AB2     		uxth	r2, r3
 286 0130 7B69     		ldr	r3, [r7, #20]
 287 0132 B3F8A030 		ldrh	r3, [r3, #160]	@ movhi
 288 0136 9BB2     		uxth	r3, r3
 208:Generated_Source\PSoC6/CapSense_Tuner.c ****             (sensorId < CapSense_GET_SENSOR_COUNT(widgetId)) &&
 289              		.loc 1 208 0
 290 0138 9A42     		cmp	r2, r3
 291 013a 24D0     		beq	.L18
 210:Generated_Source\PSoC6/CapSense_Tuner.c ****         {
 211:Generated_Source\PSoC6/CapSense_Tuner.c ****             /* Get access to the Sensor Object */
 212:Generated_Source\PSoC6/CapSense_Tuner.c ****             ptrSnsTmp = CapSense_dsFlash.wdgtArray[widgetId].ptr2SnsRam;
 292              		.loc 1 212 0
 293 013c 1649     		ldr	r1, .L21+8
 294 013e BA68     		ldr	r2, [r7, #8]
 295 0140 1346     		mov	r3, r2
 296 0142 5B00     		lsls	r3, r3, #1
 297 0144 1344     		add	r3, r3, r2
 298 0146 1B01     		lsls	r3, r3, #4
 299 0148 0B44     		add	r3, r3, r1
ARM GAS  C:\Users\ikomb\AppData\Local\Temp\ccc2uTAf.s 			page 10


 300 014a 0833     		adds	r3, r3, #8
 301 014c 1B68     		ldr	r3, [r3]
 302 014e 3B60     		str	r3, [r7]
 213:Generated_Source\PSoC6/CapSense_Tuner.c ****             ptrSnsTmp += sensorId;
 303              		.loc 1 213 0
 304 0150 7A68     		ldr	r2, [r7, #4]
 305 0152 1346     		mov	r3, r2
 306 0154 9B00     		lsls	r3, r3, #2
 307 0156 1344     		add	r3, r3, r2
 308 0158 5B00     		lsls	r3, r3, #1
 309 015a 1A46     		mov	r2, r3
 310 015c 3B68     		ldr	r3, [r7]
 311 015e 1344     		add	r3, r3, r2
 312 0160 3B60     		str	r3, [r7]
 214:Generated_Source\PSoC6/CapSense_Tuner.c **** 
 215:Generated_Source\PSoC6/CapSense_Tuner.c ****             /* Update data in SNR Test Object */
 216:Generated_Source\PSoC6/CapSense_Tuner.c ****             interruptState = Cy_SysLib_EnterCriticalSection();
 313              		.loc 1 216 0
 314 0162 FFF7FEFF 		bl	Cy_SysLib_EnterCriticalSection
 315 0166 3861     		str	r0, [r7, #16]
 217:Generated_Source\PSoC6/CapSense_Tuner.c ****             ptrDsRam->snrTestScanCounter = ptrDsRam->scanCounter;
 316              		.loc 1 217 0
 317 0168 7B69     		ldr	r3, [r7, #20]
 318 016a 1B89     		ldrh	r3, [r3, #8]	@ movhi
 319 016c 9AB2     		uxth	r2, r3
 320 016e 7B69     		ldr	r3, [r7, #20]
 321 0170 A3F8A020 		strh	r2, [r3, #160]	@ movhi
 218:Generated_Source\PSoC6/CapSense_Tuner.c ****             ptrDsRam->snrTestRawCount[0u] = ptrSnsTmp->raw[0u];
 322              		.loc 1 218 0
 323 0174 3B68     		ldr	r3, [r7]
 324 0176 1B88     		ldrh	r3, [r3]	@ movhi
 325 0178 9AB2     		uxth	r2, r3
 326 017a 7B69     		ldr	r3, [r7, #20]
 327 017c A3F8A220 		strh	r2, [r3, #162]	@ movhi
 219:Generated_Source\PSoC6/CapSense_Tuner.c **** 
 220:Generated_Source\PSoC6/CapSense_Tuner.c ****             #if (0u != CapSense_MULTI_FREQ_SCAN_EN)
 221:Generated_Source\PSoC6/CapSense_Tuner.c ****                 ptrDsRam->snrTestRawCount[1u] = ptrSnsTmp->raw[1u];
 222:Generated_Source\PSoC6/CapSense_Tuner.c ****                 ptrDsRam->snrTestRawCount[2u] = ptrSnsTmp->raw[2u];
 223:Generated_Source\PSoC6/CapSense_Tuner.c ****             #endif
 224:Generated_Source\PSoC6/CapSense_Tuner.c **** 
 225:Generated_Source\PSoC6/CapSense_Tuner.c ****             Cy_SysLib_ExitCriticalSection(interruptState);
 328              		.loc 1 225 0
 329 0180 3869     		ldr	r0, [r7, #16]
 330 0182 FFF7FEFF 		bl	Cy_SysLib_ExitCriticalSection
 331              	.L18:
 226:Generated_Source\PSoC6/CapSense_Tuner.c ****         }
 227:Generated_Source\PSoC6/CapSense_Tuner.c ****     }
 228:Generated_Source\PSoC6/CapSense_Tuner.c ****     return tunerStatus;
 332              		.loc 1 228 0
 333 0186 BB69     		ldr	r3, [r7, #24]
 229:Generated_Source\PSoC6/CapSense_Tuner.c **** }
 334              		.loc 1 229 0
 335 0188 1846     		mov	r0, r3
 336 018a 2037     		adds	r7, r7, #32
 337              		.cfi_def_cfa_offset 8
 338 018c BD46     		mov	sp, r7
 339              		.cfi_def_cfa_register 13
ARM GAS  C:\Users\ikomb\AppData\Local\Temp\ccc2uTAf.s 			page 11


 340              		@ sp needed
 341 018e 80BD     		pop	{r7, pc}
 342              	.L22:
 343              		.align	2
 344              	.L21:
 345 0190 00000000 		.word	CapSense_dsRam
 346 0194 00000000 		.word	tunerFsm
 347 0198 00000000 		.word	CapSense_dsFlash
 348              		.cfi_endproc
 349              	.LFE159:
 350              		.size	CapSense_RunTuner, .-CapSense_RunTuner
 351              		.text
 352              	.Letext0:
 353              		.file 2 "c:\\program files (x86)\\cypress\\psoc creator\\4.4\\psoc creator\\import\\gnu\\arm\\5.4.
 354              		.file 3 "c:\\program files (x86)\\cypress\\psoc creator\\4.4\\psoc creator\\import\\gnu\\arm\\5.4.
 355              		.file 4 "Generated_Source\\PSoC6\\pdl\\drivers/peripheral/syslib/cy_syslib.h"
 356              		.file 5 "Generated_Source\\PSoC6\\CapSense_Configuration.h"
 357              		.file 6 "Generated_Source\\PSoC6\\CapSense_SmartSense_LL.h"
 358              		.file 7 "Generated_Source\\PSoC6\\CapSense_Structure.h"
 359              		.file 8 "Generated_Source\\PSoC6\\CapSense_Tuner.h"
 360              		.file 9 "Generated_Source\\PSoC6\\pdl\\cmsis/include/core_cm4.h"
 361              		.section	.debug_info,"",%progbits
 362              	.Ldebug_info0:
 363 0000 BB070000 		.4byte	0x7bb
 364 0004 0400     		.2byte	0x4
 365 0006 00000000 		.4byte	.Ldebug_abbrev0
 366 000a 04       		.byte	0x4
 367 000b 01       		.uleb128 0x1
 368 000c 8C060000 		.4byte	.LASF119
 369 0010 0C       		.byte	0xc
 370 0011 34000000 		.4byte	.LASF120
 371 0015 7A030000 		.4byte	.LASF121
 372 0019 00000000 		.4byte	.Ldebug_ranges0+0
 373 001d 00000000 		.4byte	0
 374 0021 00000000 		.4byte	.Ldebug_line0
 375 0025 02       		.uleb128 0x2
 376 0026 01       		.byte	0x1
 377 0027 06       		.byte	0x6
 378 0028 2D010000 		.4byte	.LASF0
 379 002c 03       		.uleb128 0x3
 380 002d 20000000 		.4byte	.LASF3
 381 0031 02       		.byte	0x2
 382 0032 1D       		.byte	0x1d
 383 0033 37000000 		.4byte	0x37
 384 0037 02       		.uleb128 0x2
 385 0038 01       		.byte	0x1
 386 0039 08       		.byte	0x8
 387 003a D2050000 		.4byte	.LASF1
 388 003e 02       		.uleb128 0x2
 389 003f 02       		.byte	0x2
 390 0040 05       		.byte	0x5
 391 0041 F7020000 		.4byte	.LASF2
 392 0045 03       		.uleb128 0x3
 393 0046 97050000 		.4byte	.LASF4
 394 004a 02       		.byte	0x2
 395 004b 2B       		.byte	0x2b
 396 004c 50000000 		.4byte	0x50
ARM GAS  C:\Users\ikomb\AppData\Local\Temp\ccc2uTAf.s 			page 12


 397 0050 02       		.uleb128 0x2
 398 0051 02       		.byte	0x2
 399 0052 07       		.byte	0x7
 400 0053 BC020000 		.4byte	.LASF5
 401 0057 03       		.uleb128 0x3
 402 0058 B4050000 		.4byte	.LASF6
 403 005c 02       		.byte	0x2
 404 005d 3F       		.byte	0x3f
 405 005e 62000000 		.4byte	0x62
 406 0062 02       		.uleb128 0x2
 407 0063 04       		.byte	0x4
 408 0064 05       		.byte	0x5
 409 0065 6D010000 		.4byte	.LASF7
 410 0069 03       		.uleb128 0x3
 411 006a E7010000 		.4byte	.LASF8
 412 006e 02       		.byte	0x2
 413 006f 41       		.byte	0x41
 414 0070 74000000 		.4byte	0x74
 415 0074 02       		.uleb128 0x2
 416 0075 04       		.byte	0x4
 417 0076 07       		.byte	0x7
 418 0077 6F020000 		.4byte	.LASF9
 419 007b 02       		.uleb128 0x2
 420 007c 08       		.byte	0x8
 421 007d 05       		.byte	0x5
 422 007e 1F010000 		.4byte	.LASF10
 423 0082 02       		.uleb128 0x2
 424 0083 08       		.byte	0x8
 425 0084 07       		.byte	0x7
 426 0085 83000000 		.4byte	.LASF11
 427 0089 04       		.uleb128 0x4
 428 008a 04       		.byte	0x4
 429 008b 05       		.byte	0x5
 430 008c 696E7400 		.ascii	"int\000"
 431 0090 02       		.uleb128 0x2
 432 0091 04       		.byte	0x4
 433 0092 07       		.byte	0x7
 434 0093 32020000 		.4byte	.LASF12
 435 0097 03       		.uleb128 0x3
 436 0098 47060000 		.4byte	.LASF13
 437 009c 03       		.byte	0x3
 438 009d 18       		.byte	0x18
 439 009e 2C000000 		.4byte	0x2c
 440 00a2 03       		.uleb128 0x3
 441 00a3 9D010000 		.4byte	.LASF14
 442 00a7 03       		.byte	0x3
 443 00a8 24       		.byte	0x24
 444 00a9 45000000 		.4byte	0x45
 445 00ad 03       		.uleb128 0x3
 446 00ae B5040000 		.4byte	.LASF15
 447 00b2 03       		.byte	0x3
 448 00b3 2C       		.byte	0x2c
 449 00b4 57000000 		.4byte	0x57
 450 00b8 03       		.uleb128 0x3
 451 00b9 55050000 		.4byte	.LASF16
 452 00bd 03       		.byte	0x3
 453 00be 30       		.byte	0x30
ARM GAS  C:\Users\ikomb\AppData\Local\Temp\ccc2uTAf.s 			page 13


 454 00bf 69000000 		.4byte	0x69
 455 00c3 02       		.uleb128 0x2
 456 00c4 04       		.byte	0x4
 457 00c5 07       		.byte	0x7
 458 00c6 71030000 		.4byte	.LASF17
 459 00ca 02       		.uleb128 0x2
 460 00cb 01       		.byte	0x1
 461 00cc 08       		.byte	0x8
 462 00cd 92050000 		.4byte	.LASF18
 463 00d1 02       		.uleb128 0x2
 464 00d2 04       		.byte	0x4
 465 00d3 04       		.byte	0x4
 466 00d4 59040000 		.4byte	.LASF19
 467 00d8 02       		.uleb128 0x2
 468 00d9 08       		.byte	0x8
 469 00da 04       		.byte	0x4
 470 00db A6010000 		.4byte	.LASF20
 471 00df 05       		.uleb128 0x5
 472 00e0 97010000 		.4byte	.LASF21
 473 00e4 04       		.byte	0x4
 474 00e5 8503     		.2byte	0x385
 475 00e7 97000000 		.4byte	0x97
 476 00eb 05       		.uleb128 0x5
 477 00ec 0A000000 		.4byte	.LASF22
 478 00f0 04       		.byte	0x4
 479 00f1 8603     		.2byte	0x386
 480 00f3 A2000000 		.4byte	0xa2
 481 00f7 05       		.uleb128 0x5
 482 00f8 D5010000 		.4byte	.LASF23
 483 00fc 04       		.byte	0x4
 484 00fd 8703     		.2byte	0x387
 485 00ff B8000000 		.4byte	0xb8
 486 0103 03       		.uleb128 0x3
 487 0104 07010000 		.4byte	.LASF24
 488 0108 05       		.byte	0x5
 489 0109 F2       		.byte	0xf2
 490 010a EB000000 		.4byte	0xeb
 491 010e 03       		.uleb128 0x3
 492 010f BE000000 		.4byte	.LASF25
 493 0113 05       		.byte	0x5
 494 0114 F6       		.byte	0xf6
 495 0115 DF000000 		.4byte	0xdf
 496 0119 06       		.uleb128 0x6
 497 011a 0C       		.byte	0xc
 498 011b 06       		.byte	0x6
 499 011c 6E       		.byte	0x6e
 500 011d 76010000 		.4byte	0x176
 501 0121 07       		.uleb128 0x7
 502 0122 BD040000 		.4byte	.LASF26
 503 0126 06       		.byte	0x6
 504 0127 73       		.byte	0x73
 505 0128 EB000000 		.4byte	0xeb
 506 012c 00       		.byte	0
 507 012d 07       		.uleb128 0x7
 508 012e C4040000 		.4byte	.LASF27
 509 0132 06       		.byte	0x6
 510 0133 77       		.byte	0x77
ARM GAS  C:\Users\ikomb\AppData\Local\Temp\ccc2uTAf.s 			page 14


 511 0134 EB000000 		.4byte	0xeb
 512 0138 02       		.byte	0x2
 513 0139 07       		.uleb128 0x7
 514 013a CB040000 		.4byte	.LASF28
 515 013e 06       		.byte	0x6
 516 013f 7B       		.byte	0x7b
 517 0140 EB000000 		.4byte	0xeb
 518 0144 04       		.byte	0x4
 519 0145 07       		.uleb128 0x7
 520 0146 D2040000 		.4byte	.LASF29
 521 014a 06       		.byte	0x6
 522 014b 7F       		.byte	0x7f
 523 014c EB000000 		.4byte	0xeb
 524 0150 06       		.byte	0x6
 525 0151 07       		.uleb128 0x7
 526 0152 D9040000 		.4byte	.LASF30
 527 0156 06       		.byte	0x6
 528 0157 83       		.byte	0x83
 529 0158 EB000000 		.4byte	0xeb
 530 015c 08       		.byte	0x8
 531 015d 07       		.uleb128 0x7
 532 015e E0040000 		.4byte	.LASF31
 533 0162 06       		.byte	0x6
 534 0163 87       		.byte	0x87
 535 0164 DF000000 		.4byte	0xdf
 536 0168 0A       		.byte	0xa
 537 0169 07       		.uleb128 0x7
 538 016a E7040000 		.4byte	.LASF32
 539 016e 06       		.byte	0x6
 540 016f 8B       		.byte	0x8b
 541 0170 DF000000 		.4byte	0xdf
 542 0174 0B       		.byte	0xb
 543 0175 00       		.byte	0
 544 0176 03       		.uleb128 0x3
 545 0177 5F040000 		.4byte	.LASF33
 546 017b 06       		.byte	0x6
 547 017c 8C       		.byte	0x8c
 548 017d 19010000 		.4byte	0x119
 549 0181 08       		.uleb128 0x8
 550 0182 DF000000 		.4byte	0xdf
 551 0186 91010000 		.4byte	0x191
 552 018a 09       		.uleb128 0x9
 553 018b C3000000 		.4byte	0xc3
 554 018f 00       		.byte	0
 555 0190 00       		.byte	0
 556 0191 06       		.uleb128 0x6
 557 0192 12       		.byte	0x12
 558 0193 07       		.byte	0x7
 559 0194 DA       		.byte	0xda
 560 0195 30020000 		.4byte	0x230
 561 0199 07       		.uleb128 0x7
 562 019a A9050000 		.4byte	.LASF34
 563 019e 07       		.byte	0x7
 564 019f E0       		.byte	0xe0
 565 01a0 EB000000 		.4byte	0xeb
 566 01a4 00       		.byte	0
 567 01a5 07       		.uleb128 0x7
ARM GAS  C:\Users\ikomb\AppData\Local\Temp\ccc2uTAf.s 			page 15


 568 01a6 3F070000 		.4byte	.LASF35
 569 01aa 07       		.byte	0x7
 570 01ab E5       		.byte	0xe5
 571 01ac 03010000 		.4byte	0x103
 572 01b0 02       		.byte	0x2
 573 01b1 07       		.uleb128 0x7
 574 01b2 77070000 		.4byte	.LASF36
 575 01b6 07       		.byte	0x7
 576 01b7 EA       		.byte	0xea
 577 01b8 DF000000 		.4byte	0xdf
 578 01bc 04       		.byte	0x4
 579 01bd 07       		.uleb128 0x7
 580 01be DA030000 		.4byte	.LASF37
 581 01c2 07       		.byte	0x7
 582 01c3 EF       		.byte	0xef
 583 01c4 DF000000 		.4byte	0xdf
 584 01c8 05       		.byte	0x5
 585 01c9 07       		.uleb128 0x7
 586 01ca DC010000 		.4byte	.LASF38
 587 01ce 07       		.byte	0x7
 588 01cf F4       		.byte	0xf4
 589 01d0 DF000000 		.4byte	0xdf
 590 01d4 06       		.byte	0x6
 591 01d5 07       		.uleb128 0x7
 592 01d6 BE050000 		.4byte	.LASF39
 593 01da 07       		.byte	0x7
 594 01db F9       		.byte	0xf9
 595 01dc DF000000 		.4byte	0xdf
 596 01e0 07       		.byte	0x7
 597 01e1 0A       		.uleb128 0xa
 598 01e2 A7020000 		.4byte	.LASF40
 599 01e6 07       		.byte	0x7
 600 01e7 0001     		.2byte	0x100
 601 01e9 0E010000 		.4byte	0x10e
 602 01ed 08       		.byte	0x8
 603 01ee 0A       		.uleb128 0xa
 604 01ef 31030000 		.4byte	.LASF41
 605 01f3 07       		.byte	0x7
 606 01f4 0801     		.2byte	0x108
 607 01f6 81010000 		.4byte	0x181
 608 01fa 09       		.byte	0x9
 609 01fb 0A       		.uleb128 0xa
 610 01fc A2050000 		.4byte	.LASF42
 611 0200 07       		.byte	0x7
 612 0201 1101     		.2byte	0x111
 613 0203 EB000000 		.4byte	0xeb
 614 0207 0A       		.byte	0xa
 615 0208 0A       		.uleb128 0xa
 616 0209 68060000 		.4byte	.LASF43
 617 020d 07       		.byte	0x7
 618 020e 1601     		.2byte	0x116
 619 0210 DF000000 		.4byte	0xdf
 620 0214 0C       		.byte	0xc
 621 0215 0A       		.uleb128 0xa
 622 0216 2A000000 		.4byte	.LASF44
 623 021a 07       		.byte	0x7
 624 021b 1D01     		.2byte	0x11d
ARM GAS  C:\Users\ikomb\AppData\Local\Temp\ccc2uTAf.s 			page 16


 625 021d EB000000 		.4byte	0xeb
 626 0221 0E       		.byte	0xe
 627 0222 0A       		.uleb128 0xa
 628 0223 F9030000 		.4byte	.LASF45
 629 0227 07       		.byte	0x7
 630 0228 2201     		.2byte	0x122
 631 022a EB000000 		.4byte	0xeb
 632 022e 10       		.byte	0x10
 633 022f 00       		.byte	0
 634 0230 05       		.uleb128 0x5
 635 0231 0A030000 		.4byte	.LASF46
 636 0235 07       		.byte	0x7
 637 0236 2301     		.2byte	0x123
 638 0238 91010000 		.4byte	0x191
 639 023c 0B       		.uleb128 0xb
 640 023d 14       		.byte	0x14
 641 023e 07       		.byte	0x7
 642 023f 2801     		.2byte	0x128
 643 0241 EF020000 		.4byte	0x2ef
 644 0245 0A       		.uleb128 0xa
 645 0246 A9050000 		.4byte	.LASF34
 646 024a 07       		.byte	0x7
 647 024b 2E01     		.2byte	0x12e
 648 024d EB000000 		.4byte	0xeb
 649 0251 00       		.byte	0
 650 0252 0A       		.uleb128 0xa
 651 0253 3F070000 		.4byte	.LASF35
 652 0257 07       		.byte	0x7
 653 0258 3301     		.2byte	0x133
 654 025a 03010000 		.4byte	0x103
 655 025e 02       		.byte	0x2
 656 025f 0A       		.uleb128 0xa
 657 0260 77070000 		.4byte	.LASF36
 658 0264 07       		.byte	0x7
 659 0265 3801     		.2byte	0x138
 660 0267 DF000000 		.4byte	0xdf
 661 026b 04       		.byte	0x4
 662 026c 0A       		.uleb128 0xa
 663 026d DA030000 		.4byte	.LASF37
 664 0271 07       		.byte	0x7
 665 0272 3D01     		.2byte	0x13d
 666 0274 DF000000 		.4byte	0xdf
 667 0278 05       		.byte	0x5
 668 0279 0A       		.uleb128 0xa
 669 027a DC010000 		.4byte	.LASF38
 670 027e 07       		.byte	0x7
 671 027f 4201     		.2byte	0x142
 672 0281 DF000000 		.4byte	0xdf
 673 0285 06       		.byte	0x6
 674 0286 0A       		.uleb128 0xa
 675 0287 BE050000 		.4byte	.LASF39
 676 028b 07       		.byte	0x7
 677 028c 4701     		.2byte	0x147
 678 028e DF000000 		.4byte	0xdf
 679 0292 07       		.byte	0x7
 680 0293 0A       		.uleb128 0xa
 681 0294 A7020000 		.4byte	.LASF40
ARM GAS  C:\Users\ikomb\AppData\Local\Temp\ccc2uTAf.s 			page 17


 682 0298 07       		.byte	0x7
 683 0299 4E01     		.2byte	0x14e
 684 029b 0E010000 		.4byte	0x10e
 685 029f 08       		.byte	0x8
 686 02a0 0A       		.uleb128 0xa
 687 02a1 31030000 		.4byte	.LASF41
 688 02a5 07       		.byte	0x7
 689 02a6 5601     		.2byte	0x156
 690 02a8 81010000 		.4byte	0x181
 691 02ac 09       		.byte	0x9
 692 02ad 0A       		.uleb128 0xa
 693 02ae A2050000 		.4byte	.LASF42
 694 02b2 07       		.byte	0x7
 695 02b3 5F01     		.2byte	0x15f
 696 02b5 EB000000 		.4byte	0xeb
 697 02b9 0A       		.byte	0xa
 698 02ba 0A       		.uleb128 0xa
 699 02bb 68060000 		.4byte	.LASF43
 700 02bf 07       		.byte	0x7
 701 02c0 6401     		.2byte	0x164
 702 02c2 DF000000 		.4byte	0xdf
 703 02c6 0C       		.byte	0xc
 704 02c7 0A       		.uleb128 0xa
 705 02c8 2A000000 		.4byte	.LASF44
 706 02cc 07       		.byte	0x7
 707 02cd 6B01     		.2byte	0x16b
 708 02cf EB000000 		.4byte	0xeb
 709 02d3 0E       		.byte	0xe
 710 02d4 0A       		.uleb128 0xa
 711 02d5 F9030000 		.4byte	.LASF45
 712 02d9 07       		.byte	0x7
 713 02da 7001     		.2byte	0x170
 714 02dc EB000000 		.4byte	0xeb
 715 02e0 10       		.byte	0x10
 716 02e1 0A       		.uleb128 0xa
 717 02e2 3F020000 		.4byte	.LASF47
 718 02e6 07       		.byte	0x7
 719 02e7 7501     		.2byte	0x175
 720 02e9 EF020000 		.4byte	0x2ef
 721 02ed 12       		.byte	0x12
 722 02ee 00       		.byte	0
 723 02ef 08       		.uleb128 0x8
 724 02f0 EB000000 		.4byte	0xeb
 725 02f4 FF020000 		.4byte	0x2ff
 726 02f8 09       		.uleb128 0x9
 727 02f9 C3000000 		.4byte	0xc3
 728 02fd 00       		.byte	0
 729 02fe 00       		.byte	0
 730 02ff 05       		.uleb128 0x5
 731 0300 39030000 		.4byte	.LASF48
 732 0304 07       		.byte	0x7
 733 0305 7601     		.2byte	0x176
 734 0307 3C020000 		.4byte	0x23c
 735 030b 0B       		.uleb128 0xb
 736 030c 38       		.byte	0x38
 737 030d 07       		.byte	0x7
 738 030e 7C01     		.2byte	0x17c
ARM GAS  C:\Users\ikomb\AppData\Local\Temp\ccc2uTAf.s 			page 18


 739 0310 3C030000 		.4byte	0x33c
 740 0314 0A       		.uleb128 0xa
 741 0315 39010000 		.4byte	.LASF49
 742 0319 07       		.byte	0x7
 743 031a 8101     		.2byte	0x181
 744 031c 30020000 		.4byte	0x230
 745 0320 00       		.byte	0
 746 0321 0A       		.uleb128 0xa
 747 0322 41010000 		.4byte	.LASF50
 748 0326 07       		.byte	0x7
 749 0327 8601     		.2byte	0x186
 750 0329 30020000 		.4byte	0x230
 751 032d 12       		.byte	0x12
 752 032e 0A       		.uleb128 0xa
 753 032f 75060000 		.4byte	.LASF51
 754 0333 07       		.byte	0x7
 755 0334 8B01     		.2byte	0x18b
 756 0336 FF020000 		.4byte	0x2ff
 757 033a 24       		.byte	0x24
 758 033b 00       		.byte	0
 759 033c 05       		.uleb128 0x5
 760 033d 48070000 		.4byte	.LASF52
 761 0341 07       		.byte	0x7
 762 0342 8C01     		.2byte	0x18c
 763 0344 0B030000 		.4byte	0x30b
 764 0348 0B       		.uleb128 0xb
 765 0349 0A       		.byte	0xa
 766 034a 07       		.byte	0x7
 767 034b 9201     		.2byte	0x192
 768 034d A0030000 		.4byte	0x3a0
 769 0351 0C       		.uleb128 0xc
 770 0352 72617700 		.ascii	"raw\000"
 771 0356 07       		.byte	0x7
 772 0357 9701     		.2byte	0x197
 773 0359 EF020000 		.4byte	0x2ef
 774 035d 00       		.byte	0
 775 035e 0A       		.uleb128 0xa
 776 035f 2D020000 		.4byte	.LASF53
 777 0363 07       		.byte	0x7
 778 0364 9C01     		.2byte	0x19c
 779 0366 EF020000 		.4byte	0x2ef
 780 036a 02       		.byte	0x2
 781 036b 0A       		.uleb128 0xa
 782 036c C4010000 		.4byte	.LASF54
 783 0370 07       		.byte	0x7
 784 0371 A201     		.2byte	0x1a2
 785 0373 81010000 		.4byte	0x181
 786 0377 04       		.byte	0x4
 787 0378 0A       		.uleb128 0xa
 788 0379 B9000000 		.4byte	.LASF55
 789 037d 07       		.byte	0x7
 790 037e A701     		.2byte	0x1a7
 791 0380 03010000 		.4byte	0x103
 792 0384 06       		.byte	0x6
 793 0385 0A       		.uleb128 0xa
 794 0386 E0050000 		.4byte	.LASF56
 795 038a 07       		.byte	0x7
ARM GAS  C:\Users\ikomb\AppData\Local\Temp\ccc2uTAf.s 			page 19


 796 038b AC01     		.2byte	0x1ac
 797 038d A0030000 		.4byte	0x3a0
 798 0391 08       		.byte	0x8
 799 0392 0A       		.uleb128 0xa
 800 0393 C9050000 		.4byte	.LASF57
 801 0397 07       		.byte	0x7
 802 0398 B201     		.2byte	0x1b2
 803 039a 81010000 		.4byte	0x181
 804 039e 09       		.byte	0x9
 805 039f 00       		.byte	0
 806 03a0 08       		.uleb128 0x8
 807 03a1 0E010000 		.4byte	0x10e
 808 03a5 B0030000 		.4byte	0x3b0
 809 03a9 09       		.uleb128 0x9
 810 03aa C3000000 		.4byte	0xc3
 811 03ae 00       		.byte	0
 812 03af 00       		.byte	0
 813 03b0 05       		.uleb128 0x5
 814 03b1 6B000000 		.4byte	.LASF58
 815 03b5 07       		.byte	0x7
 816 03b6 B301     		.2byte	0x1b3
 817 03b8 48030000 		.4byte	0x348
 818 03bc 0B       		.uleb128 0xb
 819 03bd 46       		.byte	0x46
 820 03be 07       		.byte	0x7
 821 03bf B901     		.2byte	0x1b9
 822 03c1 ED030000 		.4byte	0x3ed
 823 03c5 0A       		.uleb128 0xa
 824 03c6 39010000 		.4byte	.LASF49
 825 03ca 07       		.byte	0x7
 826 03cb BE01     		.2byte	0x1be
 827 03cd ED030000 		.4byte	0x3ed
 828 03d1 00       		.byte	0
 829 03d2 0A       		.uleb128 0xa
 830 03d3 41010000 		.4byte	.LASF50
 831 03d7 07       		.byte	0x7
 832 03d8 C301     		.2byte	0x1c3
 833 03da ED030000 		.4byte	0x3ed
 834 03de 0A       		.byte	0xa
 835 03df 0A       		.uleb128 0xa
 836 03e0 75060000 		.4byte	.LASF51
 837 03e4 07       		.byte	0x7
 838 03e5 C801     		.2byte	0x1c8
 839 03e7 FD030000 		.4byte	0x3fd
 840 03eb 14       		.byte	0x14
 841 03ec 00       		.byte	0
 842 03ed 08       		.uleb128 0x8
 843 03ee B0030000 		.4byte	0x3b0
 844 03f2 FD030000 		.4byte	0x3fd
 845 03f6 09       		.uleb128 0x9
 846 03f7 C3000000 		.4byte	0xc3
 847 03fb 00       		.byte	0
 848 03fc 00       		.byte	0
 849 03fd 08       		.uleb128 0x8
 850 03fe B0030000 		.4byte	0x3b0
 851 0402 0D040000 		.4byte	0x40d
 852 0406 09       		.uleb128 0x9
ARM GAS  C:\Users\ikomb\AppData\Local\Temp\ccc2uTAf.s 			page 20


 853 0407 C3000000 		.4byte	0xc3
 854 040b 04       		.byte	0x4
 855 040c 00       		.byte	0
 856 040d 05       		.uleb128 0x5
 857 040e 84040000 		.4byte	.LASF59
 858 0412 07       		.byte	0x7
 859 0413 C901     		.2byte	0x1c9
 860 0415 BC030000 		.4byte	0x3bc
 861 0419 0B       		.uleb128 0xb
 862 041a A4       		.byte	0xa4
 863 041b 07       		.byte	0x7
 864 041c CF01     		.2byte	0x1cf
 865 041e 0D050000 		.4byte	0x50d
 866 0422 0A       		.uleb128 0xa
 867 0423 D7020000 		.4byte	.LASF60
 868 0427 07       		.byte	0x7
 869 0428 D701     		.2byte	0x1d7
 870 042a EB000000 		.4byte	0xeb
 871 042e 00       		.byte	0
 872 042f 0A       		.uleb128 0xa
 873 0430 01030000 		.4byte	.LASF61
 874 0434 07       		.byte	0x7
 875 0435 DC01     		.2byte	0x1dc
 876 0437 EB000000 		.4byte	0xeb
 877 043b 02       		.byte	0x2
 878 043c 0A       		.uleb128 0xa
 879 043d 00040000 		.4byte	.LASF62
 880 0441 07       		.byte	0x7
 881 0442 E101     		.2byte	0x1e1
 882 0444 EB000000 		.4byte	0xeb
 883 0448 04       		.byte	0x4
 884 0449 0A       		.uleb128 0xa
 885 044a 50040000 		.4byte	.LASF63
 886 044e 07       		.byte	0x7
 887 044f E701     		.2byte	0x1e7
 888 0451 EB000000 		.4byte	0xeb
 889 0455 06       		.byte	0x6
 890 0456 0A       		.uleb128 0xa
 891 0457 25040000 		.4byte	.LASF64
 892 045b 07       		.byte	0x7
 893 045c EC01     		.2byte	0x1ec
 894 045e EB000000 		.4byte	0xeb
 895 0462 08       		.byte	0x8
 896 0463 0A       		.uleb128 0xa
 897 0464 36060000 		.4byte	.LASF65
 898 0468 07       		.byte	0x7
 899 0469 F101     		.2byte	0x1f1
 900 046b 0D050000 		.4byte	0x50d
 901 046f 0C       		.byte	0xc
 902 0470 0A       		.uleb128 0xa
 903 0471 81020000 		.4byte	.LASF66
 904 0475 07       		.byte	0x7
 905 0476 F701     		.2byte	0x1f7
 906 0478 12050000 		.4byte	0x512
 907 047c 10       		.byte	0x10
 908 047d 0A       		.uleb128 0xa
 909 047e 1A020000 		.4byte	.LASF67
ARM GAS  C:\Users\ikomb\AppData\Local\Temp\ccc2uTAf.s 			page 21


 910 0482 07       		.byte	0x7
 911 0483 FD01     		.2byte	0x1fd
 912 0485 12050000 		.4byte	0x512
 913 0489 14       		.byte	0x14
 914 048a 0A       		.uleb128 0xa
 915 048b 63010000 		.4byte	.LASF68
 916 048f 07       		.byte	0x7
 917 0490 0F02     		.2byte	0x20f
 918 0492 22050000 		.4byte	0x522
 919 0496 18       		.byte	0x18
 920 0497 0A       		.uleb128 0xa
 921 0498 E0020000 		.4byte	.LASF69
 922 049c 07       		.byte	0x7
 923 049d 1402     		.2byte	0x214
 924 049f EB000000 		.4byte	0xeb
 925 04a3 1C       		.byte	0x1c
 926 04a4 0A       		.uleb128 0xa
 927 04a5 76010000 		.4byte	.LASF70
 928 04a9 07       		.byte	0x7
 929 04aa 1902     		.2byte	0x219
 930 04ac DF000000 		.4byte	0xdf
 931 04b0 1E       		.byte	0x1e
 932 04b1 0A       		.uleb128 0xa
 933 04b2 00000000 		.4byte	.LASF71
 934 04b6 07       		.byte	0x7
 935 04b7 1E02     		.2byte	0x21e
 936 04b9 DF000000 		.4byte	0xdf
 937 04bd 1F       		.byte	0x1f
 938 04be 0A       		.uleb128 0xa
 939 04bf 5E050000 		.4byte	.LASF72
 940 04c3 07       		.byte	0x7
 941 04c4 2302     		.2byte	0x223
 942 04c6 3C030000 		.4byte	0x33c
 943 04ca 20       		.byte	0x20
 944 04cb 0A       		.uleb128 0xa
 945 04cc CF020000 		.4byte	.LASF73
 946 04d0 07       		.byte	0x7
 947 04d1 2802     		.2byte	0x228
 948 04d3 0D040000 		.4byte	0x40d
 949 04d7 58       		.byte	0x58
 950 04d8 0A       		.uleb128 0xa
 951 04d9 48020000 		.4byte	.LASF74
 952 04dd 07       		.byte	0x7
 953 04de 2D02     		.2byte	0x22d
 954 04e0 DF000000 		.4byte	0xdf
 955 04e4 9E       		.byte	0x9e
 956 04e5 0A       		.uleb128 0xa
 957 04e6 E6000000 		.4byte	.LASF75
 958 04ea 07       		.byte	0x7
 959 04eb 3202     		.2byte	0x232
 960 04ed DF000000 		.4byte	0xdf
 961 04f1 9F       		.byte	0x9f
 962 04f2 0A       		.uleb128 0xa
 963 04f3 64070000 		.4byte	.LASF76
 964 04f7 07       		.byte	0x7
 965 04f8 3702     		.2byte	0x237
 966 04fa EB000000 		.4byte	0xeb
ARM GAS  C:\Users\ikomb\AppData\Local\Temp\ccc2uTAf.s 			page 22


 967 04fe A0       		.byte	0xa0
 968 04ff 0A       		.uleb128 0xa
 969 0500 40040000 		.4byte	.LASF77
 970 0504 07       		.byte	0x7
 971 0505 3C02     		.2byte	0x23c
 972 0507 EF020000 		.4byte	0x2ef
 973 050b A2       		.byte	0xa2
 974 050c 00       		.byte	0
 975 050d 0D       		.uleb128 0xd
 976 050e F7000000 		.4byte	0xf7
 977 0512 08       		.uleb128 0x8
 978 0513 F7000000 		.4byte	0xf7
 979 0517 22050000 		.4byte	0x522
 980 051b 09       		.uleb128 0x9
 981 051c C3000000 		.4byte	0xc3
 982 0520 00       		.byte	0
 983 0521 00       		.byte	0
 984 0522 08       		.uleb128 0x8
 985 0523 DF000000 		.4byte	0xdf
 986 0527 32050000 		.4byte	0x532
 987 052b 09       		.uleb128 0x9
 988 052c C3000000 		.4byte	0xc3
 989 0530 02       		.byte	0x2
 990 0531 00       		.byte	0
 991 0532 05       		.uleb128 0x5
 992 0533 A1040000 		.4byte	.LASF78
 993 0537 07       		.byte	0x7
 994 0538 3D02     		.2byte	0x23d
 995 053a 19040000 		.4byte	0x419
 996 053e 0B       		.uleb128 0xb
 997 053f 30       		.byte	0x30
 998 0540 07       		.byte	0x7
 999 0541 7B02     		.2byte	0x27b
 1000 0543 18060000 		.4byte	0x618
 1001 0547 0A       		.uleb128 0xa
 1002 0548 AC000000 		.4byte	.LASF79
 1003 054c 07       		.byte	0x7
 1004 054d 8402     		.2byte	0x284
 1005 054f 18060000 		.4byte	0x618
 1006 0553 00       		.byte	0
 1007 0554 0A       		.uleb128 0xa
 1008 0555 EB020000 		.4byte	.LASF80
 1009 0559 07       		.byte	0x7
 1010 055a 8B02     		.2byte	0x28b
 1011 055c 1F060000 		.4byte	0x61f
 1012 0560 04       		.byte	0x4
 1013 0561 0A       		.uleb128 0xa
 1014 0562 80010000 		.4byte	.LASF81
 1015 0566 07       		.byte	0x7
 1016 0567 9102     		.2byte	0x291
 1017 0569 21060000 		.4byte	0x621
 1018 056d 08       		.byte	0x8
 1019 056e 0A       		.uleb128 0xa
 1020 056f 39050000 		.4byte	.LASF82
 1021 0573 07       		.byte	0x7
 1022 0574 9602     		.2byte	0x296
 1023 0576 1F060000 		.4byte	0x61f
ARM GAS  C:\Users\ikomb\AppData\Local\Temp\ccc2uTAf.s 			page 23


 1024 057a 0C       		.byte	0xc
 1025 057b 0A       		.uleb128 0xa
 1026 057c FA050000 		.4byte	.LASF83
 1027 0580 07       		.byte	0x7
 1028 0581 9D02     		.2byte	0x29d
 1029 0583 27060000 		.4byte	0x627
 1030 0587 10       		.byte	0x10
 1031 0588 0A       		.uleb128 0xa
 1032 0589 29060000 		.4byte	.LASF84
 1033 058d 07       		.byte	0x7
 1034 058e A202     		.2byte	0x2a2
 1035 0590 F7000000 		.4byte	0xf7
 1036 0594 14       		.byte	0x14
 1037 0595 0A       		.uleb128 0xa
 1038 0596 EE050000 		.4byte	.LASF85
 1039 059a 07       		.byte	0x7
 1040 059b A902     		.2byte	0x2a9
 1041 059d EB000000 		.4byte	0xeb
 1042 05a1 18       		.byte	0x18
 1043 05a2 0A       		.uleb128 0xa
 1044 05a3 08040000 		.4byte	.LASF86
 1045 05a7 07       		.byte	0x7
 1046 05a8 B402     		.2byte	0x2b4
 1047 05aa DF000000 		.4byte	0xdf
 1048 05ae 1A       		.byte	0x1a
 1049 05af 0A       		.uleb128 0xa
 1050 05b0 9B020000 		.4byte	.LASF87
 1051 05b4 07       		.byte	0x7
 1052 05b5 B902     		.2byte	0x2b9
 1053 05b7 DF000000 		.4byte	0xdf
 1054 05bb 1B       		.byte	0x1b
 1055 05bc 0A       		.uleb128 0xa
 1056 05bd 25020000 		.4byte	.LASF88
 1057 05c1 07       		.byte	0x7
 1058 05c2 C102     		.2byte	0x2c1
 1059 05c4 DF000000 		.4byte	0xdf
 1060 05c8 1C       		.byte	0x1c
 1061 05c9 0A       		.uleb128 0xa
 1062 05ca 12020000 		.4byte	.LASF89
 1063 05ce 07       		.byte	0x7
 1064 05cf C802     		.2byte	0x2c8
 1065 05d1 DF000000 		.4byte	0xdf
 1066 05d5 1D       		.byte	0x1d
 1067 05d6 0A       		.uleb128 0xa
 1068 05d7 8B010000 		.4byte	.LASF90
 1069 05db 07       		.byte	0x7
 1070 05dc CE02     		.2byte	0x2ce
 1071 05de EB000000 		.4byte	0xeb
 1072 05e2 1E       		.byte	0x1e
 1073 05e3 0A       		.uleb128 0xa
 1074 05e4 11040000 		.4byte	.LASF91
 1075 05e8 07       		.byte	0x7
 1076 05e9 D802     		.2byte	0x2d8
 1077 05eb F7000000 		.4byte	0xf7
 1078 05ef 20       		.byte	0x20
 1079 05f0 0A       		.uleb128 0xa
 1080 05f1 60020000 		.4byte	.LASF92
ARM GAS  C:\Users\ikomb\AppData\Local\Temp\ccc2uTAf.s 			page 24


 1081 05f5 07       		.byte	0x7
 1082 05f6 E002     		.2byte	0x2e0
 1083 05f8 2D060000 		.4byte	0x62d
 1084 05fc 24       		.byte	0x24
 1085 05fd 0A       		.uleb128 0xa
 1086 05fe 11000000 		.4byte	.LASF93
 1087 0602 07       		.byte	0x7
 1088 0603 E502     		.2byte	0x2e5
 1089 0605 1F060000 		.4byte	0x61f
 1090 0609 28       		.byte	0x28
 1091 060a 0A       		.uleb128 0xa
 1092 060b 5C000000 		.4byte	.LASF94
 1093 060f 07       		.byte	0x7
 1094 0610 EA02     		.2byte	0x2ea
 1095 0612 DF000000 		.4byte	0xdf
 1096 0616 2C       		.byte	0x2c
 1097 0617 00       		.byte	0
 1098 0618 0E       		.uleb128 0xe
 1099 0619 04       		.byte	0x4
 1100 061a 1E060000 		.4byte	0x61e
 1101 061e 0F       		.uleb128 0xf
 1102 061f 10       		.uleb128 0x10
 1103 0620 04       		.byte	0x4
 1104 0621 0E       		.uleb128 0xe
 1105 0622 04       		.byte	0x4
 1106 0623 B0030000 		.4byte	0x3b0
 1107 0627 0E       		.uleb128 0xe
 1108 0628 04       		.byte	0x4
 1109 0629 DF000000 		.4byte	0xdf
 1110 062d 0E       		.uleb128 0xe
 1111 062e 04       		.byte	0x4
 1112 062f 76010000 		.4byte	0x176
 1113 0633 05       		.uleb128 0x5
 1114 0634 05050000 		.4byte	.LASF95
 1115 0638 07       		.byte	0x7
 1116 0639 EB02     		.2byte	0x2eb
 1117 063b 3E050000 		.4byte	0x53e
 1118 063f 0B       		.uleb128 0xb
 1119 0640 90       		.byte	0x90
 1120 0641 07       		.byte	0x7
 1121 0642 F102     		.2byte	0x2f1
 1122 0644 56060000 		.4byte	0x656
 1123 0648 0A       		.uleb128 0xa
 1124 0649 3D060000 		.4byte	.LASF96
 1125 064d 07       		.byte	0x7
 1126 064e F602     		.2byte	0x2f6
 1127 0650 56060000 		.4byte	0x656
 1128 0654 00       		.byte	0
 1129 0655 00       		.byte	0
 1130 0656 08       		.uleb128 0x8
 1131 0657 33060000 		.4byte	0x633
 1132 065b 66060000 		.4byte	0x666
 1133 065f 09       		.uleb128 0x9
 1134 0660 C3000000 		.4byte	0xc3
 1135 0664 02       		.byte	0x2
 1136 0665 00       		.byte	0
 1137 0666 05       		.uleb128 0x5
ARM GAS  C:\Users\ikomb\AppData\Local\Temp\ccc2uTAf.s 			page 25


 1138 0667 0A060000 		.4byte	.LASF97
 1139 066b 07       		.byte	0x7
 1140 066c F702     		.2byte	0x2f7
 1141 066e 3F060000 		.4byte	0x63f
 1142 0672 11       		.uleb128 0x11
 1143 0673 01       		.byte	0x1
 1144 0674 37000000 		.4byte	0x37
 1145 0678 08       		.byte	0x8
 1146 0679 2E       		.byte	0x2e
 1147 067a A9060000 		.4byte	0x6a9
 1148 067e 12       		.uleb128 0x12
 1149 067f AD010000 		.4byte	.LASF98
 1150 0683 00       		.byte	0
 1151 0684 12       		.uleb128 0x12
 1152 0685 49010000 		.4byte	.LASF99
 1153 0689 01       		.byte	0x1
 1154 068a 12       		.uleb128 0x12
 1155 068b 4F060000 		.4byte	.LASF100
 1156 068f 02       		.byte	0x2
 1157 0690 12       		.uleb128 0x12
 1158 0691 57030000 		.4byte	.LASF101
 1159 0695 03       		.byte	0x3
 1160 0696 12       		.uleb128 0x12
 1161 0697 67050000 		.4byte	.LASF102
 1162 069b 04       		.byte	0x4
 1163 069c 12       		.uleb128 0x12
 1164 069d EE040000 		.4byte	.LASF103
 1165 06a1 05       		.byte	0x5
 1166 06a2 12       		.uleb128 0x12
 1167 06a3 1E050000 		.4byte	.LASF104
 1168 06a7 06       		.byte	0x6
 1169 06a8 00       		.byte	0
 1170 06a9 03       		.uleb128 0x3
 1171 06aa F2010000 		.4byte	.LASF105
 1172 06ae 08       		.byte	0x8
 1173 06af 36       		.byte	0x36
 1174 06b0 72060000 		.4byte	0x672
 1175 06b4 02       		.uleb128 0x2
 1176 06b5 08       		.byte	0x8
 1177 06b6 04       		.byte	0x4
 1178 06b7 86050000 		.4byte	.LASF106
 1179 06bb 13       		.uleb128 0x13
 1180 06bc E3030000 		.4byte	.LASF122
 1181 06c0 01       		.byte	0x1
 1182 06c1 44       		.byte	0x44
 1183 06c2 00000000 		.4byte	.LFB158
 1184 06c6 2C000000 		.4byte	.LFE158-.LFB158
 1185 06ca 01       		.uleb128 0x1
 1186 06cb 9C       		.byte	0x9c
 1187 06cc DF060000 		.4byte	0x6df
 1188 06d0 14       		.uleb128 0x14
 1189 06d1 83060000 		.4byte	.LASF107
 1190 06d5 01       		.byte	0x1
 1191 06d6 46       		.byte	0x46
 1192 06d7 DF060000 		.4byte	0x6df
 1193 06db 02       		.uleb128 0x2
 1194 06dc 91       		.byte	0x91
ARM GAS  C:\Users\ikomb\AppData\Local\Temp\ccc2uTAf.s 			page 26


 1195 06dd 74       		.sleb128 -12
 1196 06de 00       		.byte	0
 1197 06df 0E       		.uleb128 0xe
 1198 06e0 04       		.byte	0x4
 1199 06e1 E5060000 		.4byte	0x6e5
 1200 06e5 0D       		.uleb128 0xd
 1201 06e6 32050000 		.4byte	0x532
 1202 06ea 15       		.uleb128 0x15
 1203 06eb 9A000000 		.4byte	.LASF123
 1204 06ef 01       		.byte	0x1
 1205 06f0 73       		.byte	0x73
 1206 06f1 F7000000 		.4byte	0xf7
 1207 06f5 00000000 		.4byte	.LFB159
 1208 06f9 9C010000 		.4byte	.LFE159-.LFB159
 1209 06fd 01       		.uleb128 0x1
 1210 06fe 9C       		.byte	0x9c
 1211 06ff 74070000 		.4byte	0x774
 1212 0703 14       		.uleb128 0x14
 1213 0704 8C020000 		.4byte	.LASF108
 1214 0708 01       		.byte	0x1
 1215 0709 75       		.byte	0x75
 1216 070a F7000000 		.4byte	0xf7
 1217 070e 02       		.uleb128 0x2
 1218 070f 91       		.byte	0x91
 1219 0710 68       		.sleb128 -24
 1220 0711 14       		.uleb128 0x14
 1221 0712 28030000 		.4byte	.LASF109
 1222 0716 01       		.byte	0x1
 1223 0717 76       		.byte	0x76
 1224 0718 F7000000 		.4byte	0xf7
 1225 071c 02       		.uleb128 0x2
 1226 071d 91       		.byte	0x91
 1227 071e 60       		.sleb128 -32
 1228 071f 14       		.uleb128 0x14
 1229 0720 CC010000 		.4byte	.LASF110
 1230 0724 01       		.byte	0x1
 1231 0725 77       		.byte	0x77
 1232 0726 F7000000 		.4byte	0xf7
 1233 072a 02       		.uleb128 0x2
 1234 072b 91       		.byte	0x91
 1235 072c 5C       		.sleb128 -36
 1236 072d 14       		.uleb128 0x14
 1237 072e 07020000 		.4byte	.LASF111
 1238 0732 01       		.byte	0x1
 1239 0733 78       		.byte	0x78
 1240 0734 F7000000 		.4byte	0xf7
 1241 0738 02       		.uleb128 0x2
 1242 0739 91       		.byte	0x91
 1243 073a 74       		.sleb128 -12
 1244 073b 14       		.uleb128 0x14
 1245 073c 58020000 		.4byte	.LASF112
 1246 0740 01       		.byte	0x1
 1247 0741 79       		.byte	0x79
 1248 0742 A9060000 		.4byte	0x6a9
 1249 0746 02       		.uleb128 0x2
 1250 0747 91       		.byte	0x91
 1251 0748 67       		.sleb128 -25
ARM GAS  C:\Users\ikomb\AppData\Local\Temp\ccc2uTAf.s 			page 27


 1252 0749 14       		.uleb128 0x14
 1253 074a 49050000 		.4byte	.LASF113
 1254 074e 01       		.byte	0x1
 1255 074f 7A       		.byte	0x7a
 1256 0750 F7000000 		.4byte	0xf7
 1257 0754 02       		.uleb128 0x2
 1258 0755 91       		.byte	0x91
 1259 0756 70       		.sleb128 -16
 1260 0757 14       		.uleb128 0x14
 1261 0758 83060000 		.4byte	.LASF107
 1262 075c 01       		.byte	0x1
 1263 075d 7C       		.byte	0x7c
 1264 075e DF060000 		.4byte	0x6df
 1265 0762 02       		.uleb128 0x2
 1266 0763 91       		.byte	0x91
 1267 0764 6C       		.sleb128 -20
 1268 0765 14       		.uleb128 0x14
 1269 0766 B2020000 		.4byte	.LASF114
 1270 076a 01       		.byte	0x1
 1271 076b 7D       		.byte	0x7d
 1272 076c 74070000 		.4byte	0x774
 1273 0770 02       		.uleb128 0x2
 1274 0771 91       		.byte	0x91
 1275 0772 58       		.sleb128 -40
 1276 0773 00       		.byte	0
 1277 0774 0E       		.uleb128 0xe
 1278 0775 04       		.byte	0x4
 1279 0776 7A070000 		.4byte	0x77a
 1280 077a 0D       		.uleb128 0xd
 1281 077b B0030000 		.4byte	0x3b0
 1282 077f 14       		.uleb128 0x14
 1283 0780 20060000 		.4byte	.LASF115
 1284 0784 01       		.byte	0x1
 1285 0785 35       		.byte	0x35
 1286 0786 F7000000 		.4byte	0xf7
 1287 078a 05       		.uleb128 0x5
 1288 078b 03       		.byte	0x3
 1289 078c 00000000 		.4byte	tunerFsm
 1290 0790 16       		.uleb128 0x16
 1291 0791 D9000000 		.4byte	.LASF116
 1292 0795 09       		.byte	0x9
 1293 0796 EA07     		.2byte	0x7ea
 1294 0798 9C070000 		.4byte	0x79c
 1295 079c 0D       		.uleb128 0xd
 1296 079d AD000000 		.4byte	0xad
 1297 07a1 16       		.uleb128 0x16
 1298 07a2 31040000 		.4byte	.LASF117
 1299 07a6 07       		.byte	0x7
 1300 07a7 8D04     		.2byte	0x48d
 1301 07a9 32050000 		.4byte	0x532
 1302 07ad 16       		.uleb128 0x16
 1303 07ae F6000000 		.4byte	.LASF118
 1304 07b2 07       		.byte	0x7
 1305 07b3 8E04     		.2byte	0x48e
 1306 07b5 B9070000 		.4byte	0x7b9
 1307 07b9 17       		.uleb128 0x17
 1308 07ba 66060000 		.4byte	0x666
ARM GAS  C:\Users\ikomb\AppData\Local\Temp\ccc2uTAf.s 			page 28


 1309 07be 00       		.byte	0
 1310              		.section	.debug_abbrev,"",%progbits
 1311              	.Ldebug_abbrev0:
 1312 0000 01       		.uleb128 0x1
 1313 0001 11       		.uleb128 0x11
 1314 0002 01       		.byte	0x1
 1315 0003 25       		.uleb128 0x25
 1316 0004 0E       		.uleb128 0xe
 1317 0005 13       		.uleb128 0x13
 1318 0006 0B       		.uleb128 0xb
 1319 0007 03       		.uleb128 0x3
 1320 0008 0E       		.uleb128 0xe
 1321 0009 1B       		.uleb128 0x1b
 1322 000a 0E       		.uleb128 0xe
 1323 000b 55       		.uleb128 0x55
 1324 000c 17       		.uleb128 0x17
 1325 000d 11       		.uleb128 0x11
 1326 000e 01       		.uleb128 0x1
 1327 000f 10       		.uleb128 0x10
 1328 0010 17       		.uleb128 0x17
 1329 0011 00       		.byte	0
 1330 0012 00       		.byte	0
 1331 0013 02       		.uleb128 0x2
 1332 0014 24       		.uleb128 0x24
 1333 0015 00       		.byte	0
 1334 0016 0B       		.uleb128 0xb
 1335 0017 0B       		.uleb128 0xb
 1336 0018 3E       		.uleb128 0x3e
 1337 0019 0B       		.uleb128 0xb
 1338 001a 03       		.uleb128 0x3
 1339 001b 0E       		.uleb128 0xe
 1340 001c 00       		.byte	0
 1341 001d 00       		.byte	0
 1342 001e 03       		.uleb128 0x3
 1343 001f 16       		.uleb128 0x16
 1344 0020 00       		.byte	0
 1345 0021 03       		.uleb128 0x3
 1346 0022 0E       		.uleb128 0xe
 1347 0023 3A       		.uleb128 0x3a
 1348 0024 0B       		.uleb128 0xb
 1349 0025 3B       		.uleb128 0x3b
 1350 0026 0B       		.uleb128 0xb
 1351 0027 49       		.uleb128 0x49
 1352 0028 13       		.uleb128 0x13
 1353 0029 00       		.byte	0
 1354 002a 00       		.byte	0
 1355 002b 04       		.uleb128 0x4
 1356 002c 24       		.uleb128 0x24
 1357 002d 00       		.byte	0
 1358 002e 0B       		.uleb128 0xb
 1359 002f 0B       		.uleb128 0xb
 1360 0030 3E       		.uleb128 0x3e
 1361 0031 0B       		.uleb128 0xb
 1362 0032 03       		.uleb128 0x3
 1363 0033 08       		.uleb128 0x8
 1364 0034 00       		.byte	0
 1365 0035 00       		.byte	0
ARM GAS  C:\Users\ikomb\AppData\Local\Temp\ccc2uTAf.s 			page 29


 1366 0036 05       		.uleb128 0x5
 1367 0037 16       		.uleb128 0x16
 1368 0038 00       		.byte	0
 1369 0039 03       		.uleb128 0x3
 1370 003a 0E       		.uleb128 0xe
 1371 003b 3A       		.uleb128 0x3a
 1372 003c 0B       		.uleb128 0xb
 1373 003d 3B       		.uleb128 0x3b
 1374 003e 05       		.uleb128 0x5
 1375 003f 49       		.uleb128 0x49
 1376 0040 13       		.uleb128 0x13
 1377 0041 00       		.byte	0
 1378 0042 00       		.byte	0
 1379 0043 06       		.uleb128 0x6
 1380 0044 13       		.uleb128 0x13
 1381 0045 01       		.byte	0x1
 1382 0046 0B       		.uleb128 0xb
 1383 0047 0B       		.uleb128 0xb
 1384 0048 3A       		.uleb128 0x3a
 1385 0049 0B       		.uleb128 0xb
 1386 004a 3B       		.uleb128 0x3b
 1387 004b 0B       		.uleb128 0xb
 1388 004c 01       		.uleb128 0x1
 1389 004d 13       		.uleb128 0x13
 1390 004e 00       		.byte	0
 1391 004f 00       		.byte	0
 1392 0050 07       		.uleb128 0x7
 1393 0051 0D       		.uleb128 0xd
 1394 0052 00       		.byte	0
 1395 0053 03       		.uleb128 0x3
 1396 0054 0E       		.uleb128 0xe
 1397 0055 3A       		.uleb128 0x3a
 1398 0056 0B       		.uleb128 0xb
 1399 0057 3B       		.uleb128 0x3b
 1400 0058 0B       		.uleb128 0xb
 1401 0059 49       		.uleb128 0x49
 1402 005a 13       		.uleb128 0x13
 1403 005b 38       		.uleb128 0x38
 1404 005c 0B       		.uleb128 0xb
 1405 005d 00       		.byte	0
 1406 005e 00       		.byte	0
 1407 005f 08       		.uleb128 0x8
 1408 0060 01       		.uleb128 0x1
 1409 0061 01       		.byte	0x1
 1410 0062 49       		.uleb128 0x49
 1411 0063 13       		.uleb128 0x13
 1412 0064 01       		.uleb128 0x1
 1413 0065 13       		.uleb128 0x13
 1414 0066 00       		.byte	0
 1415 0067 00       		.byte	0
 1416 0068 09       		.uleb128 0x9
 1417 0069 21       		.uleb128 0x21
 1418 006a 00       		.byte	0
 1419 006b 49       		.uleb128 0x49
 1420 006c 13       		.uleb128 0x13
 1421 006d 2F       		.uleb128 0x2f
 1422 006e 0B       		.uleb128 0xb
ARM GAS  C:\Users\ikomb\AppData\Local\Temp\ccc2uTAf.s 			page 30


 1423 006f 00       		.byte	0
 1424 0070 00       		.byte	0
 1425 0071 0A       		.uleb128 0xa
 1426 0072 0D       		.uleb128 0xd
 1427 0073 00       		.byte	0
 1428 0074 03       		.uleb128 0x3
 1429 0075 0E       		.uleb128 0xe
 1430 0076 3A       		.uleb128 0x3a
 1431 0077 0B       		.uleb128 0xb
 1432 0078 3B       		.uleb128 0x3b
 1433 0079 05       		.uleb128 0x5
 1434 007a 49       		.uleb128 0x49
 1435 007b 13       		.uleb128 0x13
 1436 007c 38       		.uleb128 0x38
 1437 007d 0B       		.uleb128 0xb
 1438 007e 00       		.byte	0
 1439 007f 00       		.byte	0
 1440 0080 0B       		.uleb128 0xb
 1441 0081 13       		.uleb128 0x13
 1442 0082 01       		.byte	0x1
 1443 0083 0B       		.uleb128 0xb
 1444 0084 0B       		.uleb128 0xb
 1445 0085 3A       		.uleb128 0x3a
 1446 0086 0B       		.uleb128 0xb
 1447 0087 3B       		.uleb128 0x3b
 1448 0088 05       		.uleb128 0x5
 1449 0089 01       		.uleb128 0x1
 1450 008a 13       		.uleb128 0x13
 1451 008b 00       		.byte	0
 1452 008c 00       		.byte	0
 1453 008d 0C       		.uleb128 0xc
 1454 008e 0D       		.uleb128 0xd
 1455 008f 00       		.byte	0
 1456 0090 03       		.uleb128 0x3
 1457 0091 08       		.uleb128 0x8
 1458 0092 3A       		.uleb128 0x3a
 1459 0093 0B       		.uleb128 0xb
 1460 0094 3B       		.uleb128 0x3b
 1461 0095 05       		.uleb128 0x5
 1462 0096 49       		.uleb128 0x49
 1463 0097 13       		.uleb128 0x13
 1464 0098 38       		.uleb128 0x38
 1465 0099 0B       		.uleb128 0xb
 1466 009a 00       		.byte	0
 1467 009b 00       		.byte	0
 1468 009c 0D       		.uleb128 0xd
 1469 009d 35       		.uleb128 0x35
 1470 009e 00       		.byte	0
 1471 009f 49       		.uleb128 0x49
 1472 00a0 13       		.uleb128 0x13
 1473 00a1 00       		.byte	0
 1474 00a2 00       		.byte	0
 1475 00a3 0E       		.uleb128 0xe
 1476 00a4 0F       		.uleb128 0xf
 1477 00a5 00       		.byte	0
 1478 00a6 0B       		.uleb128 0xb
 1479 00a7 0B       		.uleb128 0xb
ARM GAS  C:\Users\ikomb\AppData\Local\Temp\ccc2uTAf.s 			page 31


 1480 00a8 49       		.uleb128 0x49
 1481 00a9 13       		.uleb128 0x13
 1482 00aa 00       		.byte	0
 1483 00ab 00       		.byte	0
 1484 00ac 0F       		.uleb128 0xf
 1485 00ad 26       		.uleb128 0x26
 1486 00ae 00       		.byte	0
 1487 00af 00       		.byte	0
 1488 00b0 00       		.byte	0
 1489 00b1 10       		.uleb128 0x10
 1490 00b2 0F       		.uleb128 0xf
 1491 00b3 00       		.byte	0
 1492 00b4 0B       		.uleb128 0xb
 1493 00b5 0B       		.uleb128 0xb
 1494 00b6 00       		.byte	0
 1495 00b7 00       		.byte	0
 1496 00b8 11       		.uleb128 0x11
 1497 00b9 04       		.uleb128 0x4
 1498 00ba 01       		.byte	0x1
 1499 00bb 0B       		.uleb128 0xb
 1500 00bc 0B       		.uleb128 0xb
 1501 00bd 49       		.uleb128 0x49
 1502 00be 13       		.uleb128 0x13
 1503 00bf 3A       		.uleb128 0x3a
 1504 00c0 0B       		.uleb128 0xb
 1505 00c1 3B       		.uleb128 0x3b
 1506 00c2 0B       		.uleb128 0xb
 1507 00c3 01       		.uleb128 0x1
 1508 00c4 13       		.uleb128 0x13
 1509 00c5 00       		.byte	0
 1510 00c6 00       		.byte	0
 1511 00c7 12       		.uleb128 0x12
 1512 00c8 28       		.uleb128 0x28
 1513 00c9 00       		.byte	0
 1514 00ca 03       		.uleb128 0x3
 1515 00cb 0E       		.uleb128 0xe
 1516 00cc 1C       		.uleb128 0x1c
 1517 00cd 0B       		.uleb128 0xb
 1518 00ce 00       		.byte	0
 1519 00cf 00       		.byte	0
 1520 00d0 13       		.uleb128 0x13
 1521 00d1 2E       		.uleb128 0x2e
 1522 00d2 01       		.byte	0x1
 1523 00d3 3F       		.uleb128 0x3f
 1524 00d4 19       		.uleb128 0x19
 1525 00d5 03       		.uleb128 0x3
 1526 00d6 0E       		.uleb128 0xe
 1527 00d7 3A       		.uleb128 0x3a
 1528 00d8 0B       		.uleb128 0xb
 1529 00d9 3B       		.uleb128 0x3b
 1530 00da 0B       		.uleb128 0xb
 1531 00db 27       		.uleb128 0x27
 1532 00dc 19       		.uleb128 0x19
 1533 00dd 11       		.uleb128 0x11
 1534 00de 01       		.uleb128 0x1
 1535 00df 12       		.uleb128 0x12
 1536 00e0 06       		.uleb128 0x6
ARM GAS  C:\Users\ikomb\AppData\Local\Temp\ccc2uTAf.s 			page 32


 1537 00e1 40       		.uleb128 0x40
 1538 00e2 18       		.uleb128 0x18
 1539 00e3 9742     		.uleb128 0x2117
 1540 00e5 19       		.uleb128 0x19
 1541 00e6 01       		.uleb128 0x1
 1542 00e7 13       		.uleb128 0x13
 1543 00e8 00       		.byte	0
 1544 00e9 00       		.byte	0
 1545 00ea 14       		.uleb128 0x14
 1546 00eb 34       		.uleb128 0x34
 1547 00ec 00       		.byte	0
 1548 00ed 03       		.uleb128 0x3
 1549 00ee 0E       		.uleb128 0xe
 1550 00ef 3A       		.uleb128 0x3a
 1551 00f0 0B       		.uleb128 0xb
 1552 00f1 3B       		.uleb128 0x3b
 1553 00f2 0B       		.uleb128 0xb
 1554 00f3 49       		.uleb128 0x49
 1555 00f4 13       		.uleb128 0x13
 1556 00f5 02       		.uleb128 0x2
 1557 00f6 18       		.uleb128 0x18
 1558 00f7 00       		.byte	0
 1559 00f8 00       		.byte	0
 1560 00f9 15       		.uleb128 0x15
 1561 00fa 2E       		.uleb128 0x2e
 1562 00fb 01       		.byte	0x1
 1563 00fc 3F       		.uleb128 0x3f
 1564 00fd 19       		.uleb128 0x19
 1565 00fe 03       		.uleb128 0x3
 1566 00ff 0E       		.uleb128 0xe
 1567 0100 3A       		.uleb128 0x3a
 1568 0101 0B       		.uleb128 0xb
 1569 0102 3B       		.uleb128 0x3b
 1570 0103 0B       		.uleb128 0xb
 1571 0104 27       		.uleb128 0x27
 1572 0105 19       		.uleb128 0x19
 1573 0106 49       		.uleb128 0x49
 1574 0107 13       		.uleb128 0x13
 1575 0108 11       		.uleb128 0x11
 1576 0109 01       		.uleb128 0x1
 1577 010a 12       		.uleb128 0x12
 1578 010b 06       		.uleb128 0x6
 1579 010c 40       		.uleb128 0x40
 1580 010d 18       		.uleb128 0x18
 1581 010e 9642     		.uleb128 0x2116
 1582 0110 19       		.uleb128 0x19
 1583 0111 01       		.uleb128 0x1
 1584 0112 13       		.uleb128 0x13
 1585 0113 00       		.byte	0
 1586 0114 00       		.byte	0
 1587 0115 16       		.uleb128 0x16
 1588 0116 34       		.uleb128 0x34
 1589 0117 00       		.byte	0
 1590 0118 03       		.uleb128 0x3
 1591 0119 0E       		.uleb128 0xe
 1592 011a 3A       		.uleb128 0x3a
 1593 011b 0B       		.uleb128 0xb
ARM GAS  C:\Users\ikomb\AppData\Local\Temp\ccc2uTAf.s 			page 33


 1594 011c 3B       		.uleb128 0x3b
 1595 011d 05       		.uleb128 0x5
 1596 011e 49       		.uleb128 0x49
 1597 011f 13       		.uleb128 0x13
 1598 0120 3F       		.uleb128 0x3f
 1599 0121 19       		.uleb128 0x19
 1600 0122 3C       		.uleb128 0x3c
 1601 0123 19       		.uleb128 0x19
 1602 0124 00       		.byte	0
 1603 0125 00       		.byte	0
 1604 0126 17       		.uleb128 0x17
 1605 0127 26       		.uleb128 0x26
 1606 0128 00       		.byte	0
 1607 0129 49       		.uleb128 0x49
 1608 012a 13       		.uleb128 0x13
 1609 012b 00       		.byte	0
 1610 012c 00       		.byte	0
 1611 012d 00       		.byte	0
 1612              		.section	.debug_aranges,"",%progbits
 1613 0000 24000000 		.4byte	0x24
 1614 0004 0200     		.2byte	0x2
 1615 0006 00000000 		.4byte	.Ldebug_info0
 1616 000a 04       		.byte	0x4
 1617 000b 00       		.byte	0
 1618 000c 0000     		.2byte	0
 1619 000e 0000     		.2byte	0
 1620 0010 00000000 		.4byte	.LFB158
 1621 0014 2C000000 		.4byte	.LFE158-.LFB158
 1622 0018 00000000 		.4byte	.LFB159
 1623 001c 9C010000 		.4byte	.LFE159-.LFB159
 1624 0020 00000000 		.4byte	0
 1625 0024 00000000 		.4byte	0
 1626              		.section	.debug_ranges,"",%progbits
 1627              	.Ldebug_ranges0:
 1628 0000 00000000 		.4byte	.LFB158
 1629 0004 2C000000 		.4byte	.LFE158
 1630 0008 00000000 		.4byte	.LFB159
 1631 000c 9C010000 		.4byte	.LFE159
 1632 0010 00000000 		.4byte	0
 1633 0014 00000000 		.4byte	0
 1634              		.section	.debug_line,"",%progbits
 1635              	.Ldebug_line0:
 1636 0000 82020000 		.section	.debug_str,"MS",%progbits,1
 1636      02001A02 
 1636      00000201 
 1636      FB0E0D00 
 1636      01010101 
 1637              	.LASF71:
 1638 0000 6D6F6443 		.ascii	"modCsxClk\000"
 1638      7378436C 
 1638      6B00
 1639              	.LASF22:
 1640 000a 75696E74 		.ascii	"uint16\000"
 1640      313600
 1641              	.LASF93:
 1642 0011 70747232 		.ascii	"ptr2PosHistory\000"
 1642      506F7348 
ARM GAS  C:\Users\ikomb\AppData\Local\Temp\ccc2uTAf.s 			page 34


 1642      6973746F 
 1642      727900
 1643              	.LASF3:
 1644 0020 5F5F7569 		.ascii	"__uint8_t\000"
 1644      6E74385F 
 1644      7400
 1645              	.LASF44:
 1646 002a 66696E67 		.ascii	"fingerCap\000"
 1646      65724361 
 1646      7000
 1647              	.LASF120:
 1648 0034 47656E65 		.ascii	"Generated_Source\\PSoC6\\CapSense_Tuner.c\000"
 1648      72617465 
 1648      645F536F 
 1648      75726365 
 1648      5C50536F 
 1649              	.LASF94:
 1650 005c 69697246 		.ascii	"iirFilterCoeff\000"
 1650      696C7465 
 1650      72436F65 
 1650      666600
 1651              	.LASF58:
 1652 006b 43617053 		.ascii	"CapSense_RAM_SNS_STRUCT\000"
 1652      656E7365 
 1652      5F52414D 
 1652      5F534E53 
 1652      5F535452 
 1653              	.LASF11:
 1654 0083 6C6F6E67 		.ascii	"long long unsigned int\000"
 1654      206C6F6E 
 1654      6720756E 
 1654      7369676E 
 1654      65642069 
 1655              	.LASF123:
 1656 009a 43617053 		.ascii	"CapSense_RunTuner\000"
 1656      656E7365 
 1656      5F52756E 
 1656      54756E65 
 1656      7200
 1657              	.LASF79:
 1658 00ac 70747232 		.ascii	"ptr2SnsFlash\000"
 1658      536E7346 
 1658      6C617368 
 1658      00
 1659              	.LASF55:
 1660 00b9 64696666 		.ascii	"diff\000"
 1660      00
 1661              	.LASF25:
 1662 00be 43617053 		.ascii	"CapSense_LOW_BSLN_RST_TYPE\000"
 1662      656E7365 
 1662      5F4C4F57 
 1662      5F42534C 
 1662      4E5F5253 
 1663              	.LASF116:
 1664 00d9 49544D5F 		.ascii	"ITM_RxBuffer\000"
 1664      52784275 
 1664      66666572 
ARM GAS  C:\Users\ikomb\AppData\Local\Temp\ccc2uTAf.s 			page 35


 1664      00
 1665              	.LASF75:
 1666 00e6 736E7254 		.ascii	"snrTestSensorId\000"
 1666      65737453 
 1666      656E736F 
 1666      72496400 
 1667              	.LASF118:
 1668 00f6 43617053 		.ascii	"CapSense_dsFlash\000"
 1668      656E7365 
 1668      5F647346 
 1668      6C617368 
 1668      00
 1669              	.LASF24:
 1670 0107 43617053 		.ascii	"CapSense_THRESHOLD_TYPE\000"
 1670      656E7365 
 1670      5F544852 
 1670      4553484F 
 1670      4C445F54 
 1671              	.LASF10:
 1672 011f 6C6F6E67 		.ascii	"long long int\000"
 1672      206C6F6E 
 1672      6720696E 
 1672      7400
 1673              	.LASF0:
 1674 012d 7369676E 		.ascii	"signed char\000"
 1674      65642063 
 1674      68617200 
 1675              	.LASF49:
 1676 0139 62757474 		.ascii	"button0\000"
 1676      6F6E3000 
 1677              	.LASF50:
 1678 0141 62757474 		.ascii	"button1\000"
 1678      6F6E3100 
 1679              	.LASF99:
 1680 0149 43617053 		.ascii	"CapSense_TU_CMD_SUSPEND_E\000"
 1680      656E7365 
 1680      5F54555F 
 1680      434D445F 
 1680      53555350 
 1681              	.LASF68:
 1682 0163 736E7353 		.ascii	"snsStatus\000"
 1682      74617475 
 1682      7300
 1683              	.LASF7:
 1684 016d 6C6F6E67 		.ascii	"long int\000"
 1684      20696E74 
 1684      00
 1685              	.LASF70:
 1686 0176 6D6F6443 		.ascii	"modCsdClk\000"
 1686      7364436C 
 1686      6B00
 1687              	.LASF81:
 1688 0180 70747232 		.ascii	"ptr2SnsRam\000"
 1688      536E7352 
 1688      616D00
 1689              	.LASF90:
 1690 018b 78526573 		.ascii	"xResolution\000"
ARM GAS  C:\Users\ikomb\AppData\Local\Temp\ccc2uTAf.s 			page 36


 1690      6F6C7574 
 1690      696F6E00 
 1691              	.LASF21:
 1692 0197 75696E74 		.ascii	"uint8\000"
 1692      3800
 1693              	.LASF14:
 1694 019d 75696E74 		.ascii	"uint16_t\000"
 1694      31365F74 
 1694      00
 1695              	.LASF20:
 1696 01a6 646F7562 		.ascii	"double\000"
 1696      6C6500
 1697              	.LASF98:
 1698 01ad 43617053 		.ascii	"CapSense_TU_CMD_NONE_E\000"
 1698      656E7365 
 1698      5F54555F 
 1698      434D445F 
 1698      4E4F4E45 
 1699              	.LASF54:
 1700 01c4 62736C6E 		.ascii	"bslnExt\000"
 1700      45787400 
 1701              	.LASF110:
 1702 01cc 73656E73 		.ascii	"sensorId\000"
 1702      6F724964 
 1702      00
 1703              	.LASF23:
 1704 01d5 75696E74 		.ascii	"uint32\000"
 1704      333200
 1705              	.LASF38:
 1706 01dc 68797374 		.ascii	"hysteresis\000"
 1706      65726573 
 1706      697300
 1707              	.LASF8:
 1708 01e7 5F5F7569 		.ascii	"__uint32_t\000"
 1708      6E743332 
 1708      5F7400
 1709              	.LASF105:
 1710 01f2 43617053 		.ascii	"CapSense_TU_CMD_ENUM\000"
 1710      656E7365 
 1710      5F54555F 
 1710      434D445F 
 1710      454E554D 
 1711              	.LASF111:
 1712 0207 75706461 		.ascii	"updateFlag\000"
 1712      7465466C 
 1712      616700
 1713              	.LASF89:
 1714 0212 6E756D52 		.ascii	"numRows\000"
 1714      6F777300 
 1715              	.LASF67:
 1716 021a 77646774 		.ascii	"wdgtStatus\000"
 1716      53746174 
 1716      757300
 1717              	.LASF88:
 1718 0225 6E756D43 		.ascii	"numCols\000"
 1718      6F6C7300 
 1719              	.LASF53:
ARM GAS  C:\Users\ikomb\AppData\Local\Temp\ccc2uTAf.s 			page 37


 1720 022d 62736C6E 		.ascii	"bsln\000"
 1720      00
 1721              	.LASF12:
 1722 0232 756E7369 		.ascii	"unsigned int\000"
 1722      676E6564 
 1722      20696E74 
 1722      00
 1723              	.LASF47:
 1724 023f 706F7369 		.ascii	"position\000"
 1724      74696F6E 
 1724      00
 1725              	.LASF74:
 1726 0248 736E7254 		.ascii	"snrTestWidgetId\000"
 1726      65737457 
 1726      69646765 
 1726      74496400 
 1727              	.LASF112:
 1728 0258 636F6D6D 		.ascii	"command\000"
 1728      616E6400 
 1729              	.LASF92:
 1730 0260 70747232 		.ascii	"ptr2NoiseEnvlp\000"
 1730      4E6F6973 
 1730      65456E76 
 1730      6C7000
 1731              	.LASF9:
 1732 026f 6C6F6E67 		.ascii	"long unsigned int\000"
 1732      20756E73 
 1732      69676E65 
 1732      6420696E 
 1732      7400
 1733              	.LASF66:
 1734 0281 77646774 		.ascii	"wdgtEnable\000"
 1734      456E6162 
 1734      6C6500
 1735              	.LASF108:
 1736 028c 696E7465 		.ascii	"interruptState\000"
 1736      72727570 
 1736      74537461 
 1736      746500
 1737              	.LASF87:
 1738 029b 73656E73 		.ascii	"senseMethod\000"
 1738      654D6574 
 1738      686F6400 
 1739              	.LASF40:
 1740 02a7 6C6F7742 		.ascii	"lowBslnRst\000"
 1740      736C6E52 
 1740      737400
 1741              	.LASF114:
 1742 02b2 70747253 		.ascii	"ptrSnsTmp\000"
 1742      6E73546D 
 1742      7000
 1743              	.LASF5:
 1744 02bc 73686F72 		.ascii	"short unsigned int\000"
 1744      7420756E 
 1744      7369676E 
 1744      65642069 
 1744      6E7400
ARM GAS  C:\Users\ikomb\AppData\Local\Temp\ccc2uTAf.s 			page 38


 1745              	.LASF73:
 1746 02cf 736E734C 		.ascii	"snsList\000"
 1746      69737400 
 1747              	.LASF60:
 1748 02d7 636F6E66 		.ascii	"configId\000"
 1748      69674964 
 1748      00
 1749              	.LASF69:
 1750 02e0 63736430 		.ascii	"csd0Config\000"
 1750      436F6E66 
 1750      696700
 1751              	.LASF80:
 1752 02eb 70747232 		.ascii	"ptr2WdgtRam\000"
 1752      57646774 
 1752      52616D00 
 1753              	.LASF2:
 1754 02f7 73686F72 		.ascii	"short int\000"
 1754      7420696E 
 1754      7400
 1755              	.LASF61:
 1756 0301 64657669 		.ascii	"deviceId\000"
 1756      63654964 
 1756      00
 1757              	.LASF46:
 1758 030a 43617053 		.ascii	"CapSense_RAM_WD_BUTTON_STRUCT\000"
 1758      656E7365 
 1758      5F52414D 
 1758      5F57445F 
 1758      42555454 
 1759              	.LASF109:
 1760 0328 77696467 		.ascii	"widgetId\000"
 1760      65744964 
 1760      00
 1761              	.LASF41:
 1762 0331 69646163 		.ascii	"idacMod\000"
 1762      4D6F6400 
 1763              	.LASF48:
 1764 0339 43617053 		.ascii	"CapSense_RAM_WD_SLIDER_STRUCT\000"
 1764      656E7365 
 1764      5F52414D 
 1764      5F57445F 
 1764      534C4944 
 1765              	.LASF101:
 1766 0357 43617053 		.ascii	"CapSense_TU_CMD_RESTART_E\000"
 1766      656E7365 
 1766      5F54555F 
 1766      434D445F 
 1766      52455354 
 1767              	.LASF17:
 1768 0371 73697A65 		.ascii	"sizetype\000"
 1768      74797065 
 1768      00
 1769              	.LASF121:
 1770 037a 433A5C55 		.ascii	"C:\\Users\\ikomb\\Documents\\PSoC Creator\\CE222221"
 1770      73657273 
 1770      5C696B6F 
 1770      6D625C44 
ARM GAS  C:\Users\ikomb\AppData\Local\Temp\ccc2uTAf.s 			page 39


 1770      6F63756D 
 1771 03a8 5F566F69 		.ascii	"_Voice_Recorder01\\CE222221_Voice_Recorder01.cydsn\000"
 1771      63655F52 
 1771      65636F72 
 1771      64657230 
 1771      315C4345 
 1772              	.LASF37:
 1773 03da 6E4E6F69 		.ascii	"nNoiseTh\000"
 1773      73655468 
 1773      00
 1774              	.LASF122:
 1775 03e3 43617053 		.ascii	"CapSense_TuInitialize\000"
 1775      656E7365 
 1775      5F547549 
 1775      6E697469 
 1775      616C697A 
 1776              	.LASF45:
 1777 03f9 73696750 		.ascii	"sigPFC\000"
 1777      464300
 1778              	.LASF62:
 1779 0400 6877436C 		.ascii	"hwClock\000"
 1779      6F636B00 
 1780              	.LASF86:
 1781 0408 77646774 		.ascii	"wdgtType\000"
 1781      54797065 
 1781      00
 1782              	.LASF91:
 1783 0411 7843656E 		.ascii	"xCentroidMultiplier\000"
 1783      74726F69 
 1783      644D756C 
 1783      7469706C 
 1783      69657200 
 1784              	.LASF64:
 1785 0425 7363616E 		.ascii	"scanCounter\000"
 1785      436F756E 
 1785      74657200 
 1786              	.LASF117:
 1787 0431 43617053 		.ascii	"CapSense_dsRam\000"
 1787      656E7365 
 1787      5F647352 
 1787      616D00
 1788              	.LASF77:
 1789 0440 736E7254 		.ascii	"snrTestRawCount\000"
 1789      65737452 
 1789      6177436F 
 1789      756E7400 
 1790              	.LASF63:
 1791 0450 74756E65 		.ascii	"tunerCmd\000"
 1791      72436D64 
 1791      00
 1792              	.LASF19:
 1793 0459 666C6F61 		.ascii	"float\000"
 1793      7400
 1794              	.LASF33:
 1795 045f 534D4152 		.ascii	"SMARTSENSE_CSD_NOISE_ENVELOPE_STRUCT\000"
 1795      5453454E 
 1795      53455F43 
ARM GAS  C:\Users\ikomb\AppData\Local\Temp\ccc2uTAf.s 			page 40


 1795      53445F4E 
 1795      4F495345 
 1796              	.LASF59:
 1797 0484 43617053 		.ascii	"CapSense_RAM_SNS_LIST_STRUCT\000"
 1797      656E7365 
 1797      5F52414D 
 1797      5F534E53 
 1797      5F4C4953 
 1798              	.LASF78:
 1799 04a1 43617053 		.ascii	"CapSense_RAM_STRUCT\000"
 1799      656E7365 
 1799      5F52414D 
 1799      5F535452 
 1799      55435400 
 1800              	.LASF15:
 1801 04b5 696E7433 		.ascii	"int32_t\000"
 1801      325F7400 
 1802              	.LASF26:
 1803 04bd 70617261 		.ascii	"param0\000"
 1803      6D3000
 1804              	.LASF27:
 1805 04c4 70617261 		.ascii	"param1\000"
 1805      6D3100
 1806              	.LASF28:
 1807 04cb 70617261 		.ascii	"param2\000"
 1807      6D3200
 1808              	.LASF29:
 1809 04d2 70617261 		.ascii	"param3\000"
 1809      6D3300
 1810              	.LASF30:
 1811 04d9 70617261 		.ascii	"param4\000"
 1811      6D3400
 1812              	.LASF31:
 1813 04e0 70617261 		.ascii	"param5\000"
 1813      6D3500
 1814              	.LASF32:
 1815 04e7 70617261 		.ascii	"param6\000"
 1815      6D3600
 1816              	.LASF103:
 1817 04ee 43617053 		.ascii	"CapSense_TU_CMD_PING_E\000"
 1817      656E7365 
 1817      5F54555F 
 1817      434D445F 
 1817      50494E47 
 1818              	.LASF95:
 1819 0505 43617053 		.ascii	"CapSense_FLASH_WD_STRUCT\000"
 1819      656E7365 
 1819      5F464C41 
 1819      53485F57 
 1819      445F5354 
 1820              	.LASF104:
 1821 051e 43617053 		.ascii	"CapSense_TU_CMD_ONE_SCAN_E\000"
 1821      656E7365 
 1821      5F54555F 
 1821      434D445F 
 1821      4F4E455F 
 1822              	.LASF82:
ARM GAS  C:\Users\ikomb\AppData\Local\Temp\ccc2uTAf.s 			page 41


 1823 0539 70747232 		.ascii	"ptr2FltrHistory\000"
 1823      466C7472 
 1823      48697374 
 1823      6F727900 
 1824              	.LASF113:
 1825 0549 74756E65 		.ascii	"tunerStatus\000"
 1825      72537461 
 1825      74757300 
 1826              	.LASF16:
 1827 0555 75696E74 		.ascii	"uint32_t\000"
 1827      33325F74 
 1827      00
 1828              	.LASF72:
 1829 055e 77646774 		.ascii	"wdgtList\000"
 1829      4C697374 
 1829      00
 1830              	.LASF102:
 1831 0567 43617053 		.ascii	"CapSense_TU_CMD_RUN_SNR_TEST_E\000"
 1831      656E7365 
 1831      5F54555F 
 1831      434D445F 
 1831      52554E5F 
 1832              	.LASF106:
 1833 0586 6C6F6E67 		.ascii	"long double\000"
 1833      20646F75 
 1833      626C6500 
 1834              	.LASF18:
 1835 0592 63686172 		.ascii	"char\000"
 1835      00
 1836              	.LASF4:
 1837 0597 5F5F7569 		.ascii	"__uint16_t\000"
 1837      6E743136 
 1837      5F7400
 1838              	.LASF42:
 1839 05a2 736E7343 		.ascii	"snsClk\000"
 1839      6C6B00
 1840              	.LASF34:
 1841 05a9 7265736F 		.ascii	"resolution\000"
 1841      6C757469 
 1841      6F6E00
 1842              	.LASF6:
 1843 05b4 5F5F696E 		.ascii	"__int32_t\000"
 1843      7433325F 
 1843      7400
 1844              	.LASF39:
 1845 05be 6F6E4465 		.ascii	"onDebounce\000"
 1845      626F756E 
 1845      636500
 1846              	.LASF57:
 1847 05c9 69646163 		.ascii	"idacComp\000"
 1847      436F6D70 
 1847      00
 1848              	.LASF1:
 1849 05d2 756E7369 		.ascii	"unsigned char\000"
 1849      676E6564 
 1849      20636861 
 1849      7200
ARM GAS  C:\Users\ikomb\AppData\Local\Temp\ccc2uTAf.s 			page 42


 1850              	.LASF56:
 1851 05e0 6E656742 		.ascii	"negBslnRstCnt\000"
 1851      736C6E52 
 1851      7374436E 
 1851      7400
 1852              	.LASF85:
 1853 05ee 746F7461 		.ascii	"totalNumSns\000"
 1853      6C4E756D 
 1853      536E7300 
 1854              	.LASF83:
 1855 05fa 70747232 		.ascii	"ptr2DebounceArr\000"
 1855      4465626F 
 1855      756E6365 
 1855      41727200 
 1856              	.LASF97:
 1857 060a 43617053 		.ascii	"CapSense_FLASH_STRUCT\000"
 1857      656E7365 
 1857      5F464C41 
 1857      53485F53 
 1857      54525543 
 1858              	.LASF115:
 1859 0620 74756E65 		.ascii	"tunerFsm\000"
 1859      7246736D 
 1859      00
 1860              	.LASF84:
 1861 0629 73746174 		.ascii	"staticConfig\000"
 1861      6963436F 
 1861      6E666967 
 1861      00
 1862              	.LASF65:
 1863 0636 73746174 		.ascii	"status\000"
 1863      757300
 1864              	.LASF96:
 1865 063d 77646774 		.ascii	"wdgtArray\000"
 1865      41727261 
 1865      7900
 1866              	.LASF13:
 1867 0647 75696E74 		.ascii	"uint8_t\000"
 1867      385F7400 
 1868              	.LASF100:
 1869 064f 43617053 		.ascii	"CapSense_TU_CMD_RESUME_E\000"
 1869      656E7365 
 1869      5F54555F 
 1869      434D445F 
 1869      52455355 
 1870              	.LASF43:
 1871 0668 736E7343 		.ascii	"snsClkSource\000"
 1871      6C6B536F 
 1871      75726365 
 1871      00
 1872              	.LASF51:
 1873 0675 6C696E65 		.ascii	"linearslider0\000"
 1873      6172736C 
 1873      69646572 
 1873      3000
 1874              	.LASF107:
 1875 0683 70747244 		.ascii	"ptrDsRam\000"
ARM GAS  C:\Users\ikomb\AppData\Local\Temp\ccc2uTAf.s 			page 43


 1875      7352616D 
 1875      00
 1876              	.LASF119:
 1877 068c 474E5520 		.ascii	"GNU C11 5.4.1 20160609 (release) [ARM/embedded-5-br"
 1877      43313120 
 1877      352E342E 
 1877      31203230 
 1877      31363036 
 1878 06bf 616E6368 		.ascii	"anch revision 237715] -mcpu=cortex-m4 -mfloat-abi=s"
 1878      20726576 
 1878      6973696F 
 1878      6E203233 
 1878      37373135 
 1879 06f2 6F667466 		.ascii	"oftfp -mfpu=fpv4-sp-d16 -mthumb -g -O0 -ffunction-s"
 1879      70202D6D 
 1879      6670753D 
 1879      66707634 
 1879      2D73702D 
 1880 0725 65637469 		.ascii	"ections -ffat-lto-objects\000"
 1880      6F6E7320 
 1880      2D666661 
 1880      742D6C74 
 1880      6F2D6F62 
 1881              	.LASF35:
 1882 073f 66696E67 		.ascii	"fingerTh\000"
 1882      65725468 
 1882      00
 1883              	.LASF52:
 1884 0748 43617053 		.ascii	"CapSense_RAM_WD_LIST_STRUCT\000"
 1884      656E7365 
 1884      5F52414D 
 1884      5F57445F 
 1884      4C495354 
 1885              	.LASF76:
 1886 0764 736E7254 		.ascii	"snrTestScanCounter\000"
 1886      65737453 
 1886      63616E43 
 1886      6F756E74 
 1886      657200
 1887              	.LASF36:
 1888 0777 6E6F6973 		.ascii	"noiseTh\000"
 1888      65546800 
 1889              		.ident	"GCC: (GNU Tools for ARM Embedded Processors) 5.4.1 20160609 (release) [ARM/embedded-5-bran
