ARM GAS  C:\Users\ikomb\AppData\Local\Temp\ccZ6KuJa.s 			page 1


   1              		.syntax unified
   2              		.cpu cortex-m4
   3              		.eabi_attribute 27, 1
   4              		.fpu fpv4-sp-d16
   5              		.eabi_attribute 20, 1
   6              		.eabi_attribute 21, 1
   7              		.eabi_attribute 23, 3
   8              		.eabi_attribute 24, 1
   9              		.eabi_attribute 25, 1
  10              		.eabi_attribute 26, 1
  11              		.eabi_attribute 30, 6
  12              		.eabi_attribute 34, 1
  13              		.eabi_attribute 18, 4
  14              		.thumb
  15              		.syntax unified
  16              		.file	"croutine.c"
  17              		.text
  18              	.Ltext0:
  19              		.cfi_sections	.debug_frame
  20              	.Letext0:
  21              		.file 1 "c:\\program files (x86)\\cypress\\psoc creator\\4.4\\psoc creator\\import\\gnu\\arm\\5.4.
  22              		.file 2 "c:\\program files (x86)\\cypress\\psoc creator\\4.4\\psoc creator\\import\\gnu\\arm\\5.4.
  23              		.file 3 "Generated_Source\\PSoC6\\pdl\\cmsis/include/core_cm4.h"
  24              		.section	.debug_info,"",%progbits
  25              	.Ldebug_info0:
  26 0000 AA000000 		.4byte	0xaa
  27 0004 0400     		.2byte	0x4
  28 0006 00000000 		.4byte	.Ldebug_abbrev0
  29 000a 04       		.byte	0x4
  30 000b 01       		.uleb128 0x1
  31 000c F0000000 		.4byte	.LASF16
  32 0010 0C       		.byte	0xc
  33 0011 5D000000 		.4byte	.LASF17
  34 0015 A3010000 		.4byte	.LASF18
  35 0019 00000000 		.4byte	.Ldebug_line0
  36 001d 02       		.uleb128 0x2
  37 001e 04       		.byte	0x4
  38 001f 05       		.byte	0x5
  39 0020 696E7400 		.ascii	"int\000"
  40 0024 03       		.uleb128 0x3
  41 0025 04       		.byte	0x4
  42 0026 07       		.byte	0x7
  43 0027 0E000000 		.4byte	.LASF0
  44 002b 03       		.uleb128 0x3
  45 002c 08       		.byte	0x8
  46 002d 05       		.byte	0x5
  47 002e 00000000 		.4byte	.LASF1
  48 0032 03       		.uleb128 0x3
  49 0033 08       		.byte	0x8
  50 0034 04       		.byte	0x4
  51 0035 E4000000 		.4byte	.LASF2
  52 0039 03       		.uleb128 0x3
  53 003a 01       		.byte	0x1
  54 003b 06       		.byte	0x6
  55 003c CE000000 		.4byte	.LASF3
  56 0040 03       		.uleb128 0x3
  57 0041 01       		.byte	0x1
ARM GAS  C:\Users\ikomb\AppData\Local\Temp\ccZ6KuJa.s 			page 2


  58 0042 08       		.byte	0x8
  59 0043 4A000000 		.4byte	.LASF4
  60 0047 03       		.uleb128 0x3
  61 0048 02       		.byte	0x2
  62 0049 05       		.byte	0x5
  63 004a 03020000 		.4byte	.LASF5
  64 004e 03       		.uleb128 0x3
  65 004f 02       		.byte	0x2
  66 0050 07       		.byte	0x7
  67 0051 BB000000 		.4byte	.LASF6
  68 0055 04       		.uleb128 0x4
  69 0056 DA000000 		.4byte	.LASF10
  70 005a 01       		.byte	0x1
  71 005b 3F       		.byte	0x3f
  72 005c 60000000 		.4byte	0x60
  73 0060 03       		.uleb128 0x3
  74 0061 04       		.byte	0x4
  75 0062 05       		.byte	0x5
  76 0063 B2000000 		.4byte	.LASF7
  77 0067 03       		.uleb128 0x3
  78 0068 04       		.byte	0x4
  79 0069 07       		.byte	0x7
  80 006a 1B000000 		.4byte	.LASF8
  81 006e 03       		.uleb128 0x3
  82 006f 08       		.byte	0x8
  83 0070 07       		.byte	0x7
  84 0071 2D000000 		.4byte	.LASF9
  85 0075 04       		.uleb128 0x4
  86 0076 0D020000 		.4byte	.LASF11
  87 007a 02       		.byte	0x2
  88 007b 2C       		.byte	0x2c
  89 007c 55000000 		.4byte	0x55
  90 0080 03       		.uleb128 0x3
  91 0081 04       		.byte	0x4
  92 0082 07       		.byte	0x7
  93 0083 15020000 		.4byte	.LASF12
  94 0087 03       		.uleb128 0x3
  95 0088 01       		.byte	0x1
  96 0089 08       		.byte	0x8
  97 008a 58000000 		.4byte	.LASF13
  98 008e 03       		.uleb128 0x3
  99 008f 04       		.byte	0x4
 100 0090 04       		.byte	0x4
 101 0091 44000000 		.4byte	.LASF14
 102 0095 03       		.uleb128 0x3
 103 0096 08       		.byte	0x8
 104 0097 04       		.byte	0x4
 105 0098 AB000000 		.4byte	.LASF15
 106 009c 05       		.uleb128 0x5
 107 009d 9E000000 		.4byte	.LASF19
 108 00a1 03       		.byte	0x3
 109 00a2 EA07     		.2byte	0x7ea
 110 00a4 A8000000 		.4byte	0xa8
 111 00a8 06       		.uleb128 0x6
 112 00a9 75000000 		.4byte	0x75
 113 00ad 00       		.byte	0
 114              		.section	.debug_abbrev,"",%progbits
ARM GAS  C:\Users\ikomb\AppData\Local\Temp\ccZ6KuJa.s 			page 3


 115              	.Ldebug_abbrev0:
 116 0000 01       		.uleb128 0x1
 117 0001 11       		.uleb128 0x11
 118 0002 01       		.byte	0x1
 119 0003 25       		.uleb128 0x25
 120 0004 0E       		.uleb128 0xe
 121 0005 13       		.uleb128 0x13
 122 0006 0B       		.uleb128 0xb
 123 0007 03       		.uleb128 0x3
 124 0008 0E       		.uleb128 0xe
 125 0009 1B       		.uleb128 0x1b
 126 000a 0E       		.uleb128 0xe
 127 000b 10       		.uleb128 0x10
 128 000c 17       		.uleb128 0x17
 129 000d 00       		.byte	0
 130 000e 00       		.byte	0
 131 000f 02       		.uleb128 0x2
 132 0010 24       		.uleb128 0x24
 133 0011 00       		.byte	0
 134 0012 0B       		.uleb128 0xb
 135 0013 0B       		.uleb128 0xb
 136 0014 3E       		.uleb128 0x3e
 137 0015 0B       		.uleb128 0xb
 138 0016 03       		.uleb128 0x3
 139 0017 08       		.uleb128 0x8
 140 0018 00       		.byte	0
 141 0019 00       		.byte	0
 142 001a 03       		.uleb128 0x3
 143 001b 24       		.uleb128 0x24
 144 001c 00       		.byte	0
 145 001d 0B       		.uleb128 0xb
 146 001e 0B       		.uleb128 0xb
 147 001f 3E       		.uleb128 0x3e
 148 0020 0B       		.uleb128 0xb
 149 0021 03       		.uleb128 0x3
 150 0022 0E       		.uleb128 0xe
 151 0023 00       		.byte	0
 152 0024 00       		.byte	0
 153 0025 04       		.uleb128 0x4
 154 0026 16       		.uleb128 0x16
 155 0027 00       		.byte	0
 156 0028 03       		.uleb128 0x3
 157 0029 0E       		.uleb128 0xe
 158 002a 3A       		.uleb128 0x3a
 159 002b 0B       		.uleb128 0xb
 160 002c 3B       		.uleb128 0x3b
 161 002d 0B       		.uleb128 0xb
 162 002e 49       		.uleb128 0x49
 163 002f 13       		.uleb128 0x13
 164 0030 00       		.byte	0
 165 0031 00       		.byte	0
 166 0032 05       		.uleb128 0x5
 167 0033 34       		.uleb128 0x34
 168 0034 00       		.byte	0
 169 0035 03       		.uleb128 0x3
 170 0036 0E       		.uleb128 0xe
 171 0037 3A       		.uleb128 0x3a
ARM GAS  C:\Users\ikomb\AppData\Local\Temp\ccZ6KuJa.s 			page 4


 172 0038 0B       		.uleb128 0xb
 173 0039 3B       		.uleb128 0x3b
 174 003a 05       		.uleb128 0x5
 175 003b 49       		.uleb128 0x49
 176 003c 13       		.uleb128 0x13
 177 003d 3F       		.uleb128 0x3f
 178 003e 19       		.uleb128 0x19
 179 003f 3C       		.uleb128 0x3c
 180 0040 19       		.uleb128 0x19
 181 0041 00       		.byte	0
 182 0042 00       		.byte	0
 183 0043 06       		.uleb128 0x6
 184 0044 35       		.uleb128 0x35
 185 0045 00       		.byte	0
 186 0046 49       		.uleb128 0x49
 187 0047 13       		.uleb128 0x13
 188 0048 00       		.byte	0
 189 0049 00       		.byte	0
 190 004a 00       		.byte	0
 191              		.section	.debug_aranges,"",%progbits
 192 0000 14000000 		.4byte	0x14
 193 0004 0200     		.2byte	0x2
 194 0006 00000000 		.4byte	.Ldebug_info0
 195 000a 04       		.byte	0x4
 196 000b 00       		.byte	0
 197 000c 0000     		.2byte	0
 198 000e 0000     		.2byte	0
 199 0010 00000000 		.4byte	0
 200 0014 00000000 		.4byte	0
 201              		.section	.debug_line,"",%progbits
 202              	.Ldebug_line0:
 203 0000 4D010000 		.section	.debug_str,"MS",%progbits,1
 203      02004701 
 203      00000201 
 203      FB0E0D00 
 203      01010101 
 204              	.LASF1:
 205 0000 6C6F6E67 		.ascii	"long long int\000"
 205      206C6F6E 
 205      6720696E 
 205      7400
 206              	.LASF0:
 207 000e 756E7369 		.ascii	"unsigned int\000"
 207      676E6564 
 207      20696E74 
 207      00
 208              	.LASF8:
 209 001b 6C6F6E67 		.ascii	"long unsigned int\000"
 209      20756E73 
 209      69676E65 
 209      6420696E 
 209      7400
 210              	.LASF9:
 211 002d 6C6F6E67 		.ascii	"long long unsigned int\000"
 211      206C6F6E 
 211      6720756E 
 211      7369676E 
ARM GAS  C:\Users\ikomb\AppData\Local\Temp\ccZ6KuJa.s 			page 5


 211      65642069 
 212              	.LASF14:
 213 0044 666C6F61 		.ascii	"float\000"
 213      7400
 214              	.LASF4:
 215 004a 756E7369 		.ascii	"unsigned char\000"
 215      676E6564 
 215      20636861 
 215      7200
 216              	.LASF13:
 217 0058 63686172 		.ascii	"char\000"
 217      00
 218              	.LASF17:
 219 005d 47656E65 		.ascii	"Generated_Source\\PSoC6\\pdl\\rtos\\FreeRTOS\\9.0.0"
 219      72617465 
 219      645F536F 
 219      75726365 
 219      5C50536F 
 220 008b 5C536F75 		.ascii	"\\Source\\croutine.c\000"
 220      7263655C 
 220      63726F75 
 220      74696E65 
 220      2E6300
 221              	.LASF19:
 222 009e 49544D5F 		.ascii	"ITM_RxBuffer\000"
 222      52784275 
 222      66666572 
 222      00
 223              	.LASF15:
 224 00ab 646F7562 		.ascii	"double\000"
 224      6C6500
 225              	.LASF7:
 226 00b2 6C6F6E67 		.ascii	"long int\000"
 226      20696E74 
 226      00
 227              	.LASF6:
 228 00bb 73686F72 		.ascii	"short unsigned int\000"
 228      7420756E 
 228      7369676E 
 228      65642069 
 228      6E7400
 229              	.LASF3:
 230 00ce 7369676E 		.ascii	"signed char\000"
 230      65642063 
 230      68617200 
 231              	.LASF10:
 232 00da 5F5F696E 		.ascii	"__int32_t\000"
 232      7433325F 
 232      7400
 233              	.LASF2:
 234 00e4 6C6F6E67 		.ascii	"long double\000"
 234      20646F75 
 234      626C6500 
 235              	.LASF16:
 236 00f0 474E5520 		.ascii	"GNU C11 5.4.1 20160609 (release) [ARM/embedded-5-br"
 236      43313120 
 236      352E342E 
ARM GAS  C:\Users\ikomb\AppData\Local\Temp\ccZ6KuJa.s 			page 6


 236      31203230 
 236      31363036 
 237 0123 616E6368 		.ascii	"anch revision 237715] -mcpu=cortex-m4 -mfloat-abi=s"
 237      20726576 
 237      6973696F 
 237      6E203233 
 237      37373135 
 238 0156 6F667466 		.ascii	"oftfp -mfpu=fpv4-sp-d16 -mthumb -g -O0 -ffunction-s"
 238      70202D6D 
 238      6670753D 
 238      66707634 
 238      2D73702D 
 239 0189 65637469 		.ascii	"ections -ffat-lto-objects\000"
 239      6F6E7320 
 239      2D666661 
 239      742D6C74 
 239      6F2D6F62 
 240              	.LASF18:
 241 01a3 433A5C55 		.ascii	"C:\\Users\\ikomb\\Documents\\PSoC Creator\\CE222221"
 241      73657273 
 241      5C696B6F 
 241      6D625C44 
 241      6F63756D 
 242 01d1 5F566F69 		.ascii	"_Voice_Recorder01\\CE222221_Voice_Recorder01.cydsn\000"
 242      63655F52 
 242      65636F72 
 242      64657230 
 242      315C4345 
 243              	.LASF5:
 244 0203 73686F72 		.ascii	"short int\000"
 244      7420696E 
 244      7400
 245              	.LASF11:
 246 020d 696E7433 		.ascii	"int32_t\000"
 246      325F7400 
 247              	.LASF12:
 248 0215 73697A65 		.ascii	"sizetype\000"
 248      74797065 
 248      00
 249              		.ident	"GCC: (GNU Tools for ARM Embedded Processors) 5.4.1 20160609 (release) [ARM/embedded-5-bran
