ARM GAS  C:\Users\ikomb\AppData\Local\Temp\cc8i8syo.s 			page 1


   1              		.syntax unified
   2              		.cpu cortex-m4
   3              		.eabi_attribute 27, 1
   4              		.fpu fpv4-sp-d16
   5              		.eabi_attribute 20, 1
   6              		.eabi_attribute 21, 1
   7              		.eabi_attribute 23, 3
   8              		.eabi_attribute 24, 1
   9              		.eabi_attribute 25, 1
  10              		.eabi_attribute 26, 1
  11              		.eabi_attribute 30, 6
  12              		.eabi_attribute 34, 1
  13              		.eabi_attribute 18, 4
  14              		.thumb
  15              		.syntax unified
  16              		.file	"cy_ipc_config.c"
  17              		.text
  18              	.Ltext0:
  19              		.cfi_sections	.debug_frame
  20              		.bss
  21              		.align	2
  22              	cy_ipc_pipe_sysEpArray:
  23 0000 00000000 		.space	352
  23      00000000 
  23      00000000 
  23      00000000 
  23      00000000 
  24              		.section	.text.Cy_IPC_SystemSemaInit,"ax",%progbits
  25              		.align	2
  26              		.global	Cy_IPC_SystemSemaInit
  27              		.thumb
  28              		.thumb_func
  29              		.type	Cy_IPC_SystemSemaInit, %function
  30              	Cy_IPC_SystemSemaInit:
  31              	.LFB147:
  32              		.file 1 "cy_ipc_config.c"
   1:cy_ipc_config.c **** /***************************************************************************//**
   2:cy_ipc_config.c **** * \file cy_ipc_config.c
   3:cy_ipc_config.c **** * \version 1.10.1
   4:cy_ipc_config.c **** *
   5:cy_ipc_config.c **** *  Description:
   6:cy_ipc_config.c **** *  This C file is not intended to be part of the IPC driver. It is the code
   7:cy_ipc_config.c **** *  required to configure the device specific IPC channels for semaphores
   8:cy_ipc_config.c **** *  and pipes.
   9:cy_ipc_config.c **** *
  10:cy_ipc_config.c **** ********************************************************************************
  11:cy_ipc_config.c **** * Copyright 2016-2018, Cypress Semiconductor Corporation.  All rights reserved.
  12:cy_ipc_config.c **** * You may use this file only in accordance with the license, terms, conditions,
  13:cy_ipc_config.c **** * disclaimers, and limitations in the end user license agreement accompanying
  14:cy_ipc_config.c **** * the software package with which this file was provided.
  15:cy_ipc_config.c **** *******************************************************************************/
  16:cy_ipc_config.c **** 
  17:cy_ipc_config.c **** #include "ipc/cy_ipc_drv.h"
  18:cy_ipc_config.c **** #include "ipc/cy_ipc_pipe.h"
  19:cy_ipc_config.c **** #include "ipc/cy_ipc_sema.h"
  20:cy_ipc_config.c **** 
  21:cy_ipc_config.c **** #include "cy_ipc_config.h"
ARM GAS  C:\Users\ikomb\AppData\Local\Temp\cc8i8syo.s 			page 2


  22:cy_ipc_config.c **** 
  23:cy_ipc_config.c **** /* Create an array of endpoint structures */
  24:cy_ipc_config.c **** static cy_stc_ipc_pipe_ep_t        cy_ipc_pipe_sysEpArray[CY_IPC_MAX_ENDPOINTS];
  25:cy_ipc_config.c **** 
  26:cy_ipc_config.c **** #define CY_CYPIPE_DEFAULT_CONFIG    \
  27:cy_ipc_config.c **** {\
  28:cy_ipc_config.c ****     /* .ep0ConfigData */ {\
  29:cy_ipc_config.c ****         /* .ipcNotifierNumber    */  CY_IPC_INTR_CYPIPE_EP0,\
  30:cy_ipc_config.c ****         /* .ipcNotifierPriority  */  CY_IPC_INTR_CYPIPE_PRIOR_EP0,\
  31:cy_ipc_config.c ****         /* .ipcNotifierMuxNumber */  CY_IPC_INTR_CYPIPE_MUX_EP0,\
  32:cy_ipc_config.c ****         /* .epAddress            */  CY_IPC_EP_CYPIPE_CM0_ADDR,\
  33:cy_ipc_config.c ****         /* .epConfig             */  CY_IPC_CYPIPE_CONFIG_EP0\
  34:cy_ipc_config.c ****     },\
  35:cy_ipc_config.c ****     /* .ep1ConfigData */ {\
  36:cy_ipc_config.c ****         /* .ipcNotifierNumber    */  CY_IPC_INTR_CYPIPE_EP1,\
  37:cy_ipc_config.c ****         /* .ipcNotifierPriority  */  CY_IPC_INTR_CYPIPE_PRIOR_EP1,\
  38:cy_ipc_config.c ****         /* .ipcNotifierMuxNumber */  0u,\
  39:cy_ipc_config.c ****         /* .epAddress            */  CY_IPC_EP_CYPIPE_CM4_ADDR,\
  40:cy_ipc_config.c ****         /* .epConfig             */  CY_IPC_CYPIPE_CONFIG_EP1\
  41:cy_ipc_config.c ****     },\
  42:cy_ipc_config.c ****     /* .endpointClientsCount     */  CY_IPC_CYPIPE_CLIENT_CNT,\
  43:cy_ipc_config.c ****     /* .endpointsCallbacksArray  */  cy_ipc_pipe_sysCbArray,\
  44:cy_ipc_config.c ****     /* .userPipeIsrHandler       */  &Cy_IPC_SystemPipeIsr\
  45:cy_ipc_config.c **** }
  46:cy_ipc_config.c **** 
  47:cy_ipc_config.c **** /*******************************************************************************
  48:cy_ipc_config.c **** * Function Name: Cy_IPC_SystemSemaInit
  49:cy_ipc_config.c **** ****************************************************************************//**
  50:cy_ipc_config.c **** *
  51:cy_ipc_config.c **** * Initializes the system semaphores. The system semaphores are used by Flash.
  52:cy_ipc_config.c **** *
  53:cy_ipc_config.c **** * This function is called in the SystemInit() function. If the default startup
  54:cy_ipc_config.c **** * file is not used, or SystemInit() is not called in your project,
  55:cy_ipc_config.c **** * call the following three functions prior to executing any flash or EmEEPROM
  56:cy_ipc_config.c **** * write or erase operation:
  57:cy_ipc_config.c **** *  -# Cy_IPC_SystemSemaInit()
  58:cy_ipc_config.c **** *  -# Cy_IPC_SystemPipeInit()
  59:cy_ipc_config.c **** *  -# Cy_Flash_Init()
  60:cy_ipc_config.c **** *
  61:cy_ipc_config.c **** *******************************************************************************/
  62:cy_ipc_config.c **** void Cy_IPC_SystemSemaInit(void)
  63:cy_ipc_config.c **** {
  33              		.loc 1 63 0
  34              		.cfi_startproc
  35              		@ args = 0, pretend = 0, frame = 0
  36              		@ frame_needed = 1, uses_anonymous_args = 0
  37 0000 80B5     		push	{r7, lr}
  38              		.cfi_def_cfa_offset 8
  39              		.cfi_offset 7, -8
  40              		.cfi_offset 14, -4
  41 0002 00AF     		add	r7, sp, #0
  42              		.cfi_def_cfa_register 7
  64:cy_ipc_config.c **** /* Create array used for semaphores */
  65:cy_ipc_config.c **** #if !(CY_CPU_CORTEX_M0P)
  66:cy_ipc_config.c ****     (void) Cy_IPC_Sema_Init(CY_IPC_CHAN_SEMA, 0ul, NULL);
  43              		.loc 1 66 0
  44 0004 0022     		movs	r2, #0
ARM GAS  C:\Users\ikomb\AppData\Local\Temp\cc8i8syo.s 			page 3


  45 0006 0021     		movs	r1, #0
  46 0008 0420     		movs	r0, #4
  47 000a FFF7FEFF 		bl	Cy_IPC_Sema_Init
  67:cy_ipc_config.c **** #else
  68:cy_ipc_config.c ****     static uint32_t ipcSemaArray[CY_IPC_SEMA_COUNT / CY_IPC_SEMA_PER_WORD];
  69:cy_ipc_config.c ****     (void) Cy_IPC_Sema_Init(CY_IPC_CHAN_SEMA, CY_IPC_SEMA_COUNT, ipcSemaArray);
  70:cy_ipc_config.c **** #endif
  71:cy_ipc_config.c **** }
  48              		.loc 1 71 0
  49 000e 00BF     		nop
  50 0010 80BD     		pop	{r7, pc}
  51              		.cfi_endproc
  52              	.LFE147:
  53              		.size	Cy_IPC_SystemSemaInit, .-Cy_IPC_SystemSemaInit
  54 0012 00BF     		.section	.text.Cy_IPC_SystemPipeInit,"ax",%progbits
  55              		.align	2
  56              		.global	Cy_IPC_SystemPipeInit
  57              		.thumb
  58              		.thumb_func
  59              		.type	Cy_IPC_SystemPipeInit, %function
  60              	Cy_IPC_SystemPipeInit:
  61              	.LFB148:
  72:cy_ipc_config.c **** 
  73:cy_ipc_config.c **** /*******************************************************************************
  74:cy_ipc_config.c **** * Function Name: Cy_IPC_SystemPipeInit
  75:cy_ipc_config.c **** ****************************************************************************//**
  76:cy_ipc_config.c **** *
  77:cy_ipc_config.c **** * Initializes the system pipes. The system pipes are used by BLE and Flash.
  78:cy_ipc_config.c **** * \note The function should be called on all CPUs.
  79:cy_ipc_config.c **** *
  80:cy_ipc_config.c **** * This function is called in the SystemInit() function. If the default startup
  81:cy_ipc_config.c **** * file is not used, or SystemInit() is not called in your project,
  82:cy_ipc_config.c **** * call the following three functions prior to executing any flash or EmEEPROM
  83:cy_ipc_config.c **** * write or erase operation:
  84:cy_ipc_config.c **** *  -# Cy_IPC_SystemSemaInit()
  85:cy_ipc_config.c **** *  -# Cy_IPC_SystemPipeInit()
  86:cy_ipc_config.c **** *  -# Cy_Flash_Init()
  87:cy_ipc_config.c **** *
  88:cy_ipc_config.c **** * Also this function is called to support BLE host/controller communication.
  89:cy_ipc_config.c **** *
  90:cy_ipc_config.c **** *******************************************************************************/
  91:cy_ipc_config.c **** void Cy_IPC_SystemPipeInit(void)
  92:cy_ipc_config.c **** {
  62              		.loc 1 92 0
  63              		.cfi_startproc
  64              		@ args = 0, pretend = 0, frame = 8
  65              		@ frame_needed = 1, uses_anonymous_args = 0
  66 0000 80B5     		push	{r7, lr}
  67              		.cfi_def_cfa_offset 8
  68              		.cfi_offset 7, -8
  69              		.cfi_offset 14, -4
  70 0002 82B0     		sub	sp, sp, #8
  71              		.cfi_def_cfa_offset 16
  72 0004 00AF     		add	r7, sp, #0
  73              		.cfi_def_cfa_register 7
  93:cy_ipc_config.c ****     uint32_t intr;
  94:cy_ipc_config.c **** 
ARM GAS  C:\Users\ikomb\AppData\Local\Temp\cc8i8syo.s 			page 4


  95:cy_ipc_config.c ****     intr = Cy_SysLib_EnterCriticalSection();
  74              		.loc 1 95 0
  75 0006 FFF7FEFF 		bl	Cy_SysLib_EnterCriticalSection
  76 000a 7860     		str	r0, [r7, #4]
  96:cy_ipc_config.c **** 
  97:cy_ipc_config.c ****     static cy_ipc_pipe_callback_ptr_t cy_ipc_pipe_sysCbArray[CY_IPC_CYPIPE_CLIENT_CNT];
  98:cy_ipc_config.c **** 
  99:cy_ipc_config.c ****     static const cy_stc_ipc_pipe_config_t systemPipeConfig = CY_CYPIPE_DEFAULT_CONFIG;
 100:cy_ipc_config.c **** 
 101:cy_ipc_config.c ****     Cy_IPC_Pipe_Config(cy_ipc_pipe_sysEpArray);
  77              		.loc 1 101 0
  78 000c 0648     		ldr	r0, .L3
  79 000e FFF7FEFF 		bl	Cy_IPC_Pipe_Config
 102:cy_ipc_config.c **** 
 103:cy_ipc_config.c ****     Cy_IPC_Pipe_Init(&systemPipeConfig);
  80              		.loc 1 103 0
  81 0012 0648     		ldr	r0, .L3+4
  82 0014 FFF7FEFF 		bl	Cy_IPC_Pipe_Init
 104:cy_ipc_config.c **** 
 105:cy_ipc_config.c ****     Cy_SysLib_ExitCriticalSection(intr);
  83              		.loc 1 105 0
  84 0018 7868     		ldr	r0, [r7, #4]
  85 001a FFF7FEFF 		bl	Cy_SysLib_ExitCriticalSection
 106:cy_ipc_config.c **** }
  86              		.loc 1 106 0
  87 001e 00BF     		nop
  88 0020 0837     		adds	r7, r7, #8
  89              		.cfi_def_cfa_offset 8
  90 0022 BD46     		mov	sp, r7
  91              		.cfi_def_cfa_register 13
  92              		@ sp needed
  93 0024 80BD     		pop	{r7, pc}
  94              	.L4:
  95 0026 00BF     		.align	2
  96              	.L3:
  97 0028 00000000 		.word	cy_ipc_pipe_sysEpArray
  98 002c 00000000 		.word	systemPipeConfig.9967
  99              		.cfi_endproc
 100              	.LFE148:
 101              		.size	Cy_IPC_SystemPipeInit, .-Cy_IPC_SystemPipeInit
 102              		.section	.text.cpuss_interrupts_ipc_4_IRQHandler,"ax",%progbits
 103              		.align	2
 104              		.global	cpuss_interrupts_ipc_4_IRQHandler
 105              		.thumb
 106              		.thumb_func
 107              		.type	cpuss_interrupts_ipc_4_IRQHandler, %function
 108              	cpuss_interrupts_ipc_4_IRQHandler:
 109              	.LFB149:
 107:cy_ipc_config.c **** 
 108:cy_ipc_config.c **** /*******************************************************************************
 109:cy_ipc_config.c **** * Function Name: Cy_IPC_SystemPipeIsr
 110:cy_ipc_config.c **** ****************************************************************************//**
 111:cy_ipc_config.c **** *
 112:cy_ipc_config.c **** * This is the interrupt service routine for the system pipe.
 113:cy_ipc_config.c **** *
 114:cy_ipc_config.c **** *******************************************************************************/
 115:cy_ipc_config.c **** void Cy_IPC_SystemPipeIsr(void)
ARM GAS  C:\Users\ikomb\AppData\Local\Temp\cc8i8syo.s 			page 5


 116:cy_ipc_config.c **** {
 110              		.loc 1 116 0
 111              		.cfi_startproc
 112              		@ args = 0, pretend = 0, frame = 0
 113              		@ frame_needed = 1, uses_anonymous_args = 0
 114 0000 80B5     		push	{r7, lr}
 115              		.cfi_def_cfa_offset 8
 116              		.cfi_offset 7, -8
 117              		.cfi_offset 14, -4
 118 0002 00AF     		add	r7, sp, #0
 119              		.cfi_def_cfa_register 7
 117:cy_ipc_config.c ****     Cy_IPC_Pipe_ExecCallback(&cy_ipc_pipe_sysEpArray[CY_IPC_EP_CYPIPE_ADDR]);
 120              		.loc 1 117 0
 121 0004 0248     		ldr	r0, .L6
 122 0006 FFF7FEFF 		bl	Cy_IPC_Pipe_ExecCallback
 118:cy_ipc_config.c **** }
 123              		.loc 1 118 0
 124 000a 00BF     		nop
 125 000c 80BD     		pop	{r7, pc}
 126              	.L7:
 127 000e 00BF     		.align	2
 128              	.L6:
 129 0010 2C000000 		.word	cy_ipc_pipe_sysEpArray+44
 130              		.cfi_endproc
 131              	.LFE149:
 132              		.size	cpuss_interrupts_ipc_4_IRQHandler, .-cpuss_interrupts_ipc_4_IRQHandler
 133              		.section	.rodata
 134              		.align	2
 135              		.type	systemPipeConfig.9967, %object
 136              		.size	systemPipeConfig.9967, 52
 137              	systemPipeConfig.9967:
 138 0000 03000000 		.word	3
 139 0004 01000000 		.word	1
 140 0008 01000000 		.word	1
 141 000c 00000000 		.word	0
 142 0010 05036000 		.word	6292229
 143 0014 04000000 		.word	4
 144 0018 01000000 		.word	1
 145 001c 00000000 		.word	0
 146 0020 01000000 		.word	1
 147 0024 06046000 		.word	6292486
 148 0028 08000000 		.word	8
 149 002c 60010000 		.word	cy_ipc_pipe_sysCbArray.9966
 150 0030 00000000 		.word	cpuss_interrupts_ipc_4_IRQHandler
 151              		.bss
 152              		.align	2
 153              	cy_ipc_pipe_sysCbArray.9966:
 154 0160 00000000 		.space	32
 154      00000000 
 154      00000000 
 154      00000000 
 154      00000000 
 155              		.text
 156              	.Letext0:
 157              		.file 2 "c:\\program files (x86)\\cypress\\psoc creator\\4.4\\psoc creator\\import\\gnu\\arm\\5.4.
 158              		.file 3 "c:\\program files (x86)\\cypress\\psoc creator\\4.4\\psoc creator\\import\\gnu\\arm\\5.4.
 159              		.file 4 "Generated_Source\\PSoC6\\pdl\\devices/psoc6/psoc63/include/cy8c6347bzi_bld33.h"
ARM GAS  C:\Users\ikomb\AppData\Local\Temp\cc8i8syo.s 			page 6


 160              		.file 5 "Generated_Source\\PSoC6\\pdl\\devices/psoc6/ip/cyip_ipc.h"
 161              		.file 6 "Generated_Source\\PSoC6\\pdl\\drivers/peripheral/syslib/cy_syslib.h"
 162              		.file 7 "Generated_Source\\PSoC6\\pdl\\drivers/peripheral/ipc/cy_ipc_pipe.h"
 163              		.file 8 "Generated_Source\\PSoC6\\pdl\\cmsis/include/core_cm4.h"
 164              		.section	.debug_info,"",%progbits
 165              	.Ldebug_info0:
 166 0000 B1070000 		.4byte	0x7b1
 167 0004 0400     		.2byte	0x4
 168 0006 00000000 		.4byte	.Ldebug_abbrev0
 169 000a 04       		.byte	0x4
 170 000b 01       		.uleb128 0x1
 171 000c 00000000 		.4byte	.LASF223
 172 0010 0C       		.byte	0xc
 173 0011 A6090000 		.4byte	.LASF224
 174 0015 7C0A0000 		.4byte	.LASF225
 175 0019 00000000 		.4byte	.Ldebug_ranges0+0
 176 001d 00000000 		.4byte	0
 177 0021 00000000 		.4byte	.Ldebug_line0
 178 0025 02       		.uleb128 0x2
 179 0026 01       		.byte	0x1
 180 0027 06       		.byte	0x6
 181 0028 9C030000 		.4byte	.LASF0
 182 002c 02       		.uleb128 0x2
 183 002d 01       		.byte	0x1
 184 002e 08       		.byte	0x8
 185 002f 770D0000 		.4byte	.LASF1
 186 0033 02       		.uleb128 0x2
 187 0034 02       		.byte	0x2
 188 0035 05       		.byte	0x5
 189 0036 290E0000 		.4byte	.LASF2
 190 003a 02       		.uleb128 0x2
 191 003b 02       		.byte	0x2
 192 003c 07       		.byte	0x7
 193 003d 3F080000 		.4byte	.LASF3
 194 0041 03       		.uleb128 0x3
 195 0042 76100000 		.4byte	.LASF5
 196 0046 02       		.byte	0x2
 197 0047 3F       		.byte	0x3f
 198 0048 4C000000 		.4byte	0x4c
 199 004c 02       		.uleb128 0x2
 200 004d 04       		.byte	0x4
 201 004e 05       		.byte	0x5
 202 004f 4D040000 		.4byte	.LASF4
 203 0053 03       		.uleb128 0x3
 204 0054 08060000 		.4byte	.LASF6
 205 0058 02       		.byte	0x2
 206 0059 41       		.byte	0x41
 207 005a 5E000000 		.4byte	0x5e
 208 005e 02       		.uleb128 0x2
 209 005f 04       		.byte	0x4
 210 0060 07       		.byte	0x7
 211 0061 83070000 		.4byte	.LASF7
 212 0065 02       		.uleb128 0x2
 213 0066 08       		.byte	0x8
 214 0067 05       		.byte	0x5
 215 0068 8E030000 		.4byte	.LASF8
 216 006c 02       		.uleb128 0x2
ARM GAS  C:\Users\ikomb\AppData\Local\Temp\cc8i8syo.s 			page 7


 217 006d 08       		.byte	0x8
 218 006e 07       		.byte	0x7
 219 006f 6F020000 		.4byte	.LASF9
 220 0073 04       		.uleb128 0x4
 221 0074 04       		.byte	0x4
 222 0075 05       		.byte	0x5
 223 0076 696E7400 		.ascii	"int\000"
 224 007a 02       		.uleb128 0x2
 225 007b 04       		.byte	0x4
 226 007c 07       		.byte	0x7
 227 007d E1040000 		.4byte	.LASF10
 228 0081 03       		.uleb128 0x3
 229 0082 B1070000 		.4byte	.LASF11
 230 0086 03       		.byte	0x3
 231 0087 2C       		.byte	0x2c
 232 0088 41000000 		.4byte	0x41
 233 008c 03       		.uleb128 0x3
 234 008d 230F0000 		.4byte	.LASF12
 235 0091 03       		.byte	0x3
 236 0092 30       		.byte	0x30
 237 0093 53000000 		.4byte	0x53
 238 0097 05       		.uleb128 0x5
 239 0098 02       		.byte	0x2
 240 0099 33000000 		.4byte	0x33
 241 009d 04       		.byte	0x4
 242 009e 24       		.byte	0x24
 243 009f 58040000 		.4byte	0x458
 244 00a3 06       		.uleb128 0x6
 245 00a4 3E030000 		.4byte	.LASF13
 246 00a8 71       		.sleb128 -15
 247 00a9 06       		.uleb128 0x6
 248 00aa 62100000 		.4byte	.LASF14
 249 00ae 72       		.sleb128 -14
 250 00af 06       		.uleb128 0x6
 251 00b0 FD100000 		.4byte	.LASF15
 252 00b4 73       		.sleb128 -13
 253 00b5 06       		.uleb128 0x6
 254 00b6 950C0000 		.4byte	.LASF16
 255 00ba 74       		.sleb128 -12
 256 00bb 06       		.uleb128 0x6
 257 00bc 13060000 		.4byte	.LASF17
 258 00c0 75       		.sleb128 -11
 259 00c1 06       		.uleb128 0x6
 260 00c2 79090000 		.4byte	.LASF18
 261 00c6 76       		.sleb128 -10
 262 00c7 06       		.uleb128 0x6
 263 00c8 33080000 		.4byte	.LASF19
 264 00cc 7B       		.sleb128 -5
 265 00cd 06       		.uleb128 0x6
 266 00ce 34110000 		.4byte	.LASF20
 267 00d2 7C       		.sleb128 -4
 268 00d3 06       		.uleb128 0x6
 269 00d4 6B060000 		.4byte	.LASF21
 270 00d8 7E       		.sleb128 -2
 271 00d9 06       		.uleb128 0x6
 272 00da 6C090000 		.4byte	.LASF22
 273 00de 7F       		.sleb128 -1
ARM GAS  C:\Users\ikomb\AppData\Local\Temp\cc8i8syo.s 			page 8


 274 00df 07       		.uleb128 0x7
 275 00e0 B7020000 		.4byte	.LASF23
 276 00e4 00       		.byte	0
 277 00e5 07       		.uleb128 0x7
 278 00e6 E1100000 		.4byte	.LASF24
 279 00ea 01       		.byte	0x1
 280 00eb 07       		.uleb128 0x7
 281 00ec CE000000 		.4byte	.LASF25
 282 00f0 02       		.byte	0x2
 283 00f1 07       		.uleb128 0x7
 284 00f2 F90F0000 		.4byte	.LASF26
 285 00f6 03       		.byte	0x3
 286 00f7 07       		.uleb128 0x7
 287 00f8 44120000 		.4byte	.LASF27
 288 00fc 04       		.byte	0x4
 289 00fd 07       		.uleb128 0x7
 290 00fe C2060000 		.4byte	.LASF28
 291 0102 05       		.byte	0x5
 292 0103 07       		.uleb128 0x7
 293 0104 FE080000 		.4byte	.LASF29
 294 0108 06       		.byte	0x6
 295 0109 07       		.uleb128 0x7
 296 010a EA0B0000 		.4byte	.LASF30
 297 010e 07       		.byte	0x7
 298 010f 07       		.uleb128 0x7
 299 0110 54140000 		.4byte	.LASF31
 300 0114 08       		.byte	0x8
 301 0115 07       		.uleb128 0x7
 302 0116 F3020000 		.4byte	.LASF32
 303 011a 09       		.byte	0x9
 304 011b 07       		.uleb128 0x7
 305 011c E50D0000 		.4byte	.LASF33
 306 0120 0A       		.byte	0xa
 307 0121 07       		.uleb128 0x7
 308 0122 780C0000 		.4byte	.LASF34
 309 0126 0B       		.byte	0xb
 310 0127 07       		.uleb128 0x7
 311 0128 74120000 		.4byte	.LASF35
 312 012c 0C       		.byte	0xc
 313 012d 07       		.uleb128 0x7
 314 012e 25070000 		.4byte	.LASF36
 315 0132 0D       		.byte	0xd
 316 0133 07       		.uleb128 0x7
 317 0134 4F090000 		.4byte	.LASF37
 318 0138 0E       		.byte	0xe
 319 0139 07       		.uleb128 0x7
 320 013a 25050000 		.4byte	.LASF38
 321 013e 0F       		.byte	0xf
 322 013f 07       		.uleb128 0x7
 323 0140 11130000 		.4byte	.LASF39
 324 0144 10       		.byte	0x10
 325 0145 07       		.uleb128 0x7
 326 0146 2B040000 		.4byte	.LASF40
 327 014a 11       		.byte	0x11
 328 014b 07       		.uleb128 0x7
 329 014c 44010000 		.4byte	.LASF41
 330 0150 12       		.byte	0x12
ARM GAS  C:\Users\ikomb\AppData\Local\Temp\cc8i8syo.s 			page 9


 331 0151 07       		.uleb128 0x7
 332 0152 46050000 		.4byte	.LASF42
 333 0156 13       		.byte	0x13
 334 0157 07       		.uleb128 0x7
 335 0158 95070000 		.4byte	.LASF43
 336 015c 14       		.byte	0x14
 337 015d 07       		.uleb128 0x7
 338 015e 60130000 		.4byte	.LASF44
 339 0162 15       		.byte	0x15
 340 0163 07       		.uleb128 0x7
 341 0164 30010000 		.4byte	.LASF45
 342 0168 16       		.byte	0x16
 343 0169 07       		.uleb128 0x7
 344 016a 77060000 		.4byte	.LASF46
 345 016e 17       		.byte	0x17
 346 016f 07       		.uleb128 0x7
 347 0170 8C010000 		.4byte	.LASF47
 348 0174 18       		.byte	0x18
 349 0175 07       		.uleb128 0x7
 350 0176 59110000 		.4byte	.LASF48
 351 017a 19       		.byte	0x19
 352 017b 07       		.uleb128 0x7
 353 017c 8C080000 		.4byte	.LASF49
 354 0180 1A       		.byte	0x1a
 355 0181 07       		.uleb128 0x7
 356 0182 1F0B0000 		.4byte	.LASF50
 357 0186 1B       		.byte	0x1b
 358 0187 07       		.uleb128 0x7
 359 0188 BC0D0000 		.4byte	.LASF51
 360 018c 1C       		.byte	0x1c
 361 018d 07       		.uleb128 0x7
 362 018e 20020000 		.4byte	.LASF52
 363 0192 1D       		.byte	0x1d
 364 0193 07       		.uleb128 0x7
 365 0194 70040000 		.4byte	.LASF53
 366 0198 1E       		.byte	0x1e
 367 0199 07       		.uleb128 0x7
 368 019a F3060000 		.4byte	.LASF54
 369 019e 1F       		.byte	0x1f
 370 019f 07       		.uleb128 0x7
 371 01a0 5B0F0000 		.4byte	.LASF55
 372 01a4 20       		.byte	0x20
 373 01a5 07       		.uleb128 0x7
 374 01a6 BE110000 		.4byte	.LASF56
 375 01aa 21       		.byte	0x21
 376 01ab 07       		.uleb128 0x7
 377 01ac A1010000 		.4byte	.LASF57
 378 01b0 22       		.byte	0x22
 379 01b1 07       		.uleb128 0x7
 380 01b2 95130000 		.4byte	.LASF58
 381 01b6 23       		.byte	0x23
 382 01b7 07       		.uleb128 0x7
 383 01b8 3C020000 		.4byte	.LASF59
 384 01bc 24       		.byte	0x24
 385 01bd 07       		.uleb128 0x7
 386 01be A8040000 		.4byte	.LASF60
 387 01c2 25       		.byte	0x25
ARM GAS  C:\Users\ikomb\AppData\Local\Temp\cc8i8syo.s 			page 10


 388 01c3 07       		.uleb128 0x7
 389 01c4 99140000 		.4byte	.LASF61
 390 01c8 26       		.byte	0x26
 391 01c9 07       		.uleb128 0x7
 392 01ca 930F0000 		.4byte	.LASF62
 393 01ce 27       		.byte	0x27
 394 01cf 07       		.uleb128 0x7
 395 01d0 F6110000 		.4byte	.LASF63
 396 01d4 28       		.byte	0x28
 397 01d5 07       		.uleb128 0x7
 398 01d6 DC010000 		.4byte	.LASF64
 399 01da 29       		.byte	0x29
 400 01db 07       		.uleb128 0x7
 401 01dc 3F060000 		.4byte	.LASF65
 402 01e0 2A       		.byte	0x2a
 403 01e1 07       		.uleb128 0x7
 404 01e2 90060000 		.4byte	.LASF66
 405 01e6 2B       		.byte	0x2b
 406 01e7 07       		.uleb128 0x7
 407 01e8 37100000 		.4byte	.LASF67
 408 01ec 2C       		.byte	0x2c
 409 01ed 07       		.uleb128 0x7
 410 01ee C20B0000 		.4byte	.LASF68
 411 01f2 2D       		.byte	0x2d
 412 01f3 07       		.uleb128 0x7
 413 01f4 EA000000 		.4byte	.LASF69
 414 01f8 2E       		.byte	0x2e
 415 01f9 07       		.uleb128 0x7
 416 01fa 9B100000 		.4byte	.LASF70
 417 01fe 2F       		.byte	0x2f
 418 01ff 07       		.uleb128 0x7
 419 0200 D9050000 		.4byte	.LASF71
 420 0204 30       		.byte	0x30
 421 0205 07       		.uleb128 0x7
 422 0206 46110000 		.4byte	.LASF72
 423 020a 31       		.byte	0x31
 424 020b 07       		.uleb128 0x7
 425 020c F5120000 		.4byte	.LASF73
 426 0210 32       		.byte	0x32
 427 0211 07       		.uleb128 0x7
 428 0212 59010000 		.4byte	.LASF74
 429 0216 33       		.byte	0x33
 430 0217 07       		.uleb128 0x7
 431 0218 F3030000 		.4byte	.LASF75
 432 021c 34       		.byte	0x34
 433 021d 07       		.uleb128 0x7
 434 021e 5C0C0000 		.4byte	.LASF76
 435 0222 35       		.byte	0x35
 436 0223 07       		.uleb128 0x7
 437 0224 09050000 		.4byte	.LASF77
 438 0228 36       		.byte	0x36
 439 0229 07       		.uleb128 0x7
 440 022a 18110000 		.4byte	.LASF78
 441 022e 37       		.byte	0x37
 442 022f 07       		.uleb128 0x7
 443 0230 95050000 		.4byte	.LASF79
 444 0234 38       		.byte	0x38
ARM GAS  C:\Users\ikomb\AppData\Local\Temp\cc8i8syo.s 			page 11


 445 0235 07       		.uleb128 0x7
 446 0236 CE130000 		.4byte	.LASF80
 447 023a 39       		.byte	0x39
 448 023b 07       		.uleb128 0x7
 449 023c 5B0A0000 		.4byte	.LASF81
 450 0240 3A       		.byte	0x3a
 451 0241 07       		.uleb128 0x7
 452 0242 4F0D0000 		.4byte	.LASF82
 453 0246 3B       		.byte	0x3b
 454 0247 07       		.uleb128 0x7
 455 0248 E80A0000 		.4byte	.LASF83
 456 024c 3C       		.byte	0x3c
 457 024d 07       		.uleb128 0x7
 458 024e 850D0000 		.4byte	.LASF84
 459 0252 3D       		.byte	0x3d
 460 0253 07       		.uleb128 0x7
 461 0254 DC0F0000 		.4byte	.LASF85
 462 0258 3E       		.byte	0x3e
 463 0259 07       		.uleb128 0x7
 464 025a 060C0000 		.4byte	.LASF86
 465 025e 3F       		.byte	0x3f
 466 025f 07       		.uleb128 0x7
 467 0260 A5060000 		.4byte	.LASF87
 468 0264 40       		.byte	0x40
 469 0265 07       		.uleb128 0x7
 470 0266 E1080000 		.4byte	.LASF88
 471 026a 41       		.byte	0x41
 472 026b 07       		.uleb128 0x7
 473 026c 1C0D0000 		.4byte	.LASF89
 474 0270 42       		.byte	0x42
 475 0271 07       		.uleb128 0x7
 476 0272 770F0000 		.4byte	.LASF90
 477 0276 43       		.byte	0x43
 478 0277 07       		.uleb128 0x7
 479 0278 DA110000 		.4byte	.LASF91
 480 027c 44       		.byte	0x44
 481 027d 07       		.uleb128 0x7
 482 027e 930E0000 		.4byte	.LASF92
 483 0282 45       		.byte	0x45
 484 0283 07       		.uleb128 0x7
 485 0284 AD080000 		.4byte	.LASF93
 486 0288 46       		.byte	0x46
 487 0289 07       		.uleb128 0x7
 488 028a 590B0000 		.4byte	.LASF94
 489 028e 47       		.byte	0x47
 490 028f 07       		.uleb128 0x7
 491 0290 B2130000 		.4byte	.LASF95
 492 0294 48       		.byte	0x48
 493 0295 07       		.uleb128 0x7
 494 0296 8C040000 		.4byte	.LASF96
 495 029a 49       		.byte	0x49
 496 029b 07       		.uleb128 0x7
 497 029c C5040000 		.4byte	.LASF97
 498 02a0 4A       		.byte	0x4a
 499 02a1 07       		.uleb128 0x7
 500 02a2 C2030000 		.4byte	.LASF98
 501 02a6 4B       		.byte	0x4b
ARM GAS  C:\Users\ikomb\AppData\Local\Temp\cc8i8syo.s 			page 12


 502 02a7 07       		.uleb128 0x7
 503 02a8 43130000 		.4byte	.LASF99
 504 02ac 4C       		.byte	0x4c
 505 02ad 07       		.uleb128 0x7
 506 02ae C90E0000 		.4byte	.LASF100
 507 02b2 4D       		.byte	0x4d
 508 02b3 07       		.uleb128 0x7
 509 02b4 D8120000 		.4byte	.LASF101
 510 02b8 4E       		.byte	0x4e
 511 02b9 07       		.uleb128 0x7
 512 02ba 66070000 		.4byte	.LASF102
 513 02be 4F       		.byte	0x4f
 514 02bf 07       		.uleb128 0x7
 515 02c0 89090000 		.4byte	.LASF103
 516 02c4 50       		.byte	0x50
 517 02c5 07       		.uleb128 0x7
 518 02c6 230C0000 		.4byte	.LASF104
 519 02ca 51       		.byte	0x51
 520 02cb 07       		.uleb128 0x7
 521 02cc 15080000 		.4byte	.LASF105
 522 02d0 52       		.byte	0x52
 523 02d1 07       		.uleb128 0x7
 524 02d2 1D0A0000 		.4byte	.LASF106
 525 02d6 53       		.byte	0x53
 526 02d7 07       		.uleb128 0x7
 527 02d8 72030000 		.4byte	.LASF107
 528 02dc 54       		.byte	0x54
 529 02dd 07       		.uleb128 0x7
 530 02de C9080000 		.4byte	.LASF108
 531 02e2 55       		.byte	0x55
 532 02e3 07       		.uleb128 0x7
 533 02e4 34140000 		.4byte	.LASF109
 534 02e8 56       		.byte	0x56
 535 02e9 07       		.uleb128 0x7
 536 02ea D3020000 		.4byte	.LASF110
 537 02ee 57       		.byte	0x57
 538 02ef 07       		.uleb128 0x7
 539 02f0 330E0000 		.4byte	.LASF111
 540 02f4 58       		.byte	0x58
 541 02f5 07       		.uleb128 0x7
 542 02f6 B1050000 		.4byte	.LASF112
 543 02fa 59       		.byte	0x59
 544 02fb 07       		.uleb128 0x7
 545 02fc 29130000 		.4byte	.LASF113
 546 0300 5A       		.byte	0x5a
 547 0301 07       		.uleb128 0x7
 548 0302 B9070000 		.4byte	.LASF114
 549 0306 5B       		.byte	0x5b
 550 0307 07       		.uleb128 0x7
 551 0308 DA090000 		.4byte	.LASF115
 552 030c 5C       		.byte	0x5c
 553 030d 07       		.uleb128 0x7
 554 030e CD0C0000 		.4byte	.LASF116
 555 0312 5D       		.byte	0x5d
 556 0313 07       		.uleb128 0x7
 557 0314 FF000000 		.4byte	.LASF117
 558 0318 5E       		.byte	0x5e
ARM GAS  C:\Users\ikomb\AppData\Local\Temp\cc8i8syo.s 			page 13


 559 0319 07       		.uleb128 0x7
 560 031a A8030000 		.4byte	.LASF118
 561 031e 5F       		.byte	0x5f
 562 031f 07       		.uleb128 0x7
 563 0320 EE050000 		.4byte	.LASF119
 564 0324 60       		.byte	0x60
 565 0325 07       		.uleb128 0x7
 566 0326 AF0E0000 		.4byte	.LASF120
 567 032a 61       		.byte	0x61
 568 032b 07       		.uleb128 0x7
 569 032c A8120000 		.4byte	.LASF121
 570 0330 62       		.byte	0x62
 571 0331 07       		.uleb128 0x7
 572 0332 020D0000 		.4byte	.LASF122
 573 0336 63       		.byte	0x63
 574 0337 07       		.uleb128 0x7
 575 0338 2C0F0000 		.4byte	.LASF123
 576 033c 64       		.byte	0x64
 577 033d 07       		.uleb128 0x7
 578 033e 90110000 		.4byte	.LASF124
 579 0342 65       		.byte	0x65
 580 0343 07       		.uleb128 0x7
 581 0344 1A140000 		.4byte	.LASF125
 582 0348 66       		.byte	0x66
 583 0349 07       		.uleb128 0x7
 584 034a 72080000 		.4byte	.LASF126
 585 034e 67       		.byte	0x67
 586 034f 07       		.uleb128 0x7
 587 0350 050B0000 		.4byte	.LASF127
 588 0354 68       		.byte	0x68
 589 0355 07       		.uleb128 0x7
 590 0356 A20D0000 		.4byte	.LASF128
 591 035a 69       		.byte	0x69
 592 035b 07       		.uleb128 0x7
 593 035c 06020000 		.4byte	.LASF129
 594 0360 6A       		.byte	0x6a
 595 0361 07       		.uleb128 0x7
 596 0362 56040000 		.4byte	.LASF130
 597 0366 6B       		.byte	0x6b
 598 0367 07       		.uleb128 0x7
 599 0368 9C020000 		.4byte	.LASF131
 600 036c 6C       		.byte	0x6c
 601 036d 07       		.uleb128 0x7
 602 036e EE040000 		.4byte	.LASF132
 603 0372 6D       		.byte	0x6d
 604 0373 07       		.uleb128 0x7
 605 0374 4B070000 		.4byte	.LASF133
 606 0378 6E       		.byte	0x6e
 607 0379 07       		.uleb128 0x7
 608 037a F4090000 		.4byte	.LASF134
 609 037e 6F       		.byte	0x6f
 610 037f 07       		.uleb128 0x7
 611 0380 29120000 		.4byte	.LASF135
 612 0384 70       		.byte	0x70
 613 0385 07       		.uleb128 0x7
 614 0386 B3000000 		.4byte	.LASF136
 615 038a 71       		.byte	0x71
ARM GAS  C:\Users\ikomb\AppData\Local\Temp\cc8i8syo.s 			page 14


 616 038b 07       		.uleb128 0x7
 617 038c 49030000 		.4byte	.LASF137
 618 0390 72       		.byte	0x72
 619 0391 07       		.uleb128 0x7
 620 0392 A70B0000 		.4byte	.LASF138
 621 0396 73       		.byte	0x73
 622 0397 07       		.uleb128 0x7
 623 0398 530E0000 		.4byte	.LASF139
 624 039c 74       		.byte	0x74
 625 039d 07       		.uleb128 0x7
 626 039e 80100000 		.4byte	.LASF140
 627 03a2 75       		.byte	0x75
 628 03a3 07       		.uleb128 0x7
 629 03a4 E70C0000 		.4byte	.LASF141
 630 03a8 76       		.byte	0x76
 631 03a9 07       		.uleb128 0x7
 632 03aa 080F0000 		.4byte	.LASF142
 633 03ae 77       		.byte	0x77
 634 03af 07       		.uleb128 0x7
 635 03b0 75110000 		.4byte	.LASF143
 636 03b4 78       		.byte	0x78
 637 03b5 07       		.uleb128 0x7
 638 03b6 BF090000 		.4byte	.LASF144
 639 03ba 79       		.byte	0x79
 640 03bb 07       		.uleb128 0x7
 641 03bc 59020000 		.4byte	.LASF145
 642 03c0 7A       		.byte	0x7a
 643 03c1 07       		.uleb128 0x7
 644 03c2 C2120000 		.4byte	.LASF146
 645 03c6 7B       		.byte	0x7b
 646 03c7 07       		.uleb128 0x7
 647 03c8 0F070000 		.4byte	.LASF147
 648 03cc 7C       		.byte	0x7c
 649 03cd 07       		.uleb128 0x7
 650 03ce 39090000 		.4byte	.LASF148
 651 03d2 7D       		.byte	0x7d
 652 03d3 07       		.uleb128 0x7
 653 03d4 13120000 		.4byte	.LASF149
 654 03d8 7E       		.byte	0x7e
 655 03d9 07       		.uleb128 0x7
 656 03da 83140000 		.4byte	.LASF150
 657 03de 7F       		.byte	0x7f
 658 03df 07       		.uleb128 0x7
 659 03e0 28030000 		.4byte	.LASF151
 660 03e4 80       		.byte	0x80
 661 03e5 07       		.uleb128 0x7
 662 03e6 750B0000 		.4byte	.LASF152
 663 03ea 81       		.byte	0x81
 664 03eb 07       		.uleb128 0x7
 665 03ec 020E0000 		.4byte	.LASF153
 666 03f0 82       		.byte	0x82
 667 03f1 07       		.uleb128 0x7
 668 03f2 4C100000 		.4byte	.LASF154
 669 03f6 83       		.byte	0x83
 670 03f7 07       		.uleb128 0x7
 671 03f8 440A0000 		.4byte	.LASF155
 672 03fc 84       		.byte	0x84
ARM GAS  C:\Users\ikomb\AppData\Local\Temp\cc8i8syo.s 			page 15


 673 03fd 07       		.uleb128 0x7
 674 03fe 380D0000 		.4byte	.LASF156
 675 0402 85       		.byte	0x85
 676 0403 07       		.uleb128 0x7
 677 0404 75010000 		.4byte	.LASF157
 678 0408 86       		.byte	0x86
 679 0409 07       		.uleb128 0x7
 680 040a 0F040000 		.4byte	.LASF158
 681 040e 87       		.byte	0x87
 682 040f 07       		.uleb128 0x7
 683 0410 54060000 		.4byte	.LASF159
 684 0414 88       		.byte	0x88
 685 0415 07       		.uleb128 0x7
 686 0416 E60E0000 		.4byte	.LASF160
 687 041a 89       		.byte	0x89
 688 041b 07       		.uleb128 0x7
 689 041c 15100000 		.4byte	.LASF161
 690 0420 8A       		.byte	0x8a
 691 0421 07       		.uleb128 0x7
 692 0422 7A050000 		.4byte	.LASF162
 693 0426 8B       		.byte	0x8b
 694 0427 07       		.uleb128 0x7
 695 0428 B00F0000 		.4byte	.LASF163
 696 042c 8C       		.byte	0x8c
 697 042d 07       		.uleb128 0x7
 698 042e 91120000 		.4byte	.LASF164
 699 0432 8D       		.byte	0x8d
 700 0433 07       		.uleb128 0x7
 701 0434 60120000 		.4byte	.LASF165
 702 0438 8E       		.byte	0x8e
 703 0439 07       		.uleb128 0x7
 704 043a 400C0000 		.4byte	.LASF166
 705 043e 8F       		.byte	0x8f
 706 043f 07       		.uleb128 0x7
 707 0440 FE070000 		.4byte	.LASF167
 708 0444 90       		.byte	0x90
 709 0445 07       		.uleb128 0x7
 710 0446 86020000 		.4byte	.LASF168
 711 044a 91       		.byte	0x91
 712 044b 07       		.uleb128 0x7
 713 044c 0F030000 		.4byte	.LASF169
 714 0450 92       		.byte	0x92
 715 0451 07       		.uleb128 0x7
 716 0452 180E0000 		.4byte	.LASF170
 717 0456 F0       		.byte	0xf0
 718 0457 00       		.byte	0
 719 0458 03       		.uleb128 0x3
 720 0459 2D100000 		.4byte	.LASF171
 721 045d 04       		.byte	0x4
 722 045e F4       		.byte	0xf4
 723 045f 97000000 		.4byte	0x97
 724 0463 02       		.uleb128 0x2
 725 0464 04       		.byte	0x4
 726 0465 07       		.byte	0x7
 727 0466 3B0A0000 		.4byte	.LASF172
 728 046a 08       		.uleb128 0x8
 729 046b 8C000000 		.4byte	0x8c
ARM GAS  C:\Users\ikomb\AppData\Local\Temp\cc8i8syo.s 			page 16


 730 046f 09       		.uleb128 0x9
 731 0470 6A040000 		.4byte	0x46a
 732 0474 0A       		.uleb128 0xa
 733 0475 6F040000 		.4byte	0x46f
 734 0479 84040000 		.4byte	0x484
 735 047d 0B       		.uleb128 0xb
 736 047e 63040000 		.4byte	0x463
 737 0482 03       		.byte	0x3
 738 0483 00       		.byte	0
 739 0484 0A       		.uleb128 0xa
 740 0485 6F040000 		.4byte	0x46f
 741 0489 94040000 		.4byte	0x494
 742 048d 0B       		.uleb128 0xb
 743 048e 63040000 		.4byte	0x463
 744 0492 02       		.byte	0x2
 745 0493 00       		.byte	0
 746 0494 0C       		.uleb128 0xc
 747 0495 20       		.byte	0x20
 748 0496 05       		.byte	0x5
 749 0497 23       		.byte	0x23
 750 0498 E5040000 		.4byte	0x4e5
 751 049c 0D       		.uleb128 0xd
 752 049d D1050000 		.4byte	.LASF173
 753 04a1 05       		.byte	0x5
 754 04a2 24       		.byte	0x24
 755 04a3 6F040000 		.4byte	0x46f
 756 04a7 00       		.byte	0
 757 04a8 0D       		.uleb128 0xd
 758 04a9 D4010000 		.4byte	.LASF174
 759 04ad 05       		.byte	0x5
 760 04ae 25       		.byte	0x25
 761 04af 6A040000 		.4byte	0x46a
 762 04b3 04       		.byte	0x4
 763 04b4 0D       		.uleb128 0xd
 764 04b5 1A090000 		.4byte	.LASF175
 765 04b9 05       		.byte	0x5
 766 04ba 26       		.byte	0x26
 767 04bb 6A040000 		.4byte	0x46a
 768 04bf 08       		.byte	0x8
 769 04c0 0D       		.uleb128 0xd
 770 04c1 A8080000 		.4byte	.LASF176
 771 04c5 05       		.byte	0x5
 772 04c6 27       		.byte	0x27
 773 04c7 6A040000 		.4byte	0x46a
 774 04cb 0C       		.byte	0xc
 775 04cc 0D       		.uleb128 0xd
 776 04cd 21060000 		.4byte	.LASF177
 777 04d1 05       		.byte	0x5
 778 04d2 28       		.byte	0x28
 779 04d3 6F040000 		.4byte	0x46f
 780 04d7 10       		.byte	0x10
 781 04d8 0D       		.uleb128 0xd
 782 04d9 6E0E0000 		.4byte	.LASF178
 783 04dd 05       		.byte	0x5
 784 04de 29       		.byte	0x29
 785 04df EA040000 		.4byte	0x4ea
 786 04e3 14       		.byte	0x14
ARM GAS  C:\Users\ikomb\AppData\Local\Temp\cc8i8syo.s 			page 17


 787 04e4 00       		.byte	0
 788 04e5 08       		.uleb128 0x8
 789 04e6 84040000 		.4byte	0x484
 790 04ea 09       		.uleb128 0x9
 791 04eb E5040000 		.4byte	0x4e5
 792 04ef 03       		.uleb128 0x3
 793 04f0 7B130000 		.4byte	.LASF179
 794 04f4 05       		.byte	0x5
 795 04f5 2A       		.byte	0x2a
 796 04f6 94040000 		.4byte	0x494
 797 04fa 0C       		.uleb128 0xc
 798 04fb 20       		.byte	0x20
 799 04fc 05       		.byte	0x5
 800 04fd 2F       		.byte	0x2f
 801 04fe 3F050000 		.4byte	0x53f
 802 0502 0D       		.uleb128 0xd
 803 0503 940B0000 		.4byte	.LASF180
 804 0507 05       		.byte	0x5
 805 0508 30       		.byte	0x30
 806 0509 6A040000 		.4byte	0x46a
 807 050d 00       		.byte	0
 808 050e 0D       		.uleb128 0xd
 809 050f B6090000 		.4byte	.LASF181
 810 0513 05       		.byte	0x5
 811 0514 31       		.byte	0x31
 812 0515 6A040000 		.4byte	0x46a
 813 0519 04       		.byte	0x4
 814 051a 0D       		.uleb128 0xd
 815 051b D3070000 		.4byte	.LASF182
 816 051f 05       		.byte	0x5
 817 0520 32       		.byte	0x32
 818 0521 6A040000 		.4byte	0x46a
 819 0525 08       		.byte	0x8
 820 0526 0D       		.uleb128 0xd
 821 0527 41040000 		.4byte	.LASF183
 822 052b 05       		.byte	0x5
 823 052c 33       		.byte	0x33
 824 052d 6F040000 		.4byte	0x46f
 825 0531 0C       		.byte	0xc
 826 0532 0D       		.uleb128 0xd
 827 0533 6E0E0000 		.4byte	.LASF178
 828 0537 05       		.byte	0x5
 829 0538 34       		.byte	0x34
 830 0539 44050000 		.4byte	0x544
 831 053d 10       		.byte	0x10
 832 053e 00       		.byte	0
 833 053f 08       		.uleb128 0x8
 834 0540 74040000 		.4byte	0x474
 835 0544 09       		.uleb128 0x9
 836 0545 3F050000 		.4byte	0x53f
 837 0549 03       		.uleb128 0x3
 838 054a DE060000 		.4byte	.LASF184
 839 054e 05       		.byte	0x5
 840 054f 35       		.byte	0x35
 841 0550 FA040000 		.4byte	0x4fa
 842 0554 0E       		.uleb128 0xe
 843 0555 990B0000 		.4byte	.LASF185
ARM GAS  C:\Users\ikomb\AppData\Local\Temp\cc8i8syo.s 			page 18


 844 0559 06       		.byte	0x6
 845 055a BC01     		.2byte	0x1bc
 846 055c 60050000 		.4byte	0x560
 847 0560 0F       		.uleb128 0xf
 848 0561 04       		.byte	0x4
 849 0562 66050000 		.4byte	0x566
 850 0566 10       		.uleb128 0x10
 851 0567 02       		.uleb128 0x2
 852 0568 01       		.byte	0x1
 853 0569 08       		.byte	0x8
 854 056a D70F0000 		.4byte	.LASF186
 855 056e 02       		.uleb128 0x2
 856 056f 04       		.byte	0x4
 857 0570 04       		.byte	0x4
 858 0571 560C0000 		.4byte	.LASF187
 859 0575 02       		.uleb128 0x2
 860 0576 08       		.byte	0x8
 861 0577 04       		.byte	0x4
 862 0578 62050000 		.4byte	.LASF188
 863 057c 02       		.uleb128 0x2
 864 057d 08       		.byte	0x8
 865 057e 04       		.byte	0x4
 866 057f CB0F0000 		.4byte	.LASF189
 867 0583 03       		.uleb128 0x3
 868 0584 C6100000 		.4byte	.LASF190
 869 0588 07       		.byte	0x7
 870 0589 3E       		.byte	0x3e
 871 058a 8E050000 		.4byte	0x58e
 872 058e 0F       		.uleb128 0xf
 873 058f 04       		.byte	0x4
 874 0590 94050000 		.4byte	0x594
 875 0594 11       		.uleb128 0x11
 876 0595 9F050000 		.4byte	0x59f
 877 0599 12       		.uleb128 0x12
 878 059a 9F050000 		.4byte	0x59f
 879 059e 00       		.byte	0
 880 059f 0F       		.uleb128 0xf
 881 05a0 04       		.byte	0x4
 882 05a1 8C000000 		.4byte	0x8c
 883 05a5 03       		.uleb128 0x3
 884 05a6 3B0B0000 		.4byte	.LASF191
 885 05aa 07       		.byte	0x7
 886 05ab 41       		.byte	0x41
 887 05ac 60050000 		.4byte	0x560
 888 05b0 03       		.uleb128 0x3
 889 05b1 DD070000 		.4byte	.LASF192
 890 05b5 07       		.byte	0x7
 891 05b6 44       		.byte	0x44
 892 05b7 BB050000 		.4byte	0x5bb
 893 05bb 0F       		.uleb128 0xf
 894 05bc 04       		.byte	0x4
 895 05bd 83050000 		.4byte	0x583
 896 05c1 0C       		.uleb128 0xc
 897 05c2 2C       		.byte	0x2c
 898 05c3 07       		.byte	0x7
 899 05c4 78       		.byte	0x78
 900 05c5 4E060000 		.4byte	0x64e
ARM GAS  C:\Users\ikomb\AppData\Local\Temp\cc8i8syo.s 			page 19


 901 05c9 0D       		.uleb128 0xd
 902 05ca 3E050000 		.4byte	.LASF193
 903 05ce 07       		.byte	0x7
 904 05cf 7A       		.byte	0x7a
 905 05d0 8C000000 		.4byte	0x8c
 906 05d4 00       		.byte	0
 907 05d5 0D       		.uleb128 0xd
 908 05d6 42070000 		.4byte	.LASF194
 909 05da 07       		.byte	0x7
 910 05db 7B       		.byte	0x7b
 911 05dc 8C000000 		.4byte	0x8c
 912 05e0 04       		.byte	0x4
 913 05e1 0D       		.uleb128 0xd
 914 05e2 DC0A0000 		.4byte	.LASF195
 915 05e6 07       		.byte	0x7
 916 05e7 7C       		.byte	0x7c
 917 05e8 8C000000 		.4byte	0x8c
 918 05ec 08       		.byte	0x8
 919 05ed 0D       		.uleb128 0xd
 920 05ee 0C110000 		.4byte	.LASF196
 921 05f2 07       		.byte	0x7
 922 05f3 7D       		.byte	0x7d
 923 05f4 58040000 		.4byte	0x458
 924 05f8 0C       		.byte	0xc
 925 05f9 0D       		.uleb128 0xd
 926 05fa 52080000 		.4byte	.LASF197
 927 05fe 07       		.byte	0x7
 928 05ff 7F       		.byte	0x7f
 929 0600 4E060000 		.4byte	0x64e
 930 0604 10       		.byte	0x10
 931 0605 0D       		.uleb128 0xd
 932 0606 FD0E0000 		.4byte	.LASF198
 933 060a 07       		.byte	0x7
 934 060b 80       		.byte	0x80
 935 060c 54060000 		.4byte	0x654
 936 0610 14       		.byte	0x14
 937 0611 0D       		.uleb128 0xd
 938 0612 26040000 		.4byte	.LASF199
 939 0616 07       		.byte	0x7
 940 0617 81       		.byte	0x81
 941 0618 8C000000 		.4byte	0x8c
 942 061c 18       		.byte	0x18
 943 061d 0D       		.uleb128 0xd
 944 061e 6B0D0000 		.4byte	.LASF200
 945 0622 07       		.byte	0x7
 946 0623 82       		.byte	0x82
 947 0624 8C000000 		.4byte	0x8c
 948 0628 1C       		.byte	0x1c
 949 0629 0D       		.uleb128 0xd
 950 062a 0F0A0000 		.4byte	.LASF201
 951 062e 07       		.byte	0x7
 952 062f 84       		.byte	0x84
 953 0630 B0050000 		.4byte	0x5b0
 954 0634 20       		.byte	0x20
 955 0635 0D       		.uleb128 0xd
 956 0636 D70B0000 		.4byte	.LASF202
 957 063a 07       		.byte	0x7
ARM GAS  C:\Users\ikomb\AppData\Local\Temp\cc8i8syo.s 			page 20


 958 063b 85       		.byte	0x85
 959 063c A5050000 		.4byte	0x5a5
 960 0640 24       		.byte	0x24
 961 0641 0D       		.uleb128 0xd
 962 0642 00140000 		.4byte	.LASF203
 963 0646 07       		.byte	0x7
 964 0647 86       		.byte	0x86
 965 0648 A5050000 		.4byte	0x5a5
 966 064c 28       		.byte	0x28
 967 064d 00       		.byte	0
 968 064e 0F       		.uleb128 0xf
 969 064f 04       		.byte	0x4
 970 0650 EF040000 		.4byte	0x4ef
 971 0654 0F       		.uleb128 0xf
 972 0655 04       		.byte	0x4
 973 0656 49050000 		.4byte	0x549
 974 065a 03       		.uleb128 0x3
 975 065b F1010000 		.4byte	.LASF204
 976 065f 07       		.byte	0x7
 977 0660 87       		.byte	0x87
 978 0661 C1050000 		.4byte	0x5c1
 979 0665 0C       		.uleb128 0xc
 980 0666 14       		.byte	0x14
 981 0667 07       		.byte	0x7
 982 0668 8A       		.byte	0x8a
 983 0669 AA060000 		.4byte	0x6aa
 984 066d 0D       		.uleb128 0xd
 985 066e 2D060000 		.4byte	.LASF205
 986 0672 07       		.byte	0x7
 987 0673 8C       		.byte	0x8c
 988 0674 8C000000 		.4byte	0x8c
 989 0678 00       		.byte	0
 990 0679 0D       		.uleb128 0xd
 991 067a AA110000 		.4byte	.LASF206
 992 067e 07       		.byte	0x7
 993 067f 8D       		.byte	0x8d
 994 0680 8C000000 		.4byte	0x8c
 995 0684 04       		.byte	0x4
 996 0685 0D       		.uleb128 0xd
 997 0686 460F0000 		.4byte	.LASF207
 998 068a 07       		.byte	0x7
 999 068b 8E       		.byte	0x8e
 1000 068c 8C000000 		.4byte	0x8c
 1001 0690 08       		.byte	0x8
 1002 0691 0D       		.uleb128 0xd
 1003 0692 8B130000 		.4byte	.LASF208
 1004 0696 07       		.byte	0x7
 1005 0697 90       		.byte	0x90
 1006 0698 8C000000 		.4byte	0x8c
 1007 069c 0C       		.byte	0xc
 1008 069d 0D       		.uleb128 0xd
 1009 069e 8B0B0000 		.4byte	.LASF209
 1010 06a2 07       		.byte	0x7
 1011 06a3 91       		.byte	0x91
 1012 06a4 8C000000 		.4byte	0x8c
 1013 06a8 10       		.byte	0x10
 1014 06a9 00       		.byte	0
ARM GAS  C:\Users\ikomb\AppData\Local\Temp\cc8i8syo.s 			page 21


 1015 06aa 03       		.uleb128 0x3
 1016 06ab 770E0000 		.4byte	.LASF210
 1017 06af 07       		.byte	0x7
 1018 06b0 93       		.byte	0x93
 1019 06b1 65060000 		.4byte	0x665
 1020 06b5 0C       		.uleb128 0xc
 1021 06b6 34       		.byte	0x34
 1022 06b7 07       		.byte	0x7
 1023 06b8 96       		.byte	0x96
 1024 06b9 FA060000 		.4byte	0x6fa
 1025 06bd 0D       		.uleb128 0xd
 1026 06be B6140000 		.4byte	.LASF211
 1027 06c2 07       		.byte	0x7
 1028 06c3 99       		.byte	0x99
 1029 06c4 AA060000 		.4byte	0x6aa
 1030 06c8 00       		.byte	0
 1031 06c9 0D       		.uleb128 0xd
 1032 06ca 64030000 		.4byte	.LASF212
 1033 06ce 07       		.byte	0x7
 1034 06cf 9C       		.byte	0x9c
 1035 06d0 AA060000 		.4byte	0x6aa
 1036 06d4 14       		.byte	0x14
 1037 06d5 0D       		.uleb128 0xd
 1038 06d6 DE030000 		.4byte	.LASF213
 1039 06da 07       		.byte	0x7
 1040 06db 9F       		.byte	0x9f
 1041 06dc 8C000000 		.4byte	0x8c
 1042 06e0 28       		.byte	0x28
 1043 06e1 0D       		.uleb128 0xd
 1044 06e2 21090000 		.4byte	.LASF214
 1045 06e6 07       		.byte	0x7
 1046 06e7 A2       		.byte	0xa2
 1047 06e8 B0050000 		.4byte	0x5b0
 1048 06ec 2C       		.byte	0x2c
 1049 06ed 0D       		.uleb128 0xd
 1050 06ee 70140000 		.4byte	.LASF215
 1051 06f2 07       		.byte	0x7
 1052 06f3 A5       		.byte	0xa5
 1053 06f4 54050000 		.4byte	0x554
 1054 06f8 30       		.byte	0x30
 1055 06f9 00       		.byte	0
 1056 06fa 03       		.uleb128 0x3
 1057 06fb 59080000 		.4byte	.LASF216
 1058 06ff 07       		.byte	0x7
 1059 0700 A6       		.byte	0xa6
 1060 0701 B5060000 		.4byte	0x6b5
 1061 0705 13       		.uleb128 0x13
 1062 0706 EA130000 		.4byte	.LASF220
 1063 070a 01       		.byte	0x1
 1064 070b 3E       		.byte	0x3e
 1065 070c 00000000 		.4byte	.LFB147
 1066 0710 12000000 		.4byte	.LFE147-.LFB147
 1067 0714 01       		.uleb128 0x1
 1068 0715 9C       		.byte	0x9c
 1069 0716 14       		.uleb128 0x14
 1070 0717 B0100000 		.4byte	.LASF226
 1071 071b 01       		.byte	0x1
ARM GAS  C:\Users\ikomb\AppData\Local\Temp\cc8i8syo.s 			page 22


 1072 071c 5B       		.byte	0x5b
 1073 071d 00000000 		.4byte	.LFB148
 1074 0721 30000000 		.4byte	.LFE148-.LFB148
 1075 0725 01       		.uleb128 0x1
 1076 0726 9C       		.byte	0x9c
 1077 0727 5C070000 		.4byte	0x75c
 1078 072b 15       		.uleb128 0x15
 1079 072c 770A0000 		.4byte	.LASF217
 1080 0730 01       		.byte	0x1
 1081 0731 5D       		.byte	0x5d
 1082 0732 8C000000 		.4byte	0x8c
 1083 0736 02       		.uleb128 0x2
 1084 0737 91       		.byte	0x91
 1085 0738 74       		.sleb128 -12
 1086 0739 15       		.uleb128 0x15
 1087 073a 19010000 		.4byte	.LASF218
 1088 073e 01       		.byte	0x1
 1089 073f 61       		.byte	0x61
 1090 0740 5C070000 		.4byte	0x75c
 1091 0744 05       		.uleb128 0x5
 1092 0745 03       		.byte	0x3
 1093 0746 60010000 		.4byte	cy_ipc_pipe_sysCbArray.9966
 1094 074a 15       		.uleb128 0x15
 1095 074b 69050000 		.4byte	.LASF219
 1096 074f 01       		.byte	0x1
 1097 0750 63       		.byte	0x63
 1098 0751 6C070000 		.4byte	0x76c
 1099 0755 05       		.uleb128 0x5
 1100 0756 03       		.byte	0x3
 1101 0757 00000000 		.4byte	systemPipeConfig.9967
 1102 075b 00       		.byte	0
 1103 075c 0A       		.uleb128 0xa
 1104 075d 83050000 		.4byte	0x583
 1105 0761 6C070000 		.4byte	0x76c
 1106 0765 0B       		.uleb128 0xb
 1107 0766 63040000 		.4byte	0x463
 1108 076a 07       		.byte	0x7
 1109 076b 00       		.byte	0
 1110 076c 09       		.uleb128 0x9
 1111 076d FA060000 		.4byte	0x6fa
 1112 0771 13       		.uleb128 0x13
 1113 0772 AB0C0000 		.4byte	.LASF221
 1114 0776 01       		.byte	0x1
 1115 0777 73       		.byte	0x73
 1116 0778 00000000 		.4byte	.LFB149
 1117 077c 14000000 		.4byte	.LFE149-.LFB149
 1118 0780 01       		.uleb128 0x1
 1119 0781 9C       		.byte	0x9c
 1120 0782 0A       		.uleb128 0xa
 1121 0783 5A060000 		.4byte	0x65a
 1122 0787 92070000 		.4byte	0x792
 1123 078b 0B       		.uleb128 0xb
 1124 078c 63040000 		.4byte	0x463
 1125 0790 07       		.byte	0x7
 1126 0791 00       		.byte	0
 1127 0792 15       		.uleb128 0x15
 1128 0793 BD010000 		.4byte	.LASF222
ARM GAS  C:\Users\ikomb\AppData\Local\Temp\cc8i8syo.s 			page 23


 1129 0797 01       		.byte	0x1
 1130 0798 18       		.byte	0x18
 1131 0799 82070000 		.4byte	0x782
 1132 079d 05       		.uleb128 0x5
 1133 079e 03       		.byte	0x3
 1134 079f 00000000 		.4byte	cy_ipc_pipe_sysEpArray
 1135 07a3 16       		.uleb128 0x16
 1136 07a4 D80D0000 		.4byte	.LASF227
 1137 07a8 08       		.byte	0x8
 1138 07a9 EA07     		.2byte	0x7ea
 1139 07ab AF070000 		.4byte	0x7af
 1140 07af 08       		.uleb128 0x8
 1141 07b0 81000000 		.4byte	0x81
 1142 07b4 00       		.byte	0
 1143              		.section	.debug_abbrev,"",%progbits
 1144              	.Ldebug_abbrev0:
 1145 0000 01       		.uleb128 0x1
 1146 0001 11       		.uleb128 0x11
 1147 0002 01       		.byte	0x1
 1148 0003 25       		.uleb128 0x25
 1149 0004 0E       		.uleb128 0xe
 1150 0005 13       		.uleb128 0x13
 1151 0006 0B       		.uleb128 0xb
 1152 0007 03       		.uleb128 0x3
 1153 0008 0E       		.uleb128 0xe
 1154 0009 1B       		.uleb128 0x1b
 1155 000a 0E       		.uleb128 0xe
 1156 000b 55       		.uleb128 0x55
 1157 000c 17       		.uleb128 0x17
 1158 000d 11       		.uleb128 0x11
 1159 000e 01       		.uleb128 0x1
 1160 000f 10       		.uleb128 0x10
 1161 0010 17       		.uleb128 0x17
 1162 0011 00       		.byte	0
 1163 0012 00       		.byte	0
 1164 0013 02       		.uleb128 0x2
 1165 0014 24       		.uleb128 0x24
 1166 0015 00       		.byte	0
 1167 0016 0B       		.uleb128 0xb
 1168 0017 0B       		.uleb128 0xb
 1169 0018 3E       		.uleb128 0x3e
 1170 0019 0B       		.uleb128 0xb
 1171 001a 03       		.uleb128 0x3
 1172 001b 0E       		.uleb128 0xe
 1173 001c 00       		.byte	0
 1174 001d 00       		.byte	0
 1175 001e 03       		.uleb128 0x3
 1176 001f 16       		.uleb128 0x16
 1177 0020 00       		.byte	0
 1178 0021 03       		.uleb128 0x3
 1179 0022 0E       		.uleb128 0xe
 1180 0023 3A       		.uleb128 0x3a
 1181 0024 0B       		.uleb128 0xb
 1182 0025 3B       		.uleb128 0x3b
 1183 0026 0B       		.uleb128 0xb
 1184 0027 49       		.uleb128 0x49
 1185 0028 13       		.uleb128 0x13
ARM GAS  C:\Users\ikomb\AppData\Local\Temp\cc8i8syo.s 			page 24


 1186 0029 00       		.byte	0
 1187 002a 00       		.byte	0
 1188 002b 04       		.uleb128 0x4
 1189 002c 24       		.uleb128 0x24
 1190 002d 00       		.byte	0
 1191 002e 0B       		.uleb128 0xb
 1192 002f 0B       		.uleb128 0xb
 1193 0030 3E       		.uleb128 0x3e
 1194 0031 0B       		.uleb128 0xb
 1195 0032 03       		.uleb128 0x3
 1196 0033 08       		.uleb128 0x8
 1197 0034 00       		.byte	0
 1198 0035 00       		.byte	0
 1199 0036 05       		.uleb128 0x5
 1200 0037 04       		.uleb128 0x4
 1201 0038 01       		.byte	0x1
 1202 0039 0B       		.uleb128 0xb
 1203 003a 0B       		.uleb128 0xb
 1204 003b 49       		.uleb128 0x49
 1205 003c 13       		.uleb128 0x13
 1206 003d 3A       		.uleb128 0x3a
 1207 003e 0B       		.uleb128 0xb
 1208 003f 3B       		.uleb128 0x3b
 1209 0040 0B       		.uleb128 0xb
 1210 0041 01       		.uleb128 0x1
 1211 0042 13       		.uleb128 0x13
 1212 0043 00       		.byte	0
 1213 0044 00       		.byte	0
 1214 0045 06       		.uleb128 0x6
 1215 0046 28       		.uleb128 0x28
 1216 0047 00       		.byte	0
 1217 0048 03       		.uleb128 0x3
 1218 0049 0E       		.uleb128 0xe
 1219 004a 1C       		.uleb128 0x1c
 1220 004b 0D       		.uleb128 0xd
 1221 004c 00       		.byte	0
 1222 004d 00       		.byte	0
 1223 004e 07       		.uleb128 0x7
 1224 004f 28       		.uleb128 0x28
 1225 0050 00       		.byte	0
 1226 0051 03       		.uleb128 0x3
 1227 0052 0E       		.uleb128 0xe
 1228 0053 1C       		.uleb128 0x1c
 1229 0054 0B       		.uleb128 0xb
 1230 0055 00       		.byte	0
 1231 0056 00       		.byte	0
 1232 0057 08       		.uleb128 0x8
 1233 0058 35       		.uleb128 0x35
 1234 0059 00       		.byte	0
 1235 005a 49       		.uleb128 0x49
 1236 005b 13       		.uleb128 0x13
 1237 005c 00       		.byte	0
 1238 005d 00       		.byte	0
 1239 005e 09       		.uleb128 0x9
 1240 005f 26       		.uleb128 0x26
 1241 0060 00       		.byte	0
 1242 0061 49       		.uleb128 0x49
ARM GAS  C:\Users\ikomb\AppData\Local\Temp\cc8i8syo.s 			page 25


 1243 0062 13       		.uleb128 0x13
 1244 0063 00       		.byte	0
 1245 0064 00       		.byte	0
 1246 0065 0A       		.uleb128 0xa
 1247 0066 01       		.uleb128 0x1
 1248 0067 01       		.byte	0x1
 1249 0068 49       		.uleb128 0x49
 1250 0069 13       		.uleb128 0x13
 1251 006a 01       		.uleb128 0x1
 1252 006b 13       		.uleb128 0x13
 1253 006c 00       		.byte	0
 1254 006d 00       		.byte	0
 1255 006e 0B       		.uleb128 0xb
 1256 006f 21       		.uleb128 0x21
 1257 0070 00       		.byte	0
 1258 0071 49       		.uleb128 0x49
 1259 0072 13       		.uleb128 0x13
 1260 0073 2F       		.uleb128 0x2f
 1261 0074 0B       		.uleb128 0xb
 1262 0075 00       		.byte	0
 1263 0076 00       		.byte	0
 1264 0077 0C       		.uleb128 0xc
 1265 0078 13       		.uleb128 0x13
 1266 0079 01       		.byte	0x1
 1267 007a 0B       		.uleb128 0xb
 1268 007b 0B       		.uleb128 0xb
 1269 007c 3A       		.uleb128 0x3a
 1270 007d 0B       		.uleb128 0xb
 1271 007e 3B       		.uleb128 0x3b
 1272 007f 0B       		.uleb128 0xb
 1273 0080 01       		.uleb128 0x1
 1274 0081 13       		.uleb128 0x13
 1275 0082 00       		.byte	0
 1276 0083 00       		.byte	0
 1277 0084 0D       		.uleb128 0xd
 1278 0085 0D       		.uleb128 0xd
 1279 0086 00       		.byte	0
 1280 0087 03       		.uleb128 0x3
 1281 0088 0E       		.uleb128 0xe
 1282 0089 3A       		.uleb128 0x3a
 1283 008a 0B       		.uleb128 0xb
 1284 008b 3B       		.uleb128 0x3b
 1285 008c 0B       		.uleb128 0xb
 1286 008d 49       		.uleb128 0x49
 1287 008e 13       		.uleb128 0x13
 1288 008f 38       		.uleb128 0x38
 1289 0090 0B       		.uleb128 0xb
 1290 0091 00       		.byte	0
 1291 0092 00       		.byte	0
 1292 0093 0E       		.uleb128 0xe
 1293 0094 16       		.uleb128 0x16
 1294 0095 00       		.byte	0
 1295 0096 03       		.uleb128 0x3
 1296 0097 0E       		.uleb128 0xe
 1297 0098 3A       		.uleb128 0x3a
 1298 0099 0B       		.uleb128 0xb
 1299 009a 3B       		.uleb128 0x3b
ARM GAS  C:\Users\ikomb\AppData\Local\Temp\cc8i8syo.s 			page 26


 1300 009b 05       		.uleb128 0x5
 1301 009c 49       		.uleb128 0x49
 1302 009d 13       		.uleb128 0x13
 1303 009e 00       		.byte	0
 1304 009f 00       		.byte	0
 1305 00a0 0F       		.uleb128 0xf
 1306 00a1 0F       		.uleb128 0xf
 1307 00a2 00       		.byte	0
 1308 00a3 0B       		.uleb128 0xb
 1309 00a4 0B       		.uleb128 0xb
 1310 00a5 49       		.uleb128 0x49
 1311 00a6 13       		.uleb128 0x13
 1312 00a7 00       		.byte	0
 1313 00a8 00       		.byte	0
 1314 00a9 10       		.uleb128 0x10
 1315 00aa 15       		.uleb128 0x15
 1316 00ab 00       		.byte	0
 1317 00ac 27       		.uleb128 0x27
 1318 00ad 19       		.uleb128 0x19
 1319 00ae 00       		.byte	0
 1320 00af 00       		.byte	0
 1321 00b0 11       		.uleb128 0x11
 1322 00b1 15       		.uleb128 0x15
 1323 00b2 01       		.byte	0x1
 1324 00b3 27       		.uleb128 0x27
 1325 00b4 19       		.uleb128 0x19
 1326 00b5 01       		.uleb128 0x1
 1327 00b6 13       		.uleb128 0x13
 1328 00b7 00       		.byte	0
 1329 00b8 00       		.byte	0
 1330 00b9 12       		.uleb128 0x12
 1331 00ba 05       		.uleb128 0x5
 1332 00bb 00       		.byte	0
 1333 00bc 49       		.uleb128 0x49
 1334 00bd 13       		.uleb128 0x13
 1335 00be 00       		.byte	0
 1336 00bf 00       		.byte	0
 1337 00c0 13       		.uleb128 0x13
 1338 00c1 2E       		.uleb128 0x2e
 1339 00c2 00       		.byte	0
 1340 00c3 3F       		.uleb128 0x3f
 1341 00c4 19       		.uleb128 0x19
 1342 00c5 03       		.uleb128 0x3
 1343 00c6 0E       		.uleb128 0xe
 1344 00c7 3A       		.uleb128 0x3a
 1345 00c8 0B       		.uleb128 0xb
 1346 00c9 3B       		.uleb128 0x3b
 1347 00ca 0B       		.uleb128 0xb
 1348 00cb 27       		.uleb128 0x27
 1349 00cc 19       		.uleb128 0x19
 1350 00cd 11       		.uleb128 0x11
 1351 00ce 01       		.uleb128 0x1
 1352 00cf 12       		.uleb128 0x12
 1353 00d0 06       		.uleb128 0x6
 1354 00d1 40       		.uleb128 0x40
 1355 00d2 18       		.uleb128 0x18
 1356 00d3 9642     		.uleb128 0x2116
ARM GAS  C:\Users\ikomb\AppData\Local\Temp\cc8i8syo.s 			page 27


 1357 00d5 19       		.uleb128 0x19
 1358 00d6 00       		.byte	0
 1359 00d7 00       		.byte	0
 1360 00d8 14       		.uleb128 0x14
 1361 00d9 2E       		.uleb128 0x2e
 1362 00da 01       		.byte	0x1
 1363 00db 3F       		.uleb128 0x3f
 1364 00dc 19       		.uleb128 0x19
 1365 00dd 03       		.uleb128 0x3
 1366 00de 0E       		.uleb128 0xe
 1367 00df 3A       		.uleb128 0x3a
 1368 00e0 0B       		.uleb128 0xb
 1369 00e1 3B       		.uleb128 0x3b
 1370 00e2 0B       		.uleb128 0xb
 1371 00e3 27       		.uleb128 0x27
 1372 00e4 19       		.uleb128 0x19
 1373 00e5 11       		.uleb128 0x11
 1374 00e6 01       		.uleb128 0x1
 1375 00e7 12       		.uleb128 0x12
 1376 00e8 06       		.uleb128 0x6
 1377 00e9 40       		.uleb128 0x40
 1378 00ea 18       		.uleb128 0x18
 1379 00eb 9642     		.uleb128 0x2116
 1380 00ed 19       		.uleb128 0x19
 1381 00ee 01       		.uleb128 0x1
 1382 00ef 13       		.uleb128 0x13
 1383 00f0 00       		.byte	0
 1384 00f1 00       		.byte	0
 1385 00f2 15       		.uleb128 0x15
 1386 00f3 34       		.uleb128 0x34
 1387 00f4 00       		.byte	0
 1388 00f5 03       		.uleb128 0x3
 1389 00f6 0E       		.uleb128 0xe
 1390 00f7 3A       		.uleb128 0x3a
 1391 00f8 0B       		.uleb128 0xb
 1392 00f9 3B       		.uleb128 0x3b
 1393 00fa 0B       		.uleb128 0xb
 1394 00fb 49       		.uleb128 0x49
 1395 00fc 13       		.uleb128 0x13
 1396 00fd 02       		.uleb128 0x2
 1397 00fe 18       		.uleb128 0x18
 1398 00ff 00       		.byte	0
 1399 0100 00       		.byte	0
 1400 0101 16       		.uleb128 0x16
 1401 0102 34       		.uleb128 0x34
 1402 0103 00       		.byte	0
 1403 0104 03       		.uleb128 0x3
 1404 0105 0E       		.uleb128 0xe
 1405 0106 3A       		.uleb128 0x3a
 1406 0107 0B       		.uleb128 0xb
 1407 0108 3B       		.uleb128 0x3b
 1408 0109 05       		.uleb128 0x5
 1409 010a 49       		.uleb128 0x49
 1410 010b 13       		.uleb128 0x13
 1411 010c 3F       		.uleb128 0x3f
 1412 010d 19       		.uleb128 0x19
 1413 010e 3C       		.uleb128 0x3c
ARM GAS  C:\Users\ikomb\AppData\Local\Temp\cc8i8syo.s 			page 28


 1414 010f 19       		.uleb128 0x19
 1415 0110 00       		.byte	0
 1416 0111 00       		.byte	0
 1417 0112 00       		.byte	0
 1418              		.section	.debug_aranges,"",%progbits
 1419 0000 2C000000 		.4byte	0x2c
 1420 0004 0200     		.2byte	0x2
 1421 0006 00000000 		.4byte	.Ldebug_info0
 1422 000a 04       		.byte	0x4
 1423 000b 00       		.byte	0
 1424 000c 0000     		.2byte	0
 1425 000e 0000     		.2byte	0
 1426 0010 00000000 		.4byte	.LFB147
 1427 0014 12000000 		.4byte	.LFE147-.LFB147
 1428 0018 00000000 		.4byte	.LFB148
 1429 001c 30000000 		.4byte	.LFE148-.LFB148
 1430 0020 00000000 		.4byte	.LFB149
 1431 0024 14000000 		.4byte	.LFE149-.LFB149
 1432 0028 00000000 		.4byte	0
 1433 002c 00000000 		.4byte	0
 1434              		.section	.debug_ranges,"",%progbits
 1435              	.Ldebug_ranges0:
 1436 0000 00000000 		.4byte	.LFB147
 1437 0004 12000000 		.4byte	.LFE147
 1438 0008 00000000 		.4byte	.LFB148
 1439 000c 30000000 		.4byte	.LFE148
 1440 0010 00000000 		.4byte	.LFB149
 1441 0014 14000000 		.4byte	.LFE149
 1442 0018 00000000 		.4byte	0
 1443 001c 00000000 		.4byte	0
 1444              		.section	.debug_line,"",%progbits
 1445              	.Ldebug_line0:
 1446 0000 A8020000 		.section	.debug_str,"MS",%progbits,1
 1446      02006A02 
 1446      00000201 
 1446      FB0E0D00 
 1446      01010101 
 1447              	.LASF223:
 1448 0000 474E5520 		.ascii	"GNU C11 5.4.1 20160609 (release) [ARM/embedded-5-br"
 1448      43313120 
 1448      352E342E 
 1448      31203230 
 1448      31363036 
 1449 0033 616E6368 		.ascii	"anch revision 237715] -mcpu=cortex-m4 -mfloat-abi=s"
 1449      20726576 
 1449      6973696F 
 1449      6E203233 
 1449      37373135 
 1450 0066 6F667466 		.ascii	"oftfp -mfpu=fpv4-sp-d16 -mthumb -g -O0 -ffunction-s"
 1450      70202D6D 
 1450      6670753D 
 1450      66707634 
 1450      2D73702D 
 1451 0099 65637469 		.ascii	"ections -ffat-lto-objects\000"
 1451      6F6E7320 
 1451      2D666661 
 1451      742D6C74 
ARM GAS  C:\Users\ikomb\AppData\Local\Temp\cc8i8syo.s 			page 29


 1451      6F2D6F62 
 1452              	.LASF136:
 1453 00b3 74637077 		.ascii	"tcpwm_1_interrupts_15_IRQn\000"
 1453      6D5F315F 
 1453      696E7465 
 1453      72727570 
 1453      74735F31 
 1454              	.LASF25:
 1455 00ce 696F7373 		.ascii	"ioss_interrupts_gpio_2_IRQn\000"
 1455      5F696E74 
 1455      65727275 
 1455      7074735F 
 1455      6770696F 
 1456              	.LASF69:
 1457 00ea 7363625F 		.ascii	"scb_5_interrupt_IRQn\000"
 1457      355F696E 
 1457      74657272 
 1457      7570745F 
 1457      4952516E 
 1458              	.LASF117:
 1459 00ff 74637077 		.ascii	"tcpwm_0_interrupts_4_IRQn\000"
 1459      6D5F305F 
 1459      696E7465 
 1459      72727570 
 1459      74735F34 
 1460              	.LASF218:
 1461 0119 63795F69 		.ascii	"cy_ipc_pipe_sysCbArray\000"
 1461      70635F70 
 1461      6970655F 
 1461      73797343 
 1461      62417272 
 1462              	.LASF45:
 1463 0130 73727373 		.ascii	"srss_interrupt_IRQn\000"
 1463      5F696E74 
 1463      65727275 
 1463      70745F49 
 1463      52516E00 
 1464              	.LASF41:
 1465 0144 7363625F 		.ascii	"scb_8_interrupt_IRQn\000"
 1465      385F696E 
 1465      74657272 
 1465      7570745F 
 1465      4952516E 
 1466              	.LASF74:
 1467 0159 63707573 		.ascii	"cpuss_interrupts_dw0_1_IRQn\000"
 1467      735F696E 
 1467      74657272 
 1467      75707473 
 1467      5F647730 
 1468              	.LASF157:
 1469 0175 7564625F 		.ascii	"udb_interrupts_12_IRQn\000"
 1469      696E7465 
 1469      72727570 
 1469      74735F31 
 1469      325F4952 
 1470              	.LASF47:
 1471 018c 626C6573 		.ascii	"bless_interrupt_IRQn\000"
ARM GAS  C:\Users\ikomb\AppData\Local\Temp\cc8i8syo.s 			page 30


 1471      735F696E 
 1471      74657272 
 1471      7570745F 
 1471      4952516E 
 1472              	.LASF57:
 1473 01a1 63707573 		.ascii	"cpuss_interrupts_ipc_9_IRQn\000"
 1473      735F696E 
 1473      74657272 
 1473      75707473 
 1473      5F697063 
 1474              	.LASF222:
 1475 01bd 63795F69 		.ascii	"cy_ipc_pipe_sysEpArray\000"
 1475      70635F70 
 1475      6970655F 
 1475      73797345 
 1475      70417272 
 1476              	.LASF174:
 1477 01d4 52454C45 		.ascii	"RELEASE\000"
 1477      41534500 
 1478              	.LASF64:
 1479 01dc 7363625F 		.ascii	"scb_0_interrupt_IRQn\000"
 1479      305F696E 
 1479      74657272 
 1479      7570745F 
 1479      4952516E 
 1480              	.LASF204:
 1481 01f1 63795F73 		.ascii	"cy_stc_ipc_pipe_ep_t\000"
 1481      74635F69 
 1481      70635F70 
 1481      6970655F 
 1481      65705F74 
 1482              	.LASF129:
 1483 0206 74637077 		.ascii	"tcpwm_1_interrupts_8_IRQn\000"
 1483      6D5F315F 
 1483      696E7465 
 1483      72727570 
 1483      74735F38 
 1484              	.LASF52:
 1485 0220 63707573 		.ascii	"cpuss_interrupts_ipc_4_IRQn\000"
 1485      735F696E 
 1485      74657272 
 1485      75707473 
 1485      5F697063 
 1486              	.LASF59:
 1487 023c 63707573 		.ascii	"cpuss_interrupts_ipc_11_IRQn\000"
 1487      735F696E 
 1487      74657272 
 1487      75707473 
 1487      5F697063 
 1488              	.LASF145:
 1489 0259 7564625F 		.ascii	"udb_interrupts_0_IRQn\000"
 1489      696E7465 
 1489      72727570 
 1489      74735F30 
 1489      5F495251 
 1490              	.LASF9:
 1491 026f 6C6F6E67 		.ascii	"long long unsigned int\000"
ARM GAS  C:\Users\ikomb\AppData\Local\Temp\cc8i8syo.s 			page 31


 1491      206C6F6E 
 1491      6720756E 
 1491      7369676E 
 1491      65642069 
 1492              	.LASF168:
 1493 0286 7573625F 		.ascii	"usb_interrupt_lo_IRQn\000"
 1493      696E7465 
 1493      72727570 
 1493      745F6C6F 
 1493      5F495251 
 1494              	.LASF131:
 1495 029c 74637077 		.ascii	"tcpwm_1_interrupts_10_IRQn\000"
 1495      6D5F315F 
 1495      696E7465 
 1495      72727570 
 1495      74735F31 
 1496              	.LASF23:
 1497 02b7 696F7373 		.ascii	"ioss_interrupts_gpio_0_IRQn\000"
 1497      5F696E74 
 1497      65727275 
 1497      7074735F 
 1497      6770696F 
 1498              	.LASF110:
 1499 02d3 63707573 		.ascii	"cpuss_interrupts_cm0_cti_1_IRQn\000"
 1499      735F696E 
 1499      74657272 
 1499      75707473 
 1499      5F636D30 
 1500              	.LASF32:
 1501 02f3 696F7373 		.ascii	"ioss_interrupts_gpio_9_IRQn\000"
 1501      5F696E74 
 1501      65727275 
 1501      7074735F 
 1501      6770696F 
 1502              	.LASF169:
 1503 030f 70617373 		.ascii	"pass_interrupt_dacs_IRQn\000"
 1503      5F696E74 
 1503      65727275 
 1503      70745F64 
 1503      6163735F 
 1504              	.LASF151:
 1505 0328 7564625F 		.ascii	"udb_interrupts_6_IRQn\000"
 1505      696E7465 
 1505      72727570 
 1505      74735F36 
 1505      5F495251 
 1506              	.LASF13:
 1507 033e 52657365 		.ascii	"Reset_IRQn\000"
 1507      745F4952 
 1507      516E00
 1508              	.LASF137:
 1509 0349 74637077 		.ascii	"tcpwm_1_interrupts_16_IRQn\000"
 1509      6D5F315F 
 1509      696E7465 
 1509      72727570 
 1509      74735F31 
 1510              	.LASF212:
ARM GAS  C:\Users\ikomb\AppData\Local\Temp\cc8i8syo.s 			page 32


 1511 0364 65703143 		.ascii	"ep1ConfigData\000"
 1511      6F6E6669 
 1511      67446174 
 1511      6100
 1512              	.LASF107:
 1513 0372 63707573 		.ascii	"cpuss_interrupt_crypto_IRQn\000"
 1513      735F696E 
 1513      74657272 
 1513      7570745F 
 1513      63727970 
 1514              	.LASF8:
 1515 038e 6C6F6E67 		.ascii	"long long int\000"
 1515      206C6F6E 
 1515      6720696E 
 1515      7400
 1516              	.LASF0:
 1517 039c 7369676E 		.ascii	"signed char\000"
 1517      65642063 
 1517      68617200 
 1518              	.LASF118:
 1519 03a8 74637077 		.ascii	"tcpwm_0_interrupts_5_IRQn\000"
 1519      6D5F305F 
 1519      696E7465 
 1519      72727570 
 1519      74735F35 
 1520              	.LASF98:
 1521 03c2 63707573 		.ascii	"cpuss_interrupts_dw1_9_IRQn\000"
 1521      735F696E 
 1521      74657272 
 1521      75707473 
 1521      5F647731 
 1522              	.LASF213:
 1523 03de 656E6470 		.ascii	"endpointClientsCount\000"
 1523      6F696E74 
 1523      436C6965 
 1523      6E747343 
 1523      6F756E74 
 1524              	.LASF75:
 1525 03f3 63707573 		.ascii	"cpuss_interrupts_dw0_2_IRQn\000"
 1525      735F696E 
 1525      74657272 
 1525      75707473 
 1525      5F647730 
 1526              	.LASF158:
 1527 040f 7564625F 		.ascii	"udb_interrupts_13_IRQn\000"
 1527      696E7465 
 1527      72727570 
 1527      74735F31 
 1527      335F4952 
 1528              	.LASF199:
 1529 0426 62757379 		.ascii	"busy\000"
 1529      00
 1530              	.LASF40:
 1531 042b 6C70636F 		.ascii	"lpcomp_interrupt_IRQn\000"
 1531      6D705F69 
 1531      6E746572 
 1531      72757074 
ARM GAS  C:\Users\ikomb\AppData\Local\Temp\cc8i8syo.s 			page 33


 1531      5F495251 
 1532              	.LASF183:
 1533 0441 494E5452 		.ascii	"INTR_MASKED\000"
 1533      5F4D4153 
 1533      4B454400 
 1534              	.LASF4:
 1535 044d 6C6F6E67 		.ascii	"long int\000"
 1535      20696E74 
 1535      00
 1536              	.LASF130:
 1537 0456 74637077 		.ascii	"tcpwm_1_interrupts_9_IRQn\000"
 1537      6D5F315F 
 1537      696E7465 
 1537      72727570 
 1537      74735F39 
 1538              	.LASF53:
 1539 0470 63707573 		.ascii	"cpuss_interrupts_ipc_5_IRQn\000"
 1539      735F696E 
 1539      74657272 
 1539      75707473 
 1539      5F697063 
 1540              	.LASF96:
 1541 048c 63707573 		.ascii	"cpuss_interrupts_dw1_7_IRQn\000"
 1541      735F696E 
 1541      74657272 
 1541      75707473 
 1541      5F647731 
 1542              	.LASF60:
 1543 04a8 63707573 		.ascii	"cpuss_interrupts_ipc_12_IRQn\000"
 1543      735F696E 
 1543      74657272 
 1543      75707473 
 1543      5F697063 
 1544              	.LASF97:
 1545 04c5 63707573 		.ascii	"cpuss_interrupts_dw1_8_IRQn\000"
 1545      735F696E 
 1545      74657272 
 1545      75707473 
 1545      5F647731 
 1546              	.LASF10:
 1547 04e1 756E7369 		.ascii	"unsigned int\000"
 1547      676E6564 
 1547      20696E74 
 1547      00
 1548              	.LASF132:
 1549 04ee 74637077 		.ascii	"tcpwm_1_interrupts_11_IRQn\000"
 1549      6D5F315F 
 1549      696E7465 
 1549      72727570 
 1549      74735F31 
 1550              	.LASF77:
 1551 0509 63707573 		.ascii	"cpuss_interrupts_dw0_4_IRQn\000"
 1551      735F696E 
 1551      74657272 
 1551      75707473 
 1551      5F647730 
 1552              	.LASF38:
ARM GAS  C:\Users\ikomb\AppData\Local\Temp\cc8i8syo.s 			page 34


 1553 0525 696F7373 		.ascii	"ioss_interrupt_gpio_IRQn\000"
 1553      5F696E74 
 1553      65727275 
 1553      70745F67 
 1553      70696F5F 
 1554              	.LASF193:
 1555 053e 69706343 		.ascii	"ipcChan\000"
 1555      68616E00 
 1556              	.LASF42:
 1557 0546 73727373 		.ascii	"srss_interrupt_mcwdt_0_IRQn\000"
 1557      5F696E74 
 1557      65727275 
 1557      70745F6D 
 1557      63776474 
 1558              	.LASF188:
 1559 0562 646F7562 		.ascii	"double\000"
 1559      6C6500
 1560              	.LASF219:
 1561 0569 73797374 		.ascii	"systemPipeConfig\000"
 1561      656D5069 
 1561      7065436F 
 1561      6E666967 
 1561      00
 1562              	.LASF162:
 1563 057a 61756469 		.ascii	"audioss_interrupt_i2s_IRQn\000"
 1563      6F73735F 
 1563      696E7465 
 1563      72727570 
 1563      745F6932 
 1564              	.LASF79:
 1565 0595 63707573 		.ascii	"cpuss_interrupts_dw0_6_IRQn\000"
 1565      735F696E 
 1565      74657272 
 1565      75707473 
 1565      5F647730 
 1566              	.LASF112:
 1567 05b1 63707573 		.ascii	"cpuss_interrupts_cm4_cti_1_IRQn\000"
 1567      735F696E 
 1567      74657272 
 1567      75707473 
 1567      5F636D34 
 1568              	.LASF173:
 1569 05d1 41435155 		.ascii	"ACQUIRE\000"
 1569      49524500 
 1570              	.LASF71:
 1571 05d9 7363625F 		.ascii	"scb_7_interrupt_IRQn\000"
 1571      375F696E 
 1571      74657272 
 1571      7570745F 
 1571      4952516E 
 1572              	.LASF119:
 1573 05ee 74637077 		.ascii	"tcpwm_0_interrupts_6_IRQn\000"
 1573      6D5F305F 
 1573      696E7465 
 1573      72727570 
 1573      74735F36 
 1574              	.LASF6:
ARM GAS  C:\Users\ikomb\AppData\Local\Temp\cc8i8syo.s 			page 35


 1575 0608 5F5F7569 		.ascii	"__uint32_t\000"
 1575      6E743332 
 1575      5F7400
 1576              	.LASF17:
 1577 0613 42757346 		.ascii	"BusFault_IRQn\000"
 1577      61756C74 
 1577      5F495251 
 1577      6E00
 1578              	.LASF177:
 1579 0621 4C4F434B 		.ascii	"LOCK_STATUS\000"
 1579      5F535441 
 1579      54555300 
 1580              	.LASF205:
 1581 062d 6970634E 		.ascii	"ipcNotifierNumber\000"
 1581      6F746966 
 1581      6965724E 
 1581      756D6265 
 1581      7200
 1582              	.LASF65:
 1583 063f 7363625F 		.ascii	"scb_1_interrupt_IRQn\000"
 1583      315F696E 
 1583      74657272 
 1583      7570745F 
 1583      4952516E 
 1584              	.LASF159:
 1585 0654 7564625F 		.ascii	"udb_interrupts_14_IRQn\000"
 1585      696E7465 
 1585      72727570 
 1585      74735F31 
 1585      345F4952 
 1586              	.LASF21:
 1587 066b 50656E64 		.ascii	"PendSV_IRQn\000"
 1587      53565F49 
 1587      52516E00 
 1588              	.LASF46:
 1589 0677 70617373 		.ascii	"pass_interrupt_ctbs_IRQn\000"
 1589      5F696E74 
 1589      65727275 
 1589      70745F63 
 1589      7462735F 
 1590              	.LASF66:
 1591 0690 7363625F 		.ascii	"scb_2_interrupt_IRQn\000"
 1591      325F696E 
 1591      74657272 
 1591      7570745F 
 1591      4952516E 
 1592              	.LASF87:
 1593 06a5 63707573 		.ascii	"cpuss_interrupts_dw0_14_IRQn\000"
 1593      735F696E 
 1593      74657272 
 1593      75707473 
 1593      5F647730 
 1594              	.LASF28:
 1595 06c2 696F7373 		.ascii	"ioss_interrupts_gpio_5_IRQn\000"
 1595      5F696E74 
 1595      65727275 
 1595      7074735F 
ARM GAS  C:\Users\ikomb\AppData\Local\Temp\cc8i8syo.s 			page 36


 1595      6770696F 
 1596              	.LASF184:
 1597 06de 4950435F 		.ascii	"IPC_INTR_STRUCT_Type\000"
 1597      494E5452 
 1597      5F535452 
 1597      5543545F 
 1597      54797065 
 1598              	.LASF54:
 1599 06f3 63707573 		.ascii	"cpuss_interrupts_ipc_6_IRQn\000"
 1599      735F696E 
 1599      74657272 
 1599      75707473 
 1599      5F697063 
 1600              	.LASF147:
 1601 070f 7564625F 		.ascii	"udb_interrupts_2_IRQn\000"
 1601      696E7465 
 1601      72727570 
 1601      74735F32 
 1601      5F495251 
 1602              	.LASF36:
 1603 0725 696F7373 		.ascii	"ioss_interrupts_gpio_13_IRQn\000"
 1603      5F696E74 
 1603      65727275 
 1603      7074735F 
 1603      6770696F 
 1604              	.LASF194:
 1605 0742 696E7472 		.ascii	"intrChan\000"
 1605      4368616E 
 1605      00
 1606              	.LASF133:
 1607 074b 74637077 		.ascii	"tcpwm_1_interrupts_12_IRQn\000"
 1607      6D5F315F 
 1607      696E7465 
 1607      72727570 
 1607      74735F31 
 1608              	.LASF102:
 1609 0766 63707573 		.ascii	"cpuss_interrupts_dw1_13_IRQn\000"
 1609      735F696E 
 1609      74657272 
 1609      75707473 
 1609      5F647731 
 1610              	.LASF7:
 1611 0783 6C6F6E67 		.ascii	"long unsigned int\000"
 1611      20756E73 
 1611      69676E65 
 1611      6420696E 
 1611      7400
 1612              	.LASF43:
 1613 0795 73727373 		.ascii	"srss_interrupt_mcwdt_1_IRQn\000"
 1613      5F696E74 
 1613      65727275 
 1613      70745F6D 
 1613      63776474 
 1614              	.LASF11:
 1615 07b1 696E7433 		.ascii	"int32_t\000"
 1615      325F7400 
 1616              	.LASF114:
ARM GAS  C:\Users\ikomb\AppData\Local\Temp\cc8i8syo.s 			page 37


 1617 07b9 74637077 		.ascii	"tcpwm_0_interrupts_1_IRQn\000"
 1617      6D5F305F 
 1617      696E7465 
 1617      72727570 
 1617      74735F31 
 1618              	.LASF182:
 1619 07d3 494E5452 		.ascii	"INTR_MASK\000"
 1619      5F4D4153 
 1619      4B00
 1620              	.LASF192:
 1621 07dd 63795F69 		.ascii	"cy_ipc_pipe_callback_array_ptr_t\000"
 1621      70635F70 
 1621      6970655F 
 1621      63616C6C 
 1621      6261636B 
 1622              	.LASF167:
 1623 07fe 7573625F 		.ascii	"usb_interrupt_med_IRQn\000"
 1623      696E7465 
 1623      72727570 
 1623      745F6D65 
 1623      645F4952 
 1624              	.LASF105:
 1625 0815 63707573 		.ascii	"cpuss_interrupts_fault_0_IRQn\000"
 1625      735F696E 
 1625      74657272 
 1625      75707473 
 1625      5F666175 
 1626              	.LASF19:
 1627 0833 53564361 		.ascii	"SVCall_IRQn\000"
 1627      6C6C5F49 
 1627      52516E00 
 1628              	.LASF3:
 1629 083f 73686F72 		.ascii	"short unsigned int\000"
 1629      7420756E 
 1629      7369676E 
 1629      65642069 
 1629      6E7400
 1630              	.LASF197:
 1631 0852 69706350 		.ascii	"ipcPtr\000"
 1631      747200
 1632              	.LASF216:
 1633 0859 63795F73 		.ascii	"cy_stc_ipc_pipe_config_t\000"
 1633      74635F69 
 1633      70635F70 
 1633      6970655F 
 1633      636F6E66 
 1634              	.LASF126:
 1635 0872 74637077 		.ascii	"tcpwm_1_interrupts_5_IRQn\000"
 1635      6D5F315F 
 1635      696E7465 
 1635      72727570 
 1635      74735F35 
 1636              	.LASF49:
 1637 088c 63707573 		.ascii	"cpuss_interrupts_ipc_1_IRQn\000"
 1637      735F696E 
 1637      74657272 
 1637      75707473 
ARM GAS  C:\Users\ikomb\AppData\Local\Temp\cc8i8syo.s 			page 38


 1637      5F697063 
 1638              	.LASF176:
 1639 08a8 44415441 		.ascii	"DATA\000"
 1639      00
 1640              	.LASF93:
 1641 08ad 63707573 		.ascii	"cpuss_interrupts_dw1_4_IRQn\000"
 1641      735F696E 
 1641      74657272 
 1641      75707473 
 1641      5F647731 
 1642              	.LASF108:
 1643 08c9 63707573 		.ascii	"cpuss_interrupt_fm_IRQn\000"
 1643      735F696E 
 1643      74657272 
 1643      7570745F 
 1643      666D5F49 
 1644              	.LASF88:
 1645 08e1 63707573 		.ascii	"cpuss_interrupts_dw0_15_IRQn\000"
 1645      735F696E 
 1645      74657272 
 1645      75707473 
 1645      5F647730 
 1646              	.LASF29:
 1647 08fe 696F7373 		.ascii	"ioss_interrupts_gpio_6_IRQn\000"
 1647      5F696E74 
 1647      65727275 
 1647      7074735F 
 1647      6770696F 
 1648              	.LASF175:
 1649 091a 4E4F5449 		.ascii	"NOTIFY\000"
 1649      465900
 1650              	.LASF214:
 1651 0921 656E6470 		.ascii	"endpointsCallbacksArray\000"
 1651      6F696E74 
 1651      7343616C 
 1651      6C626163 
 1651      6B734172 
 1652              	.LASF148:
 1653 0939 7564625F 		.ascii	"udb_interrupts_3_IRQn\000"
 1653      696E7465 
 1653      72727570 
 1653      74735F33 
 1653      5F495251 
 1654              	.LASF37:
 1655 094f 696F7373 		.ascii	"ioss_interrupts_gpio_14_IRQn\000"
 1655      5F696E74 
 1655      65727275 
 1655      7074735F 
 1655      6770696F 
 1656              	.LASF22:
 1657 096c 53797354 		.ascii	"SysTick_IRQn\000"
 1657      69636B5F 
 1657      4952516E 
 1657      00
 1658              	.LASF18:
 1659 0979 55736167 		.ascii	"UsageFault_IRQn\000"
 1659      65466175 
ARM GAS  C:\Users\ikomb\AppData\Local\Temp\cc8i8syo.s 			page 39


 1659      6C745F49 
 1659      52516E00 
 1660              	.LASF103:
 1661 0989 63707573 		.ascii	"cpuss_interrupts_dw1_14_IRQn\000"
 1661      735F696E 
 1661      74657272 
 1661      75707473 
 1661      5F647731 
 1662              	.LASF224:
 1663 09a6 63795F69 		.ascii	"cy_ipc_config.c\000"
 1663      70635F63 
 1663      6F6E6669 
 1663      672E6300 
 1664              	.LASF181:
 1665 09b6 494E5452 		.ascii	"INTR_SET\000"
 1665      5F534554 
 1665      00
 1666              	.LASF144:
 1667 09bf 74637077 		.ascii	"tcpwm_1_interrupts_23_IRQn\000"
 1667      6D5F315F 
 1667      696E7465 
 1667      72727570 
 1667      74735F32 
 1668              	.LASF115:
 1669 09da 74637077 		.ascii	"tcpwm_0_interrupts_2_IRQn\000"
 1669      6D5F305F 
 1669      696E7465 
 1669      72727570 
 1669      74735F32 
 1670              	.LASF134:
 1671 09f4 74637077 		.ascii	"tcpwm_1_interrupts_13_IRQn\000"
 1671      6D5F315F 
 1671      696E7465 
 1671      72727570 
 1671      74735F31 
 1672              	.LASF201:
 1673 0a0f 63616C6C 		.ascii	"callbackArray\000"
 1673      6261636B 
 1673      41727261 
 1673      7900
 1674              	.LASF106:
 1675 0a1d 63707573 		.ascii	"cpuss_interrupts_fault_1_IRQn\000"
 1675      735F696E 
 1675      74657272 
 1675      75707473 
 1675      5F666175 
 1676              	.LASF172:
 1677 0a3b 73697A65 		.ascii	"sizetype\000"
 1677      74797065 
 1677      00
 1678              	.LASF155:
 1679 0a44 7564625F 		.ascii	"udb_interrupts_10_IRQn\000"
 1679      696E7465 
 1679      72727570 
 1679      74735F31 
 1679      305F4952 
 1680              	.LASF81:
ARM GAS  C:\Users\ikomb\AppData\Local\Temp\cc8i8syo.s 			page 40


 1681 0a5b 63707573 		.ascii	"cpuss_interrupts_dw0_8_IRQn\000"
 1681      735F696E 
 1681      74657272 
 1681      75707473 
 1681      5F647730 
 1682              	.LASF217:
 1683 0a77 696E7472 		.ascii	"intr\000"
 1683      00
 1684              	.LASF225:
 1685 0a7c 433A5C55 		.ascii	"C:\\Users\\ikomb\\Documents\\PSoC Creator\\CE222221"
 1685      73657273 
 1685      5C696B6F 
 1685      6D625C44 
 1685      6F63756D 
 1686 0aaa 5F566F69 		.ascii	"_Voice_Recorder01\\CE222221_Voice_Recorder01.cydsn\000"
 1686      63655F52 
 1686      65636F72 
 1686      64657230 
 1686      315C4345 
 1687              	.LASF195:
 1688 0adc 70697065 		.ascii	"pipeIntMask\000"
 1688      496E744D 
 1688      61736B00 
 1689              	.LASF83:
 1690 0ae8 63707573 		.ascii	"cpuss_interrupts_dw0_10_IRQn\000"
 1690      735F696E 
 1690      74657272 
 1690      75707473 
 1690      5F647730 
 1691              	.LASF127:
 1692 0b05 74637077 		.ascii	"tcpwm_1_interrupts_6_IRQn\000"
 1692      6D5F315F 
 1692      696E7465 
 1692      72727570 
 1692      74735F36 
 1693              	.LASF50:
 1694 0b1f 63707573 		.ascii	"cpuss_interrupts_ipc_2_IRQn\000"
 1694      735F696E 
 1694      74657272 
 1694      75707473 
 1694      5F697063 
 1695              	.LASF191:
 1696 0b3b 63795F69 		.ascii	"cy_ipc_pipe_relcallback_ptr_t\000"
 1696      70635F70 
 1696      6970655F 
 1696      72656C63 
 1696      616C6C62 
 1697              	.LASF94:
 1698 0b59 63707573 		.ascii	"cpuss_interrupts_dw1_5_IRQn\000"
 1698      735F696E 
 1698      74657272 
 1698      75707473 
 1698      5F647731 
 1699              	.LASF152:
 1700 0b75 7564625F 		.ascii	"udb_interrupts_7_IRQn\000"
 1700      696E7465 
 1700      72727570 
ARM GAS  C:\Users\ikomb\AppData\Local\Temp\cc8i8syo.s 			page 41


 1700      74735F37 
 1700      5F495251 
 1701              	.LASF209:
 1702 0b8b 6570436F 		.ascii	"epConfig\000"
 1702      6E666967 
 1702      00
 1703              	.LASF180:
 1704 0b94 494E5452 		.ascii	"INTR\000"
 1704      00
 1705              	.LASF185:
 1706 0b99 63795F69 		.ascii	"cy_israddress\000"
 1706      73726164 
 1706      64726573 
 1706      7300
 1707              	.LASF138:
 1708 0ba7 74637077 		.ascii	"tcpwm_1_interrupts_17_IRQn\000"
 1708      6D5F315F 
 1708      696E7465 
 1708      72727570 
 1708      74735F31 
 1709              	.LASF68:
 1710 0bc2 7363625F 		.ascii	"scb_4_interrupt_IRQn\000"
 1710      345F696E 
 1710      74657272 
 1710      7570745F 
 1710      4952516E 
 1711              	.LASF202:
 1712 0bd7 72656C65 		.ascii	"releaseCallbackPtr\000"
 1712      61736543 
 1712      616C6C62 
 1712      61636B50 
 1712      747200
 1713              	.LASF30:
 1714 0bea 696F7373 		.ascii	"ioss_interrupts_gpio_7_IRQn\000"
 1714      5F696E74 
 1714      65727275 
 1714      7074735F 
 1714      6770696F 
 1715              	.LASF86:
 1716 0c06 63707573 		.ascii	"cpuss_interrupts_dw0_13_IRQn\000"
 1716      735F696E 
 1716      74657272 
 1716      75707473 
 1716      5F647730 
 1717              	.LASF104:
 1718 0c23 63707573 		.ascii	"cpuss_interrupts_dw1_15_IRQn\000"
 1718      735F696E 
 1718      74657272 
 1718      75707473 
 1718      5F647731 
 1719              	.LASF166:
 1720 0c40 7573625F 		.ascii	"usb_interrupt_hi_IRQn\000"
 1720      696E7465 
 1720      72727570 
 1720      745F6869 
 1720      5F495251 
 1721              	.LASF187:
ARM GAS  C:\Users\ikomb\AppData\Local\Temp\cc8i8syo.s 			page 42


 1722 0c56 666C6F61 		.ascii	"float\000"
 1722      7400
 1723              	.LASF76:
 1724 0c5c 63707573 		.ascii	"cpuss_interrupts_dw0_3_IRQn\000"
 1724      735F696E 
 1724      74657272 
 1724      75707473 
 1724      5F647730 
 1725              	.LASF34:
 1726 0c78 696F7373 		.ascii	"ioss_interrupts_gpio_11_IRQn\000"
 1726      5F696E74 
 1726      65727275 
 1726      7074735F 
 1726      6770696F 
 1727              	.LASF16:
 1728 0c95 4D656D6F 		.ascii	"MemoryManagement_IRQn\000"
 1728      72794D61 
 1728      6E616765 
 1728      6D656E74 
 1728      5F495251 
 1729              	.LASF221:
 1730 0cab 63707573 		.ascii	"cpuss_interrupts_ipc_4_IRQHandler\000"
 1730      735F696E 
 1730      74657272 
 1730      75707473 
 1730      5F697063 
 1731              	.LASF116:
 1732 0ccd 74637077 		.ascii	"tcpwm_0_interrupts_3_IRQn\000"
 1732      6D5F305F 
 1732      696E7465 
 1732      72727570 
 1732      74735F33 
 1733              	.LASF141:
 1734 0ce7 74637077 		.ascii	"tcpwm_1_interrupts_20_IRQn\000"
 1734      6D5F315F 
 1734      696E7465 
 1734      72727570 
 1734      74735F32 
 1735              	.LASF122:
 1736 0d02 74637077 		.ascii	"tcpwm_1_interrupts_1_IRQn\000"
 1736      6D5F315F 
 1736      696E7465 
 1736      72727570 
 1736      74735F31 
 1737              	.LASF89:
 1738 0d1c 63707573 		.ascii	"cpuss_interrupts_dw1_0_IRQn\000"
 1738      735F696E 
 1738      74657272 
 1738      75707473 
 1738      5F647731 
 1739              	.LASF156:
 1740 0d38 7564625F 		.ascii	"udb_interrupts_11_IRQn\000"
 1740      696E7465 
 1740      72727570 
 1740      74735F31 
 1740      315F4952 
 1741              	.LASF82:
ARM GAS  C:\Users\ikomb\AppData\Local\Temp\cc8i8syo.s 			page 43


 1742 0d4f 63707573 		.ascii	"cpuss_interrupts_dw0_9_IRQn\000"
 1742      735F696E 
 1742      74657272 
 1742      75707473 
 1742      5F647730 
 1743              	.LASF200:
 1744 0d6b 636C6965 		.ascii	"clientCount\000"
 1744      6E74436F 
 1744      756E7400 
 1745              	.LASF1:
 1746 0d77 756E7369 		.ascii	"unsigned char\000"
 1746      676E6564 
 1746      20636861 
 1746      7200
 1747              	.LASF84:
 1748 0d85 63707573 		.ascii	"cpuss_interrupts_dw0_11_IRQn\000"
 1748      735F696E 
 1748      74657272 
 1748      75707473 
 1748      5F647730 
 1749              	.LASF128:
 1750 0da2 74637077 		.ascii	"tcpwm_1_interrupts_7_IRQn\000"
 1750      6D5F315F 
 1750      696E7465 
 1750      72727570 
 1750      74735F37 
 1751              	.LASF51:
 1752 0dbc 63707573 		.ascii	"cpuss_interrupts_ipc_3_IRQn\000"
 1752      735F696E 
 1752      74657272 
 1752      75707473 
 1752      5F697063 
 1753              	.LASF227:
 1754 0dd8 49544D5F 		.ascii	"ITM_RxBuffer\000"
 1754      52784275 
 1754      66666572 
 1754      00
 1755              	.LASF33:
 1756 0de5 696F7373 		.ascii	"ioss_interrupts_gpio_10_IRQn\000"
 1756      5F696E74 
 1756      65727275 
 1756      7074735F 
 1756      6770696F 
 1757              	.LASF153:
 1758 0e02 7564625F 		.ascii	"udb_interrupts_8_IRQn\000"
 1758      696E7465 
 1758      72727570 
 1758      74735F38 
 1758      5F495251 
 1759              	.LASF170:
 1760 0e18 756E636F 		.ascii	"unconnected_IRQn\000"
 1760      6E6E6563 
 1760      7465645F 
 1760      4952516E 
 1760      00
 1761              	.LASF2:
 1762 0e29 73686F72 		.ascii	"short int\000"
ARM GAS  C:\Users\ikomb\AppData\Local\Temp\cc8i8syo.s 			page 44


 1762      7420696E 
 1762      7400
 1763              	.LASF111:
 1764 0e33 63707573 		.ascii	"cpuss_interrupts_cm4_cti_0_IRQn\000"
 1764      735F696E 
 1764      74657272 
 1764      75707473 
 1764      5F636D34 
 1765              	.LASF139:
 1766 0e53 74637077 		.ascii	"tcpwm_1_interrupts_18_IRQn\000"
 1766      6D5F315F 
 1766      696E7465 
 1766      72727570 
 1766      74735F31 
 1767              	.LASF178:
 1768 0e6e 52455345 		.ascii	"RESERVED\000"
 1768      52564544 
 1768      00
 1769              	.LASF210:
 1770 0e77 63795F73 		.ascii	"cy_stc_ipc_pipe_ep_config_t\000"
 1770      74635F69 
 1770      70635F70 
 1770      6970655F 
 1770      65705F63 
 1771              	.LASF92:
 1772 0e93 63707573 		.ascii	"cpuss_interrupts_dw1_3_IRQn\000"
 1772      735F696E 
 1772      74657272 
 1772      75707473 
 1772      5F647731 
 1773              	.LASF120:
 1774 0eaf 74637077 		.ascii	"tcpwm_0_interrupts_7_IRQn\000"
 1774      6D5F305F 
 1774      696E7465 
 1774      72727570 
 1774      74735F37 
 1775              	.LASF100:
 1776 0ec9 63707573 		.ascii	"cpuss_interrupts_dw1_11_IRQn\000"
 1776      735F696E 
 1776      74657272 
 1776      75707473 
 1776      5F647731 
 1777              	.LASF160:
 1778 0ee6 7564625F 		.ascii	"udb_interrupts_15_IRQn\000"
 1778      696E7465 
 1778      72727570 
 1778      74735F31 
 1778      355F4952 
 1779              	.LASF198:
 1780 0efd 69706349 		.ascii	"ipcIntrPtr\000"
 1780      6E747250 
 1780      747200
 1781              	.LASF142:
 1782 0f08 74637077 		.ascii	"tcpwm_1_interrupts_21_IRQn\000"
 1782      6D5F315F 
 1782      696E7465 
 1782      72727570 
ARM GAS  C:\Users\ikomb\AppData\Local\Temp\cc8i8syo.s 			page 45


 1782      74735F32 
 1783              	.LASF12:
 1784 0f23 75696E74 		.ascii	"uint32_t\000"
 1784      33325F74 
 1784      00
 1785              	.LASF123:
 1786 0f2c 74637077 		.ascii	"tcpwm_1_interrupts_2_IRQn\000"
 1786      6D5F315F 
 1786      696E7465 
 1786      72727570 
 1786      74735F32 
 1787              	.LASF207:
 1788 0f46 6970634E 		.ascii	"ipcNotifierMuxNumber\000"
 1788      6F746966 
 1788      6965724D 
 1788      75784E75 
 1788      6D626572 
 1789              	.LASF55:
 1790 0f5b 63707573 		.ascii	"cpuss_interrupts_ipc_7_IRQn\000"
 1790      735F696E 
 1790      74657272 
 1790      75707473 
 1790      5F697063 
 1791              	.LASF90:
 1792 0f77 63707573 		.ascii	"cpuss_interrupts_dw1_1_IRQn\000"
 1792      735F696E 
 1792      74657272 
 1792      75707473 
 1792      5F647731 
 1793              	.LASF62:
 1794 0f93 63707573 		.ascii	"cpuss_interrupts_ipc_14_IRQn\000"
 1794      735F696E 
 1794      74657272 
 1794      75707473 
 1794      5F697063 
 1795              	.LASF163:
 1796 0fb0 61756469 		.ascii	"audioss_interrupt_pdm_IRQn\000"
 1796      6F73735F 
 1796      696E7465 
 1796      72727570 
 1796      745F7064 
 1797              	.LASF189:
 1798 0fcb 6C6F6E67 		.ascii	"long double\000"
 1798      20646F75 
 1798      626C6500 
 1799              	.LASF186:
 1800 0fd7 63686172 		.ascii	"char\000"
 1800      00
 1801              	.LASF85:
 1802 0fdc 63707573 		.ascii	"cpuss_interrupts_dw0_12_IRQn\000"
 1802      735F696E 
 1802      74657272 
 1802      75707473 
 1802      5F647730 
 1803              	.LASF26:
 1804 0ff9 696F7373 		.ascii	"ioss_interrupts_gpio_3_IRQn\000"
 1804      5F696E74 
ARM GAS  C:\Users\ikomb\AppData\Local\Temp\cc8i8syo.s 			page 46


 1804      65727275 
 1804      7074735F 
 1804      6770696F 
 1805              	.LASF161:
 1806 1015 70617373 		.ascii	"pass_interrupt_sar_IRQn\000"
 1806      5F696E74 
 1806      65727275 
 1806      70745F73 
 1806      61725F49 
 1807              	.LASF171:
 1808 102d 4952516E 		.ascii	"IRQn_Type\000"
 1808      5F547970 
 1808      6500
 1809              	.LASF67:
 1810 1037 7363625F 		.ascii	"scb_3_interrupt_IRQn\000"
 1810      335F696E 
 1810      74657272 
 1810      7570745F 
 1810      4952516E 
 1811              	.LASF154:
 1812 104c 7564625F 		.ascii	"udb_interrupts_9_IRQn\000"
 1812      696E7465 
 1812      72727570 
 1812      74735F39 
 1812      5F495251 
 1813              	.LASF14:
 1814 1062 4E6F6E4D 		.ascii	"NonMaskableInt_IRQn\000"
 1814      61736B61 
 1814      626C6549 
 1814      6E745F49 
 1814      52516E00 
 1815              	.LASF5:
 1816 1076 5F5F696E 		.ascii	"__int32_t\000"
 1816      7433325F 
 1816      7400
 1817              	.LASF140:
 1818 1080 74637077 		.ascii	"tcpwm_1_interrupts_19_IRQn\000"
 1818      6D5F315F 
 1818      696E7465 
 1818      72727570 
 1818      74735F31 
 1819              	.LASF70:
 1820 109b 7363625F 		.ascii	"scb_6_interrupt_IRQn\000"
 1820      365F696E 
 1820      74657272 
 1820      7570745F 
 1820      4952516E 
 1821              	.LASF226:
 1822 10b0 43795F49 		.ascii	"Cy_IPC_SystemPipeInit\000"
 1822      50435F53 
 1822      79737465 
 1822      6D506970 
 1822      65496E69 
 1823              	.LASF190:
 1824 10c6 63795F69 		.ascii	"cy_ipc_pipe_callback_ptr_t\000"
 1824      70635F70 
 1824      6970655F 
ARM GAS  C:\Users\ikomb\AppData\Local\Temp\cc8i8syo.s 			page 47


 1824      63616C6C 
 1824      6261636B 
 1825              	.LASF24:
 1826 10e1 696F7373 		.ascii	"ioss_interrupts_gpio_1_IRQn\000"
 1826      5F696E74 
 1826      65727275 
 1826      7074735F 
 1826      6770696F 
 1827              	.LASF15:
 1828 10fd 48617264 		.ascii	"HardFault_IRQn\000"
 1828      4661756C 
 1828      745F4952 
 1828      516E00
 1829              	.LASF196:
 1830 110c 70697065 		.ascii	"pipeIntrSrc\000"
 1830      496E7472 
 1830      53726300 
 1831              	.LASF78:
 1832 1118 63707573 		.ascii	"cpuss_interrupts_dw0_5_IRQn\000"
 1832      735F696E 
 1832      74657272 
 1832      75707473 
 1832      5F647730 
 1833              	.LASF20:
 1834 1134 44656275 		.ascii	"DebugMonitor_IRQn\000"
 1834      674D6F6E 
 1834      69746F72 
 1834      5F495251 
 1834      6E00
 1835              	.LASF72:
 1836 1146 6373645F 		.ascii	"csd_interrupt_IRQn\000"
 1836      696E7465 
 1836      72727570 
 1836      745F4952 
 1836      516E00
 1837              	.LASF48:
 1838 1159 63707573 		.ascii	"cpuss_interrupts_ipc_0_IRQn\000"
 1838      735F696E 
 1838      74657272 
 1838      75707473 
 1838      5F697063 
 1839              	.LASF143:
 1840 1175 74637077 		.ascii	"tcpwm_1_interrupts_22_IRQn\000"
 1840      6D5F315F 
 1840      696E7465 
 1840      72727570 
 1840      74735F32 
 1841              	.LASF124:
 1842 1190 74637077 		.ascii	"tcpwm_1_interrupts_3_IRQn\000"
 1842      6D5F315F 
 1842      696E7465 
 1842      72727570 
 1842      74735F33 
 1843              	.LASF206:
 1844 11aa 6970634E 		.ascii	"ipcNotifierPriority\000"
 1844      6F746966 
 1844      69657250 
ARM GAS  C:\Users\ikomb\AppData\Local\Temp\cc8i8syo.s 			page 48


 1844      72696F72 
 1844      69747900 
 1845              	.LASF56:
 1846 11be 63707573 		.ascii	"cpuss_interrupts_ipc_8_IRQn\000"
 1846      735F696E 
 1846      74657272 
 1846      75707473 
 1846      5F697063 
 1847              	.LASF91:
 1848 11da 63707573 		.ascii	"cpuss_interrupts_dw1_2_IRQn\000"
 1848      735F696E 
 1848      74657272 
 1848      75707473 
 1848      5F647731 
 1849              	.LASF63:
 1850 11f6 63707573 		.ascii	"cpuss_interrupts_ipc_15_IRQn\000"
 1850      735F696E 
 1850      74657272 
 1850      75707473 
 1850      5F697063 
 1851              	.LASF149:
 1852 1213 7564625F 		.ascii	"udb_interrupts_4_IRQn\000"
 1852      696E7465 
 1852      72727570 
 1852      74735F34 
 1852      5F495251 
 1853              	.LASF135:
 1854 1229 74637077 		.ascii	"tcpwm_1_interrupts_14_IRQn\000"
 1854      6D5F315F 
 1854      696E7465 
 1854      72727570 
 1854      74735F31 
 1855              	.LASF27:
 1856 1244 696F7373 		.ascii	"ioss_interrupts_gpio_4_IRQn\000"
 1856      5F696E74 
 1856      65727275 
 1856      7074735F 
 1856      6770696F 
 1857              	.LASF165:
 1858 1260 736D6966 		.ascii	"smif_interrupt_IRQn\000"
 1858      5F696E74 
 1858      65727275 
 1858      70745F49 
 1858      52516E00 
 1859              	.LASF35:
 1860 1274 696F7373 		.ascii	"ioss_interrupts_gpio_12_IRQn\000"
 1860      5F696E74 
 1860      65727275 
 1860      7074735F 
 1860      6770696F 
 1861              	.LASF164:
 1862 1291 70726F66 		.ascii	"profile_interrupt_IRQn\000"
 1862      696C655F 
 1862      696E7465 
 1862      72727570 
 1862      745F4952 
 1863              	.LASF121:
ARM GAS  C:\Users\ikomb\AppData\Local\Temp\cc8i8syo.s 			page 49


 1864 12a8 74637077 		.ascii	"tcpwm_1_interrupts_0_IRQn\000"
 1864      6D5F315F 
 1864      696E7465 
 1864      72727570 
 1864      74735F30 
 1865              	.LASF146:
 1866 12c2 7564625F 		.ascii	"udb_interrupts_1_IRQn\000"
 1866      696E7465 
 1866      72727570 
 1866      74735F31 
 1866      5F495251 
 1867              	.LASF101:
 1868 12d8 63707573 		.ascii	"cpuss_interrupts_dw1_12_IRQn\000"
 1868      735F696E 
 1868      74657272 
 1868      75707473 
 1868      5F647731 
 1869              	.LASF73:
 1870 12f5 63707573 		.ascii	"cpuss_interrupts_dw0_0_IRQn\000"
 1870      735F696E 
 1870      74657272 
 1870      75707473 
 1870      5F647730 
 1871              	.LASF39:
 1872 1311 696F7373 		.ascii	"ioss_interrupt_vdd_IRQn\000"
 1872      5F696E74 
 1872      65727275 
 1872      70745F76 
 1872      64645F49 
 1873              	.LASF113:
 1874 1329 74637077 		.ascii	"tcpwm_0_interrupts_0_IRQn\000"
 1874      6D5F305F 
 1874      696E7465 
 1874      72727570 
 1874      74735F30 
 1875              	.LASF99:
 1876 1343 63707573 		.ascii	"cpuss_interrupts_dw1_10_IRQn\000"
 1876      735F696E 
 1876      74657272 
 1876      75707473 
 1876      5F647731 
 1877              	.LASF44:
 1878 1360 73727373 		.ascii	"srss_interrupt_backup_IRQn\000"
 1878      5F696E74 
 1878      65727275 
 1878      70745F62 
 1878      61636B75 
 1879              	.LASF179:
 1880 137b 4950435F 		.ascii	"IPC_STRUCT_Type\000"
 1880      53545255 
 1880      43545F54 
 1880      79706500 
 1881              	.LASF208:
 1882 138b 65704164 		.ascii	"epAddress\000"
 1882      64726573 
 1882      7300
 1883              	.LASF58:
ARM GAS  C:\Users\ikomb\AppData\Local\Temp\cc8i8syo.s 			page 50


 1884 1395 63707573 		.ascii	"cpuss_interrupts_ipc_10_IRQn\000"
 1884      735F696E 
 1884      74657272 
 1884      75707473 
 1884      5F697063 
 1885              	.LASF95:
 1886 13b2 63707573 		.ascii	"cpuss_interrupts_dw1_6_IRQn\000"
 1886      735F696E 
 1886      74657272 
 1886      75707473 
 1886      5F647731 
 1887              	.LASF80:
 1888 13ce 63707573 		.ascii	"cpuss_interrupts_dw0_7_IRQn\000"
 1888      735F696E 
 1888      74657272 
 1888      75707473 
 1888      5F647730 
 1889              	.LASF220:
 1890 13ea 43795F49 		.ascii	"Cy_IPC_SystemSemaInit\000"
 1890      50435F53 
 1890      79737465 
 1890      6D53656D 
 1890      61496E69 
 1891              	.LASF203:
 1892 1400 64656661 		.ascii	"defaultReleaseCallbackPtr\000"
 1892      756C7452 
 1892      656C6561 
 1892      73654361 
 1892      6C6C6261 
 1893              	.LASF125:
 1894 141a 74637077 		.ascii	"tcpwm_1_interrupts_4_IRQn\000"
 1894      6D5F315F 
 1894      696E7465 
 1894      72727570 
 1894      74735F34 
 1895              	.LASF109:
 1896 1434 63707573 		.ascii	"cpuss_interrupts_cm0_cti_0_IRQn\000"
 1896      735F696E 
 1896      74657272 
 1896      75707473 
 1896      5F636D30 
 1897              	.LASF31:
 1898 1454 696F7373 		.ascii	"ioss_interrupts_gpio_8_IRQn\000"
 1898      5F696E74 
 1898      65727275 
 1898      7074735F 
 1898      6770696F 
 1899              	.LASF215:
 1900 1470 75736572 		.ascii	"userPipeIsrHandler\000"
 1900      50697065 
 1900      49737248 
 1900      616E646C 
 1900      657200
 1901              	.LASF150:
 1902 1483 7564625F 		.ascii	"udb_interrupts_5_IRQn\000"
 1902      696E7465 
 1902      72727570 
ARM GAS  C:\Users\ikomb\AppData\Local\Temp\cc8i8syo.s 			page 51


 1902      74735F35 
 1902      5F495251 
 1903              	.LASF61:
 1904 1499 63707573 		.ascii	"cpuss_interrupts_ipc_13_IRQn\000"
 1904      735F696E 
 1904      74657272 
 1904      75707473 
 1904      5F697063 
 1905              	.LASF211:
 1906 14b6 65703043 		.ascii	"ep0ConfigData\000"
 1906      6F6E6669 
 1906      67446174 
 1906      6100
 1907              		.ident	"GCC: (GNU Tools for ARM Embedded Processors) 5.4.1 20160609 (release) [ARM/embedded-5-bran
