ARM GAS  C:\Users\ikomb\AppData\Local\Temp\cc4IQPu2.s 			page 1


   1              		.syntax unified
   2              		.cpu cortex-m4
   3              		.eabi_attribute 27, 1
   4              		.fpu fpv4-sp-d16
   5              		.eabi_attribute 20, 1
   6              		.eabi_attribute 21, 1
   7              		.eabi_attribute 23, 3
   8              		.eabi_attribute 24, 1
   9              		.eabi_attribute 25, 1
  10              		.eabi_attribute 26, 1
  11              		.eabi_attribute 30, 6
  12              		.eabi_attribute 34, 1
  13              		.eabi_attribute 18, 4
  14              		.thumb
  15              		.syntax unified
  16              		.file	"cy_sysanalog.c"
  17              		.text
  18              	.Ltext0:
  19              		.cfi_sections	.debug_frame
  20              		.global	Cy_SysAnalog_Fast_Local
  21              		.section	.rodata
  22              		.align	2
  23              		.type	Cy_SysAnalog_Fast_Local, %object
  24              		.size	Cy_SysAnalog_Fast_Local, 16
  25              	Cy_SysAnalog_Fast_Local:
  26 0000 01       		.byte	1
  27 0001 000000   		.space	3
  28 0004 00000100 		.word	65536
  29 0008 00001000 		.word	1048576
  30 000c 00000000 		.word	0
  31              		.global	Cy_SysAnalog_Fast_SRSS
  32              		.align	2
  33              		.type	Cy_SysAnalog_Fast_SRSS, %object
  34              		.size	Cy_SysAnalog_Fast_SRSS, 16
  35              	Cy_SysAnalog_Fast_SRSS:
  36 0010 01       		.byte	1
  37 0011 000000   		.space	3
  38 0014 00000000 		.word	0
  39 0018 00000000 		.word	0
  40 001c 00000000 		.word	0
  41              		.global	Cy_SysAnalog_Fast_External
  42              		.align	2
  43              		.type	Cy_SysAnalog_Fast_External, %object
  44              		.size	Cy_SysAnalog_Fast_External, 16
  45              	Cy_SysAnalog_Fast_External:
  46 0020 01       		.byte	1
  47 0021 000000   		.space	3
  48 0024 00000100 		.word	65536
  49 0028 00002000 		.word	2097152
  50 002c 00000000 		.word	0
  51              		.align	2
  52              	.LC0:
  53 0030 47656E65 		.ascii	"Generated_Source\\PSoC6\\pdl\\drivers\\peripheral\\"
  53      72617465 
  53      645F536F 
  53      75726365 
  53      5C50536F 
ARM GAS  C:\Users\ikomb\AppData\Local\Temp\cc4IQPu2.s 			page 2


  54 005e 73797361 		.ascii	"sysanalog\\cy_sysanalog.c\000"
  54      6E616C6F 
  54      675C6379 
  54      5F737973 
  54      616E616C 
  55              		.section	.text.Cy_SysAnalog_Init,"ax",%progbits
  56              		.align	2
  57              		.global	Cy_SysAnalog_Init
  58              		.thumb
  59              		.thumb_func
  60              		.type	Cy_SysAnalog_Init, %function
  61              	Cy_SysAnalog_Init:
  62              	.LFB167:
  63              		.file 1 "Generated_Source\\PSoC6\\pdl\\drivers\\peripheral\\sysanalog\\cy_sysanalog.c"
   1:Generated_Source\PSoC6\pdl\drivers\peripheral\sysanalog/cy_sysanalog.c **** /***************************************************************************//**
   2:Generated_Source\PSoC6\pdl\drivers\peripheral\sysanalog/cy_sysanalog.c **** * \file cy_sysanalog.c
   3:Generated_Source\PSoC6\pdl\drivers\peripheral\sysanalog/cy_sysanalog.c **** * \version 1.0
   4:Generated_Source\PSoC6\pdl\drivers\peripheral\sysanalog/cy_sysanalog.c **** *
   5:Generated_Source\PSoC6\pdl\drivers\peripheral\sysanalog/cy_sysanalog.c **** * Provides the public functions for the API for the SAR driver.
   6:Generated_Source\PSoC6\pdl\drivers\peripheral\sysanalog/cy_sysanalog.c **** *
   7:Generated_Source\PSoC6\pdl\drivers\peripheral\sysanalog/cy_sysanalog.c **** ********************************************************************************
   8:Generated_Source\PSoC6\pdl\drivers\peripheral\sysanalog/cy_sysanalog.c **** * \copyright
   9:Generated_Source\PSoC6\pdl\drivers\peripheral\sysanalog/cy_sysanalog.c **** * Copyright 2017-2018, Cypress Semiconductor Corporation. All rights reserved.
  10:Generated_Source\PSoC6\pdl\drivers\peripheral\sysanalog/cy_sysanalog.c **** * You may use this file only in accordance with the license, terms, conditions,
  11:Generated_Source\PSoC6\pdl\drivers\peripheral\sysanalog/cy_sysanalog.c **** * disclaimers, and limitations in the end user license agreement accompanying
  12:Generated_Source\PSoC6\pdl\drivers\peripheral\sysanalog/cy_sysanalog.c **** * the software package with which this file was provided.
  13:Generated_Source\PSoC6\pdl\drivers\peripheral\sysanalog/cy_sysanalog.c **** *******************************************************************************/
  14:Generated_Source\PSoC6\pdl\drivers\peripheral\sysanalog/cy_sysanalog.c **** #include "cy_sysanalog.h"
  15:Generated_Source\PSoC6\pdl\drivers\peripheral\sysanalog/cy_sysanalog.c **** 
  16:Generated_Source\PSoC6\pdl\drivers\peripheral\sysanalog/cy_sysanalog.c **** #if defined(__cplusplus)
  17:Generated_Source\PSoC6\pdl\drivers\peripheral\sysanalog/cy_sysanalog.c **** extern "C" {
  18:Generated_Source\PSoC6\pdl\drivers\peripheral\sysanalog/cy_sysanalog.c **** #endif
  19:Generated_Source\PSoC6\pdl\drivers\peripheral\sysanalog/cy_sysanalog.c **** 
  20:Generated_Source\PSoC6\pdl\drivers\peripheral\sysanalog/cy_sysanalog.c **** /* Configure the AREF to use the local Vref and local IZTAT. Can be used with \ref Cy_SysAnalog_Ini
  21:Generated_Source\PSoC6\pdl\drivers\peripheral\sysanalog/cy_sysanalog.c **** const cy_stc_sysanalog_config_t Cy_SysAnalog_Fast_Local =
  22:Generated_Source\PSoC6\pdl\drivers\peripheral\sysanalog/cy_sysanalog.c **** {
  23:Generated_Source\PSoC6\pdl\drivers\peripheral\sysanalog/cy_sysanalog.c ****     /*.startup    */ CY_SYSANALOG_STARTUP_FAST,
  24:Generated_Source\PSoC6\pdl\drivers\peripheral\sysanalog/cy_sysanalog.c ****     /*.iztat      */ CY_SYSANALOG_IZTAT_SOURCE_LOCAL,
  25:Generated_Source\PSoC6\pdl\drivers\peripheral\sysanalog/cy_sysanalog.c ****     /*.vref       */ CY_SYSANALOG_VREF_SOURCE_LOCAL_1_2V,
  26:Generated_Source\PSoC6\pdl\drivers\peripheral\sysanalog/cy_sysanalog.c ****     /*.deepSleep  */ CY_SYSANALOG_DEEPSLEEP_DISABLE,
  27:Generated_Source\PSoC6\pdl\drivers\peripheral\sysanalog/cy_sysanalog.c **** };
  28:Generated_Source\PSoC6\pdl\drivers\peripheral\sysanalog/cy_sysanalog.c **** 
  29:Generated_Source\PSoC6\pdl\drivers\peripheral\sysanalog/cy_sysanalog.c **** /* Configure the AREF to use the SRSS Vref and SRSS IZTAT. Can be used with \ref Cy_SysAnalog_Init.
  30:Generated_Source\PSoC6\pdl\drivers\peripheral\sysanalog/cy_sysanalog.c **** const cy_stc_sysanalog_config_t Cy_SysAnalog_Fast_SRSS =
  31:Generated_Source\PSoC6\pdl\drivers\peripheral\sysanalog/cy_sysanalog.c **** {
  32:Generated_Source\PSoC6\pdl\drivers\peripheral\sysanalog/cy_sysanalog.c ****     /*.startup    */ CY_SYSANALOG_STARTUP_FAST,
  33:Generated_Source\PSoC6\pdl\drivers\peripheral\sysanalog/cy_sysanalog.c ****     /*.iztat      */ CY_SYSANALOG_IZTAT_SOURCE_SRSS,
  34:Generated_Source\PSoC6\pdl\drivers\peripheral\sysanalog/cy_sysanalog.c ****     /*.vref       */ CY_SYSANALOG_VREF_SOURCE_SRSS,
  35:Generated_Source\PSoC6\pdl\drivers\peripheral\sysanalog/cy_sysanalog.c ****     /*.deepSleep  */ CY_SYSANALOG_DEEPSLEEP_DISABLE,
  36:Generated_Source\PSoC6\pdl\drivers\peripheral\sysanalog/cy_sysanalog.c **** };
  37:Generated_Source\PSoC6\pdl\drivers\peripheral\sysanalog/cy_sysanalog.c **** 
  38:Generated_Source\PSoC6\pdl\drivers\peripheral\sysanalog/cy_sysanalog.c **** /* Configure the AREF to use the external Vref and local IZTAT. Can be used with \ref Cy_SysAnalog_
  39:Generated_Source\PSoC6\pdl\drivers\peripheral\sysanalog/cy_sysanalog.c **** const cy_stc_sysanalog_config_t Cy_SysAnalog_Fast_External =
  40:Generated_Source\PSoC6\pdl\drivers\peripheral\sysanalog/cy_sysanalog.c **** {
  41:Generated_Source\PSoC6\pdl\drivers\peripheral\sysanalog/cy_sysanalog.c ****     /*.startup    */ CY_SYSANALOG_STARTUP_FAST,
  42:Generated_Source\PSoC6\pdl\drivers\peripheral\sysanalog/cy_sysanalog.c ****     /*.iztat      */ CY_SYSANALOG_IZTAT_SOURCE_LOCAL,
  43:Generated_Source\PSoC6\pdl\drivers\peripheral\sysanalog/cy_sysanalog.c ****     /*.vref       */ CY_SYSANALOG_VREF_SOURCE_EXTERNAL,
ARM GAS  C:\Users\ikomb\AppData\Local\Temp\cc4IQPu2.s 			page 3


  44:Generated_Source\PSoC6\pdl\drivers\peripheral\sysanalog/cy_sysanalog.c ****     /*.deepSleep  */ CY_SYSANALOG_DEEPSLEEP_DISABLE,
  45:Generated_Source\PSoC6\pdl\drivers\peripheral\sysanalog/cy_sysanalog.c **** };
  46:Generated_Source\PSoC6\pdl\drivers\peripheral\sysanalog/cy_sysanalog.c **** 
  47:Generated_Source\PSoC6\pdl\drivers\peripheral\sysanalog/cy_sysanalog.c **** /*******************************************************************************
  48:Generated_Source\PSoC6\pdl\drivers\peripheral\sysanalog/cy_sysanalog.c **** * Function Name: Cy_SysAnalog_Init
  49:Generated_Source\PSoC6\pdl\drivers\peripheral\sysanalog/cy_sysanalog.c **** ****************************************************************************//**
  50:Generated_Source\PSoC6\pdl\drivers\peripheral\sysanalog/cy_sysanalog.c **** *
  51:Generated_Source\PSoC6\pdl\drivers\peripheral\sysanalog/cy_sysanalog.c **** * Initialize the AREF block.
  52:Generated_Source\PSoC6\pdl\drivers\peripheral\sysanalog/cy_sysanalog.c **** *
  53:Generated_Source\PSoC6\pdl\drivers\peripheral\sysanalog/cy_sysanalog.c **** * \param config
  54:Generated_Source\PSoC6\pdl\drivers\peripheral\sysanalog/cy_sysanalog.c **** * Pointer to structure containing configuration data. See \ref cy_stc_sysanalog_config_t
  55:Generated_Source\PSoC6\pdl\drivers\peripheral\sysanalog/cy_sysanalog.c **** *
  56:Generated_Source\PSoC6\pdl\drivers\peripheral\sysanalog/cy_sysanalog.c **** * \return
  57:Generated_Source\PSoC6\pdl\drivers\peripheral\sysanalog/cy_sysanalog.c **** * - \ref CY_SYSANALOG_SUCCESS : initialization complete
  58:Generated_Source\PSoC6\pdl\drivers\peripheral\sysanalog/cy_sysanalog.c **** * - \ref CY_SYSANALOG_BAD_PARAM : input pointers are null, initialization incomplete
  59:Generated_Source\PSoC6\pdl\drivers\peripheral\sysanalog/cy_sysanalog.c **** *
  60:Generated_Source\PSoC6\pdl\drivers\peripheral\sysanalog/cy_sysanalog.c **** * \funcusage
  61:Generated_Source\PSoC6\pdl\drivers\peripheral\sysanalog/cy_sysanalog.c **** *
  62:Generated_Source\PSoC6\pdl\drivers\peripheral\sysanalog/cy_sysanalog.c **** * \snippet sysanalog_sut_01.cydsn/main_cm0p.c SYSANA_SNIPPET_INIT
  63:Generated_Source\PSoC6\pdl\drivers\peripheral\sysanalog/cy_sysanalog.c **** *
  64:Generated_Source\PSoC6\pdl\drivers\peripheral\sysanalog/cy_sysanalog.c **** *******************************************************************************/
  65:Generated_Source\PSoC6\pdl\drivers\peripheral\sysanalog/cy_sysanalog.c **** cy_en_sysanalog_status_t Cy_SysAnalog_Init(const cy_stc_sysanalog_config_t *config)
  66:Generated_Source\PSoC6\pdl\drivers\peripheral\sysanalog/cy_sysanalog.c **** {
  64              		.loc 1 66 0
  65              		.cfi_startproc
  66              		@ args = 0, pretend = 0, frame = 16
  67              		@ frame_needed = 1, uses_anonymous_args = 0
  68 0000 80B5     		push	{r7, lr}
  69              		.cfi_def_cfa_offset 8
  70              		.cfi_offset 7, -8
  71              		.cfi_offset 14, -4
  72 0002 84B0     		sub	sp, sp, #16
  73              		.cfi_def_cfa_offset 24
  74 0004 00AF     		add	r7, sp, #0
  75              		.cfi_def_cfa_register 7
  76 0006 7860     		str	r0, [r7, #4]
  67:Generated_Source\PSoC6\pdl\drivers\peripheral\sysanalog/cy_sysanalog.c ****     CY_ASSERT_L1(NULL != config);
  77              		.loc 1 67 0
  78 0008 7B68     		ldr	r3, [r7, #4]
  79 000a 002B     		cmp	r3, #0
  80 000c 03D1     		bne	.L2
  81              		.loc 1 67 0 is_stmt 0 discriminator 1
  82 000e 4321     		movs	r1, #67
  83 0010 3348     		ldr	r0, .L10
  84 0012 FFF7FEFF 		bl	Cy_SysLib_AssertFailed
  85              	.L2:
  68:Generated_Source\PSoC6\pdl\drivers\peripheral\sysanalog/cy_sysanalog.c **** 
  69:Generated_Source\PSoC6\pdl\drivers\peripheral\sysanalog/cy_sysanalog.c ****     cy_en_sysanalog_status_t result;
  70:Generated_Source\PSoC6\pdl\drivers\peripheral\sysanalog/cy_sysanalog.c ****     uint32_t ctrlReg = CY_SYSANALOG_DEINIT;
  86              		.loc 1 70 0 is_stmt 1
  87 0016 0023     		movs	r3, #0
  88 0018 BB60     		str	r3, [r7, #8]
  71:Generated_Source\PSoC6\pdl\drivers\peripheral\sysanalog/cy_sysanalog.c **** 
  72:Generated_Source\PSoC6\pdl\drivers\peripheral\sysanalog/cy_sysanalog.c ****     if (NULL == config)
  89              		.loc 1 72 0
  90 001a 7B68     		ldr	r3, [r7, #4]
  91 001c 002B     		cmp	r3, #0
ARM GAS  C:\Users\ikomb\AppData\Local\Temp\cc4IQPu2.s 			page 4


  92 001e 02D1     		bne	.L3
  73:Generated_Source\PSoC6\pdl\drivers\peripheral\sysanalog/cy_sysanalog.c ****     {
  74:Generated_Source\PSoC6\pdl\drivers\peripheral\sysanalog/cy_sysanalog.c ****         result = CY_SYSANALOG_BAD_PARAM;
  93              		.loc 1 74 0
  94 0020 304B     		ldr	r3, .L10+4
  95 0022 FB60     		str	r3, [r7, #12]
  96 0024 56E0     		b	.L4
  97              	.L3:
  75:Generated_Source\PSoC6\pdl\drivers\peripheral\sysanalog/cy_sysanalog.c ****     }
  76:Generated_Source\PSoC6\pdl\drivers\peripheral\sysanalog/cy_sysanalog.c ****     else
  77:Generated_Source\PSoC6\pdl\drivers\peripheral\sysanalog/cy_sysanalog.c ****     {
  78:Generated_Source\PSoC6\pdl\drivers\peripheral\sysanalog/cy_sysanalog.c ****         CY_ASSERT_L3(CY_SYSANALOG_STARTUP(config->startup));
  98              		.loc 1 78 0
  99 0026 7B68     		ldr	r3, [r7, #4]
 100 0028 1B78     		ldrb	r3, [r3]	@ zero_extendqisi2
 101 002a 002B     		cmp	r3, #0
 102 002c 07D0     		beq	.L5
 103              		.loc 1 78 0 is_stmt 0 discriminator 1
 104 002e 7B68     		ldr	r3, [r7, #4]
 105 0030 1B78     		ldrb	r3, [r3]	@ zero_extendqisi2
 106 0032 012B     		cmp	r3, #1
 107 0034 03D0     		beq	.L5
 108              		.loc 1 78 0 discriminator 2
 109 0036 4E21     		movs	r1, #78
 110 0038 2948     		ldr	r0, .L10
 111 003a FFF7FEFF 		bl	Cy_SysLib_AssertFailed
 112              	.L5:
  79:Generated_Source\PSoC6\pdl\drivers\peripheral\sysanalog/cy_sysanalog.c ****         CY_ASSERT_L3(CY_SYSANALOG_DEEPSLEEP(config->deepSleep));
 113              		.loc 1 79 0 is_stmt 1
 114 003e 7B68     		ldr	r3, [r7, #4]
 115 0040 DB68     		ldr	r3, [r3, #12]
 116 0042 002B     		cmp	r3, #0
 117 0044 12D0     		beq	.L6
 118              		.loc 1 79 0 is_stmt 0 discriminator 1
 119 0046 7B68     		ldr	r3, [r7, #4]
 120 0048 DB68     		ldr	r3, [r3, #12]
 121 004a B3F1A04F 		cmp	r3, #1342177280
 122 004e 0DD0     		beq	.L6
 123              		.loc 1 79 0 discriminator 2
 124 0050 7B68     		ldr	r3, [r7, #4]
 125 0052 DB68     		ldr	r3, [r3, #12]
 126 0054 B3F1C04F 		cmp	r3, #1610612736
 127 0058 08D0     		beq	.L6
 128              		.loc 1 79 0 discriminator 3
 129 005a 7B68     		ldr	r3, [r7, #4]
 130 005c DB68     		ldr	r3, [r3, #12]
 131 005e B3F1E04F 		cmp	r3, #1879048192
 132 0062 03D0     		beq	.L6
 133              		.loc 1 79 0 discriminator 4
 134 0064 4F21     		movs	r1, #79
 135 0066 1E48     		ldr	r0, .L10
 136 0068 FFF7FEFF 		bl	Cy_SysLib_AssertFailed
 137              	.L6:
  80:Generated_Source\PSoC6\pdl\drivers\peripheral\sysanalog/cy_sysanalog.c ****         CY_ASSERT_L3(CY_SYSANALOG_VREF(config->vref));
 138              		.loc 1 80 0 is_stmt 1
 139 006c 7B68     		ldr	r3, [r7, #4]
 140 006e 9B68     		ldr	r3, [r3, #8]
ARM GAS  C:\Users\ikomb\AppData\Local\Temp\cc4IQPu2.s 			page 5


 141 0070 002B     		cmp	r3, #0
 142 0072 0DD0     		beq	.L7
 143              		.loc 1 80 0 is_stmt 0 discriminator 1
 144 0074 7B68     		ldr	r3, [r7, #4]
 145 0076 9B68     		ldr	r3, [r3, #8]
 146 0078 B3F5801F 		cmp	r3, #1048576
 147 007c 08D0     		beq	.L7
 148              		.loc 1 80 0 discriminator 2
 149 007e 7B68     		ldr	r3, [r7, #4]
 150 0080 9B68     		ldr	r3, [r3, #8]
 151 0082 B3F5001F 		cmp	r3, #2097152
 152 0086 03D0     		beq	.L7
 153              		.loc 1 80 0 discriminator 3
 154 0088 5021     		movs	r1, #80
 155 008a 1548     		ldr	r0, .L10
 156 008c FFF7FEFF 		bl	Cy_SysLib_AssertFailed
 157              	.L7:
  81:Generated_Source\PSoC6\pdl\drivers\peripheral\sysanalog/cy_sysanalog.c ****         CY_ASSERT_L3(CY_SYSANALOG_IZTAT(config->iztat));
 158              		.loc 1 81 0 is_stmt 1
 159 0090 7B68     		ldr	r3, [r7, #4]
 160 0092 5B68     		ldr	r3, [r3, #4]
 161 0094 002B     		cmp	r3, #0
 162 0096 08D0     		beq	.L8
 163              		.loc 1 81 0 is_stmt 0 discriminator 1
 164 0098 7B68     		ldr	r3, [r7, #4]
 165 009a 5B68     		ldr	r3, [r3, #4]
 166 009c B3F5803F 		cmp	r3, #65536
 167 00a0 03D0     		beq	.L8
 168              		.loc 1 81 0 discriminator 2
 169 00a2 5121     		movs	r1, #81
 170 00a4 0E48     		ldr	r0, .L10
 171 00a6 FFF7FEFF 		bl	Cy_SysLib_AssertFailed
 172              	.L8:
  82:Generated_Source\PSoC6\pdl\drivers\peripheral\sysanalog/cy_sysanalog.c **** 
  83:Generated_Source\PSoC6\pdl\drivers\peripheral\sysanalog/cy_sysanalog.c ****         ctrlReg = (uint32_t) config->startup \
 173              		.loc 1 83 0 is_stmt 1
 174 00aa 7B68     		ldr	r3, [r7, #4]
 175 00ac 1B78     		ldrb	r3, [r3]	@ zero_extendqisi2
  84:Generated_Source\PSoC6\pdl\drivers\peripheral\sysanalog/cy_sysanalog.c ****                   | CY_SYSANALOG_DEFAULT_BIAS_SCALE \
 176              		.loc 1 84 0
 177 00ae 43F00403 		orr	r3, r3, #4
 178 00b2 DBB2     		uxtb	r3, r3
 179 00b4 1A46     		mov	r2, r3
  85:Generated_Source\PSoC6\pdl\drivers\peripheral\sysanalog/cy_sysanalog.c ****                   | (uint32_t) config->iztat \
 180              		.loc 1 85 0
 181 00b6 7B68     		ldr	r3, [r7, #4]
 182 00b8 5B68     		ldr	r3, [r3, #4]
 183 00ba 1A43     		orrs	r2, r2, r3
  86:Generated_Source\PSoC6\pdl\drivers\peripheral\sysanalog/cy_sysanalog.c ****                   | (uint32_t) config->vref \
 184              		.loc 1 86 0
 185 00bc 7B68     		ldr	r3, [r7, #4]
 186 00be 9B68     		ldr	r3, [r3, #8]
 187 00c0 1A43     		orrs	r2, r2, r3
  87:Generated_Source\PSoC6\pdl\drivers\peripheral\sysanalog/cy_sysanalog.c ****                   | (uint32_t) config->deepSleep;
 188              		.loc 1 87 0
 189 00c2 7B68     		ldr	r3, [r7, #4]
 190 00c4 DB68     		ldr	r3, [r3, #12]
ARM GAS  C:\Users\ikomb\AppData\Local\Temp\cc4IQPu2.s 			page 6


  83:Generated_Source\PSoC6\pdl\drivers\peripheral\sysanalog/cy_sysanalog.c ****                   | CY_SYSANALOG_DEFAULT_BIAS_SCALE \
 191              		.loc 1 83 0
 192 00c6 1343     		orrs	r3, r3, r2
 193 00c8 BB60     		str	r3, [r7, #8]
  88:Generated_Source\PSoC6\pdl\drivers\peripheral\sysanalog/cy_sysanalog.c **** 
  89:Generated_Source\PSoC6\pdl\drivers\peripheral\sysanalog/cy_sysanalog.c ****         PASS_AREF->AREF_CTRL = ctrlReg;
 194              		.loc 1 89 0
 195 00ca 074A     		ldr	r2, .L10+8
 196 00cc BB68     		ldr	r3, [r7, #8]
 197 00ce 1360     		str	r3, [r2]
  90:Generated_Source\PSoC6\pdl\drivers\peripheral\sysanalog/cy_sysanalog.c **** 
  91:Generated_Source\PSoC6\pdl\drivers\peripheral\sysanalog/cy_sysanalog.c ****         result = CY_SYSANALOG_SUCCESS;
 198              		.loc 1 91 0
 199 00d0 0023     		movs	r3, #0
 200 00d2 FB60     		str	r3, [r7, #12]
 201              	.L4:
  92:Generated_Source\PSoC6\pdl\drivers\peripheral\sysanalog/cy_sysanalog.c ****     }
  93:Generated_Source\PSoC6\pdl\drivers\peripheral\sysanalog/cy_sysanalog.c **** 
  94:Generated_Source\PSoC6\pdl\drivers\peripheral\sysanalog/cy_sysanalog.c ****     return result;
 202              		.loc 1 94 0
 203 00d4 FB68     		ldr	r3, [r7, #12]
  95:Generated_Source\PSoC6\pdl\drivers\peripheral\sysanalog/cy_sysanalog.c **** }
 204              		.loc 1 95 0
 205 00d6 1846     		mov	r0, r3
 206 00d8 1037     		adds	r7, r7, #16
 207              		.cfi_def_cfa_offset 8
 208 00da BD46     		mov	sp, r7
 209              		.cfi_def_cfa_register 13
 210              		@ sp needed
 211 00dc 80BD     		pop	{r7, pc}
 212              	.L11:
 213 00de 00BF     		.align	2
 214              	.L10:
 215 00e0 30000000 		.word	.LC0
 216 00e4 01005E00 		.word	6160385
 217 00e8 000E1F41 		.word	1092554240
 218              		.cfi_endproc
 219              	.LFE167:
 220              		.size	Cy_SysAnalog_Init, .-Cy_SysAnalog_Init
 221              		.text
 222              	.Letext0:
 223              		.file 2 "c:\\program files (x86)\\cypress\\psoc creator\\4.4\\psoc creator\\import\\gnu\\arm\\5.4.
 224              		.file 3 "c:\\program files (x86)\\cypress\\psoc creator\\4.4\\psoc creator\\import\\gnu\\arm\\5.4.
 225              		.file 4 "Generated_Source\\PSoC6\\pdl\\devices/psoc6/ip/cyip_pass.h"
 226              		.file 5 "Generated_Source\\PSoC6\\pdl\\drivers/peripheral/syslib/cy_syslib.h"
 227              		.file 6 "Generated_Source\\PSoC6\\pdl\\drivers\\peripheral\\sysanalog\\cy_sysanalog.h"
 228              		.file 7 "Generated_Source\\PSoC6\\pdl\\cmsis/include/core_cm4.h"
 229              		.section	.debug_info,"",%progbits
 230              	.Ldebug_info0:
 231 0000 8B030000 		.4byte	0x38b
 232 0004 0400     		.2byte	0x4
 233 0006 00000000 		.4byte	.Ldebug_abbrev0
 234 000a 04       		.byte	0x4
 235 000b 01       		.uleb128 0x1
 236 000c 27020000 		.4byte	.LASF62
 237 0010 0C       		.byte	0xc
 238 0011 C3010000 		.4byte	.LASF63
ARM GAS  C:\Users\ikomb\AppData\Local\Temp\cc4IQPu2.s 			page 7


 239 0015 32030000 		.4byte	.LASF64
 240 0019 00000000 		.4byte	.Ldebug_ranges0+0
 241 001d 00000000 		.4byte	0
 242 0021 00000000 		.4byte	.Ldebug_line0
 243 0025 02       		.uleb128 0x2
 244 0026 01       		.byte	0x1
 245 0027 06       		.byte	0x6
 246 0028 C3030000 		.4byte	.LASF0
 247 002c 02       		.uleb128 0x2
 248 002d 01       		.byte	0x1
 249 002e 08       		.byte	0x8
 250 002f 9E030000 		.4byte	.LASF1
 251 0033 02       		.uleb128 0x2
 252 0034 02       		.byte	0x2
 253 0035 05       		.byte	0x5
 254 0036 7F000000 		.4byte	.LASF2
 255 003a 02       		.uleb128 0x2
 256 003b 02       		.byte	0x2
 257 003c 07       		.byte	0x7
 258 003d 39040000 		.4byte	.LASF3
 259 0041 03       		.uleb128 0x3
 260 0042 F4040000 		.4byte	.LASF5
 261 0046 02       		.byte	0x2
 262 0047 3F       		.byte	0x3f
 263 0048 4C000000 		.4byte	0x4c
 264 004c 02       		.uleb128 0x2
 265 004d 04       		.byte	0x4
 266 004e 05       		.byte	0x5
 267 004f DA020000 		.4byte	.LASF4
 268 0053 03       		.uleb128 0x3
 269 0054 C8000000 		.4byte	.LASF6
 270 0058 02       		.byte	0x2
 271 0059 41       		.byte	0x41
 272 005a 5E000000 		.4byte	0x5e
 273 005e 02       		.uleb128 0x2
 274 005f 04       		.byte	0x4
 275 0060 07       		.byte	0x7
 276 0061 A7040000 		.4byte	.LASF7
 277 0065 02       		.uleb128 0x2
 278 0066 08       		.byte	0x8
 279 0067 05       		.byte	0x5
 280 0068 B5010000 		.4byte	.LASF8
 281 006c 02       		.uleb128 0x2
 282 006d 08       		.byte	0x8
 283 006e 07       		.byte	0x7
 284 006f CF030000 		.4byte	.LASF9
 285 0073 04       		.uleb128 0x4
 286 0074 04       		.byte	0x4
 287 0075 05       		.byte	0x5
 288 0076 696E7400 		.ascii	"int\000"
 289 007a 02       		.uleb128 0x2
 290 007b 04       		.byte	0x4
 291 007c 07       		.byte	0x7
 292 007d 0D040000 		.4byte	.LASF10
 293 0081 03       		.uleb128 0x3
 294 0082 6B040000 		.4byte	.LASF11
 295 0086 03       		.byte	0x3
ARM GAS  C:\Users\ikomb\AppData\Local\Temp\cc4IQPu2.s 			page 8


 296 0087 2C       		.byte	0x2c
 297 0088 41000000 		.4byte	0x41
 298 008c 03       		.uleb128 0x3
 299 008d E6030000 		.4byte	.LASF12
 300 0091 03       		.byte	0x3
 301 0092 30       		.byte	0x30
 302 0093 53000000 		.4byte	0x53
 303 0097 02       		.uleb128 0x2
 304 0098 08       		.byte	0x8
 305 0099 04       		.byte	0x4
 306 009a 92030000 		.4byte	.LASF13
 307 009e 02       		.uleb128 0x2
 308 009f 04       		.byte	0x4
 309 00a0 07       		.byte	0x7
 310 00a1 91000000 		.4byte	.LASF14
 311 00a5 05       		.uleb128 0x5
 312 00a6 8C000000 		.4byte	0x8c
 313 00aa 06       		.uleb128 0x6
 314 00ab A5000000 		.4byte	0xa5
 315 00af 07       		.uleb128 0x7
 316 00b0 AA000000 		.4byte	0xaa
 317 00b4 BF000000 		.4byte	0xbf
 318 00b8 08       		.uleb128 0x8
 319 00b9 9E000000 		.4byte	0x9e
 320 00bd 3E       		.byte	0x3e
 321 00be 00       		.byte	0
 322 00bf 09       		.uleb128 0x9
 323 00c0 0001     		.2byte	0x100
 324 00c2 04       		.byte	0x4
 325 00c3 22       		.byte	0x22
 326 00c4 E1000000 		.4byte	0xe1
 327 00c8 0A       		.uleb128 0xa
 328 00c9 03010000 		.4byte	.LASF15
 329 00cd 04       		.byte	0x4
 330 00ce 23       		.byte	0x23
 331 00cf A5000000 		.4byte	0xa5
 332 00d3 00       		.byte	0
 333 00d4 0A       		.uleb128 0xa
 334 00d5 37050000 		.4byte	.LASF16
 335 00d9 04       		.byte	0x4
 336 00da 24       		.byte	0x24
 337 00db E6000000 		.4byte	0xe6
 338 00df 04       		.byte	0x4
 339 00e0 00       		.byte	0
 340 00e1 05       		.uleb128 0x5
 341 00e2 AF000000 		.4byte	0xaf
 342 00e6 06       		.uleb128 0x6
 343 00e7 E1000000 		.4byte	0xe1
 344 00eb 03       		.uleb128 0x3
 345 00ec B9000000 		.4byte	.LASF17
 346 00f0 04       		.byte	0x4
 347 00f1 25       		.byte	0x25
 348 00f2 BF000000 		.4byte	0xbf
 349 00f6 09       		.uleb128 0x9
 350 00f7 200F     		.2byte	0xf20
 351 00f9 04       		.byte	0x4
 352 00fa 2A       		.byte	0x2a
ARM GAS  C:\Users\ikomb\AppData\Local\Temp\cc4IQPu2.s 			page 9


 353 00fb 8D010000 		.4byte	0x18d
 354 00ff 0A       		.uleb128 0xa
 355 0100 AC030000 		.4byte	.LASF18
 356 0104 04       		.byte	0x4
 357 0105 2B       		.byte	0x2b
 358 0106 AA000000 		.4byte	0xaa
 359 010a 00       		.byte	0
 360 010b 0A       		.uleb128 0xa
 361 010c 37050000 		.4byte	.LASF16
 362 0110 04       		.byte	0x4
 363 0111 2C       		.byte	0x2c
 364 0112 A3010000 		.4byte	0x1a3
 365 0116 04       		.byte	0x4
 366 0117 0B       		.uleb128 0xb
 367 0118 A2040000 		.4byte	.LASF19
 368 011c 04       		.byte	0x4
 369 011d 2D       		.byte	0x2d
 370 011e EB000000 		.4byte	0xeb
 371 0122 000E     		.2byte	0xe00
 372 0124 0B       		.uleb128 0xb
 373 0125 2C050000 		.4byte	.LASF20
 374 0129 04       		.byte	0x4
 375 012a 2E       		.byte	0x2e
 376 012b A5000000 		.4byte	0xa5
 377 012f 000F     		.2byte	0xf00
 378 0131 0B       		.uleb128 0xb
 379 0132 4E010000 		.4byte	.LASF21
 380 0136 04       		.byte	0x4
 381 0137 2F       		.byte	0x2f
 382 0138 A5000000 		.4byte	0xa5
 383 013c 040F     		.2byte	0xf04
 384 013e 0B       		.uleb128 0xb
 385 013f 59010000 		.4byte	.LASF22
 386 0143 04       		.byte	0x4
 387 0144 30       		.byte	0x30
 388 0145 A5000000 		.4byte	0xa5
 389 0149 080F     		.2byte	0xf08
 390 014b 0B       		.uleb128 0xb
 391 014c 64010000 		.4byte	.LASF23
 392 0150 04       		.byte	0x4
 393 0151 31       		.byte	0x31
 394 0152 A5000000 		.4byte	0xa5
 395 0156 0C0F     		.2byte	0xf0c
 396 0158 0B       		.uleb128 0xb
 397 0159 07000000 		.4byte	.LASF24
 398 015d 04       		.byte	0x4
 399 015e 32       		.byte	0x32
 400 015f A5000000 		.4byte	0xa5
 401 0163 100F     		.2byte	0xf10
 402 0165 0B       		.uleb128 0xb
 403 0166 13000000 		.4byte	.LASF25
 404 016a 04       		.byte	0x4
 405 016b 33       		.byte	0x33
 406 016c A5000000 		.4byte	0xa5
 407 0170 140F     		.2byte	0xf14
 408 0172 0B       		.uleb128 0xb
 409 0173 B7030000 		.4byte	.LASF26
ARM GAS  C:\Users\ikomb\AppData\Local\Temp\cc4IQPu2.s 			page 10


 410 0177 04       		.byte	0x4
 411 0178 34       		.byte	0x34
 412 0179 A5000000 		.4byte	0xa5
 413 017d 180F     		.2byte	0xf18
 414 017f 0B       		.uleb128 0xb
 415 0180 CD040000 		.4byte	.LASF27
 416 0184 04       		.byte	0x4
 417 0185 35       		.byte	0x35
 418 0186 A5000000 		.4byte	0xa5
 419 018a 1C0F     		.2byte	0xf1c
 420 018c 00       		.byte	0
 421 018d 07       		.uleb128 0x7
 422 018e AA000000 		.4byte	0xaa
 423 0192 9E010000 		.4byte	0x19e
 424 0196 0C       		.uleb128 0xc
 425 0197 9E000000 		.4byte	0x9e
 426 019b 7E03     		.2byte	0x37e
 427 019d 00       		.byte	0
 428 019e 05       		.uleb128 0x5
 429 019f 8D010000 		.4byte	0x18d
 430 01a3 06       		.uleb128 0x6
 431 01a4 9E010000 		.4byte	0x19e
 432 01a8 03       		.uleb128 0x3
 433 01a9 D3000000 		.4byte	.LASF28
 434 01ad 04       		.byte	0x4
 435 01ae 36       		.byte	0x36
 436 01af F6000000 		.4byte	0xf6
 437 01b3 0D       		.uleb128 0xd
 438 01b4 07030000 		.4byte	.LASF29
 439 01b8 05       		.byte	0x5
 440 01b9 C401     		.2byte	0x1c4
 441 01bb BF010000 		.4byte	0x1bf
 442 01bf 02       		.uleb128 0x2
 443 01c0 01       		.byte	0x1
 444 01c1 08       		.byte	0x8
 445 01c2 4C040000 		.4byte	.LASF30
 446 01c6 02       		.uleb128 0x2
 447 01c7 04       		.byte	0x4
 448 01c8 04       		.byte	0x4
 449 01c9 AF010000 		.4byte	.LASF31
 450 01cd 02       		.uleb128 0x2
 451 01ce 08       		.byte	0x8
 452 01cf 04       		.byte	0x4
 453 01d0 B9040000 		.4byte	.LASF32
 454 01d4 0E       		.uleb128 0xe
 455 01d5 04       		.byte	0x4
 456 01d6 7A000000 		.4byte	0x7a
 457 01da 06       		.byte	0x6
 458 01db CB       		.byte	0xcb
 459 01dc F0010000 		.4byte	0x1f0
 460 01e0 0F       		.uleb128 0xf
 461 01e1 73040000 		.4byte	.LASF33
 462 01e5 00       		.byte	0
 463 01e6 10       		.uleb128 0x10
 464 01e7 2D010000 		.4byte	.LASF34
 465 01eb 01005E00 		.4byte	0x5e0001
 466 01ef 00       		.byte	0
ARM GAS  C:\Users\ikomb\AppData\Local\Temp\cc4IQPu2.s 			page 11


 467 01f0 03       		.uleb128 0x3
 468 01f1 48050000 		.4byte	.LASF35
 469 01f5 06       		.byte	0x6
 470 01f6 CE       		.byte	0xce
 471 01f7 D4010000 		.4byte	0x1d4
 472 01fb 0E       		.uleb128 0xe
 473 01fc 01       		.byte	0x1
 474 01fd 2C000000 		.4byte	0x2c
 475 0201 06       		.byte	0x6
 476 0202 D8       		.byte	0xd8
 477 0203 14020000 		.4byte	0x214
 478 0207 0F       		.uleb128 0xf
 479 0208 10050000 		.4byte	.LASF36
 480 020c 00       		.byte	0
 481 020d 0F       		.uleb128 0xf
 482 020e 88040000 		.4byte	.LASF37
 483 0212 01       		.byte	0x1
 484 0213 00       		.byte	0
 485 0214 03       		.uleb128 0x3
 486 0215 7D050000 		.4byte	.LASF38
 487 0219 06       		.byte	0x6
 488 021a DB       		.byte	0xdb
 489 021b FB010000 		.4byte	0x1fb
 490 021f 0E       		.uleb128 0xe
 491 0220 04       		.byte	0x4
 492 0221 7A000000 		.4byte	0x7a
 493 0225 06       		.byte	0x6
 494 0226 E5       		.byte	0xe5
 495 0227 44020000 		.4byte	0x244
 496 022b 0F       		.uleb128 0xf
 497 022c 14030000 		.4byte	.LASF39
 498 0230 00       		.byte	0
 499 0231 10       		.uleb128 0x10
 500 0232 E3020000 		.4byte	.LASF40
 501 0236 00001000 		.4byte	0x100000
 502 023a 10       		.uleb128 0x10
 503 023b 5D000000 		.4byte	.LASF41
 504 023f 00002000 		.4byte	0x200000
 505 0243 00       		.byte	0
 506 0244 03       		.uleb128 0x3
 507 0245 EF030000 		.4byte	.LASF42
 508 0249 06       		.byte	0x6
 509 024a E9       		.byte	0xe9
 510 024b 1F020000 		.4byte	0x21f
 511 024f 0E       		.uleb128 0xe
 512 0250 04       		.byte	0x4
 513 0251 7A000000 		.4byte	0x7a
 514 0255 06       		.byte	0x6
 515 0256 F4       		.byte	0xf4
 516 0257 6B020000 		.4byte	0x26b
 517 025b 0F       		.uleb128 0xf
 518 025c 1A040000 		.4byte	.LASF43
 519 0260 00       		.byte	0
 520 0261 10       		.uleb128 0x10
 521 0262 0D010000 		.4byte	.LASF44
 522 0266 00000100 		.4byte	0x10000
 523 026a 00       		.byte	0
ARM GAS  C:\Users\ikomb\AppData\Local\Temp\cc4IQPu2.s 			page 12


 524 026b 03       		.uleb128 0x3
 525 026c E4000000 		.4byte	.LASF45
 526 0270 06       		.byte	0x6
 527 0271 F7       		.byte	0xf7
 528 0272 4F020000 		.4byte	0x24f
 529 0276 11       		.uleb128 0x11
 530 0277 04       		.byte	0x4
 531 0278 7A000000 		.4byte	0x7a
 532 027c 06       		.byte	0x6
 533 027d 0301     		.2byte	0x103
 534 027f A5020000 		.4byte	0x2a5
 535 0283 0F       		.uleb128 0xf
 536 0284 9A000000 		.4byte	.LASF46
 537 0288 00       		.byte	0
 538 0289 10       		.uleb128 0x10
 539 028a 1F000000 		.4byte	.LASF47
 540 028e 00000050 		.4byte	0x50000000
 541 0292 10       		.uleb128 0x10
 542 0293 3E000000 		.4byte	.LASF48
 543 0297 00000060 		.4byte	0x60000000
 544 029b 10       		.uleb128 0x10
 545 029c 87010000 		.4byte	.LASF49
 546 02a0 00000070 		.4byte	0x70000000
 547 02a4 00       		.byte	0
 548 02a5 0D       		.uleb128 0xd
 549 02a6 0A020000 		.4byte	.LASF50
 550 02aa 06       		.byte	0x6
 551 02ab 0C01     		.2byte	0x10c
 552 02ad 76020000 		.4byte	0x276
 553 02b1 12       		.uleb128 0x12
 554 02b2 10       		.byte	0x10
 555 02b3 06       		.byte	0x6
 556 02b4 3001     		.2byte	0x130
 557 02b6 EF020000 		.4byte	0x2ef
 558 02ba 13       		.uleb128 0x13
 559 02bb 40050000 		.4byte	.LASF51
 560 02bf 06       		.byte	0x6
 561 02c0 3201     		.2byte	0x132
 562 02c2 14020000 		.4byte	0x214
 563 02c6 00       		.byte	0
 564 02c7 13       		.uleb128 0x13
 565 02c8 0E030000 		.4byte	.LASF52
 566 02cc 06       		.byte	0x6
 567 02cd 3301     		.2byte	0x133
 568 02cf 6B020000 		.4byte	0x26b
 569 02d3 04       		.byte	0x4
 570 02d4 13       		.uleb128 0x13
 571 02d5 61050000 		.4byte	.LASF53
 572 02d9 06       		.byte	0x6
 573 02da 3401     		.2byte	0x134
 574 02dc 44020000 		.4byte	0x244
 575 02e0 08       		.byte	0x8
 576 02e1 13       		.uleb128 0x13
 577 02e2 44010000 		.4byte	.LASF54
 578 02e6 06       		.byte	0x6
 579 02e7 3501     		.2byte	0x135
 580 02e9 A5020000 		.4byte	0x2a5
ARM GAS  C:\Users\ikomb\AppData\Local\Temp\cc4IQPu2.s 			page 13


 581 02ed 0C       		.byte	0xc
 582 02ee 00       		.byte	0
 583 02ef 0D       		.uleb128 0xd
 584 02f0 51040000 		.4byte	.LASF55
 585 02f4 06       		.byte	0x6
 586 02f5 3601     		.2byte	0x136
 587 02f7 B1020000 		.4byte	0x2b1
 588 02fb 14       		.uleb128 0x14
 589 02fc FE040000 		.4byte	.LASF65
 590 0300 01       		.byte	0x1
 591 0301 41       		.byte	0x41
 592 0302 F0010000 		.4byte	0x1f0
 593 0306 00000000 		.4byte	.LFB167
 594 030a EC000000 		.4byte	.LFE167-.LFB167
 595 030e 01       		.uleb128 0x1
 596 030f 9C       		.byte	0x9c
 597 0310 3F030000 		.4byte	0x33f
 598 0314 15       		.uleb128 0x15
 599 0315 DD000000 		.4byte	.LASF66
 600 0319 01       		.byte	0x1
 601 031a 41       		.byte	0x41
 602 031b 3F030000 		.4byte	0x33f
 603 031f 02       		.uleb128 0x2
 604 0320 91       		.byte	0x91
 605 0321 6C       		.sleb128 -20
 606 0322 16       		.uleb128 0x16
 607 0323 00000000 		.4byte	.LASF56
 608 0327 01       		.byte	0x1
 609 0328 45       		.byte	0x45
 610 0329 F0010000 		.4byte	0x1f0
 611 032d 02       		.uleb128 0x2
 612 032e 91       		.byte	0x91
 613 032f 74       		.sleb128 -12
 614 0330 16       		.uleb128 0x16
 615 0331 89000000 		.4byte	.LASF57
 616 0335 01       		.byte	0x1
 617 0336 46       		.byte	0x46
 618 0337 8C000000 		.4byte	0x8c
 619 033b 02       		.uleb128 0x2
 620 033c 91       		.byte	0x91
 621 033d 70       		.sleb128 -16
 622 033e 00       		.byte	0
 623 033f 17       		.uleb128 0x17
 624 0340 04       		.byte	0x4
 625 0341 45030000 		.4byte	0x345
 626 0345 06       		.uleb128 0x6
 627 0346 EF020000 		.4byte	0x2ef
 628 034a 18       		.uleb128 0x18
 629 034b C0040000 		.4byte	.LASF58
 630 034f 07       		.byte	0x7
 631 0350 EA07     		.2byte	0x7ea
 632 0352 56030000 		.4byte	0x356
 633 0356 05       		.uleb128 0x5
 634 0357 81000000 		.4byte	0x81
 635 035b 19       		.uleb128 0x19
 636 035c 6F010000 		.4byte	.LASF59
 637 0360 01       		.byte	0x1
ARM GAS  C:\Users\ikomb\AppData\Local\Temp\cc4IQPu2.s 			page 14


 638 0361 15       		.byte	0x15
 639 0362 45030000 		.4byte	0x345
 640 0366 05       		.uleb128 0x5
 641 0367 03       		.byte	0x3
 642 0368 00000000 		.4byte	Cy_SysAnalog_Fast_Local
 643 036c 19       		.uleb128 0x19
 644 036d 66050000 		.4byte	.LASF60
 645 0371 01       		.byte	0x1
 646 0372 1E       		.byte	0x1e
 647 0373 45030000 		.4byte	0x345
 648 0377 05       		.uleb128 0x5
 649 0378 03       		.byte	0x3
 650 0379 00000000 		.4byte	Cy_SysAnalog_Fast_SRSS
 651 037d 19       		.uleb128 0x19
 652 037e D9040000 		.4byte	.LASF61
 653 0382 01       		.byte	0x1
 654 0383 27       		.byte	0x27
 655 0384 45030000 		.4byte	0x345
 656 0388 05       		.uleb128 0x5
 657 0389 03       		.byte	0x3
 658 038a 00000000 		.4byte	Cy_SysAnalog_Fast_External
 659 038e 00       		.byte	0
 660              		.section	.debug_abbrev,"",%progbits
 661              	.Ldebug_abbrev0:
 662 0000 01       		.uleb128 0x1
 663 0001 11       		.uleb128 0x11
 664 0002 01       		.byte	0x1
 665 0003 25       		.uleb128 0x25
 666 0004 0E       		.uleb128 0xe
 667 0005 13       		.uleb128 0x13
 668 0006 0B       		.uleb128 0xb
 669 0007 03       		.uleb128 0x3
 670 0008 0E       		.uleb128 0xe
 671 0009 1B       		.uleb128 0x1b
 672 000a 0E       		.uleb128 0xe
 673 000b 55       		.uleb128 0x55
 674 000c 17       		.uleb128 0x17
 675 000d 11       		.uleb128 0x11
 676 000e 01       		.uleb128 0x1
 677 000f 10       		.uleb128 0x10
 678 0010 17       		.uleb128 0x17
 679 0011 00       		.byte	0
 680 0012 00       		.byte	0
 681 0013 02       		.uleb128 0x2
 682 0014 24       		.uleb128 0x24
 683 0015 00       		.byte	0
 684 0016 0B       		.uleb128 0xb
 685 0017 0B       		.uleb128 0xb
 686 0018 3E       		.uleb128 0x3e
 687 0019 0B       		.uleb128 0xb
 688 001a 03       		.uleb128 0x3
 689 001b 0E       		.uleb128 0xe
 690 001c 00       		.byte	0
 691 001d 00       		.byte	0
 692 001e 03       		.uleb128 0x3
 693 001f 16       		.uleb128 0x16
 694 0020 00       		.byte	0
ARM GAS  C:\Users\ikomb\AppData\Local\Temp\cc4IQPu2.s 			page 15


 695 0021 03       		.uleb128 0x3
 696 0022 0E       		.uleb128 0xe
 697 0023 3A       		.uleb128 0x3a
 698 0024 0B       		.uleb128 0xb
 699 0025 3B       		.uleb128 0x3b
 700 0026 0B       		.uleb128 0xb
 701 0027 49       		.uleb128 0x49
 702 0028 13       		.uleb128 0x13
 703 0029 00       		.byte	0
 704 002a 00       		.byte	0
 705 002b 04       		.uleb128 0x4
 706 002c 24       		.uleb128 0x24
 707 002d 00       		.byte	0
 708 002e 0B       		.uleb128 0xb
 709 002f 0B       		.uleb128 0xb
 710 0030 3E       		.uleb128 0x3e
 711 0031 0B       		.uleb128 0xb
 712 0032 03       		.uleb128 0x3
 713 0033 08       		.uleb128 0x8
 714 0034 00       		.byte	0
 715 0035 00       		.byte	0
 716 0036 05       		.uleb128 0x5
 717 0037 35       		.uleb128 0x35
 718 0038 00       		.byte	0
 719 0039 49       		.uleb128 0x49
 720 003a 13       		.uleb128 0x13
 721 003b 00       		.byte	0
 722 003c 00       		.byte	0
 723 003d 06       		.uleb128 0x6
 724 003e 26       		.uleb128 0x26
 725 003f 00       		.byte	0
 726 0040 49       		.uleb128 0x49
 727 0041 13       		.uleb128 0x13
 728 0042 00       		.byte	0
 729 0043 00       		.byte	0
 730 0044 07       		.uleb128 0x7
 731 0045 01       		.uleb128 0x1
 732 0046 01       		.byte	0x1
 733 0047 49       		.uleb128 0x49
 734 0048 13       		.uleb128 0x13
 735 0049 01       		.uleb128 0x1
 736 004a 13       		.uleb128 0x13
 737 004b 00       		.byte	0
 738 004c 00       		.byte	0
 739 004d 08       		.uleb128 0x8
 740 004e 21       		.uleb128 0x21
 741 004f 00       		.byte	0
 742 0050 49       		.uleb128 0x49
 743 0051 13       		.uleb128 0x13
 744 0052 2F       		.uleb128 0x2f
 745 0053 0B       		.uleb128 0xb
 746 0054 00       		.byte	0
 747 0055 00       		.byte	0
 748 0056 09       		.uleb128 0x9
 749 0057 13       		.uleb128 0x13
 750 0058 01       		.byte	0x1
 751 0059 0B       		.uleb128 0xb
ARM GAS  C:\Users\ikomb\AppData\Local\Temp\cc4IQPu2.s 			page 16


 752 005a 05       		.uleb128 0x5
 753 005b 3A       		.uleb128 0x3a
 754 005c 0B       		.uleb128 0xb
 755 005d 3B       		.uleb128 0x3b
 756 005e 0B       		.uleb128 0xb
 757 005f 01       		.uleb128 0x1
 758 0060 13       		.uleb128 0x13
 759 0061 00       		.byte	0
 760 0062 00       		.byte	0
 761 0063 0A       		.uleb128 0xa
 762 0064 0D       		.uleb128 0xd
 763 0065 00       		.byte	0
 764 0066 03       		.uleb128 0x3
 765 0067 0E       		.uleb128 0xe
 766 0068 3A       		.uleb128 0x3a
 767 0069 0B       		.uleb128 0xb
 768 006a 3B       		.uleb128 0x3b
 769 006b 0B       		.uleb128 0xb
 770 006c 49       		.uleb128 0x49
 771 006d 13       		.uleb128 0x13
 772 006e 38       		.uleb128 0x38
 773 006f 0B       		.uleb128 0xb
 774 0070 00       		.byte	0
 775 0071 00       		.byte	0
 776 0072 0B       		.uleb128 0xb
 777 0073 0D       		.uleb128 0xd
 778 0074 00       		.byte	0
 779 0075 03       		.uleb128 0x3
 780 0076 0E       		.uleb128 0xe
 781 0077 3A       		.uleb128 0x3a
 782 0078 0B       		.uleb128 0xb
 783 0079 3B       		.uleb128 0x3b
 784 007a 0B       		.uleb128 0xb
 785 007b 49       		.uleb128 0x49
 786 007c 13       		.uleb128 0x13
 787 007d 38       		.uleb128 0x38
 788 007e 05       		.uleb128 0x5
 789 007f 00       		.byte	0
 790 0080 00       		.byte	0
 791 0081 0C       		.uleb128 0xc
 792 0082 21       		.uleb128 0x21
 793 0083 00       		.byte	0
 794 0084 49       		.uleb128 0x49
 795 0085 13       		.uleb128 0x13
 796 0086 2F       		.uleb128 0x2f
 797 0087 05       		.uleb128 0x5
 798 0088 00       		.byte	0
 799 0089 00       		.byte	0
 800 008a 0D       		.uleb128 0xd
 801 008b 16       		.uleb128 0x16
 802 008c 00       		.byte	0
 803 008d 03       		.uleb128 0x3
 804 008e 0E       		.uleb128 0xe
 805 008f 3A       		.uleb128 0x3a
 806 0090 0B       		.uleb128 0xb
 807 0091 3B       		.uleb128 0x3b
 808 0092 05       		.uleb128 0x5
ARM GAS  C:\Users\ikomb\AppData\Local\Temp\cc4IQPu2.s 			page 17


 809 0093 49       		.uleb128 0x49
 810 0094 13       		.uleb128 0x13
 811 0095 00       		.byte	0
 812 0096 00       		.byte	0
 813 0097 0E       		.uleb128 0xe
 814 0098 04       		.uleb128 0x4
 815 0099 01       		.byte	0x1
 816 009a 0B       		.uleb128 0xb
 817 009b 0B       		.uleb128 0xb
 818 009c 49       		.uleb128 0x49
 819 009d 13       		.uleb128 0x13
 820 009e 3A       		.uleb128 0x3a
 821 009f 0B       		.uleb128 0xb
 822 00a0 3B       		.uleb128 0x3b
 823 00a1 0B       		.uleb128 0xb
 824 00a2 01       		.uleb128 0x1
 825 00a3 13       		.uleb128 0x13
 826 00a4 00       		.byte	0
 827 00a5 00       		.byte	0
 828 00a6 0F       		.uleb128 0xf
 829 00a7 28       		.uleb128 0x28
 830 00a8 00       		.byte	0
 831 00a9 03       		.uleb128 0x3
 832 00aa 0E       		.uleb128 0xe
 833 00ab 1C       		.uleb128 0x1c
 834 00ac 0B       		.uleb128 0xb
 835 00ad 00       		.byte	0
 836 00ae 00       		.byte	0
 837 00af 10       		.uleb128 0x10
 838 00b0 28       		.uleb128 0x28
 839 00b1 00       		.byte	0
 840 00b2 03       		.uleb128 0x3
 841 00b3 0E       		.uleb128 0xe
 842 00b4 1C       		.uleb128 0x1c
 843 00b5 06       		.uleb128 0x6
 844 00b6 00       		.byte	0
 845 00b7 00       		.byte	0
 846 00b8 11       		.uleb128 0x11
 847 00b9 04       		.uleb128 0x4
 848 00ba 01       		.byte	0x1
 849 00bb 0B       		.uleb128 0xb
 850 00bc 0B       		.uleb128 0xb
 851 00bd 49       		.uleb128 0x49
 852 00be 13       		.uleb128 0x13
 853 00bf 3A       		.uleb128 0x3a
 854 00c0 0B       		.uleb128 0xb
 855 00c1 3B       		.uleb128 0x3b
 856 00c2 05       		.uleb128 0x5
 857 00c3 01       		.uleb128 0x1
 858 00c4 13       		.uleb128 0x13
 859 00c5 00       		.byte	0
 860 00c6 00       		.byte	0
 861 00c7 12       		.uleb128 0x12
 862 00c8 13       		.uleb128 0x13
 863 00c9 01       		.byte	0x1
 864 00ca 0B       		.uleb128 0xb
 865 00cb 0B       		.uleb128 0xb
ARM GAS  C:\Users\ikomb\AppData\Local\Temp\cc4IQPu2.s 			page 18


 866 00cc 3A       		.uleb128 0x3a
 867 00cd 0B       		.uleb128 0xb
 868 00ce 3B       		.uleb128 0x3b
 869 00cf 05       		.uleb128 0x5
 870 00d0 01       		.uleb128 0x1
 871 00d1 13       		.uleb128 0x13
 872 00d2 00       		.byte	0
 873 00d3 00       		.byte	0
 874 00d4 13       		.uleb128 0x13
 875 00d5 0D       		.uleb128 0xd
 876 00d6 00       		.byte	0
 877 00d7 03       		.uleb128 0x3
 878 00d8 0E       		.uleb128 0xe
 879 00d9 3A       		.uleb128 0x3a
 880 00da 0B       		.uleb128 0xb
 881 00db 3B       		.uleb128 0x3b
 882 00dc 05       		.uleb128 0x5
 883 00dd 49       		.uleb128 0x49
 884 00de 13       		.uleb128 0x13
 885 00df 38       		.uleb128 0x38
 886 00e0 0B       		.uleb128 0xb
 887 00e1 00       		.byte	0
 888 00e2 00       		.byte	0
 889 00e3 14       		.uleb128 0x14
 890 00e4 2E       		.uleb128 0x2e
 891 00e5 01       		.byte	0x1
 892 00e6 3F       		.uleb128 0x3f
 893 00e7 19       		.uleb128 0x19
 894 00e8 03       		.uleb128 0x3
 895 00e9 0E       		.uleb128 0xe
 896 00ea 3A       		.uleb128 0x3a
 897 00eb 0B       		.uleb128 0xb
 898 00ec 3B       		.uleb128 0x3b
 899 00ed 0B       		.uleb128 0xb
 900 00ee 27       		.uleb128 0x27
 901 00ef 19       		.uleb128 0x19
 902 00f0 49       		.uleb128 0x49
 903 00f1 13       		.uleb128 0x13
 904 00f2 11       		.uleb128 0x11
 905 00f3 01       		.uleb128 0x1
 906 00f4 12       		.uleb128 0x12
 907 00f5 06       		.uleb128 0x6
 908 00f6 40       		.uleb128 0x40
 909 00f7 18       		.uleb128 0x18
 910 00f8 9642     		.uleb128 0x2116
 911 00fa 19       		.uleb128 0x19
 912 00fb 01       		.uleb128 0x1
 913 00fc 13       		.uleb128 0x13
 914 00fd 00       		.byte	0
 915 00fe 00       		.byte	0
 916 00ff 15       		.uleb128 0x15
 917 0100 05       		.uleb128 0x5
 918 0101 00       		.byte	0
 919 0102 03       		.uleb128 0x3
 920 0103 0E       		.uleb128 0xe
 921 0104 3A       		.uleb128 0x3a
 922 0105 0B       		.uleb128 0xb
ARM GAS  C:\Users\ikomb\AppData\Local\Temp\cc4IQPu2.s 			page 19


 923 0106 3B       		.uleb128 0x3b
 924 0107 0B       		.uleb128 0xb
 925 0108 49       		.uleb128 0x49
 926 0109 13       		.uleb128 0x13
 927 010a 02       		.uleb128 0x2
 928 010b 18       		.uleb128 0x18
 929 010c 00       		.byte	0
 930 010d 00       		.byte	0
 931 010e 16       		.uleb128 0x16
 932 010f 34       		.uleb128 0x34
 933 0110 00       		.byte	0
 934 0111 03       		.uleb128 0x3
 935 0112 0E       		.uleb128 0xe
 936 0113 3A       		.uleb128 0x3a
 937 0114 0B       		.uleb128 0xb
 938 0115 3B       		.uleb128 0x3b
 939 0116 0B       		.uleb128 0xb
 940 0117 49       		.uleb128 0x49
 941 0118 13       		.uleb128 0x13
 942 0119 02       		.uleb128 0x2
 943 011a 18       		.uleb128 0x18
 944 011b 00       		.byte	0
 945 011c 00       		.byte	0
 946 011d 17       		.uleb128 0x17
 947 011e 0F       		.uleb128 0xf
 948 011f 00       		.byte	0
 949 0120 0B       		.uleb128 0xb
 950 0121 0B       		.uleb128 0xb
 951 0122 49       		.uleb128 0x49
 952 0123 13       		.uleb128 0x13
 953 0124 00       		.byte	0
 954 0125 00       		.byte	0
 955 0126 18       		.uleb128 0x18
 956 0127 34       		.uleb128 0x34
 957 0128 00       		.byte	0
 958 0129 03       		.uleb128 0x3
 959 012a 0E       		.uleb128 0xe
 960 012b 3A       		.uleb128 0x3a
 961 012c 0B       		.uleb128 0xb
 962 012d 3B       		.uleb128 0x3b
 963 012e 05       		.uleb128 0x5
 964 012f 49       		.uleb128 0x49
 965 0130 13       		.uleb128 0x13
 966 0131 3F       		.uleb128 0x3f
 967 0132 19       		.uleb128 0x19
 968 0133 3C       		.uleb128 0x3c
 969 0134 19       		.uleb128 0x19
 970 0135 00       		.byte	0
 971 0136 00       		.byte	0
 972 0137 19       		.uleb128 0x19
 973 0138 34       		.uleb128 0x34
 974 0139 00       		.byte	0
 975 013a 03       		.uleb128 0x3
 976 013b 0E       		.uleb128 0xe
 977 013c 3A       		.uleb128 0x3a
 978 013d 0B       		.uleb128 0xb
 979 013e 3B       		.uleb128 0x3b
ARM GAS  C:\Users\ikomb\AppData\Local\Temp\cc4IQPu2.s 			page 20


 980 013f 0B       		.uleb128 0xb
 981 0140 49       		.uleb128 0x49
 982 0141 13       		.uleb128 0x13
 983 0142 3F       		.uleb128 0x3f
 984 0143 19       		.uleb128 0x19
 985 0144 02       		.uleb128 0x2
 986 0145 18       		.uleb128 0x18
 987 0146 00       		.byte	0
 988 0147 00       		.byte	0
 989 0148 00       		.byte	0
 990              		.section	.debug_aranges,"",%progbits
 991 0000 1C000000 		.4byte	0x1c
 992 0004 0200     		.2byte	0x2
 993 0006 00000000 		.4byte	.Ldebug_info0
 994 000a 04       		.byte	0x4
 995 000b 00       		.byte	0
 996 000c 0000     		.2byte	0
 997 000e 0000     		.2byte	0
 998 0010 00000000 		.4byte	.LFB167
 999 0014 EC000000 		.4byte	.LFE167-.LFB167
 1000 0018 00000000 		.4byte	0
 1001 001c 00000000 		.4byte	0
 1002              		.section	.debug_ranges,"",%progbits
 1003              	.Ldebug_ranges0:
 1004 0000 00000000 		.4byte	.LFB167
 1005 0004 EC000000 		.4byte	.LFE167
 1006 0008 00000000 		.4byte	0
 1007 000c 00000000 		.4byte	0
 1008              		.section	.debug_line,"",%progbits
 1009              	.Ldebug_line0:
 1010 0000 90020000 		.section	.debug_str,"MS",%progbits,1
 1010      02002202 
 1010      00000201 
 1010      FB0E0D00 
 1010      01010101 
 1011              	.LASF56:
 1012 0000 72657375 		.ascii	"result\000"
 1012      6C7400
 1013              	.LASF24:
 1014 0007 495A5441 		.ascii	"IZTAT_TRIM0\000"
 1014      545F5452 
 1014      494D3000 
 1015              	.LASF25:
 1016 0013 495A5441 		.ascii	"IZTAT_TRIM1\000"
 1016      545F5452 
 1016      494D3100 
 1017              	.LASF47:
 1018 001f 43595F53 		.ascii	"CY_SYSANALOG_DEEPSLEEP_IPTAT_1\000"
 1018      5953414E 
 1018      414C4F47 
 1018      5F444545 
 1018      50534C45 
 1019              	.LASF48:
 1020 003e 43595F53 		.ascii	"CY_SYSANALOG_DEEPSLEEP_IPTAT_2\000"
 1020      5953414E 
 1020      414C4F47 
 1020      5F444545 
ARM GAS  C:\Users\ikomb\AppData\Local\Temp\cc4IQPu2.s 			page 21


 1020      50534C45 
 1021              	.LASF41:
 1022 005d 43595F53 		.ascii	"CY_SYSANALOG_VREF_SOURCE_EXTERNAL\000"
 1022      5953414E 
 1022      414C4F47 
 1022      5F565245 
 1022      465F534F 
 1023              	.LASF2:
 1024 007f 73686F72 		.ascii	"short int\000"
 1024      7420696E 
 1024      7400
 1025              	.LASF57:
 1026 0089 6374726C 		.ascii	"ctrlReg\000"
 1026      52656700 
 1027              	.LASF14:
 1028 0091 73697A65 		.ascii	"sizetype\000"
 1028      74797065 
 1028      00
 1029              	.LASF46:
 1030 009a 43595F53 		.ascii	"CY_SYSANALOG_DEEPSLEEP_DISABLE\000"
 1030      5953414E 
 1030      414C4F47 
 1030      5F444545 
 1030      50534C45 
 1031              	.LASF17:
 1032 00b9 50415353 		.ascii	"PASS_AREF_Type\000"
 1032      5F415245 
 1032      465F5479 
 1032      706500
 1033              	.LASF6:
 1034 00c8 5F5F7569 		.ascii	"__uint32_t\000"
 1034      6E743332 
 1034      5F7400
 1035              	.LASF28:
 1036 00d3 50415353 		.ascii	"PASS_Type\000"
 1036      5F547970 
 1036      6500
 1037              	.LASF66:
 1038 00dd 636F6E66 		.ascii	"config\000"
 1038      696700
 1039              	.LASF45:
 1040 00e4 63795F65 		.ascii	"cy_en_sysanalog_iztat_source_t\000"
 1040      6E5F7379 
 1040      73616E61 
 1040      6C6F675F 
 1040      697A7461 
 1041              	.LASF15:
 1042 0103 41524546 		.ascii	"AREF_CTRL\000"
 1042      5F435452 
 1042      4C00
 1043              	.LASF44:
 1044 010d 43595F53 		.ascii	"CY_SYSANALOG_IZTAT_SOURCE_LOCAL\000"
 1044      5953414E 
 1044      414C4F47 
 1044      5F495A54 
 1044      41545F53 
 1045              	.LASF34:
ARM GAS  C:\Users\ikomb\AppData\Local\Temp\cc4IQPu2.s 			page 22


 1046 012d 43595F53 		.ascii	"CY_SYSANALOG_BAD_PARAM\000"
 1046      5953414E 
 1046      414C4F47 
 1046      5F424144 
 1046      5F504152 
 1047              	.LASF54:
 1048 0144 64656570 		.ascii	"deepSleep\000"
 1048      536C6565 
 1048      7000
 1049              	.LASF21:
 1050 014e 56524546 		.ascii	"VREF_TRIM1\000"
 1050      5F545249 
 1050      4D3100
 1051              	.LASF22:
 1052 0159 56524546 		.ascii	"VREF_TRIM2\000"
 1052      5F545249 
 1052      4D3200
 1053              	.LASF23:
 1054 0164 56524546 		.ascii	"VREF_TRIM3\000"
 1054      5F545249 
 1054      4D3300
 1055              	.LASF59:
 1056 016f 43795F53 		.ascii	"Cy_SysAnalog_Fast_Local\000"
 1056      7973416E 
 1056      616C6F67 
 1056      5F466173 
 1056      745F4C6F 
 1057              	.LASF49:
 1058 0187 43595F53 		.ascii	"CY_SYSANALOG_DEEPSLEEP_IPTAT_IZTAT_VREF\000"
 1058      5953414E 
 1058      414C4F47 
 1058      5F444545 
 1058      50534C45 
 1059              	.LASF31:
 1060 01af 666C6F61 		.ascii	"float\000"
 1060      7400
 1061              	.LASF8:
 1062 01b5 6C6F6E67 		.ascii	"long long int\000"
 1062      206C6F6E 
 1062      6720696E 
 1062      7400
 1063              	.LASF63:
 1064 01c3 47656E65 		.ascii	"Generated_Source\\PSoC6\\pdl\\drivers\\peripheral\\"
 1064      72617465 
 1064      645F536F 
 1064      75726365 
 1064      5C50536F 
 1065 01f1 73797361 		.ascii	"sysanalog\\cy_sysanalog.c\000"
 1065      6E616C6F 
 1065      675C6379 
 1065      5F737973 
 1065      616E616C 
 1066              	.LASF50:
 1067 020a 63795F65 		.ascii	"cy_en_sysanalog_deep_sleep_t\000"
 1067      6E5F7379 
 1067      73616E61 
 1067      6C6F675F 
ARM GAS  C:\Users\ikomb\AppData\Local\Temp\cc4IQPu2.s 			page 23


 1067      64656570 
 1068              	.LASF62:
 1069 0227 474E5520 		.ascii	"GNU C11 5.4.1 20160609 (release) [ARM/embedded-5-br"
 1069      43313120 
 1069      352E342E 
 1069      31203230 
 1069      31363036 
 1070 025a 616E6368 		.ascii	"anch revision 237715] -mcpu=cortex-m4 -mfloat-abi=s"
 1070      20726576 
 1070      6973696F 
 1070      6E203233 
 1070      37373135 
 1071 028d 6F667466 		.ascii	"oftfp -mfpu=fpv4-sp-d16 -mthumb -g -O0 -ffunction-s"
 1071      70202D6D 
 1071      6670753D 
 1071      66707634 
 1071      2D73702D 
 1072 02c0 65637469 		.ascii	"ections -ffat-lto-objects\000"
 1072      6F6E7320 
 1072      2D666661 
 1072      742D6C74 
 1072      6F2D6F62 
 1073              	.LASF4:
 1074 02da 6C6F6E67 		.ascii	"long int\000"
 1074      20696E74 
 1074      00
 1075              	.LASF40:
 1076 02e3 43595F53 		.ascii	"CY_SYSANALOG_VREF_SOURCE_LOCAL_1_2V\000"
 1076      5953414E 
 1076      414C4F47 
 1076      5F565245 
 1076      465F534F 
 1077              	.LASF29:
 1078 0307 63686172 		.ascii	"char_t\000"
 1078      5F7400
 1079              	.LASF52:
 1080 030e 697A7461 		.ascii	"iztat\000"
 1080      7400
 1081              	.LASF39:
 1082 0314 43595F53 		.ascii	"CY_SYSANALOG_VREF_SOURCE_SRSS\000"
 1082      5953414E 
 1082      414C4F47 
 1082      5F565245 
 1082      465F534F 
 1083              	.LASF64:
 1084 0332 433A5C55 		.ascii	"C:\\Users\\ikomb\\Documents\\PSoC Creator\\CE222221"
 1084      73657273 
 1084      5C696B6F 
 1084      6D625C44 
 1084      6F63756D 
 1085 0360 5F566F69 		.ascii	"_Voice_Recorder01\\CE222221_Voice_Recorder01.cydsn\000"
 1085      63655F52 
 1085      65636F72 
 1085      64657230 
 1085      315C4345 
 1086              	.LASF13:
 1087 0392 6C6F6E67 		.ascii	"long double\000"
ARM GAS  C:\Users\ikomb\AppData\Local\Temp\cc4IQPu2.s 			page 24


 1087      20646F75 
 1087      626C6500 
 1088              	.LASF1:
 1089 039e 756E7369 		.ascii	"unsigned char\000"
 1089      676E6564 
 1089      20636861 
 1089      7200
 1090              	.LASF18:
 1091 03ac 494E5452 		.ascii	"INTR_CAUSE\000"
 1091      5F434155 
 1091      534500
 1092              	.LASF26:
 1093 03b7 49505441 		.ascii	"IPTAT_TRIM0\000"
 1093      545F5452 
 1093      494D3000 
 1094              	.LASF0:
 1095 03c3 7369676E 		.ascii	"signed char\000"
 1095      65642063 
 1095      68617200 
 1096              	.LASF9:
 1097 03cf 6C6F6E67 		.ascii	"long long unsigned int\000"
 1097      206C6F6E 
 1097      6720756E 
 1097      7369676E 
 1097      65642069 
 1098              	.LASF12:
 1099 03e6 75696E74 		.ascii	"uint32_t\000"
 1099      33325F74 
 1099      00
 1100              	.LASF42:
 1101 03ef 63795F65 		.ascii	"cy_en_sysanalog_vref_source_t\000"
 1101      6E5F7379 
 1101      73616E61 
 1101      6C6F675F 
 1101      76726566 
 1102              	.LASF10:
 1103 040d 756E7369 		.ascii	"unsigned int\000"
 1103      676E6564 
 1103      20696E74 
 1103      00
 1104              	.LASF43:
 1105 041a 43595F53 		.ascii	"CY_SYSANALOG_IZTAT_SOURCE_SRSS\000"
 1105      5953414E 
 1105      414C4F47 
 1105      5F495A54 
 1105      41545F53 
 1106              	.LASF3:
 1107 0439 73686F72 		.ascii	"short unsigned int\000"
 1107      7420756E 
 1107      7369676E 
 1107      65642069 
 1107      6E7400
 1108              	.LASF30:
 1109 044c 63686172 		.ascii	"char\000"
 1109      00
 1110              	.LASF55:
 1111 0451 63795F73 		.ascii	"cy_stc_sysanalog_config_t\000"
ARM GAS  C:\Users\ikomb\AppData\Local\Temp\cc4IQPu2.s 			page 25


 1111      74635F73 
 1111      7973616E 
 1111      616C6F67 
 1111      5F636F6E 
 1112              	.LASF11:
 1113 046b 696E7433 		.ascii	"int32_t\000"
 1113      325F7400 
 1114              	.LASF33:
 1115 0473 43595F53 		.ascii	"CY_SYSANALOG_SUCCESS\000"
 1115      5953414E 
 1115      414C4F47 
 1115      5F535543 
 1115      43455353 
 1116              	.LASF37:
 1117 0488 43595F53 		.ascii	"CY_SYSANALOG_STARTUP_FAST\000"
 1117      5953414E 
 1117      414C4F47 
 1117      5F535441 
 1117      52545550 
 1118              	.LASF19:
 1119 04a2 41524546 		.ascii	"AREF\000"
 1119      00
 1120              	.LASF7:
 1121 04a7 6C6F6E67 		.ascii	"long unsigned int\000"
 1121      20756E73 
 1121      69676E65 
 1121      6420696E 
 1121      7400
 1122              	.LASF32:
 1123 04b9 646F7562 		.ascii	"double\000"
 1123      6C6500
 1124              	.LASF58:
 1125 04c0 49544D5F 		.ascii	"ITM_RxBuffer\000"
 1125      52784275 
 1125      66666572 
 1125      00
 1126              	.LASF27:
 1127 04cd 49435441 		.ascii	"ICTAT_TRIM0\000"
 1127      545F5452 
 1127      494D3000 
 1128              	.LASF61:
 1129 04d9 43795F53 		.ascii	"Cy_SysAnalog_Fast_External\000"
 1129      7973416E 
 1129      616C6F67 
 1129      5F466173 
 1129      745F4578 
 1130              	.LASF5:
 1131 04f4 5F5F696E 		.ascii	"__int32_t\000"
 1131      7433325F 
 1131      7400
 1132              	.LASF65:
 1133 04fe 43795F53 		.ascii	"Cy_SysAnalog_Init\000"
 1133      7973416E 
 1133      616C6F67 
 1133      5F496E69 
 1133      7400
 1134              	.LASF36:
ARM GAS  C:\Users\ikomb\AppData\Local\Temp\cc4IQPu2.s 			page 26


 1135 0510 43595F53 		.ascii	"CY_SYSANALOG_STARTUP_NORMAL\000"
 1135      5953414E 
 1135      414C4F47 
 1135      5F535441 
 1135      52545550 
 1136              	.LASF20:
 1137 052c 56524546 		.ascii	"VREF_TRIM0\000"
 1137      5F545249 
 1137      4D3000
 1138              	.LASF16:
 1139 0537 52455345 		.ascii	"RESERVED\000"
 1139      52564544 
 1139      00
 1140              	.LASF51:
 1141 0540 73746172 		.ascii	"startup\000"
 1141      74757000 
 1142              	.LASF35:
 1143 0548 63795F65 		.ascii	"cy_en_sysanalog_status_t\000"
 1143      6E5F7379 
 1143      73616E61 
 1143      6C6F675F 
 1143      73746174 
 1144              	.LASF53:
 1145 0561 76726566 		.ascii	"vref\000"
 1145      00
 1146              	.LASF60:
 1147 0566 43795F53 		.ascii	"Cy_SysAnalog_Fast_SRSS\000"
 1147      7973416E 
 1147      616C6F67 
 1147      5F466173 
 1147      745F5352 
 1148              	.LASF38:
 1149 057d 63795F65 		.ascii	"cy_en_sysanalog_startup_t\000"
 1149      6E5F7379 
 1149      73616E61 
 1149      6C6F675F 
 1149      73746172 
 1150              		.ident	"GCC: (GNU Tools for ARM Embedded Processors) 5.4.1 20160609 (release) [ARM/embedded-5-bran
