ARM GAS  C:\Users\ikomb\AppData\Local\Temp\ccDYu6IN.s 			page 1


   1              		.syntax unified
   2              		.cpu cortex-m4
   3              		.eabi_attribute 27, 1
   4              		.fpu fpv4-sp-d16
   5              		.eabi_attribute 20, 1
   6              		.eabi_attribute 21, 1
   7              		.eabi_attribute 23, 3
   8              		.eabi_attribute 24, 1
   9              		.eabi_attribute 25, 1
  10              		.eabi_attribute 26, 1
  11              		.eabi_attribute 30, 6
  12              		.eabi_attribute 34, 1
  13              		.eabi_attribute 18, 4
  14              		.thumb
  15              		.syntax unified
  16              		.file	"cy_trigmux.c"
  17              		.text
  18              	.Ltext0:
  19              		.cfi_sections	.debug_frame
  20              		.section	.rodata
  21              		.align	2
  22              	.LC0:
  23 0000 47656E65 		.ascii	"Generated_Source\\PSoC6\\pdl\\drivers\\peripheral\\"
  23      72617465 
  23      645F536F 
  23      75726365 
  23      5C50536F 
  24 002e 74726967 		.ascii	"trigmux\\cy_trigmux.c\000"
  24      6D75785C 
  24      63795F74 
  24      7269676D 
  24      75782E63 
  25              		.section	.text.Cy_TrigMux_Connect,"ax",%progbits
  26              		.align	2
  27              		.global	Cy_TrigMux_Connect
  28              		.thumb
  29              		.thumb_func
  30              		.type	Cy_TrigMux_Connect, %function
  31              	Cy_TrigMux_Connect:
  32              	.LFB125:
  33              		.file 1 "Generated_Source\\PSoC6\\pdl\\drivers\\peripheral\\trigmux\\cy_trigmux.c"
   1:Generated_Source\PSoC6\pdl\drivers\peripheral\trigmux/cy_trigmux.c **** /***************************************************************************//**
   2:Generated_Source\PSoC6\pdl\drivers\peripheral\trigmux/cy_trigmux.c **** * \file cy_trigmux.c
   3:Generated_Source\PSoC6\pdl\drivers\peripheral\trigmux/cy_trigmux.c **** * \version 1.10
   4:Generated_Source\PSoC6\pdl\drivers\peripheral\trigmux/cy_trigmux.c **** *
   5:Generated_Source\PSoC6\pdl\drivers\peripheral\trigmux/cy_trigmux.c **** * \brief Trigger mux APIs.
   6:Generated_Source\PSoC6\pdl\drivers\peripheral\trigmux/cy_trigmux.c **** *
   7:Generated_Source\PSoC6\pdl\drivers\peripheral\trigmux/cy_trigmux.c **** ********************************************************************************
   8:Generated_Source\PSoC6\pdl\drivers\peripheral\trigmux/cy_trigmux.c **** * \copyright
   9:Generated_Source\PSoC6\pdl\drivers\peripheral\trigmux/cy_trigmux.c **** * Copyright 2016-2018, Cypress Semiconductor Corporation.  All rights reserved.
  10:Generated_Source\PSoC6\pdl\drivers\peripheral\trigmux/cy_trigmux.c **** * You may use this file only in accordance with the license, terms, conditions,
  11:Generated_Source\PSoC6\pdl\drivers\peripheral\trigmux/cy_trigmux.c **** * disclaimers, and limitations in the end user license agreement accompanying
  12:Generated_Source\PSoC6\pdl\drivers\peripheral\trigmux/cy_trigmux.c **** * the software package with which this file was provided.
  13:Generated_Source\PSoC6\pdl\drivers\peripheral\trigmux/cy_trigmux.c **** *******************************************************************************/
  14:Generated_Source\PSoC6\pdl\drivers\peripheral\trigmux/cy_trigmux.c **** #include "cy_trigmux.h"
  15:Generated_Source\PSoC6\pdl\drivers\peripheral\trigmux/cy_trigmux.c **** 
  16:Generated_Source\PSoC6\pdl\drivers\peripheral\trigmux/cy_trigmux.c **** 
ARM GAS  C:\Users\ikomb\AppData\Local\Temp\ccDYu6IN.s 			page 2


  17:Generated_Source\PSoC6\pdl\drivers\peripheral\trigmux/cy_trigmux.c **** /*******************************************************************************
  18:Generated_Source\PSoC6\pdl\drivers\peripheral\trigmux/cy_trigmux.c **** * Function Name: Cy_TrigMux_Connect
  19:Generated_Source\PSoC6\pdl\drivers\peripheral\trigmux/cy_trigmux.c **** ****************************************************************************//**
  20:Generated_Source\PSoC6\pdl\drivers\peripheral\trigmux/cy_trigmux.c **** *
  21:Generated_Source\PSoC6\pdl\drivers\peripheral\trigmux/cy_trigmux.c **** * This function connects an input trigger source and output trigger.
  22:Generated_Source\PSoC6\pdl\drivers\peripheral\trigmux/cy_trigmux.c **** *
  23:Generated_Source\PSoC6\pdl\drivers\peripheral\trigmux/cy_trigmux.c **** * \param inTrig
  24:Generated_Source\PSoC6\pdl\drivers\peripheral\trigmux/cy_trigmux.c **** * An input selection for the trigger mux.
  25:Generated_Source\PSoC6\pdl\drivers\peripheral\trigmux/cy_trigmux.c **** * - Bits 11:8 represent the trigger group selection.
  26:Generated_Source\PSoC6\pdl\drivers\peripheral\trigmux/cy_trigmux.c **** * - Bits 6:0 select the input trigger number in the trigger group.
  27:Generated_Source\PSoC6\pdl\drivers\peripheral\trigmux/cy_trigmux.c **** *
  28:Generated_Source\PSoC6\pdl\drivers\peripheral\trigmux/cy_trigmux.c **** * \param outTrig
  29:Generated_Source\PSoC6\pdl\drivers\peripheral\trigmux/cy_trigmux.c **** * The output of the trigger mux. This refers to the consumer of the trigger mux. 
  30:Generated_Source\PSoC6\pdl\drivers\peripheral\trigmux/cy_trigmux.c **** * - Bits 11:8 represent the trigger group selection.
  31:Generated_Source\PSoC6\pdl\drivers\peripheral\trigmux/cy_trigmux.c **** * - Bits 6:0 select the output trigger number in the trigger group.
  32:Generated_Source\PSoC6\pdl\drivers\peripheral\trigmux/cy_trigmux.c **** *
  33:Generated_Source\PSoC6\pdl\drivers\peripheral\trigmux/cy_trigmux.c **** * \param invert
  34:Generated_Source\PSoC6\pdl\drivers\peripheral\trigmux/cy_trigmux.c **** * - true: The output trigger is inverted.
  35:Generated_Source\PSoC6\pdl\drivers\peripheral\trigmux/cy_trigmux.c **** * - false: The output trigger is not inverted.
  36:Generated_Source\PSoC6\pdl\drivers\peripheral\trigmux/cy_trigmux.c **** *
  37:Generated_Source\PSoC6\pdl\drivers\peripheral\trigmux/cy_trigmux.c **** * \param trigType
  38:Generated_Source\PSoC6\pdl\drivers\peripheral\trigmux/cy_trigmux.c **** * - TRIGGER_TYPE_EDGE: The trigger is synchronized to the consumer blocks clock
  39:Generated_Source\PSoC6\pdl\drivers\peripheral\trigmux/cy_trigmux.c **** *   and a two-cycle pulse is generated on this clock.
  40:Generated_Source\PSoC6\pdl\drivers\peripheral\trigmux/cy_trigmux.c **** * - TRIGGER_TYPE_LEVEL: The trigger is a simple level output.
  41:Generated_Source\PSoC6\pdl\drivers\peripheral\trigmux/cy_trigmux.c **** *
  42:Generated_Source\PSoC6\pdl\drivers\peripheral\trigmux/cy_trigmux.c **** * \return
  43:Generated_Source\PSoC6\pdl\drivers\peripheral\trigmux/cy_trigmux.c **** * A status
  44:Generated_Source\PSoC6\pdl\drivers\peripheral\trigmux/cy_trigmux.c **** * - 0: Successful connection made.
  45:Generated_Source\PSoC6\pdl\drivers\peripheral\trigmux/cy_trigmux.c **** * - 1: An invalid input selection corresponding to the output. 
  46:Generated_Source\PSoC6\pdl\drivers\peripheral\trigmux/cy_trigmux.c **** *      Generally when the trigger groups do not match.
  47:Generated_Source\PSoC6\pdl\drivers\peripheral\trigmux/cy_trigmux.c **** *  
  48:Generated_Source\PSoC6\pdl\drivers\peripheral\trigmux/cy_trigmux.c **** *******************************************************************************/
  49:Generated_Source\PSoC6\pdl\drivers\peripheral\trigmux/cy_trigmux.c **** cy_en_trigmux_status_t Cy_TrigMux_Connect(uint32_t inTrig, uint32_t outTrig, bool invert, en_trig_t
  50:Generated_Source\PSoC6\pdl\drivers\peripheral\trigmux/cy_trigmux.c **** {
  34              		.loc 1 50 0
  35              		.cfi_startproc
  36              		@ args = 0, pretend = 0, frame = 24
  37              		@ frame_needed = 1, uses_anonymous_args = 0
  38 0000 80B5     		push	{r7, lr}
  39              		.cfi_def_cfa_offset 8
  40              		.cfi_offset 7, -8
  41              		.cfi_offset 14, -4
  42 0002 86B0     		sub	sp, sp, #24
  43              		.cfi_def_cfa_offset 32
  44 0004 00AF     		add	r7, sp, #0
  45              		.cfi_def_cfa_register 7
  46 0006 F860     		str	r0, [r7, #12]
  47 0008 B960     		str	r1, [r7, #8]
  48 000a 1146     		mov	r1, r2
  49 000c 1A46     		mov	r2, r3
  50 000e 0B46     		mov	r3, r1
  51 0010 FB71     		strb	r3, [r7, #7]
  52 0012 1346     		mov	r3, r2
  53 0014 BB71     		strb	r3, [r7, #6]
  51:Generated_Source\PSoC6\pdl\drivers\peripheral\trigmux/cy_trigmux.c ****     volatile uint32_t* trOutCtlAddr;
  52:Generated_Source\PSoC6\pdl\drivers\peripheral\trigmux/cy_trigmux.c ****     cy_en_trigmux_status_t retVal = CY_TRIGMUX_BAD_PARAM;
  54              		.loc 1 52 0
ARM GAS  C:\Users\ikomb\AppData\Local\Temp\ccDYu6IN.s 			page 3


  55 0016 1D4B     		ldr	r3, .L7
  56 0018 7B61     		str	r3, [r7, #20]
  53:Generated_Source\PSoC6\pdl\drivers\peripheral\trigmux/cy_trigmux.c **** 
  54:Generated_Source\PSoC6\pdl\drivers\peripheral\trigmux/cy_trigmux.c ****     CY_ASSERT_L3(CY_LPCOMP_IS_TRIGTYPE_VALID(trigType));
  57              		.loc 1 54 0
  58 001a BB79     		ldrb	r3, [r7, #6]	@ zero_extendqisi2
  59 001c 012B     		cmp	r3, #1
  60 001e 06D0     		beq	.L2
  61              		.loc 1 54 0 is_stmt 0 discriminator 1
  62 0020 BB79     		ldrb	r3, [r7, #6]	@ zero_extendqisi2
  63 0022 002B     		cmp	r3, #0
  64 0024 03D0     		beq	.L2
  65              		.loc 1 54 0 discriminator 2
  66 0026 3621     		movs	r1, #54
  67 0028 1948     		ldr	r0, .L7+4
  68 002a FFF7FEFF 		bl	Cy_SysLib_AssertFailed
  69              	.L2:
  55:Generated_Source\PSoC6\pdl\drivers\peripheral\trigmux/cy_trigmux.c ****     
  56:Generated_Source\PSoC6\pdl\drivers\peripheral\trigmux/cy_trigmux.c ****     /* inTrig and outTrig should be in the same group */
  57:Generated_Source\PSoC6\pdl\drivers\peripheral\trigmux/cy_trigmux.c ****     if ((inTrig & CY_TR_GROUP_MASK) == (outTrig & CY_TR_GROUP_MASK))
  70              		.loc 1 57 0 is_stmt 1
  71 002e FA68     		ldr	r2, [r7, #12]
  72 0030 BB68     		ldr	r3, [r7, #8]
  73 0032 5340     		eors	r3, r3, r2
  74 0034 03F47063 		and	r3, r3, #3840
  75 0038 002B     		cmp	r3, #0
  76 003a 21D1     		bne	.L3
  58:Generated_Source\PSoC6\pdl\drivers\peripheral\trigmux/cy_trigmux.c ****     {
  59:Generated_Source\PSoC6\pdl\drivers\peripheral\trigmux/cy_trigmux.c ****         trOutCtlAddr = &(PERI->TR_GR[(outTrig & CY_TR_GROUP_MASK) >> CY_TR_GROUP_SHIFT].TR_OUT_CTL[
  77              		.loc 1 59 0
  78 003c BB68     		ldr	r3, [r7, #8]
  79 003e 1B0A     		lsrs	r3, r3, #8
  80 0040 03F00F03 		and	r3, r3, #15
  81 0044 DA01     		lsls	r2, r3, #7
  82 0046 BB68     		ldr	r3, [r7, #8]
  83 0048 03F07F03 		and	r3, r3, #127
  84 004c 1344     		add	r3, r3, r2
  85 004e 9B00     		lsls	r3, r3, #2
  86 0050 03F18043 		add	r3, r3, #1073741824
  87 0054 03F59033 		add	r3, r3, #73728
  88 0058 3B61     		str	r3, [r7, #16]
  60:Generated_Source\PSoC6\pdl\drivers\peripheral\trigmux/cy_trigmux.c **** 
  61:Generated_Source\PSoC6\pdl\drivers\peripheral\trigmux/cy_trigmux.c ****         *trOutCtlAddr = _VAL2FLD(PERI_TR_GR_TR_OUT_CTL_TR_SEL, inTrig) |
  89              		.loc 1 61 0
  90 005a FB68     		ldr	r3, [r7, #12]
  91 005c DAB2     		uxtb	r2, r3
  62:Generated_Source\PSoC6\pdl\drivers\peripheral\trigmux/cy_trigmux.c ****         _BOOL2FLD(PERI_TR_GR_TR_OUT_CTL_TR_INV, invert) |
  92              		.loc 1 62 0
  93 005e FB79     		ldrb	r3, [r7, #7]	@ zero_extendqisi2
  94 0060 002B     		cmp	r3, #0
  95 0062 02D0     		beq	.L4
  96              		.loc 1 62 0 is_stmt 0 discriminator 1
  97 0064 4FF48073 		mov	r3, #256
  98 0068 00E0     		b	.L5
  99              	.L4:
 100              		.loc 1 62 0 discriminator 2
 101 006a 0023     		movs	r3, #0
ARM GAS  C:\Users\ikomb\AppData\Local\Temp\ccDYu6IN.s 			page 4


 102              	.L5:
  61:Generated_Source\PSoC6\pdl\drivers\peripheral\trigmux/cy_trigmux.c ****         _BOOL2FLD(PERI_TR_GR_TR_OUT_CTL_TR_INV, invert) |
 103              		.loc 1 61 0 is_stmt 1
 104 006c 1A43     		orrs	r2, r2, r3
  63:Generated_Source\PSoC6\pdl\drivers\peripheral\trigmux/cy_trigmux.c ****         _VAL2FLD(PERI_TR_GR_TR_OUT_CTL_TR_EDGE, trigType);
 105              		.loc 1 63 0
 106 006e BB79     		ldrb	r3, [r7, #6]	@ zero_extendqisi2
 107 0070 5B02     		lsls	r3, r3, #9
 108 0072 03F40073 		and	r3, r3, #512
  62:Generated_Source\PSoC6\pdl\drivers\peripheral\trigmux/cy_trigmux.c ****         _BOOL2FLD(PERI_TR_GR_TR_OUT_CTL_TR_INV, invert) |
 109              		.loc 1 62 0
 110 0076 1A43     		orrs	r2, r2, r3
  61:Generated_Source\PSoC6\pdl\drivers\peripheral\trigmux/cy_trigmux.c ****         _BOOL2FLD(PERI_TR_GR_TR_OUT_CTL_TR_INV, invert) |
 111              		.loc 1 61 0
 112 0078 3B69     		ldr	r3, [r7, #16]
 113 007a 1A60     		str	r2, [r3]
  64:Generated_Source\PSoC6\pdl\drivers\peripheral\trigmux/cy_trigmux.c ****         
  65:Generated_Source\PSoC6\pdl\drivers\peripheral\trigmux/cy_trigmux.c ****         retVal = CY_TRIGMUX_SUCCESS;
 114              		.loc 1 65 0
 115 007c 0023     		movs	r3, #0
 116 007e 7B61     		str	r3, [r7, #20]
 117              	.L3:
  66:Generated_Source\PSoC6\pdl\drivers\peripheral\trigmux/cy_trigmux.c ****     }
  67:Generated_Source\PSoC6\pdl\drivers\peripheral\trigmux/cy_trigmux.c **** 
  68:Generated_Source\PSoC6\pdl\drivers\peripheral\trigmux/cy_trigmux.c ****     return retVal;
 118              		.loc 1 68 0
 119 0080 7B69     		ldr	r3, [r7, #20]
  69:Generated_Source\PSoC6\pdl\drivers\peripheral\trigmux/cy_trigmux.c **** }
 120              		.loc 1 69 0
 121 0082 1846     		mov	r0, r3
 122 0084 1837     		adds	r7, r7, #24
 123              		.cfi_def_cfa_offset 8
 124 0086 BD46     		mov	sp, r7
 125              		.cfi_def_cfa_register 13
 126              		@ sp needed
 127 0088 80BD     		pop	{r7, pc}
 128              	.L8:
 129 008a 00BF     		.align	2
 130              	.L7:
 131 008c 0100CE00 		.word	13500417
 132 0090 00000000 		.word	.LC0
 133              		.cfi_endproc
 134              	.LFE125:
 135              		.size	Cy_TrigMux_Connect, .-Cy_TrigMux_Connect
 136              		.section	.text.Cy_TrigMux_SwTrigger,"ax",%progbits
 137              		.align	2
 138              		.global	Cy_TrigMux_SwTrigger
 139              		.thumb
 140              		.thumb_func
 141              		.type	Cy_TrigMux_SwTrigger, %function
 142              	Cy_TrigMux_SwTrigger:
 143              	.LFB126:
  70:Generated_Source\PSoC6\pdl\drivers\peripheral\trigmux/cy_trigmux.c **** 
  71:Generated_Source\PSoC6\pdl\drivers\peripheral\trigmux/cy_trigmux.c **** 
  72:Generated_Source\PSoC6\pdl\drivers\peripheral\trigmux/cy_trigmux.c **** /*******************************************************************************
  73:Generated_Source\PSoC6\pdl\drivers\peripheral\trigmux/cy_trigmux.c **** * Function Name: Cy_TrigMux_SwTrigger
  74:Generated_Source\PSoC6\pdl\drivers\peripheral\trigmux/cy_trigmux.c **** ****************************************************************************//**
ARM GAS  C:\Users\ikomb\AppData\Local\Temp\ccDYu6IN.s 			page 5


  75:Generated_Source\PSoC6\pdl\drivers\peripheral\trigmux/cy_trigmux.c **** *
  76:Generated_Source\PSoC6\pdl\drivers\peripheral\trigmux/cy_trigmux.c **** * This function generates a software trigger on an input trigger line. 
  77:Generated_Source\PSoC6\pdl\drivers\peripheral\trigmux/cy_trigmux.c **** * All output triggers connected to this input trigger will be triggered. 
  78:Generated_Source\PSoC6\pdl\drivers\peripheral\trigmux/cy_trigmux.c **** * The function also verifies that there is no activated trigger before 
  79:Generated_Source\PSoC6\pdl\drivers\peripheral\trigmux/cy_trigmux.c **** * generating another activation. 
  80:Generated_Source\PSoC6\pdl\drivers\peripheral\trigmux/cy_trigmux.c **** *
  81:Generated_Source\PSoC6\pdl\drivers\peripheral\trigmux/cy_trigmux.c **** * \param trigLine
  82:Generated_Source\PSoC6\pdl\drivers\peripheral\trigmux/cy_trigmux.c **** * The input of the trigger mux.
  83:Generated_Source\PSoC6\pdl\drivers\peripheral\trigmux/cy_trigmux.c **** * - Bit 30 represents if the signal is an input/output. When this bit is set, 
  84:Generated_Source\PSoC6\pdl\drivers\peripheral\trigmux/cy_trigmux.c **** *   the trigger activation is for an output trigger from the trigger multiplexer.
  85:Generated_Source\PSoC6\pdl\drivers\peripheral\trigmux/cy_trigmux.c **** *   When this bit is reset, the trigger activation is for an input trigger to 
  86:Generated_Source\PSoC6\pdl\drivers\peripheral\trigmux/cy_trigmux.c **** *   the trigger multiplexer. 
  87:Generated_Source\PSoC6\pdl\drivers\peripheral\trigmux/cy_trigmux.c **** * - Bits 11:8 represent the trigger group selection.
  88:Generated_Source\PSoC6\pdl\drivers\peripheral\trigmux/cy_trigmux.c **** * - Bits 6:0 select the output trigger number in the trigger group.
  89:Generated_Source\PSoC6\pdl\drivers\peripheral\trigmux/cy_trigmux.c **** *
  90:Generated_Source\PSoC6\pdl\drivers\peripheral\trigmux/cy_trigmux.c **** * \param cycles
  91:Generated_Source\PSoC6\pdl\drivers\peripheral\trigmux/cy_trigmux.c **** * The number of cycles during which the trigger remains activated.
  92:Generated_Source\PSoC6\pdl\drivers\peripheral\trigmux/cy_trigmux.c **** * The valid range of cycles is 1-254. 
  93:Generated_Source\PSoC6\pdl\drivers\peripheral\trigmux/cy_trigmux.c **** * These two additional special values can be passed to this parameter:
  94:Generated_Source\PSoC6\pdl\drivers\peripheral\trigmux/cy_trigmux.c **** * * CY_TRIGGER_INFINITE - The trigger will be active until the user 
  95:Generated_Source\PSoC6\pdl\drivers\peripheral\trigmux/cy_trigmux.c **** * clears it;
  96:Generated_Source\PSoC6\pdl\drivers\peripheral\trigmux/cy_trigmux.c **** * * CY_TRIGGER_DEACTIVATE - The trigger will be deactivated forcibly.
  97:Generated_Source\PSoC6\pdl\drivers\peripheral\trigmux/cy_trigmux.c **** * 
  98:Generated_Source\PSoC6\pdl\drivers\peripheral\trigmux/cy_trigmux.c **** * \return
  99:Generated_Source\PSoC6\pdl\drivers\peripheral\trigmux/cy_trigmux.c **** * A status
 100:Generated_Source\PSoC6\pdl\drivers\peripheral\trigmux/cy_trigmux.c **** * - 0: If there was not an already activated trigger.
 101:Generated_Source\PSoC6\pdl\drivers\peripheral\trigmux/cy_trigmux.c **** * - 1: If there was an already activated trigger.
 102:Generated_Source\PSoC6\pdl\drivers\peripheral\trigmux/cy_trigmux.c **** *
 103:Generated_Source\PSoC6\pdl\drivers\peripheral\trigmux/cy_trigmux.c **** *******************************************************************************/
 104:Generated_Source\PSoC6\pdl\drivers\peripheral\trigmux/cy_trigmux.c **** cy_en_trigmux_status_t Cy_TrigMux_SwTrigger(uint32_t trigLine, uint32_t cycles)
 105:Generated_Source\PSoC6\pdl\drivers\peripheral\trigmux/cy_trigmux.c **** {
 144              		.loc 1 105 0
 145              		.cfi_startproc
 146              		@ args = 0, pretend = 0, frame = 16
 147              		@ frame_needed = 1, uses_anonymous_args = 0
 148 0000 80B5     		push	{r7, lr}
 149              		.cfi_def_cfa_offset 8
 150              		.cfi_offset 7, -8
 151              		.cfi_offset 14, -4
 152 0002 84B0     		sub	sp, sp, #16
 153              		.cfi_def_cfa_offset 24
 154 0004 00AF     		add	r7, sp, #0
 155              		.cfi_def_cfa_register 7
 156 0006 7860     		str	r0, [r7, #4]
 157 0008 3960     		str	r1, [r7]
 106:Generated_Source\PSoC6\pdl\drivers\peripheral\trigmux/cy_trigmux.c ****     cy_en_trigmux_status_t retVal = CY_TRIGMUX_INVALID_STATE;
 158              		.loc 1 106 0
 159 000a 224B     		ldr	r3, .L16
 160 000c FB60     		str	r3, [r7, #12]
 107:Generated_Source\PSoC6\pdl\drivers\peripheral\trigmux/cy_trigmux.c **** 
 108:Generated_Source\PSoC6\pdl\drivers\peripheral\trigmux/cy_trigmux.c ****     CY_ASSERT_L2(0U == (trigLine & (uint32_t)~CY_TR_PARAM_MASK));
 161              		.loc 1 108 0
 162 000e 7A68     		ldr	r2, [r7, #4]
 163 0010 214B     		ldr	r3, .L16+4
 164 0012 1340     		ands	r3, r3, r2
 165 0014 002B     		cmp	r3, #0
 166 0016 03D0     		beq	.L10
ARM GAS  C:\Users\ikomb\AppData\Local\Temp\ccDYu6IN.s 			page 6


 167              		.loc 1 108 0 is_stmt 0 discriminator 1
 168 0018 6C21     		movs	r1, #108
 169 001a 2048     		ldr	r0, .L16+8
 170 001c FFF7FEFF 		bl	Cy_SysLib_AssertFailed
 171              	.L10:
 109:Generated_Source\PSoC6\pdl\drivers\peripheral\trigmux/cy_trigmux.c ****     CY_ASSERT_L2(CY_TR_CYCLES_MAX >= cycles);
 172              		.loc 1 109 0 is_stmt 1
 173 0020 3B68     		ldr	r3, [r7]
 174 0022 FF2B     		cmp	r3, #255
 175 0024 03D9     		bls	.L11
 176              		.loc 1 109 0 is_stmt 0 discriminator 1
 177 0026 6D21     		movs	r1, #109
 178 0028 1C48     		ldr	r0, .L16+8
 179 002a FFF7FEFF 		bl	Cy_SysLib_AssertFailed
 180              	.L11:
 110:Generated_Source\PSoC6\pdl\drivers\peripheral\trigmux/cy_trigmux.c ****  
 111:Generated_Source\PSoC6\pdl\drivers\peripheral\trigmux/cy_trigmux.c **** 
 112:Generated_Source\PSoC6\pdl\drivers\peripheral\trigmux/cy_trigmux.c ****     if (CY_TRIGGER_DEACTIVATE != cycles)
 181              		.loc 1 112 0 is_stmt 1
 182 002e 3B68     		ldr	r3, [r7]
 183 0030 002B     		cmp	r3, #0
 184 0032 1BD0     		beq	.L12
 113:Generated_Source\PSoC6\pdl\drivers\peripheral\trigmux/cy_trigmux.c ****     {
 114:Generated_Source\PSoC6\pdl\drivers\peripheral\trigmux/cy_trigmux.c ****         if (PERI_TR_CMD_ACTIVATE_Msk != (PERI->TR_CMD & PERI_TR_CMD_ACTIVATE_Msk))
 185              		.loc 1 114 0
 186 0034 1A4B     		ldr	r3, .L16+12
 187 0036 03F58053 		add	r3, r3, #4096
 188 003a 1B68     		ldr	r3, [r3]
 189 003c 002B     		cmp	r3, #0
 190 003e 24DB     		blt	.L14
 115:Generated_Source\PSoC6\pdl\drivers\peripheral\trigmux/cy_trigmux.c ****         {
 116:Generated_Source\PSoC6\pdl\drivers\peripheral\trigmux/cy_trigmux.c ****             /* Activate the trigger if it is not in the active state. */
 117:Generated_Source\PSoC6\pdl\drivers\peripheral\trigmux/cy_trigmux.c ****             PERI->TR_CMD = _VAL2FLD(PERI_TR_CMD_TR_SEL, (trigLine & CY_TR_MASK)) |
 191              		.loc 1 117 0
 192 0040 1749     		ldr	r1, .L16+12
 193 0042 7A68     		ldr	r2, [r7, #4]
 194 0044 40F67F73 		movw	r3, #3967
 195 0048 1340     		ands	r3, r3, r2
 118:Generated_Source\PSoC6\pdl\drivers\peripheral\trigmux/cy_trigmux.c ****                 _VAL2FLD(PERI_TR_CMD_GROUP_SEL, ((trigLine & CY_TR_GROUP_MASK) >> CY_TR_GROUP_SHIFT
 119:Generated_Source\PSoC6\pdl\drivers\peripheral\trigmux/cy_trigmux.c ****                 _VAL2FLD(PERI_TR_CMD_COUNT, cycles) |
 196              		.loc 1 119 0
 197 004a 3A68     		ldr	r2, [r7]
 198 004c 1204     		lsls	r2, r2, #16
 199 004e 02F47F02 		and	r2, r2, #16711680
 118:Generated_Source\PSoC6\pdl\drivers\peripheral\trigmux/cy_trigmux.c ****                 _VAL2FLD(PERI_TR_CMD_GROUP_SEL, ((trigLine & CY_TR_GROUP_MASK) >> CY_TR_GROUP_SHIFT
 200              		.loc 1 118 0
 201 0052 1A43     		orrs	r2, r2, r3
 120:Generated_Source\PSoC6\pdl\drivers\peripheral\trigmux/cy_trigmux.c ****                 _VAL2FLD(PERI_TR_CMD_OUT_SEL, (trigLine & CY_TR_OUT_CTL_MASK) >> CY_TR_OUT_CTL_SHIF
 202              		.loc 1 120 0
 203 0054 7B68     		ldr	r3, [r7, #4]
 204 0056 03F08043 		and	r3, r3, #1073741824
 119:Generated_Source\PSoC6\pdl\drivers\peripheral\trigmux/cy_trigmux.c ****                 _VAL2FLD(PERI_TR_CMD_OUT_SEL, (trigLine & CY_TR_OUT_CTL_MASK) >> CY_TR_OUT_CTL_SHIF
 205              		.loc 1 119 0
 206 005a 1343     		orrs	r3, r3, r2
 207              		.loc 1 120 0
 208 005c 43F00042 		orr	r2, r3, #-2147483648
 117:Generated_Source\PSoC6\pdl\drivers\peripheral\trigmux/cy_trigmux.c ****                 _VAL2FLD(PERI_TR_CMD_GROUP_SEL, ((trigLine & CY_TR_GROUP_MASK) >> CY_TR_GROUP_SHIFT
ARM GAS  C:\Users\ikomb\AppData\Local\Temp\ccDYu6IN.s 			page 7


 209              		.loc 1 117 0
 210 0060 01F58053 		add	r3, r1, #4096
 211 0064 1A60     		str	r2, [r3]
 121:Generated_Source\PSoC6\pdl\drivers\peripheral\trigmux/cy_trigmux.c ****                 _VAL2FLD(PERI_TR_CMD_ACTIVATE, CY_TR_ACTIVATE_ENABLE);
 122:Generated_Source\PSoC6\pdl\drivers\peripheral\trigmux/cy_trigmux.c ****                 
 123:Generated_Source\PSoC6\pdl\drivers\peripheral\trigmux/cy_trigmux.c ****             retVal = CY_TRIGMUX_SUCCESS;
 212              		.loc 1 123 0
 213 0066 0023     		movs	r3, #0
 214 0068 FB60     		str	r3, [r7, #12]
 215 006a 0EE0     		b	.L14
 216              	.L12:
 124:Generated_Source\PSoC6\pdl\drivers\peripheral\trigmux/cy_trigmux.c ****         }
 125:Generated_Source\PSoC6\pdl\drivers\peripheral\trigmux/cy_trigmux.c ****     }
 126:Generated_Source\PSoC6\pdl\drivers\peripheral\trigmux/cy_trigmux.c ****     else
 127:Generated_Source\PSoC6\pdl\drivers\peripheral\trigmux/cy_trigmux.c ****     {
 128:Generated_Source\PSoC6\pdl\drivers\peripheral\trigmux/cy_trigmux.c ****         if (PERI_TR_CMD_ACTIVATE_Msk == (PERI->TR_CMD & PERI_TR_CMD_ACTIVATE_Msk))
 217              		.loc 1 128 0
 218 006c 0C4B     		ldr	r3, .L16+12
 219 006e 03F58053 		add	r3, r3, #4096
 220 0072 1B68     		ldr	r3, [r3]
 221 0074 002B     		cmp	r3, #0
 222 0076 08DA     		bge	.L14
 129:Generated_Source\PSoC6\pdl\drivers\peripheral\trigmux/cy_trigmux.c ****         {
 130:Generated_Source\PSoC6\pdl\drivers\peripheral\trigmux/cy_trigmux.c ****             /* Forcibly deactivate the trigger. */
 131:Generated_Source\PSoC6\pdl\drivers\peripheral\trigmux/cy_trigmux.c ****             PERI->TR_CMD = _VAL2FLD(PERI_TR_CMD_TR_SEL, (trigLine & CY_TR_MASK)) |
 223              		.loc 1 131 0
 224 0078 0949     		ldr	r1, .L16+12
 132:Generated_Source\PSoC6\pdl\drivers\peripheral\trigmux/cy_trigmux.c ****                 _VAL2FLD(PERI_TR_CMD_GROUP_SEL, ((trigLine & CY_TR_GROUP_MASK) >> CY_TR_GROUP_SHIFT
 225              		.loc 1 132 0
 226 007a 7A68     		ldr	r2, [r7, #4]
 227 007c 094B     		ldr	r3, .L16+16
 228 007e 1340     		ands	r3, r3, r2
 131:Generated_Source\PSoC6\pdl\drivers\peripheral\trigmux/cy_trigmux.c ****                 _VAL2FLD(PERI_TR_CMD_GROUP_SEL, ((trigLine & CY_TR_GROUP_MASK) >> CY_TR_GROUP_SHIFT
 229              		.loc 1 131 0
 230 0080 01F58052 		add	r2, r1, #4096
 231 0084 1360     		str	r3, [r2]
 133:Generated_Source\PSoC6\pdl\drivers\peripheral\trigmux/cy_trigmux.c ****                 _VAL2FLD(PERI_TR_CMD_OUT_SEL, (trigLine & CY_TR_OUT_CTL_MASK) >> CY_TR_OUT_CTL_SHIF
 134:Generated_Source\PSoC6\pdl\drivers\peripheral\trigmux/cy_trigmux.c ****                 
 135:Generated_Source\PSoC6\pdl\drivers\peripheral\trigmux/cy_trigmux.c ****             retVal = CY_TRIGMUX_SUCCESS;
 232              		.loc 1 135 0
 233 0086 0023     		movs	r3, #0
 234 0088 FB60     		str	r3, [r7, #12]
 235              	.L14:
 136:Generated_Source\PSoC6\pdl\drivers\peripheral\trigmux/cy_trigmux.c ****         }         
 137:Generated_Source\PSoC6\pdl\drivers\peripheral\trigmux/cy_trigmux.c ****     }
 138:Generated_Source\PSoC6\pdl\drivers\peripheral\trigmux/cy_trigmux.c ****     
 139:Generated_Source\PSoC6\pdl\drivers\peripheral\trigmux/cy_trigmux.c ****     return retVal;
 236              		.loc 1 139 0
 237 008a FB68     		ldr	r3, [r7, #12]
 140:Generated_Source\PSoC6\pdl\drivers\peripheral\trigmux/cy_trigmux.c **** }
 238              		.loc 1 140 0
 239 008c 1846     		mov	r0, r3
 240 008e 1037     		adds	r7, r7, #16
 241              		.cfi_def_cfa_offset 8
 242 0090 BD46     		mov	sp, r7
 243              		.cfi_def_cfa_register 13
 244              		@ sp needed
ARM GAS  C:\Users\ikomb\AppData\Local\Temp\ccDYu6IN.s 			page 8


 245 0092 80BD     		pop	{r7, pc}
 246              	.L17:
 247              		.align	2
 248              	.L16:
 249 0094 0200CE00 		.word	13500418
 250 0098 80F0FFBF 		.word	-1073745792
 251 009c 00000000 		.word	.LC0
 252 00a0 00000140 		.word	1073807360
 253 00a4 7F0F0040 		.word	1073745791
 254              		.cfi_endproc
 255              	.LFE126:
 256              		.size	Cy_TrigMux_SwTrigger, .-Cy_TrigMux_SwTrigger
 257              		.text
 258              	.Letext0:
 259              		.file 2 "c:\\program files (x86)\\cypress\\psoc creator\\4.4\\psoc creator\\import\\gnu\\arm\\5.4.
 260              		.file 3 "c:\\program files (x86)\\cypress\\psoc creator\\4.4\\psoc creator\\import\\gnu\\arm\\5.4.
 261              		.file 4 "Generated_Source\\PSoC6\\pdl\\devices/psoc6/psoc63/include/psoc63_config.h"
 262              		.file 5 "Generated_Source\\PSoC6\\pdl\\devices/psoc6/ip/cyip_peri.h"
 263              		.file 6 "Generated_Source\\PSoC6\\pdl\\drivers/peripheral/syslib/cy_syslib.h"
 264              		.file 7 "Generated_Source\\PSoC6\\pdl\\drivers\\peripheral\\trigmux\\cy_trigmux.h"
 265              		.file 8 "Generated_Source\\PSoC6\\pdl\\cmsis/include/core_cm4.h"
 266              		.section	.debug_info,"",%progbits
 267              	.Ldebug_info0:
 268 0000 4C050000 		.4byte	0x54c
 269 0004 0400     		.2byte	0x4
 270 0006 00000000 		.4byte	.Ldebug_abbrev0
 271 000a 04       		.byte	0x4
 272 000b 01       		.uleb128 0x1
 273 000c 18010000 		.4byte	.LASF63
 274 0010 0C       		.byte	0xc
 275 0011 44000000 		.4byte	.LASF64
 276 0015 5A020000 		.4byte	.LASF65
 277 0019 00000000 		.4byte	.Ldebug_ranges0+0
 278 001d 00000000 		.4byte	0
 279 0021 00000000 		.4byte	.Ldebug_line0
 280 0025 02       		.uleb128 0x2
 281 0026 02       		.byte	0x2
 282 0027 05       		.byte	0x5
 283 0028 87000000 		.4byte	.LASF0
 284 002c 02       		.uleb128 0x2
 285 002d 01       		.byte	0x1
 286 002e 06       		.byte	0x6
 287 002f BA020000 		.4byte	.LASF1
 288 0033 02       		.uleb128 0x2
 289 0034 01       		.byte	0x1
 290 0035 08       		.byte	0x8
 291 0036 4C020000 		.4byte	.LASF2
 292 003a 02       		.uleb128 0x2
 293 003b 02       		.byte	0x2
 294 003c 07       		.byte	0x7
 295 003d 23030000 		.4byte	.LASF3
 296 0041 03       		.uleb128 0x3
 297 0042 EA030000 		.4byte	.LASF5
 298 0046 02       		.byte	0x2
 299 0047 3F       		.byte	0x3f
 300 0048 4C000000 		.4byte	0x4c
 301 004c 02       		.uleb128 0x2
ARM GAS  C:\Users\ikomb\AppData\Local\Temp\ccDYu6IN.s 			page 9


 302 004d 04       		.byte	0x4
 303 004e 05       		.byte	0x5
 304 004f CB010000 		.4byte	.LASF4
 305 0053 03       		.uleb128 0x3
 306 0054 CE000000 		.4byte	.LASF6
 307 0058 02       		.byte	0x2
 308 0059 41       		.byte	0x41
 309 005a 5E000000 		.4byte	0x5e
 310 005e 02       		.uleb128 0x2
 311 005f 04       		.byte	0x4
 312 0060 07       		.byte	0x7
 313 0061 BC030000 		.4byte	.LASF7
 314 0065 02       		.uleb128 0x2
 315 0066 08       		.byte	0x8
 316 0067 05       		.byte	0x5
 317 0068 05010000 		.4byte	.LASF8
 318 006c 02       		.uleb128 0x2
 319 006d 08       		.byte	0x8
 320 006e 07       		.byte	0x7
 321 006f C6020000 		.4byte	.LASF9
 322 0073 04       		.uleb128 0x4
 323 0074 04       		.byte	0x4
 324 0075 05       		.byte	0x5
 325 0076 696E7400 		.ascii	"int\000"
 326 007a 02       		.uleb128 0x2
 327 007b 04       		.byte	0x4
 328 007c 07       		.byte	0x7
 329 007d F7020000 		.4byte	.LASF10
 330 0081 03       		.uleb128 0x3
 331 0082 50030000 		.4byte	.LASF11
 332 0086 03       		.byte	0x3
 333 0087 2C       		.byte	0x2c
 334 0088 41000000 		.4byte	0x41
 335 008c 03       		.uleb128 0x3
 336 008d DD020000 		.4byte	.LASF12
 337 0091 03       		.byte	0x3
 338 0092 30       		.byte	0x30
 339 0093 53000000 		.4byte	0x53
 340 0097 02       		.uleb128 0x2
 341 0098 04       		.byte	0x4
 342 0099 07       		.byte	0x7
 343 009a A4000000 		.4byte	.LASF13
 344 009e 05       		.uleb128 0x5
 345 009f 8C000000 		.4byte	0x8c
 346 00a3 06       		.uleb128 0x6
 347 00a4 9E000000 		.4byte	0x9e
 348 00a8 07       		.uleb128 0x7
 349 00a9 01       		.byte	0x1
 350 00aa 33000000 		.4byte	0x33
 351 00ae 04       		.byte	0x4
 352 00af A005     		.2byte	0x5a0
 353 00b1 C2000000 		.4byte	0xc2
 354 00b5 08       		.uleb128 0x8
 355 00b6 91000000 		.4byte	.LASF14
 356 00ba 00       		.byte	0
 357 00bb 08       		.uleb128 0x8
 358 00bc 36030000 		.4byte	.LASF15
ARM GAS  C:\Users\ikomb\AppData\Local\Temp\ccDYu6IN.s 			page 10


 359 00c0 01       		.byte	0x1
 360 00c1 00       		.byte	0
 361 00c2 09       		.uleb128 0x9
 362 00c3 04030000 		.4byte	.LASF16
 363 00c7 04       		.byte	0x4
 364 00c8 A605     		.2byte	0x5a6
 365 00ca A8000000 		.4byte	0xa8
 366 00ce 0A       		.uleb128 0xa
 367 00cf 9E000000 		.4byte	0x9e
 368 00d3 DE000000 		.4byte	0xde
 369 00d7 0B       		.uleb128 0xb
 370 00d8 97000000 		.4byte	0x97
 371 00dc 7F       		.byte	0x7f
 372 00dd 00       		.byte	0
 373 00de 0C       		.uleb128 0xc
 374 00df 40       		.byte	0x40
 375 00e0 05       		.byte	0x5
 376 00e1 27       		.byte	0x27
 377 00e2 23010000 		.4byte	0x123
 378 00e6 0D       		.uleb128 0xd
 379 00e7 25040000 		.4byte	.LASF17
 380 00eb 05       		.byte	0x5
 381 00ec 28       		.byte	0x28
 382 00ed 9E000000 		.4byte	0x9e
 383 00f1 00       		.byte	0
 384 00f2 0D       		.uleb128 0xd
 385 00f3 0F040000 		.4byte	.LASF18
 386 00f7 05       		.byte	0x5
 387 00f8 29       		.byte	0x29
 388 00f9 38010000 		.4byte	0x138
 389 00fd 04       		.byte	0x4
 390 00fe 0D       		.uleb128 0xd
 391 00ff 2F040000 		.4byte	.LASF19
 392 0103 05       		.byte	0x5
 393 0104 2A       		.byte	0x2a
 394 0105 9E000000 		.4byte	0x9e
 395 0109 20       		.byte	0x20
 396 010a 0D       		.uleb128 0xd
 397 010b 58030000 		.4byte	.LASF20
 398 010f 05       		.byte	0x5
 399 0110 2B       		.byte	0x2b
 400 0111 9E000000 		.4byte	0x9e
 401 0115 24       		.byte	0x24
 402 0116 0D       		.uleb128 0xd
 403 0117 94030000 		.4byte	.LASF21
 404 011b 05       		.byte	0x5
 405 011c 2C       		.byte	0x2c
 406 011d 52010000 		.4byte	0x152
 407 0121 28       		.byte	0x28
 408 0122 00       		.byte	0
 409 0123 0A       		.uleb128 0xa
 410 0124 A3000000 		.4byte	0xa3
 411 0128 33010000 		.4byte	0x133
 412 012c 0B       		.uleb128 0xb
 413 012d 97000000 		.4byte	0x97
 414 0131 06       		.byte	0x6
 415 0132 00       		.byte	0
ARM GAS  C:\Users\ikomb\AppData\Local\Temp\ccDYu6IN.s 			page 11


 416 0133 05       		.uleb128 0x5
 417 0134 23010000 		.4byte	0x123
 418 0138 06       		.uleb128 0x6
 419 0139 33010000 		.4byte	0x133
 420 013d 0A       		.uleb128 0xa
 421 013e A3000000 		.4byte	0xa3
 422 0142 4D010000 		.4byte	0x14d
 423 0146 0B       		.uleb128 0xb
 424 0147 97000000 		.4byte	0x97
 425 014b 05       		.byte	0x5
 426 014c 00       		.byte	0
 427 014d 05       		.uleb128 0x5
 428 014e 3D010000 		.4byte	0x13d
 429 0152 06       		.uleb128 0x6
 430 0153 4D010000 		.4byte	0x14d
 431 0157 03       		.uleb128 0x3
 432 0158 F2010000 		.4byte	.LASF22
 433 015c 05       		.byte	0x5
 434 015d 2D       		.byte	0x2d
 435 015e DE000000 		.4byte	0xde
 436 0162 0E       		.uleb128 0xe
 437 0163 0002     		.2byte	0x200
 438 0165 05       		.byte	0x5
 439 0166 32       		.byte	0x32
 440 0167 78010000 		.4byte	0x178
 441 016b 0D       		.uleb128 0xd
 442 016c 04040000 		.4byte	.LASF23
 443 0170 05       		.byte	0x5
 444 0171 33       		.byte	0x33
 445 0172 78010000 		.4byte	0x178
 446 0176 00       		.byte	0
 447 0177 00       		.byte	0
 448 0178 05       		.uleb128 0x5
 449 0179 CE000000 		.4byte	0xce
 450 017d 03       		.uleb128 0x3
 451 017e 00000000 		.4byte	.LASF24
 452 0182 05       		.byte	0x5
 453 0183 34       		.byte	0x34
 454 0184 62010000 		.4byte	0x162
 455 0188 0C       		.uleb128 0xc
 456 0189 40       		.byte	0x40
 457 018a 05       		.byte	0x5
 458 018b 39       		.byte	0x39
 459 018c D9010000 		.4byte	0x1d9
 460 0190 0D       		.uleb128 0xd
 461 0191 64030000 		.4byte	.LASF25
 462 0195 05       		.byte	0x5
 463 0196 3A       		.byte	0x3a
 464 0197 9E000000 		.4byte	0x9e
 465 019b 00       		.byte	0
 466 019c 0D       		.uleb128 0xd
 467 019d E8010000 		.4byte	.LASF26
 468 01a1 05       		.byte	0x5
 469 01a2 3B       		.byte	0x3b
 470 01a3 9E000000 		.4byte	0x9e
 471 01a7 04       		.byte	0x4
 472 01a8 0D       		.uleb128 0xd
ARM GAS  C:\Users\ikomb\AppData\Local\Temp\ccDYu6IN.s 			page 12


 473 01a9 0F040000 		.4byte	.LASF18
 474 01ad 05       		.byte	0x5
 475 01ae 3C       		.byte	0x3c
 476 01af DE010000 		.4byte	0x1de
 477 01b3 08       		.byte	0x8
 478 01b4 0D       		.uleb128 0xd
 479 01b5 6A030000 		.4byte	.LASF27
 480 01b9 05       		.byte	0x5
 481 01ba 3D       		.byte	0x3d
 482 01bb A3000000 		.4byte	0xa3
 483 01bf 20       		.byte	0x20
 484 01c0 0D       		.uleb128 0xd
 485 01c1 ED010000 		.4byte	.LASF28
 486 01c5 05       		.byte	0x5
 487 01c6 3E       		.byte	0x3e
 488 01c7 9E000000 		.4byte	0x9e
 489 01cb 24       		.byte	0x24
 490 01cc 0D       		.uleb128 0xd
 491 01cd 94030000 		.4byte	.LASF21
 492 01d1 05       		.byte	0x5
 493 01d2 3F       		.byte	0x3f
 494 01d3 E8010000 		.4byte	0x1e8
 495 01d7 28       		.byte	0x28
 496 01d8 00       		.byte	0
 497 01d9 05       		.uleb128 0x5
 498 01da 3D010000 		.4byte	0x13d
 499 01de 06       		.uleb128 0x6
 500 01df D9010000 		.4byte	0x1d9
 501 01e3 05       		.uleb128 0x5
 502 01e4 3D010000 		.4byte	0x13d
 503 01e8 06       		.uleb128 0x6
 504 01e9 E3010000 		.4byte	0x1e3
 505 01ed 03       		.uleb128 0x3
 506 01ee EE000000 		.4byte	.LASF29
 507 01f2 05       		.byte	0x5
 508 01f3 40       		.byte	0x40
 509 01f4 88010000 		.4byte	0x188
 510 01f8 0C       		.uleb128 0xc
 511 01f9 40       		.byte	0x40
 512 01fa 05       		.byte	0x5
 513 01fb 45       		.byte	0x45
 514 01fc 49020000 		.4byte	0x249
 515 0200 0D       		.uleb128 0xd
 516 0201 64030000 		.4byte	.LASF25
 517 0205 05       		.byte	0x5
 518 0206 46       		.byte	0x46
 519 0207 A3000000 		.4byte	0xa3
 520 020b 00       		.byte	0
 521 020c 0D       		.uleb128 0xd
 522 020d E8010000 		.4byte	.LASF26
 523 0211 05       		.byte	0x5
 524 0212 47       		.byte	0x47
 525 0213 9E000000 		.4byte	0x9e
 526 0217 04       		.byte	0x4
 527 0218 0D       		.uleb128 0xd
 528 0219 0F040000 		.4byte	.LASF18
 529 021d 05       		.byte	0x5
ARM GAS  C:\Users\ikomb\AppData\Local\Temp\ccDYu6IN.s 			page 13


 530 021e 48       		.byte	0x48
 531 021f 4E020000 		.4byte	0x24e
 532 0223 08       		.byte	0x8
 533 0224 0D       		.uleb128 0xd
 534 0225 6A030000 		.4byte	.LASF27
 535 0229 05       		.byte	0x5
 536 022a 49       		.byte	0x49
 537 022b A3000000 		.4byte	0xa3
 538 022f 20       		.byte	0x20
 539 0230 0D       		.uleb128 0xd
 540 0231 ED010000 		.4byte	.LASF28
 541 0235 05       		.byte	0x5
 542 0236 4A       		.byte	0x4a
 543 0237 9E000000 		.4byte	0x9e
 544 023b 24       		.byte	0x24
 545 023c 0D       		.uleb128 0xd
 546 023d 94030000 		.4byte	.LASF21
 547 0241 05       		.byte	0x5
 548 0242 4B       		.byte	0x4b
 549 0243 58020000 		.4byte	0x258
 550 0247 28       		.byte	0x28
 551 0248 00       		.byte	0
 552 0249 05       		.uleb128 0x5
 553 024a 3D010000 		.4byte	0x13d
 554 024e 06       		.uleb128 0x6
 555 024f 49020000 		.4byte	0x249
 556 0253 05       		.uleb128 0x5
 557 0254 3D010000 		.4byte	0x13d
 558 0258 06       		.uleb128 0x6
 559 0259 53020000 		.4byte	0x253
 560 025d 03       		.uleb128 0x3
 561 025e 29000000 		.4byte	.LASF30
 562 0262 05       		.byte	0x5
 563 0263 4C       		.byte	0x4c
 564 0264 F8010000 		.4byte	0x1f8
 565 0268 0E       		.uleb128 0xe
 566 0269 0054     		.2byte	0x5400
 567 026b 05       		.byte	0x5
 568 026c 69       		.byte	0x69
 569 026d 40030000 		.4byte	0x340
 570 0271 0F       		.uleb128 0xf
 571 0272 475200   		.ascii	"GR\000"
 572 0275 05       		.byte	0x5
 573 0276 6A       		.byte	0x6a
 574 0277 40030000 		.4byte	0x340
 575 027b 00       		.byte	0
 576 027c 10       		.uleb128 0x10
 577 027d E6000000 		.4byte	.LASF31
 578 0281 05       		.byte	0x5
 579 0282 6B       		.byte	0x6b
 580 0283 9E000000 		.4byte	0x9e
 581 0287 0004     		.2byte	0x400
 582 0289 10       		.uleb128 0x10
 583 028a 0F040000 		.4byte	.LASF18
 584 028e 05       		.byte	0x5
 585 028f 6C       		.byte	0x6c
 586 0290 65030000 		.4byte	0x365
ARM GAS  C:\Users\ikomb\AppData\Local\Temp\ccDYu6IN.s 			page 14


 587 0294 0404     		.2byte	0x404
 588 0296 10       		.uleb128 0x10
 589 0297 E6020000 		.4byte	.LASF32
 590 029b 05       		.byte	0x5
 591 029c 6D       		.byte	0x6d
 592 029d 7A030000 		.4byte	0x37a
 593 02a1 0008     		.2byte	0x800
 594 02a3 10       		.uleb128 0x10
 595 02a4 28020000 		.4byte	.LASF33
 596 02a8 05       		.byte	0x5
 597 02a9 6E       		.byte	0x6e
 598 02aa 7F030000 		.4byte	0x37f
 599 02ae 0009     		.2byte	0x900
 600 02b0 10       		.uleb128 0x10
 601 02b1 D9000000 		.4byte	.LASF34
 602 02b5 05       		.byte	0x5
 603 02b6 6F       		.byte	0x6f
 604 02b7 84030000 		.4byte	0x384
 605 02bb 000A     		.2byte	0xa00
 606 02bd 10       		.uleb128 0x10
 607 02be 14020000 		.4byte	.LASF35
 608 02c2 05       		.byte	0x5
 609 02c3 70       		.byte	0x70
 610 02c4 99030000 		.4byte	0x399
 611 02c8 000B     		.2byte	0xb00
 612 02ca 10       		.uleb128 0x10
 613 02cb 94030000 		.4byte	.LASF21
 614 02cf 05       		.byte	0x5
 615 02d0 71       		.byte	0x71
 616 02d1 A3000000 		.4byte	0xa3
 617 02d5 FC0B     		.2byte	0xbfc
 618 02d7 10       		.uleb128 0x10
 619 02d8 25040000 		.4byte	.LASF17
 620 02dc 05       		.byte	0x5
 621 02dd 72       		.byte	0x72
 622 02de 9E030000 		.4byte	0x39e
 623 02e2 000C     		.2byte	0xc00
 624 02e4 10       		.uleb128 0x10
 625 02e5 9E030000 		.4byte	.LASF36
 626 02e9 05       		.byte	0x5
 627 02ea 73       		.byte	0x73
 628 02eb B8030000 		.4byte	0x3b8
 629 02ef 000E     		.2byte	0xe00
 630 02f1 10       		.uleb128 0x10
 631 02f2 1C030000 		.4byte	.LASF37
 632 02f6 05       		.byte	0x5
 633 02f7 74       		.byte	0x74
 634 02f8 9E000000 		.4byte	0x9e
 635 02fc 0010     		.2byte	0x1000
 636 02fe 10       		.uleb128 0x10
 637 02ff A8030000 		.4byte	.LASF38
 638 0303 05       		.byte	0x5
 639 0304 75       		.byte	0x75
 640 0305 D3030000 		.4byte	0x3d3
 641 0309 0410     		.2byte	0x1004
 642 030b 10       		.uleb128 0x10
 643 030c 10000000 		.4byte	.LASF39
ARM GAS  C:\Users\ikomb\AppData\Local\Temp\ccDYu6IN.s 			page 15


 644 0310 05       		.byte	0x5
 645 0311 76       		.byte	0x76
 646 0312 D8030000 		.4byte	0x3d8
 647 0316 0020     		.2byte	0x2000
 648 0318 10       		.uleb128 0x10
 649 0319 F0020000 		.4byte	.LASF40
 650 031d 05       		.byte	0x5
 651 031e 77       		.byte	0x77
 652 031f E8030000 		.4byte	0x3e8
 653 0323 0040     		.2byte	0x4000
 654 0325 10       		.uleb128 0x10
 655 0326 B2030000 		.4byte	.LASF41
 656 032a 05       		.byte	0x5
 657 032b 78       		.byte	0x78
 658 032c 0E040000 		.4byte	0x40e
 659 0330 0048     		.2byte	0x4800
 660 0332 10       		.uleb128 0x10
 661 0333 AD000000 		.4byte	.LASF42
 662 0337 05       		.byte	0x5
 663 0338 79       		.byte	0x79
 664 0339 13040000 		.4byte	0x413
 665 033d 0050     		.2byte	0x5000
 666 033f 00       		.byte	0
 667 0340 0A       		.uleb128 0xa
 668 0341 57010000 		.4byte	0x157
 669 0345 50030000 		.4byte	0x350
 670 0349 0B       		.uleb128 0xb
 671 034a 97000000 		.4byte	0x97
 672 034e 0F       		.byte	0xf
 673 034f 00       		.byte	0
 674 0350 0A       		.uleb128 0xa
 675 0351 A3000000 		.4byte	0xa3
 676 0355 60030000 		.4byte	0x360
 677 0359 0B       		.uleb128 0xb
 678 035a 97000000 		.4byte	0x97
 679 035e FE       		.byte	0xfe
 680 035f 00       		.byte	0
 681 0360 05       		.uleb128 0x5
 682 0361 50030000 		.4byte	0x350
 683 0365 06       		.uleb128 0x6
 684 0366 60030000 		.4byte	0x360
 685 036a 0A       		.uleb128 0xa
 686 036b 9E000000 		.4byte	0x9e
 687 036f 7A030000 		.4byte	0x37a
 688 0373 0B       		.uleb128 0xb
 689 0374 97000000 		.4byte	0x97
 690 0378 3F       		.byte	0x3f
 691 0379 00       		.byte	0
 692 037a 05       		.uleb128 0x5
 693 037b 6A030000 		.4byte	0x36a
 694 037f 05       		.uleb128 0x5
 695 0380 6A030000 		.4byte	0x36a
 696 0384 05       		.uleb128 0x5
 697 0385 6A030000 		.4byte	0x36a
 698 0389 0A       		.uleb128 0xa
 699 038a 9E000000 		.4byte	0x9e
 700 038e 99030000 		.4byte	0x399
ARM GAS  C:\Users\ikomb\AppData\Local\Temp\ccDYu6IN.s 			page 16


 701 0392 0B       		.uleb128 0xb
 702 0393 97000000 		.4byte	0x97
 703 0397 3E       		.byte	0x3e
 704 0398 00       		.byte	0
 705 0399 05       		.uleb128 0x5
 706 039a 89030000 		.4byte	0x389
 707 039e 05       		.uleb128 0x5
 708 039f CE000000 		.4byte	0xce
 709 03a3 0A       		.uleb128 0xa
 710 03a4 A3000000 		.4byte	0xa3
 711 03a8 B3030000 		.4byte	0x3b3
 712 03ac 0B       		.uleb128 0xb
 713 03ad 97000000 		.4byte	0x97
 714 03b1 7F       		.byte	0x7f
 715 03b2 00       		.byte	0
 716 03b3 05       		.uleb128 0x5
 717 03b4 A3030000 		.4byte	0x3a3
 718 03b8 06       		.uleb128 0x6
 719 03b9 B3030000 		.4byte	0x3b3
 720 03bd 0A       		.uleb128 0xa
 721 03be A3000000 		.4byte	0xa3
 722 03c2 CE030000 		.4byte	0x3ce
 723 03c6 11       		.uleb128 0x11
 724 03c7 97000000 		.4byte	0x97
 725 03cb FE03     		.2byte	0x3fe
 726 03cd 00       		.byte	0
 727 03ce 05       		.uleb128 0x5
 728 03cf BD030000 		.4byte	0x3bd
 729 03d3 06       		.uleb128 0x6
 730 03d4 CE030000 		.4byte	0x3ce
 731 03d8 0A       		.uleb128 0xa
 732 03d9 7D010000 		.4byte	0x17d
 733 03dd E8030000 		.4byte	0x3e8
 734 03e1 0B       		.uleb128 0xb
 735 03e2 97000000 		.4byte	0x97
 736 03e6 0F       		.byte	0xf
 737 03e7 00       		.byte	0
 738 03e8 0A       		.uleb128 0xa
 739 03e9 ED010000 		.4byte	0x1ed
 740 03ed F8030000 		.4byte	0x3f8
 741 03f1 0B       		.uleb128 0xb
 742 03f2 97000000 		.4byte	0x97
 743 03f6 1F       		.byte	0x1f
 744 03f7 00       		.byte	0
 745 03f8 0A       		.uleb128 0xa
 746 03f9 A3000000 		.4byte	0xa3
 747 03fd 09040000 		.4byte	0x409
 748 0401 11       		.uleb128 0x11
 749 0402 97000000 		.4byte	0x97
 750 0406 FF01     		.2byte	0x1ff
 751 0408 00       		.byte	0
 752 0409 05       		.uleb128 0x5
 753 040a F8030000 		.4byte	0x3f8
 754 040e 06       		.uleb128 0x6
 755 040f 09040000 		.4byte	0x409
 756 0413 0A       		.uleb128 0xa
 757 0414 5D020000 		.4byte	0x25d
ARM GAS  C:\Users\ikomb\AppData\Local\Temp\ccDYu6IN.s 			page 17


 758 0418 23040000 		.4byte	0x423
 759 041c 0B       		.uleb128 0xb
 760 041d 97000000 		.4byte	0x97
 761 0421 0F       		.byte	0xf
 762 0422 00       		.byte	0
 763 0423 03       		.uleb128 0x3
 764 0424 3A000000 		.4byte	.LASF43
 765 0428 05       		.byte	0x5
 766 0429 7B       		.byte	0x7b
 767 042a 68020000 		.4byte	0x268
 768 042e 09       		.uleb128 0x9
 769 042f D4010000 		.4byte	.LASF44
 770 0433 06       		.byte	0x6
 771 0434 C401     		.2byte	0x1c4
 772 0436 3A040000 		.4byte	0x43a
 773 043a 02       		.uleb128 0x2
 774 043b 01       		.byte	0x1
 775 043c 08       		.byte	0x8
 776 043d 13010000 		.4byte	.LASF45
 777 0441 02       		.uleb128 0x2
 778 0442 04       		.byte	0x4
 779 0443 04       		.byte	0x4
 780 0444 FF000000 		.4byte	.LASF46
 781 0448 02       		.uleb128 0x2
 782 0449 08       		.byte	0x8
 783 044a 04       		.byte	0x4
 784 044b CE030000 		.4byte	.LASF47
 785 044f 12       		.uleb128 0x12
 786 0450 04       		.byte	0x4
 787 0451 7A000000 		.4byte	0x7a
 788 0455 07       		.byte	0x7
 789 0456 CB       		.byte	0xcb
 790 0457 74040000 		.4byte	0x474
 791 045b 08       		.uleb128 0x8
 792 045c B4000000 		.4byte	.LASF48
 793 0460 00       		.byte	0
 794 0461 13       		.uleb128 0x13
 795 0462 D5030000 		.4byte	.LASF49
 796 0466 0100CE00 		.4byte	0xce0001
 797 046a 13       		.uleb128 0x13
 798 046b 33020000 		.4byte	.LASF50
 799 046f 0200CE00 		.4byte	0xce0002
 800 0473 00       		.byte	0
 801 0474 03       		.uleb128 0x3
 802 0475 7D030000 		.4byte	.LASF51
 803 0479 07       		.byte	0x7
 804 047a CF       		.byte	0xcf
 805 047b 4F040000 		.4byte	0x44f
 806 047f 14       		.uleb128 0x14
 807 0480 16000000 		.4byte	.LASF59
 808 0484 01       		.byte	0x1
 809 0485 31       		.byte	0x31
 810 0486 74040000 		.4byte	0x474
 811 048a 00000000 		.4byte	.LFB125
 812 048e 94000000 		.4byte	.LFE125-.LFB125
 813 0492 01       		.uleb128 0x1
 814 0493 9C       		.byte	0x9c
ARM GAS  C:\Users\ikomb\AppData\Local\Temp\ccDYu6IN.s 			page 18


 815 0494 ED040000 		.4byte	0x4ed
 816 0498 15       		.uleb128 0x15
 817 0499 76030000 		.4byte	.LASF52
 818 049d 01       		.byte	0x1
 819 049e 31       		.byte	0x31
 820 049f 8C000000 		.4byte	0x8c
 821 04a3 02       		.uleb128 0x2
 822 04a4 91       		.byte	0x91
 823 04a5 6C       		.sleb128 -20
 824 04a6 15       		.uleb128 0x15
 825 04a7 48030000 		.4byte	.LASF53
 826 04ab 01       		.byte	0x1
 827 04ac 31       		.byte	0x31
 828 04ad 8C000000 		.4byte	0x8c
 829 04b1 02       		.uleb128 0x2
 830 04b2 91       		.byte	0x91
 831 04b3 68       		.sleb128 -24
 832 04b4 15       		.uleb128 0x15
 833 04b5 21020000 		.4byte	.LASF54
 834 04b9 01       		.byte	0x1
 835 04ba 31       		.byte	0x31
 836 04bb ED040000 		.4byte	0x4ed
 837 04bf 02       		.uleb128 0x2
 838 04c0 91       		.byte	0x91
 839 04c1 67       		.sleb128 -25
 840 04c2 15       		.uleb128 0x15
 841 04c3 F4030000 		.4byte	.LASF55
 842 04c7 01       		.byte	0x1
 843 04c8 31       		.byte	0x31
 844 04c9 C2000000 		.4byte	0xc2
 845 04cd 02       		.uleb128 0x2
 846 04ce 91       		.byte	0x91
 847 04cf 66       		.sleb128 -26
 848 04d0 16       		.uleb128 0x16
 849 04d1 DB010000 		.4byte	.LASF56
 850 04d5 01       		.byte	0x1
 851 04d6 33       		.byte	0x33
 852 04d7 F4040000 		.4byte	0x4f4
 853 04db 02       		.uleb128 0x2
 854 04dc 91       		.byte	0x91
 855 04dd 70       		.sleb128 -16
 856 04de 16       		.uleb128 0x16
 857 04df FD030000 		.4byte	.LASF57
 858 04e3 01       		.byte	0x1
 859 04e4 34       		.byte	0x34
 860 04e5 74040000 		.4byte	0x474
 861 04e9 02       		.uleb128 0x2
 862 04ea 91       		.byte	0x91
 863 04eb 74       		.sleb128 -12
 864 04ec 00       		.byte	0
 865 04ed 02       		.uleb128 0x2
 866 04ee 01       		.byte	0x1
 867 04ef 02       		.byte	0x2
 868 04f0 70030000 		.4byte	.LASF58
 869 04f4 17       		.uleb128 0x17
 870 04f5 04       		.byte	0x4
 871 04f6 9E000000 		.4byte	0x9e
ARM GAS  C:\Users\ikomb\AppData\Local\Temp\ccDYu6IN.s 			page 19


 872 04fa 14       		.uleb128 0x14
 873 04fb FF010000 		.4byte	.LASF60
 874 04ff 01       		.byte	0x1
 875 0500 68       		.byte	0x68
 876 0501 74040000 		.4byte	0x474
 877 0505 00000000 		.4byte	.LFB126
 878 0509 A8000000 		.4byte	.LFE126-.LFB126
 879 050d 01       		.uleb128 0x1
 880 050e 9C       		.byte	0x9c
 881 050f 3E050000 		.4byte	0x53e
 882 0513 15       		.uleb128 0x15
 883 0514 13030000 		.4byte	.LASF61
 884 0518 01       		.byte	0x1
 885 0519 68       		.byte	0x68
 886 051a 8C000000 		.4byte	0x8c
 887 051e 02       		.uleb128 0x2
 888 051f 91       		.byte	0x91
 889 0520 6C       		.sleb128 -20
 890 0521 15       		.uleb128 0x15
 891 0522 C7000000 		.4byte	.LASF62
 892 0526 01       		.byte	0x1
 893 0527 68       		.byte	0x68
 894 0528 8C000000 		.4byte	0x8c
 895 052c 02       		.uleb128 0x2
 896 052d 91       		.byte	0x91
 897 052e 68       		.sleb128 -24
 898 052f 16       		.uleb128 0x16
 899 0530 FD030000 		.4byte	.LASF57
 900 0534 01       		.byte	0x1
 901 0535 6A       		.byte	0x6a
 902 0536 74040000 		.4byte	0x474
 903 053a 02       		.uleb128 0x2
 904 053b 91       		.byte	0x91
 905 053c 74       		.sleb128 -12
 906 053d 00       		.byte	0
 907 053e 18       		.uleb128 0x18
 908 053f 18040000 		.4byte	.LASF66
 909 0543 08       		.byte	0x8
 910 0544 EA07     		.2byte	0x7ea
 911 0546 4A050000 		.4byte	0x54a
 912 054a 05       		.uleb128 0x5
 913 054b 81000000 		.4byte	0x81
 914 054f 00       		.byte	0
 915              		.section	.debug_abbrev,"",%progbits
 916              	.Ldebug_abbrev0:
 917 0000 01       		.uleb128 0x1
 918 0001 11       		.uleb128 0x11
 919 0002 01       		.byte	0x1
 920 0003 25       		.uleb128 0x25
 921 0004 0E       		.uleb128 0xe
 922 0005 13       		.uleb128 0x13
 923 0006 0B       		.uleb128 0xb
 924 0007 03       		.uleb128 0x3
 925 0008 0E       		.uleb128 0xe
 926 0009 1B       		.uleb128 0x1b
 927 000a 0E       		.uleb128 0xe
 928 000b 55       		.uleb128 0x55
ARM GAS  C:\Users\ikomb\AppData\Local\Temp\ccDYu6IN.s 			page 20


 929 000c 17       		.uleb128 0x17
 930 000d 11       		.uleb128 0x11
 931 000e 01       		.uleb128 0x1
 932 000f 10       		.uleb128 0x10
 933 0010 17       		.uleb128 0x17
 934 0011 00       		.byte	0
 935 0012 00       		.byte	0
 936 0013 02       		.uleb128 0x2
 937 0014 24       		.uleb128 0x24
 938 0015 00       		.byte	0
 939 0016 0B       		.uleb128 0xb
 940 0017 0B       		.uleb128 0xb
 941 0018 3E       		.uleb128 0x3e
 942 0019 0B       		.uleb128 0xb
 943 001a 03       		.uleb128 0x3
 944 001b 0E       		.uleb128 0xe
 945 001c 00       		.byte	0
 946 001d 00       		.byte	0
 947 001e 03       		.uleb128 0x3
 948 001f 16       		.uleb128 0x16
 949 0020 00       		.byte	0
 950 0021 03       		.uleb128 0x3
 951 0022 0E       		.uleb128 0xe
 952 0023 3A       		.uleb128 0x3a
 953 0024 0B       		.uleb128 0xb
 954 0025 3B       		.uleb128 0x3b
 955 0026 0B       		.uleb128 0xb
 956 0027 49       		.uleb128 0x49
 957 0028 13       		.uleb128 0x13
 958 0029 00       		.byte	0
 959 002a 00       		.byte	0
 960 002b 04       		.uleb128 0x4
 961 002c 24       		.uleb128 0x24
 962 002d 00       		.byte	0
 963 002e 0B       		.uleb128 0xb
 964 002f 0B       		.uleb128 0xb
 965 0030 3E       		.uleb128 0x3e
 966 0031 0B       		.uleb128 0xb
 967 0032 03       		.uleb128 0x3
 968 0033 08       		.uleb128 0x8
 969 0034 00       		.byte	0
 970 0035 00       		.byte	0
 971 0036 05       		.uleb128 0x5
 972 0037 35       		.uleb128 0x35
 973 0038 00       		.byte	0
 974 0039 49       		.uleb128 0x49
 975 003a 13       		.uleb128 0x13
 976 003b 00       		.byte	0
 977 003c 00       		.byte	0
 978 003d 06       		.uleb128 0x6
 979 003e 26       		.uleb128 0x26
 980 003f 00       		.byte	0
 981 0040 49       		.uleb128 0x49
 982 0041 13       		.uleb128 0x13
 983 0042 00       		.byte	0
 984 0043 00       		.byte	0
 985 0044 07       		.uleb128 0x7
ARM GAS  C:\Users\ikomb\AppData\Local\Temp\ccDYu6IN.s 			page 21


 986 0045 04       		.uleb128 0x4
 987 0046 01       		.byte	0x1
 988 0047 0B       		.uleb128 0xb
 989 0048 0B       		.uleb128 0xb
 990 0049 49       		.uleb128 0x49
 991 004a 13       		.uleb128 0x13
 992 004b 3A       		.uleb128 0x3a
 993 004c 0B       		.uleb128 0xb
 994 004d 3B       		.uleb128 0x3b
 995 004e 05       		.uleb128 0x5
 996 004f 01       		.uleb128 0x1
 997 0050 13       		.uleb128 0x13
 998 0051 00       		.byte	0
 999 0052 00       		.byte	0
 1000 0053 08       		.uleb128 0x8
 1001 0054 28       		.uleb128 0x28
 1002 0055 00       		.byte	0
 1003 0056 03       		.uleb128 0x3
 1004 0057 0E       		.uleb128 0xe
 1005 0058 1C       		.uleb128 0x1c
 1006 0059 0B       		.uleb128 0xb
 1007 005a 00       		.byte	0
 1008 005b 00       		.byte	0
 1009 005c 09       		.uleb128 0x9
 1010 005d 16       		.uleb128 0x16
 1011 005e 00       		.byte	0
 1012 005f 03       		.uleb128 0x3
 1013 0060 0E       		.uleb128 0xe
 1014 0061 3A       		.uleb128 0x3a
 1015 0062 0B       		.uleb128 0xb
 1016 0063 3B       		.uleb128 0x3b
 1017 0064 05       		.uleb128 0x5
 1018 0065 49       		.uleb128 0x49
 1019 0066 13       		.uleb128 0x13
 1020 0067 00       		.byte	0
 1021 0068 00       		.byte	0
 1022 0069 0A       		.uleb128 0xa
 1023 006a 01       		.uleb128 0x1
 1024 006b 01       		.byte	0x1
 1025 006c 49       		.uleb128 0x49
 1026 006d 13       		.uleb128 0x13
 1027 006e 01       		.uleb128 0x1
 1028 006f 13       		.uleb128 0x13
 1029 0070 00       		.byte	0
 1030 0071 00       		.byte	0
 1031 0072 0B       		.uleb128 0xb
 1032 0073 21       		.uleb128 0x21
 1033 0074 00       		.byte	0
 1034 0075 49       		.uleb128 0x49
 1035 0076 13       		.uleb128 0x13
 1036 0077 2F       		.uleb128 0x2f
 1037 0078 0B       		.uleb128 0xb
 1038 0079 00       		.byte	0
 1039 007a 00       		.byte	0
 1040 007b 0C       		.uleb128 0xc
 1041 007c 13       		.uleb128 0x13
 1042 007d 01       		.byte	0x1
ARM GAS  C:\Users\ikomb\AppData\Local\Temp\ccDYu6IN.s 			page 22


 1043 007e 0B       		.uleb128 0xb
 1044 007f 0B       		.uleb128 0xb
 1045 0080 3A       		.uleb128 0x3a
 1046 0081 0B       		.uleb128 0xb
 1047 0082 3B       		.uleb128 0x3b
 1048 0083 0B       		.uleb128 0xb
 1049 0084 01       		.uleb128 0x1
 1050 0085 13       		.uleb128 0x13
 1051 0086 00       		.byte	0
 1052 0087 00       		.byte	0
 1053 0088 0D       		.uleb128 0xd
 1054 0089 0D       		.uleb128 0xd
 1055 008a 00       		.byte	0
 1056 008b 03       		.uleb128 0x3
 1057 008c 0E       		.uleb128 0xe
 1058 008d 3A       		.uleb128 0x3a
 1059 008e 0B       		.uleb128 0xb
 1060 008f 3B       		.uleb128 0x3b
 1061 0090 0B       		.uleb128 0xb
 1062 0091 49       		.uleb128 0x49
 1063 0092 13       		.uleb128 0x13
 1064 0093 38       		.uleb128 0x38
 1065 0094 0B       		.uleb128 0xb
 1066 0095 00       		.byte	0
 1067 0096 00       		.byte	0
 1068 0097 0E       		.uleb128 0xe
 1069 0098 13       		.uleb128 0x13
 1070 0099 01       		.byte	0x1
 1071 009a 0B       		.uleb128 0xb
 1072 009b 05       		.uleb128 0x5
 1073 009c 3A       		.uleb128 0x3a
 1074 009d 0B       		.uleb128 0xb
 1075 009e 3B       		.uleb128 0x3b
 1076 009f 0B       		.uleb128 0xb
 1077 00a0 01       		.uleb128 0x1
 1078 00a1 13       		.uleb128 0x13
 1079 00a2 00       		.byte	0
 1080 00a3 00       		.byte	0
 1081 00a4 0F       		.uleb128 0xf
 1082 00a5 0D       		.uleb128 0xd
 1083 00a6 00       		.byte	0
 1084 00a7 03       		.uleb128 0x3
 1085 00a8 08       		.uleb128 0x8
 1086 00a9 3A       		.uleb128 0x3a
 1087 00aa 0B       		.uleb128 0xb
 1088 00ab 3B       		.uleb128 0x3b
 1089 00ac 0B       		.uleb128 0xb
 1090 00ad 49       		.uleb128 0x49
 1091 00ae 13       		.uleb128 0x13
 1092 00af 38       		.uleb128 0x38
 1093 00b0 0B       		.uleb128 0xb
 1094 00b1 00       		.byte	0
 1095 00b2 00       		.byte	0
 1096 00b3 10       		.uleb128 0x10
 1097 00b4 0D       		.uleb128 0xd
 1098 00b5 00       		.byte	0
 1099 00b6 03       		.uleb128 0x3
ARM GAS  C:\Users\ikomb\AppData\Local\Temp\ccDYu6IN.s 			page 23


 1100 00b7 0E       		.uleb128 0xe
 1101 00b8 3A       		.uleb128 0x3a
 1102 00b9 0B       		.uleb128 0xb
 1103 00ba 3B       		.uleb128 0x3b
 1104 00bb 0B       		.uleb128 0xb
 1105 00bc 49       		.uleb128 0x49
 1106 00bd 13       		.uleb128 0x13
 1107 00be 38       		.uleb128 0x38
 1108 00bf 05       		.uleb128 0x5
 1109 00c0 00       		.byte	0
 1110 00c1 00       		.byte	0
 1111 00c2 11       		.uleb128 0x11
 1112 00c3 21       		.uleb128 0x21
 1113 00c4 00       		.byte	0
 1114 00c5 49       		.uleb128 0x49
 1115 00c6 13       		.uleb128 0x13
 1116 00c7 2F       		.uleb128 0x2f
 1117 00c8 05       		.uleb128 0x5
 1118 00c9 00       		.byte	0
 1119 00ca 00       		.byte	0
 1120 00cb 12       		.uleb128 0x12
 1121 00cc 04       		.uleb128 0x4
 1122 00cd 01       		.byte	0x1
 1123 00ce 0B       		.uleb128 0xb
 1124 00cf 0B       		.uleb128 0xb
 1125 00d0 49       		.uleb128 0x49
 1126 00d1 13       		.uleb128 0x13
 1127 00d2 3A       		.uleb128 0x3a
 1128 00d3 0B       		.uleb128 0xb
 1129 00d4 3B       		.uleb128 0x3b
 1130 00d5 0B       		.uleb128 0xb
 1131 00d6 01       		.uleb128 0x1
 1132 00d7 13       		.uleb128 0x13
 1133 00d8 00       		.byte	0
 1134 00d9 00       		.byte	0
 1135 00da 13       		.uleb128 0x13
 1136 00db 28       		.uleb128 0x28
 1137 00dc 00       		.byte	0
 1138 00dd 03       		.uleb128 0x3
 1139 00de 0E       		.uleb128 0xe
 1140 00df 1C       		.uleb128 0x1c
 1141 00e0 06       		.uleb128 0x6
 1142 00e1 00       		.byte	0
 1143 00e2 00       		.byte	0
 1144 00e3 14       		.uleb128 0x14
 1145 00e4 2E       		.uleb128 0x2e
 1146 00e5 01       		.byte	0x1
 1147 00e6 3F       		.uleb128 0x3f
 1148 00e7 19       		.uleb128 0x19
 1149 00e8 03       		.uleb128 0x3
 1150 00e9 0E       		.uleb128 0xe
 1151 00ea 3A       		.uleb128 0x3a
 1152 00eb 0B       		.uleb128 0xb
 1153 00ec 3B       		.uleb128 0x3b
 1154 00ed 0B       		.uleb128 0xb
 1155 00ee 27       		.uleb128 0x27
 1156 00ef 19       		.uleb128 0x19
ARM GAS  C:\Users\ikomb\AppData\Local\Temp\ccDYu6IN.s 			page 24


 1157 00f0 49       		.uleb128 0x49
 1158 00f1 13       		.uleb128 0x13
 1159 00f2 11       		.uleb128 0x11
 1160 00f3 01       		.uleb128 0x1
 1161 00f4 12       		.uleb128 0x12
 1162 00f5 06       		.uleb128 0x6
 1163 00f6 40       		.uleb128 0x40
 1164 00f7 18       		.uleb128 0x18
 1165 00f8 9642     		.uleb128 0x2116
 1166 00fa 19       		.uleb128 0x19
 1167 00fb 01       		.uleb128 0x1
 1168 00fc 13       		.uleb128 0x13
 1169 00fd 00       		.byte	0
 1170 00fe 00       		.byte	0
 1171 00ff 15       		.uleb128 0x15
 1172 0100 05       		.uleb128 0x5
 1173 0101 00       		.byte	0
 1174 0102 03       		.uleb128 0x3
 1175 0103 0E       		.uleb128 0xe
 1176 0104 3A       		.uleb128 0x3a
 1177 0105 0B       		.uleb128 0xb
 1178 0106 3B       		.uleb128 0x3b
 1179 0107 0B       		.uleb128 0xb
 1180 0108 49       		.uleb128 0x49
 1181 0109 13       		.uleb128 0x13
 1182 010a 02       		.uleb128 0x2
 1183 010b 18       		.uleb128 0x18
 1184 010c 00       		.byte	0
 1185 010d 00       		.byte	0
 1186 010e 16       		.uleb128 0x16
 1187 010f 34       		.uleb128 0x34
 1188 0110 00       		.byte	0
 1189 0111 03       		.uleb128 0x3
 1190 0112 0E       		.uleb128 0xe
 1191 0113 3A       		.uleb128 0x3a
 1192 0114 0B       		.uleb128 0xb
 1193 0115 3B       		.uleb128 0x3b
 1194 0116 0B       		.uleb128 0xb
 1195 0117 49       		.uleb128 0x49
 1196 0118 13       		.uleb128 0x13
 1197 0119 02       		.uleb128 0x2
 1198 011a 18       		.uleb128 0x18
 1199 011b 00       		.byte	0
 1200 011c 00       		.byte	0
 1201 011d 17       		.uleb128 0x17
 1202 011e 0F       		.uleb128 0xf
 1203 011f 00       		.byte	0
 1204 0120 0B       		.uleb128 0xb
 1205 0121 0B       		.uleb128 0xb
 1206 0122 49       		.uleb128 0x49
 1207 0123 13       		.uleb128 0x13
 1208 0124 00       		.byte	0
 1209 0125 00       		.byte	0
 1210 0126 18       		.uleb128 0x18
 1211 0127 34       		.uleb128 0x34
 1212 0128 00       		.byte	0
 1213 0129 03       		.uleb128 0x3
ARM GAS  C:\Users\ikomb\AppData\Local\Temp\ccDYu6IN.s 			page 25


 1214 012a 0E       		.uleb128 0xe
 1215 012b 3A       		.uleb128 0x3a
 1216 012c 0B       		.uleb128 0xb
 1217 012d 3B       		.uleb128 0x3b
 1218 012e 05       		.uleb128 0x5
 1219 012f 49       		.uleb128 0x49
 1220 0130 13       		.uleb128 0x13
 1221 0131 3F       		.uleb128 0x3f
 1222 0132 19       		.uleb128 0x19
 1223 0133 3C       		.uleb128 0x3c
 1224 0134 19       		.uleb128 0x19
 1225 0135 00       		.byte	0
 1226 0136 00       		.byte	0
 1227 0137 00       		.byte	0
 1228              		.section	.debug_aranges,"",%progbits
 1229 0000 24000000 		.4byte	0x24
 1230 0004 0200     		.2byte	0x2
 1231 0006 00000000 		.4byte	.Ldebug_info0
 1232 000a 04       		.byte	0x4
 1233 000b 00       		.byte	0
 1234 000c 0000     		.2byte	0
 1235 000e 0000     		.2byte	0
 1236 0010 00000000 		.4byte	.LFB125
 1237 0014 94000000 		.4byte	.LFE125-.LFB125
 1238 0018 00000000 		.4byte	.LFB126
 1239 001c A8000000 		.4byte	.LFE126-.LFB126
 1240 0020 00000000 		.4byte	0
 1241 0024 00000000 		.4byte	0
 1242              		.section	.debug_ranges,"",%progbits
 1243              	.Ldebug_ranges0:
 1244 0000 00000000 		.4byte	.LFB125
 1245 0004 94000000 		.4byte	.LFE125
 1246 0008 00000000 		.4byte	.LFB126
 1247 000c A8000000 		.4byte	.LFE126
 1248 0010 00000000 		.4byte	0
 1249 0014 00000000 		.4byte	0
 1250              		.section	.debug_line,"",%progbits
 1251              	.Ldebug_line0:
 1252 0000 D3020000 		.section	.debug_str,"MS",%progbits,1
 1252      02006702 
 1252      00000201 
 1252      FB0E0D00 
 1252      01010101 
 1253              	.LASF24:
 1254 0000 50455249 		.ascii	"PERI_TR_GR_Type\000"
 1254      5F54525F 
 1254      47525F54 
 1254      79706500 
 1255              	.LASF39:
 1256 0010 54525F47 		.ascii	"TR_GR\000"
 1256      5200
 1257              	.LASF59:
 1258 0016 43795F54 		.ascii	"Cy_TrigMux_Connect\000"
 1258      7269674D 
 1258      75785F43 
 1258      6F6E6E65 
 1258      637400
ARM GAS  C:\Users\ikomb\AppData\Local\Temp\ccDYu6IN.s 			page 26


 1259              	.LASF30:
 1260 0029 50455249 		.ascii	"PERI_PPU_GR_Type\000"
 1260      5F505055 
 1260      5F47525F 
 1260      54797065 
 1260      00
 1261              	.LASF43:
 1262 003a 50455249 		.ascii	"PERI_Type\000"
 1262      5F547970 
 1262      6500
 1263              	.LASF64:
 1264 0044 47656E65 		.ascii	"Generated_Source\\PSoC6\\pdl\\drivers\\peripheral\\"
 1264      72617465 
 1264      645F536F 
 1264      75726365 
 1264      5C50536F 
 1265 0072 74726967 		.ascii	"trigmux\\cy_trigmux.c\000"
 1265      6D75785C 
 1265      63795F74 
 1265      7269676D 
 1265      75782E63 
 1266              	.LASF0:
 1267 0087 73686F72 		.ascii	"short int\000"
 1267      7420696E 
 1267      7400
 1268              	.LASF14:
 1269 0091 54524947 		.ascii	"TRIGGER_TYPE_LEVEL\000"
 1269      4745525F 
 1269      54595045 
 1269      5F4C4556 
 1269      454C00
 1270              	.LASF13:
 1271 00a4 73697A65 		.ascii	"sizetype\000"
 1271      74797065 
 1271      00
 1272              	.LASF42:
 1273 00ad 5050555F 		.ascii	"PPU_GR\000"
 1273      475200
 1274              	.LASF48:
 1275 00b4 43595F54 		.ascii	"CY_TRIGMUX_SUCCESS\000"
 1275      5249474D 
 1275      55585F53 
 1275      55434345 
 1275      535300
 1276              	.LASF62:
 1277 00c7 6379636C 		.ascii	"cycles\000"
 1277      657300
 1278              	.LASF6:
 1279 00ce 5F5F7569 		.ascii	"__uint32_t\000"
 1279      6E743332 
 1279      5F7400
 1280              	.LASF34:
 1281 00d9 4449565F 		.ascii	"DIV_16_5_CTL\000"
 1281      31365F35 
 1281      5F43544C 
 1281      00
 1282              	.LASF31:
ARM GAS  C:\Users\ikomb\AppData\Local\Temp\ccDYu6IN.s 			page 27


 1283 00e6 4449565F 		.ascii	"DIV_CMD\000"
 1283      434D4400 
 1284              	.LASF29:
 1285 00ee 50455249 		.ascii	"PERI_PPU_PR_Type\000"
 1285      5F505055 
 1285      5F50525F 
 1285      54797065 
 1285      00
 1286              	.LASF46:
 1287 00ff 666C6F61 		.ascii	"float\000"
 1287      7400
 1288              	.LASF8:
 1289 0105 6C6F6E67 		.ascii	"long long int\000"
 1289      206C6F6E 
 1289      6720696E 
 1289      7400
 1290              	.LASF45:
 1291 0113 63686172 		.ascii	"char\000"
 1291      00
 1292              	.LASF63:
 1293 0118 474E5520 		.ascii	"GNU C11 5.4.1 20160609 (release) [ARM/embedded-5-br"
 1293      43313120 
 1293      352E342E 
 1293      31203230 
 1293      31363036 
 1294 014b 616E6368 		.ascii	"anch revision 237715] -mcpu=cortex-m4 -mfloat-abi=s"
 1294      20726576 
 1294      6973696F 
 1294      6E203233 
 1294      37373135 
 1295 017e 6F667466 		.ascii	"oftfp -mfpu=fpv4-sp-d16 -mthumb -g -O0 -ffunction-s"
 1295      70202D6D 
 1295      6670753D 
 1295      66707634 
 1295      2D73702D 
 1296 01b1 65637469 		.ascii	"ections -ffat-lto-objects\000"
 1296      6F6E7320 
 1296      2D666661 
 1296      742D6C74 
 1296      6F2D6F62 
 1297              	.LASF4:
 1298 01cb 6C6F6E67 		.ascii	"long int\000"
 1298      20696E74 
 1298      00
 1299              	.LASF44:
 1300 01d4 63686172 		.ascii	"char_t\000"
 1300      5F7400
 1301              	.LASF56:
 1302 01db 74724F75 		.ascii	"trOutCtlAddr\000"
 1302      7443746C 
 1302      41646472 
 1302      00
 1303              	.LASF26:
 1304 01e8 41545430 		.ascii	"ATT0\000"
 1304      00
 1305              	.LASF28:
 1306 01ed 41545431 		.ascii	"ATT1\000"
ARM GAS  C:\Users\ikomb\AppData\Local\Temp\ccDYu6IN.s 			page 28


 1306      00
 1307              	.LASF22:
 1308 01f2 50455249 		.ascii	"PERI_GR_Type\000"
 1308      5F47525F 
 1308      54797065 
 1308      00
 1309              	.LASF60:
 1310 01ff 43795F54 		.ascii	"Cy_TrigMux_SwTrigger\000"
 1310      7269674D 
 1310      75785F53 
 1310      77547269 
 1310      67676572 
 1311              	.LASF35:
 1312 0214 4449565F 		.ascii	"DIV_24_5_CTL\000"
 1312      32345F35 
 1312      5F43544C 
 1312      00
 1313              	.LASF54:
 1314 0221 696E7665 		.ascii	"invert\000"
 1314      727400
 1315              	.LASF33:
 1316 0228 4449565F 		.ascii	"DIV_16_CTL\000"
 1316      31365F43 
 1316      544C00
 1317              	.LASF50:
 1318 0233 43595F54 		.ascii	"CY_TRIGMUX_INVALID_STATE\000"
 1318      5249474D 
 1318      55585F49 
 1318      4E56414C 
 1318      49445F53 
 1319              	.LASF2:
 1320 024c 756E7369 		.ascii	"unsigned char\000"
 1320      676E6564 
 1320      20636861 
 1320      7200
 1321              	.LASF65:
 1322 025a 433A5C55 		.ascii	"C:\\Users\\ikomb\\Documents\\PSoC Creator\\CE222221"
 1322      73657273 
 1322      5C696B6F 
 1322      6D625C44 
 1322      6F63756D 
 1323 0288 5F566F69 		.ascii	"_Voice_Recorder01\\CE222221_Voice_Recorder01.cydsn\000"
 1323      63655F52 
 1323      65636F72 
 1323      64657230 
 1323      315C4345 
 1324              	.LASF1:
 1325 02ba 7369676E 		.ascii	"signed char\000"
 1325      65642063 
 1325      68617200 
 1326              	.LASF9:
 1327 02c6 6C6F6E67 		.ascii	"long long unsigned int\000"
 1327      206C6F6E 
 1327      6720756E 
 1327      7369676E 
 1327      65642069 
 1328              	.LASF12:
ARM GAS  C:\Users\ikomb\AppData\Local\Temp\ccDYu6IN.s 			page 29


 1329 02dd 75696E74 		.ascii	"uint32_t\000"
 1329      33325F74 
 1329      00
 1330              	.LASF32:
 1331 02e6 4449565F 		.ascii	"DIV_8_CTL\000"
 1331      385F4354 
 1331      4C00
 1332              	.LASF40:
 1333 02f0 5050555F 		.ascii	"PPU_PR\000"
 1333      505200
 1334              	.LASF10:
 1335 02f7 756E7369 		.ascii	"unsigned int\000"
 1335      676E6564 
 1335      20696E74 
 1335      00
 1336              	.LASF16:
 1337 0304 656E5F74 		.ascii	"en_trig_type_t\000"
 1337      7269675F 
 1337      74797065 
 1337      5F7400
 1338              	.LASF61:
 1339 0313 74726967 		.ascii	"trigLine\000"
 1339      4C696E65 
 1339      00
 1340              	.LASF37:
 1341 031c 54525F43 		.ascii	"TR_CMD\000"
 1341      4D4400
 1342              	.LASF3:
 1343 0323 73686F72 		.ascii	"short unsigned int\000"
 1343      7420756E 
 1343      7369676E 
 1343      65642069 
 1343      6E7400
 1344              	.LASF15:
 1345 0336 54524947 		.ascii	"TRIGGER_TYPE_EDGE\000"
 1345      4745525F 
 1345      54595045 
 1345      5F454447 
 1345      4500
 1346              	.LASF53:
 1347 0348 6F757454 		.ascii	"outTrig\000"
 1347      72696700 
 1348              	.LASF11:
 1349 0350 696E7433 		.ascii	"int32_t\000"
 1349      325F7400 
 1350              	.LASF20:
 1351 0358 54494D45 		.ascii	"TIMEOUT_CTL\000"
 1351      4F55545F 
 1351      43544C00 
 1352              	.LASF25:
 1353 0364 41444452 		.ascii	"ADDR0\000"
 1353      3000
 1354              	.LASF27:
 1355 036a 41444452 		.ascii	"ADDR1\000"
 1355      3100
 1356              	.LASF58:
 1357 0370 5F426F6F 		.ascii	"_Bool\000"
ARM GAS  C:\Users\ikomb\AppData\Local\Temp\ccDYu6IN.s 			page 30


 1357      6C00
 1358              	.LASF52:
 1359 0376 696E5472 		.ascii	"inTrig\000"
 1359      696700
 1360              	.LASF51:
 1361 037d 63795F65 		.ascii	"cy_en_trigmux_status_t\000"
 1361      6E5F7472 
 1361      69676D75 
 1361      785F7374 
 1361      61747573 
 1362              	.LASF21:
 1363 0394 52455345 		.ascii	"RESERVED1\000"
 1363      52564544 
 1363      3100
 1364              	.LASF36:
 1365 039e 52455345 		.ascii	"RESERVED2\000"
 1365      52564544 
 1365      3200
 1366              	.LASF38:
 1367 03a8 52455345 		.ascii	"RESERVED3\000"
 1367      52564544 
 1367      3300
 1368              	.LASF41:
 1369 03b2 52455345 		.ascii	"RESERVED4\000"
 1369      52564544 
 1369      3400
 1370              	.LASF7:
 1371 03bc 6C6F6E67 		.ascii	"long unsigned int\000"
 1371      20756E73 
 1371      69676E65 
 1371      6420696E 
 1371      7400
 1372              	.LASF47:
 1373 03ce 646F7562 		.ascii	"double\000"
 1373      6C6500
 1374              	.LASF49:
 1375 03d5 43595F54 		.ascii	"CY_TRIGMUX_BAD_PARAM\000"
 1375      5249474D 
 1375      55585F42 
 1375      41445F50 
 1375      4152414D 
 1376              	.LASF5:
 1377 03ea 5F5F696E 		.ascii	"__int32_t\000"
 1377      7433325F 
 1377      7400
 1378              	.LASF55:
 1379 03f4 74726967 		.ascii	"trigType\000"
 1379      54797065 
 1379      00
 1380              	.LASF57:
 1381 03fd 72657456 		.ascii	"retVal\000"
 1381      616C00
 1382              	.LASF23:
 1383 0404 54525F4F 		.ascii	"TR_OUT_CTL\000"
 1383      55545F43 
 1383      544C00
 1384              	.LASF18:
ARM GAS  C:\Users\ikomb\AppData\Local\Temp\ccDYu6IN.s 			page 31


 1385 040f 52455345 		.ascii	"RESERVED\000"
 1385      52564544 
 1385      00
 1386              	.LASF66:
 1387 0418 49544D5F 		.ascii	"ITM_RxBuffer\000"
 1387      52784275 
 1387      66666572 
 1387      00
 1388              	.LASF17:
 1389 0425 434C4F43 		.ascii	"CLOCK_CTL\000"
 1389      4B5F4354 
 1389      4C00
 1390              	.LASF19:
 1391 042f 534C5F43 		.ascii	"SL_CTL\000"
 1391      544C00
 1392              		.ident	"GCC: (GNU Tools for ARM Embedded Processors) 5.4.1 20160609 (release) [ARM/embedded-5-bran
