ARM GAS  C:\Users\ikomb\AppData\Local\Temp\cc8OQ4vE.s 			page 1


   1              		.syntax unified
   2              		.cpu cortex-m4
   3              		.eabi_attribute 27, 1
   4              		.fpu fpv4-sp-d16
   5              		.eabi_attribute 20, 1
   6              		.eabi_attribute 21, 1
   7              		.eabi_attribute 23, 3
   8              		.eabi_attribute 24, 1
   9              		.eabi_attribute 25, 1
  10              		.eabi_attribute 26, 1
  11              		.eabi_attribute 30, 6
  12              		.eabi_attribute 34, 1
  13              		.eabi_attribute 18, 4
  14              		.thumb
  15              		.syntax unified
  16              		.file	"cyfitter_sysint_cfg.c"
  17              		.text
  18              	.Ltext0:
  19              		.cfi_sections	.debug_frame
  20              		.global	CodecI2CM_SCB_IRQ_cfg
  21              		.section	.rodata
  22              		.align	2
  23              		.type	CodecI2CM_SCB_IRQ_cfg, %object
  24              		.size	CodecI2CM_SCB_IRQ_cfg, 8
  25              	CodecI2CM_SCB_IRQ_cfg:
  26 0000 2C00     		.short	44
  27 0002 0000     		.space	2
  28 0004 07000000 		.word	7
  29              		.global	CapSense_ISR_cfg
  30              		.align	2
  31              		.type	CapSense_ISR_cfg, %object
  32              		.size	CapSense_ISR_cfg, 8
  33              	CapSense_ISR_cfg:
  34 0008 3100     		.short	49
  35 000a 0000     		.space	2
  36 000c 07000000 		.word	7
  37              		.global	DMA_I2S_IRQ_cfg
  38              		.align	2
  39              		.type	DMA_I2S_IRQ_cfg, %object
  40              		.size	DMA_I2S_IRQ_cfg, 8
  41              	DMA_I2S_IRQ_cfg:
  42 0010 3200     		.short	50
  43 0012 0000     		.space	2
  44 0014 07000000 		.word	7
  45              		.global	DMA_PDM_IRQ_cfg
  46              		.align	2
  47              		.type	DMA_PDM_IRQ_cfg, %object
  48              		.size	DMA_PDM_IRQ_cfg, 8
  49              	DMA_PDM_IRQ_cfg:
  50 0018 3300     		.short	51
  51 001a 0000     		.space	2
  52 001c 07000000 		.word	7
  53              		.global	SMIF_1_SMIF_IRQ_cfg
  54              		.align	2
  55              		.type	SMIF_1_SMIF_IRQ_cfg, %object
  56              		.size	SMIF_1_SMIF_IRQ_cfg, 8
  57              	SMIF_1_SMIF_IRQ_cfg:
ARM GAS  C:\Users\ikomb\AppData\Local\Temp\cc8OQ4vE.s 			page 2


  58 0020 8E00     		.short	142
  59 0022 0000     		.space	2
  60 0024 07000000 		.word	7
  61              		.text
  62              	.Letext0:
  63              		.file 1 "Generated_Source\\PSoC6\\pdl\\devices/psoc6/psoc63/include/cy8c6347bzi_bld33.h"
  64              		.file 2 "c:\\program files (x86)\\cypress\\psoc creator\\4.4\\psoc creator\\import\\gnu\\arm\\5.4.
  65              		.file 3 "c:\\program files (x86)\\cypress\\psoc creator\\4.4\\psoc creator\\import\\gnu\\arm\\5.4.
  66              		.file 4 "Generated_Source\\PSoC6\\pdl\\drivers/peripheral/sysint/cy_sysint.h"
  67              		.file 5 "Generated_Source\\PSoC6\\pdl\\cmsis/include/core_cm4.h"
  68              		.file 6 "Generated_Source\\PSoC6\\cyfitter_sysint_cfg.c"
  69              		.section	.debug_info,"",%progbits
  70              	.Ldebug_info0:
  71 0000 12050000 		.4byte	0x512
  72 0004 0400     		.2byte	0x4
  73 0006 00000000 		.4byte	.Ldebug_abbrev0
  74 000a 04       		.byte	0x4
  75 000b 01       		.uleb128 0x1
  76 000c B8100000 		.4byte	.LASF186
  77 0010 0C       		.byte	0xc
  78 0011 5A0D0000 		.4byte	.LASF187
  79 0015 87080000 		.4byte	.LASF188
  80 0019 00000000 		.4byte	.Ldebug_line0
  81 001d 02       		.uleb128 0x2
  82 001e 02       		.byte	0x2
  83 001f DE030000 		.4byte	0x3de
  84 0023 01       		.byte	0x1
  85 0024 24       		.byte	0x24
  86 0025 DE030000 		.4byte	0x3de
  87 0029 03       		.uleb128 0x3
  88 002a 3A020000 		.4byte	.LASF0
  89 002e 71       		.sleb128 -15
  90 002f 03       		.uleb128 0x3
  91 0030 0F0E0000 		.4byte	.LASF1
  92 0034 72       		.sleb128 -14
  93 0035 03       		.uleb128 0x3
  94 0036 790E0000 		.4byte	.LASF2
  95 003a 73       		.sleb128 -13
  96 003b 03       		.uleb128 0x3
  97 003c 470A0000 		.4byte	.LASF3
  98 0040 74       		.sleb128 -12
  99 0041 03       		.uleb128 0x3
 100 0042 CF040000 		.4byte	.LASF4
 101 0046 75       		.sleb128 -11
 102 0047 03       		.uleb128 0x3
 103 0048 C90C0000 		.4byte	.LASF5
 104 004c 76       		.sleb128 -10
 105 004d 03       		.uleb128 0x3
 106 004e 74060000 		.4byte	.LASF6
 107 0052 7B       		.sleb128 -5
 108 0053 03       		.uleb128 0x3
 109 0054 A40E0000 		.4byte	.LASF7
 110 0058 7C       		.sleb128 -4
 111 0059 03       		.uleb128 0x3
 112 005a D80D0000 		.4byte	.LASF8
 113 005e 7E       		.sleb128 -2
 114 005f 03       		.uleb128 0x3
ARM GAS  C:\Users\ikomb\AppData\Local\Temp\cc8OQ4vE.s 			page 3


 115 0060 A3070000 		.4byte	.LASF9
 116 0064 7F       		.sleb128 -1
 117 0065 04       		.uleb128 0x4
 118 0066 B3010000 		.4byte	.LASF10
 119 006a 00       		.byte	0
 120 006b 04       		.uleb128 0x4
 121 006c 5D0E0000 		.4byte	.LASF11
 122 0070 01       		.byte	0x1
 123 0071 04       		.uleb128 0x4
 124 0072 1B000000 		.4byte	.LASF12
 125 0076 02       		.byte	0x2
 126 0077 04       		.uleb128 0x4
 127 0078 A40D0000 		.4byte	.LASF13
 128 007c 03       		.byte	0x3
 129 007d 04       		.uleb128 0x4
 130 007e B40F0000 		.4byte	.LASF14
 131 0082 04       		.byte	0x4
 132 0083 04       		.uleb128 0x4
 133 0084 54050000 		.4byte	.LASF15
 134 0088 05       		.byte	0x5
 135 0089 04       		.uleb128 0x4
 136 008a 30070000 		.4byte	.LASF16
 137 008e 06       		.byte	0x6
 138 008f 04       		.uleb128 0x4
 139 0090 9C090000 		.4byte	.LASF17
 140 0094 07       		.byte	0x7
 141 0095 04       		.uleb128 0x4
 142 0096 07120000 		.4byte	.LASF18
 143 009a 08       		.byte	0x8
 144 009b 04       		.uleb128 0x4
 145 009c EF010000 		.4byte	.LASF19
 146 00a0 09       		.byte	0x9
 147 00a1 04       		.uleb128 0x4
 148 00a2 8E0B0000 		.4byte	.LASF20
 149 00a6 0A       		.byte	0xa
 150 00a7 04       		.uleb128 0x4
 151 00a8 2A0A0000 		.4byte	.LASF21
 152 00ac 0B       		.byte	0xb
 153 00ad 04       		.uleb128 0x4
 154 00ae E10F0000 		.4byte	.LASF22
 155 00b2 0C       		.byte	0xc
 156 00b3 04       		.uleb128 0x4
 157 00b4 A2050000 		.4byte	.LASF23
 158 00b8 0D       		.byte	0xd
 159 00b9 04       		.uleb128 0x4
 160 00ba 86070000 		.4byte	.LASF24
 161 00be 0E       		.byte	0xe
 162 00bf 04       		.uleb128 0x4
 163 00c0 02040000 		.4byte	.LASF25
 164 00c4 0F       		.byte	0xf
 165 00c5 04       		.uleb128 0x4
 166 00c6 4E100000 		.4byte	.LASF26
 167 00ca 10       		.byte	0x10
 168 00cb 04       		.uleb128 0x4
 169 00cc FF020000 		.4byte	.LASF27
 170 00d0 11       		.byte	0x11
 171 00d1 04       		.uleb128 0x4
ARM GAS  C:\Users\ikomb\AppData\Local\Temp\cc8OQ4vE.s 			page 4


 172 00d2 7A000000 		.4byte	.LASF28
 173 00d6 12       		.byte	0x12
 174 00d7 04       		.uleb128 0x4
 175 00d8 1B040000 		.4byte	.LASF29
 176 00dc 13       		.byte	0x13
 177 00dd 04       		.uleb128 0x4
 178 00de 09060000 		.4byte	.LASF30
 179 00e2 14       		.byte	0x14
 180 00e3 04       		.uleb128 0x4
 181 00e4 9D100000 		.4byte	.LASF31
 182 00e8 15       		.byte	0x15
 183 00e9 04       		.uleb128 0x4
 184 00ea 66000000 		.4byte	.LASF32
 185 00ee 16       		.byte	0x16
 186 00ef 04       		.uleb128 0x4
 187 00f0 09050000 		.4byte	.LASF33
 188 00f4 17       		.byte	0x17
 189 00f5 04       		.uleb128 0x4
 190 00f6 C2000000 		.4byte	.LASF34
 191 00fa 18       		.byte	0x18
 192 00fb 04       		.uleb128 0x4
 193 00fc C90E0000 		.4byte	.LASF35
 194 0100 19       		.byte	0x19
 195 0101 04       		.uleb128 0x4
 196 0102 C3060000 		.4byte	.LASF36
 197 0106 1A       		.byte	0x1a
 198 0107 04       		.uleb128 0x4
 199 0108 1E090000 		.4byte	.LASF37
 200 010c 1B       		.byte	0x1b
 201 010d 04       		.uleb128 0x4
 202 010e 580B0000 		.4byte	.LASF38
 203 0112 1C       		.byte	0x1c
 204 0113 04       		.uleb128 0x4
 205 0114 1C010000 		.4byte	.LASF39
 206 0118 1D       		.byte	0x1d
 207 0119 04       		.uleb128 0x4
 208 011a 52030000 		.4byte	.LASF40
 209 011e 1E       		.byte	0x1e
 210 011f 04       		.uleb128 0x4
 211 0120 70050000 		.4byte	.LASF41
 212 0124 1F       		.byte	0x1f
 213 0125 04       		.uleb128 0x4
 214 0126 D90C0000 		.4byte	.LASF42
 215 012a 20       		.byte	0x20
 216 012b 04       		.uleb128 0x4
 217 012c 1A0F0000 		.4byte	.LASF43
 218 0130 21       		.byte	0x21
 219 0131 04       		.uleb128 0x4
 220 0132 23120000 		.4byte	.LASF44
 221 0136 22       		.byte	0x22
 222 0137 04       		.uleb128 0x4
 223 0138 6B110000 		.4byte	.LASF45
 224 013c 23       		.byte	0x23
 225 013d 04       		.uleb128 0x4
 226 013e 38010000 		.4byte	.LASF46
 227 0142 24       		.byte	0x24
 228 0143 04       		.uleb128 0x4
ARM GAS  C:\Users\ikomb\AppData\Local\Temp\cc8OQ4vE.s 			page 5


 229 0144 8A030000 		.4byte	.LASF47
 230 0148 25       		.byte	0x25
 231 0149 04       		.uleb128 0x4
 232 014a 55120000 		.4byte	.LASF48
 233 014e 26       		.byte	0x26
 234 014f 04       		.uleb128 0x4
 235 0150 110D0000 		.4byte	.LASF49
 236 0154 27       		.byte	0x27
 237 0155 04       		.uleb128 0x4
 238 0156 520F0000 		.4byte	.LASF50
 239 015a 28       		.byte	0x28
 240 015b 04       		.uleb128 0x4
 241 015c ED000000 		.4byte	.LASF51
 242 0160 29       		.byte	0x29
 243 0161 04       		.uleb128 0x4
 244 0162 DD040000 		.4byte	.LASF52
 245 0166 2A       		.byte	0x2a
 246 0167 04       		.uleb128 0x4
 247 0168 22050000 		.4byte	.LASF53
 248 016c 2B       		.byte	0x2b
 249 016d 04       		.uleb128 0x4
 250 016e E40D0000 		.4byte	.LASF54
 251 0172 2C       		.byte	0x2c
 252 0173 04       		.uleb128 0x4
 253 0174 87090000 		.4byte	.LASF55
 254 0178 2D       		.byte	0x2d
 255 0179 04       		.uleb128 0x4
 256 017a 37000000 		.4byte	.LASF56
 257 017e 2E       		.byte	0x2e
 258 017f 04       		.uleb128 0x4
 259 0180 480E0000 		.4byte	.LASF57
 260 0184 2F       		.byte	0x2f
 261 0185 04       		.uleb128 0x4
 262 0186 95040000 		.4byte	.LASF58
 263 018a 30       		.byte	0x30
 264 018b 04       		.uleb128 0x4
 265 018c B60E0000 		.4byte	.LASF59
 266 0190 31       		.byte	0x31
 267 0191 04       		.uleb128 0x4
 268 0192 32100000 		.4byte	.LASF60
 269 0196 32       		.byte	0x32
 270 0197 04       		.uleb128 0x4
 271 0198 8F000000 		.4byte	.LASF61
 272 019c 33       		.byte	0x33
 273 019d 04       		.uleb128 0x4
 274 019e CC020000 		.4byte	.LASF62
 275 01a2 34       		.byte	0x34
 276 01a3 04       		.uleb128 0x4
 277 01a4 0E0A0000 		.4byte	.LASF63
 278 01a8 35       		.byte	0x35
 279 01a9 04       		.uleb128 0x4
 280 01aa E6030000 		.4byte	.LASF64
 281 01ae 36       		.byte	0x36
 282 01af 04       		.uleb128 0x4
 283 01b0 880E0000 		.4byte	.LASF65
 284 01b4 37       		.byte	0x37
 285 01b5 04       		.uleb128 0x4
ARM GAS  C:\Users\ikomb\AppData\Local\Temp\cc8OQ4vE.s 			page 6


 286 01b6 59040000 		.4byte	.LASF66
 287 01ba 38       		.byte	0x38
 288 01bb 04       		.uleb128 0x4
 289 01bc A4110000 		.4byte	.LASF67
 290 01c0 39       		.byte	0x39
 291 01c1 04       		.uleb128 0x4
 292 01c2 5B080000 		.4byte	.LASF68
 293 01c6 3A       		.byte	0x3a
 294 01c7 04       		.uleb128 0x4
 295 01c8 EF0A0000 		.4byte	.LASF69
 296 01cc 3B       		.byte	0x3b
 297 01cd 04       		.uleb128 0x4
 298 01ce E7080000 		.4byte	.LASF70
 299 01d2 3C       		.byte	0x3c
 300 01d3 04       		.uleb128 0x4
 301 01d4 210B0000 		.4byte	.LASF71
 302 01d8 3D       		.byte	0x3d
 303 01d9 04       		.uleb128 0x4
 304 01da 870D0000 		.4byte	.LASF72
 305 01de 3E       		.byte	0x3e
 306 01df 04       		.uleb128 0x4
 307 01e0 B8090000 		.4byte	.LASF73
 308 01e4 3F       		.byte	0x3f
 309 01e5 04       		.uleb128 0x4
 310 01e6 37050000 		.4byte	.LASF74
 311 01ea 40       		.byte	0x40
 312 01eb 04       		.uleb128 0x4
 313 01ec 13070000 		.4byte	.LASF75
 314 01f0 41       		.byte	0x41
 315 01f1 04       		.uleb128 0x4
 316 01f2 BC0A0000 		.4byte	.LASF76
 317 01f6 42       		.byte	0x42
 318 01f7 04       		.uleb128 0x4
 319 01f8 F50C0000 		.4byte	.LASF77
 320 01fc 43       		.byte	0x43
 321 01fd 04       		.uleb128 0x4
 322 01fe 360F0000 		.4byte	.LASF78
 323 0202 44       		.byte	0x44
 324 0203 04       		.uleb128 0x4
 325 0204 170C0000 		.4byte	.LASF79
 326 0208 45       		.byte	0x45
 327 0209 04       		.uleb128 0x4
 328 020a DF060000 		.4byte	.LASF80
 329 020e 46       		.byte	0x46
 330 020f 04       		.uleb128 0x4
 331 0210 3A090000 		.4byte	.LASF81
 332 0214 47       		.byte	0x47
 333 0215 04       		.uleb128 0x4
 334 0216 88110000 		.4byte	.LASF82
 335 021a 48       		.byte	0x48
 336 021b 04       		.uleb128 0x4
 337 021c 6E030000 		.4byte	.LASF83
 338 0220 49       		.byte	0x49
 339 0221 04       		.uleb128 0x4
 340 0222 A7030000 		.4byte	.LASF84
 341 0226 4A       		.byte	0x4a
 342 0227 04       		.uleb128 0x4
ARM GAS  C:\Users\ikomb\AppData\Local\Temp\cc8OQ4vE.s 			page 7


 343 0228 B0020000 		.4byte	.LASF85
 344 022c 4B       		.byte	0x4b
 345 022d 04       		.uleb128 0x4
 346 022e 80100000 		.4byte	.LASF86
 347 0232 4C       		.byte	0x4c
 348 0233 04       		.uleb128 0x4
 349 0234 4D0C0000 		.4byte	.LASF87
 350 0238 4D       		.byte	0x4d
 351 0239 04       		.uleb128 0x4
 352 023a 15100000 		.4byte	.LASF88
 353 023e 4E       		.byte	0x4e
 354 023f 04       		.uleb128 0x4
 355 0240 DA050000 		.4byte	.LASF89
 356 0244 4F       		.byte	0x4f
 357 0245 04       		.uleb128 0x4
 358 0246 B0070000 		.4byte	.LASF90
 359 024a 50       		.byte	0x50
 360 024b 04       		.uleb128 0x4
 361 024c D5090000 		.4byte	.LASF91
 362 0250 51       		.byte	0x51
 363 0251 04       		.uleb128 0x4
 364 0252 56060000 		.4byte	.LASF92
 365 0256 52       		.byte	0x52
 366 0257 04       		.uleb128 0x4
 367 0258 1D080000 		.4byte	.LASF93
 368 025c 53       		.byte	0x53
 369 025d 04       		.uleb128 0x4
 370 025e 60020000 		.4byte	.LASF94
 371 0262 54       		.byte	0x54
 372 0263 04       		.uleb128 0x4
 373 0264 FB060000 		.4byte	.LASF95
 374 0268 55       		.byte	0x55
 375 0269 04       		.uleb128 0x4
 376 026a E7110000 		.4byte	.LASF96
 377 026e 56       		.byte	0x56
 378 026f 04       		.uleb128 0x4
 379 0270 CF010000 		.4byte	.LASF97
 380 0274 57       		.byte	0x57
 381 0275 04       		.uleb128 0x4
 382 0276 DC0B0000 		.4byte	.LASF98
 383 027a 58       		.byte	0x58
 384 027b 04       		.uleb128 0x4
 385 027c 75040000 		.4byte	.LASF99
 386 0280 59       		.byte	0x59
 387 0281 04       		.uleb128 0x4
 388 0282 66100000 		.4byte	.LASF100
 389 0286 5A       		.byte	0x5a
 390 0287 04       		.uleb128 0x4
 391 0288 25060000 		.4byte	.LASF101
 392 028c 5B       		.byte	0x5b
 393 028d 04       		.uleb128 0x4
 394 028e E8070000 		.4byte	.LASF102
 395 0292 5C       		.byte	0x5c
 396 0293 04       		.uleb128 0x4
 397 0294 6D0A0000 		.4byte	.LASF103
 398 0298 5D       		.byte	0x5d
 399 0299 04       		.uleb128 0x4
ARM GAS  C:\Users\ikomb\AppData\Local\Temp\cc8OQ4vE.s 			page 8


 400 029a 4C000000 		.4byte	.LASF104
 401 029e 5E       		.byte	0x5e
 402 029f 04       		.uleb128 0x4
 403 02a0 96020000 		.4byte	.LASF105
 404 02a4 5F       		.byte	0x5f
 405 02a5 04       		.uleb128 0x4
 406 02a6 AA040000 		.4byte	.LASF106
 407 02aa 60       		.byte	0x60
 408 02ab 04       		.uleb128 0x4
 409 02ac 330C0000 		.4byte	.LASF107
 410 02b0 61       		.byte	0x61
 411 02b1 04       		.uleb128 0x4
 412 02b2 15030000 		.4byte	.LASF108
 413 02b6 62       		.byte	0x62
 414 02b7 04       		.uleb128 0x4
 415 02b8 A20A0000 		.4byte	.LASF109
 416 02bc 63       		.byte	0x63
 417 02bd 04       		.uleb128 0x4
 418 02be AF0C0000 		.4byte	.LASF110
 419 02c2 64       		.byte	0x64
 420 02c3 04       		.uleb128 0x4
 421 02c4 000F0000 		.4byte	.LASF111
 422 02c8 65       		.byte	0x65
 423 02c9 04       		.uleb128 0x4
 424 02ca CD110000 		.4byte	.LASF112
 425 02ce 66       		.byte	0x66
 426 02cf 04       		.uleb128 0x4
 427 02d0 A9060000 		.4byte	.LASF113
 428 02d4 67       		.byte	0x67
 429 02d5 04       		.uleb128 0x4
 430 02d6 04090000 		.4byte	.LASF114
 431 02da 68       		.byte	0x68
 432 02db 04       		.uleb128 0x4
 433 02dc 3E0B0000 		.4byte	.LASF115
 434 02e0 69       		.byte	0x69
 435 02e1 04       		.uleb128 0x4
 436 02e2 02010000 		.4byte	.LASF116
 437 02e6 6A       		.byte	0x6a
 438 02e7 04       		.uleb128 0x4
 439 02e8 38030000 		.4byte	.LASF117
 440 02ec 6B       		.byte	0x6b
 441 02ed 04       		.uleb128 0x4
 442 02ee 98010000 		.4byte	.LASF118
 443 02f2 6C       		.byte	0x6c
 444 02f3 04       		.uleb128 0x4
 445 02f4 CB030000 		.4byte	.LASF119
 446 02f8 6D       		.byte	0x6d
 447 02f9 04       		.uleb128 0x4
 448 02fa BF050000 		.4byte	.LASF120
 449 02fe 6E       		.byte	0x6e
 450 02ff 04       		.uleb128 0x4
 451 0300 02080000 		.4byte	.LASF121
 452 0304 6F       		.byte	0x6f
 453 0305 04       		.uleb128 0x4
 454 0306 990F0000 		.4byte	.LASF122
 455 030a 70       		.byte	0x70
 456 030b 04       		.uleb128 0x4
ARM GAS  C:\Users\ikomb\AppData\Local\Temp\cc8OQ4vE.s 			page 9


 457 030c 00000000 		.4byte	.LASF123
 458 0310 71       		.byte	0x71
 459 0311 04       		.uleb128 0x4
 460 0312 45020000 		.4byte	.LASF124
 461 0316 72       		.byte	0x72
 462 0317 04       		.uleb128 0x4
 463 0318 6C090000 		.4byte	.LASF125
 464 031c 73       		.byte	0x73
 465 031d 04       		.uleb128 0x4
 466 031e FC0B0000 		.4byte	.LASF126
 467 0322 74       		.byte	0x74
 468 0323 04       		.uleb128 0x4
 469 0324 2D0E0000 		.4byte	.LASF127
 470 0328 75       		.byte	0x75
 471 0329 04       		.uleb128 0x4
 472 032a 870A0000 		.4byte	.LASF128
 473 032e 76       		.byte	0x76
 474 032f 04       		.uleb128 0x4
 475 0330 8B0C0000 		.4byte	.LASF129
 476 0334 77       		.byte	0x77
 477 0335 04       		.uleb128 0x4
 478 0336 E50E0000 		.4byte	.LASF130
 479 033a 78       		.byte	0x78
 480 033b 04       		.uleb128 0x4
 481 033c CD070000 		.4byte	.LASF131
 482 0340 79       		.byte	0x79
 483 0341 04       		.uleb128 0x4
 484 0342 55010000 		.4byte	.LASF132
 485 0346 7A       		.byte	0x7a
 486 0347 04       		.uleb128 0x4
 487 0348 D7000000 		.4byte	.LASF133
 488 034c 7B       		.byte	0x7b
 489 034d 04       		.uleb128 0x4
 490 034e 8C050000 		.4byte	.LASF134
 491 0352 7C       		.byte	0x7c
 492 0353 04       		.uleb128 0x4
 493 0354 70070000 		.4byte	.LASF135
 494 0358 7D       		.byte	0x7d
 495 0359 04       		.uleb128 0x4
 496 035a 6F0F0000 		.4byte	.LASF136
 497 035e 7E       		.byte	0x7e
 498 035f 04       		.uleb128 0x4
 499 0360 3F120000 		.4byte	.LASF137
 500 0364 7F       		.byte	0x7f
 501 0365 04       		.uleb128 0x4
 502 0366 24020000 		.4byte	.LASF138
 503 036a 80       		.byte	0x80
 504 036b 04       		.uleb128 0x4
 505 036c 56090000 		.4byte	.LASF139
 506 0370 81       		.byte	0x81
 507 0371 04       		.uleb128 0x4
 508 0372 AB0B0000 		.4byte	.LASF140
 509 0376 82       		.byte	0x82
 510 0377 04       		.uleb128 0x4
 511 0378 F90D0000 		.4byte	.LASF141
 512 037c 83       		.byte	0x83
 513 037d 04       		.uleb128 0x4
ARM GAS  C:\Users\ikomb\AppData\Local\Temp\cc8OQ4vE.s 			page 10


 514 037e 44080000 		.4byte	.LASF142
 515 0382 84       		.byte	0x84
 516 0383 04       		.uleb128 0x4
 517 0384 D80A0000 		.4byte	.LASF143
 518 0388 85       		.byte	0x85
 519 0389 04       		.uleb128 0x4
 520 038a AB000000 		.4byte	.LASF144
 521 038e 86       		.byte	0x86
 522 038f 04       		.uleb128 0x4
 523 0390 E8020000 		.4byte	.LASF145
 524 0394 87       		.byte	0x87
 525 0395 04       		.uleb128 0x4
 526 0396 F2040000 		.4byte	.LASF146
 527 039a 88       		.byte	0x88
 528 039b 04       		.uleb128 0x4
 529 039c 6A0C0000 		.4byte	.LASF147
 530 03a0 89       		.byte	0x89
 531 03a1 04       		.uleb128 0x4
 532 03a2 C00D0000 		.4byte	.LASF148
 533 03a6 8A       		.byte	0x8a
 534 03a7 04       		.uleb128 0x4
 535 03a8 3E040000 		.4byte	.LASF149
 536 03ac 8B       		.byte	0x8b
 537 03ad 04       		.uleb128 0x4
 538 03ae 2E0D0000 		.4byte	.LASF150
 539 03b2 8C       		.byte	0x8c
 540 03b3 04       		.uleb128 0x4
 541 03b4 FE0F0000 		.4byte	.LASF151
 542 03b8 8D       		.byte	0x8d
 543 03b9 04       		.uleb128 0x4
 544 03ba 5C070000 		.4byte	.LASF152
 545 03be 8E       		.byte	0x8e
 546 03bf 04       		.uleb128 0x4
 547 03c0 F2090000 		.4byte	.LASF153
 548 03c4 8F       		.byte	0x8f
 549 03c5 04       		.uleb128 0x4
 550 03c6 3F060000 		.4byte	.LASF154
 551 03ca 90       		.byte	0x90
 552 03cb 04       		.uleb128 0x4
 553 03cc 82010000 		.4byte	.LASF155
 554 03d0 91       		.byte	0x91
 555 03d1 04       		.uleb128 0x4
 556 03d2 0B020000 		.4byte	.LASF156
 557 03d6 92       		.byte	0x92
 558 03d7 04       		.uleb128 0x4
 559 03d8 C10B0000 		.4byte	.LASF157
 560 03dc F0       		.byte	0xf0
 561 03dd 00       		.byte	0
 562 03de 05       		.uleb128 0x5
 563 03df 02       		.byte	0x2
 564 03e0 05       		.byte	0x5
 565 03e1 D20B0000 		.4byte	.LASF158
 566 03e5 06       		.uleb128 0x6
 567 03e6 810C0000 		.4byte	.LASF162
 568 03ea 01       		.byte	0x1
 569 03eb F4       		.byte	0xf4
 570 03ec 1D000000 		.4byte	0x1d
ARM GAS  C:\Users\ikomb\AppData\Local\Temp\cc8OQ4vE.s 			page 11


 571 03f0 05       		.uleb128 0x5
 572 03f1 01       		.byte	0x1
 573 03f2 06       		.byte	0x6
 574 03f3 8A020000 		.4byte	.LASF159
 575 03f7 05       		.uleb128 0x5
 576 03f8 01       		.byte	0x1
 577 03f9 08       		.byte	0x8
 578 03fa 130B0000 		.4byte	.LASF160
 579 03fe 05       		.uleb128 0x5
 580 03ff 02       		.byte	0x2
 581 0400 07       		.byte	0x7
 582 0401 80060000 		.4byte	.LASF161
 583 0405 06       		.uleb128 0x6
 584 0406 230E0000 		.4byte	.LASF163
 585 040a 02       		.byte	0x2
 586 040b 3F       		.byte	0x3f
 587 040c 10040000 		.4byte	0x410
 588 0410 05       		.uleb128 0x5
 589 0411 04       		.byte	0x4
 590 0412 05       		.byte	0x5
 591 0413 2F030000 		.4byte	.LASF164
 592 0417 06       		.uleb128 0x6
 593 0418 C4040000 		.4byte	.LASF165
 594 041c 02       		.byte	0x2
 595 041d 41       		.byte	0x41
 596 041e 22040000 		.4byte	0x422
 597 0422 05       		.uleb128 0x5
 598 0423 04       		.byte	0x4
 599 0424 07       		.byte	0x7
 600 0425 F7050000 		.4byte	.LASF166
 601 0429 05       		.uleb128 0x5
 602 042a 08       		.byte	0x8
 603 042b 05       		.byte	0x5
 604 042c 7C020000 		.4byte	.LASF167
 605 0430 05       		.uleb128 0x5
 606 0431 08       		.byte	0x8
 607 0432 07       		.byte	0x7
 608 0433 6B010000 		.4byte	.LASF168
 609 0437 07       		.uleb128 0x7
 610 0438 04       		.byte	0x4
 611 0439 05       		.byte	0x5
 612 043a 696E7400 		.ascii	"int\000"
 613 043e 05       		.uleb128 0x5
 614 043f 04       		.byte	0x4
 615 0440 07       		.byte	0x7
 616 0441 810B0000 		.4byte	.LASF169
 617 0445 06       		.uleb128 0x6
 618 0446 0B0B0000 		.4byte	.LASF170
 619 044a 03       		.byte	0x3
 620 044b 2C       		.byte	0x2c
 621 044c 05040000 		.4byte	0x405
 622 0450 06       		.uleb128 0x6
 623 0451 A60C0000 		.4byte	.LASF171
 624 0455 03       		.byte	0x3
 625 0456 30       		.byte	0x30
 626 0457 17040000 		.4byte	0x417
 627 045b 05       		.uleb128 0x5
ARM GAS  C:\Users\ikomb\AppData\Local\Temp\cc8OQ4vE.s 			page 12


 628 045c 04       		.byte	0x4
 629 045d 07       		.byte	0x7
 630 045e 3B080000 		.4byte	.LASF172
 631 0462 05       		.uleb128 0x5
 632 0463 08       		.byte	0x8
 633 0464 04       		.byte	0x4
 634 0465 490D0000 		.4byte	.LASF173
 635 0469 05       		.uleb128 0x5
 636 046a 01       		.byte	0x1
 637 046b 08       		.byte	0x8
 638 046c 550D0000 		.4byte	.LASF174
 639 0470 05       		.uleb128 0x5
 640 0471 04       		.byte	0x4
 641 0472 04       		.byte	0x4
 642 0473 080A0000 		.4byte	.LASF175
 643 0477 05       		.uleb128 0x5
 644 0478 08       		.byte	0x8
 645 0479 04       		.byte	0x4
 646 047a 37040000 		.4byte	.LASF176
 647 047e 08       		.uleb128 0x8
 648 047f 08       		.byte	0x8
 649 0480 04       		.byte	0x4
 650 0481 EB       		.byte	0xeb
 651 0482 9F040000 		.4byte	0x49f
 652 0486 09       		.uleb128 0x9
 653 0487 C3030000 		.4byte	.LASF177
 654 048b 04       		.byte	0x4
 655 048c EC       		.byte	0xec
 656 048d E5030000 		.4byte	0x3e5
 657 0491 00       		.byte	0
 658 0492 09       		.uleb128 0x9
 659 0493 C0110000 		.4byte	.LASF178
 660 0497 04       		.byte	0x4
 661 0498 F0       		.byte	0xf0
 662 0499 50040000 		.4byte	0x450
 663 049d 04       		.byte	0x4
 664 049e 00       		.byte	0
 665 049f 06       		.uleb128 0x6
 666 04a0 77080000 		.4byte	.LASF179
 667 04a4 04       		.byte	0x4
 668 04a5 F1       		.byte	0xf1
 669 04a6 7E040000 		.4byte	0x47e
 670 04aa 0A       		.uleb128 0xa
 671 04ab 740B0000 		.4byte	.LASF180
 672 04af 05       		.byte	0x5
 673 04b0 EA07     		.2byte	0x7ea
 674 04b2 B6040000 		.4byte	0x4b6
 675 04b6 0B       		.uleb128 0xb
 676 04b7 45040000 		.4byte	0x445
 677 04bb 0C       		.uleb128 0xc
 678 04bc 93060000 		.4byte	.LASF181
 679 04c0 06       		.byte	0x6
 680 04c1 18       		.byte	0x18
 681 04c2 CC040000 		.4byte	0x4cc
 682 04c6 05       		.uleb128 0x5
 683 04c7 03       		.byte	0x3
 684 04c8 00000000 		.4byte	CodecI2CM_SCB_IRQ_cfg
ARM GAS  C:\Users\ikomb\AppData\Local\Temp\cc8OQ4vE.s 			page 13


 685 04cc 0D       		.uleb128 0xd
 686 04cd 9F040000 		.4byte	0x49f
 687 04d1 0C       		.uleb128 0xc
 688 04d2 D00F0000 		.4byte	.LASF182
 689 04d6 06       		.byte	0x6
 690 04d7 1E       		.byte	0x1e
 691 04d8 CC040000 		.4byte	0x4cc
 692 04dc 05       		.uleb128 0x5
 693 04dd 03       		.byte	0x3
 694 04de 00000000 		.4byte	CapSense_ISR_cfg
 695 04e2 0C       		.uleb128 0xc
 696 04e3 5D0A0000 		.4byte	.LASF183
 697 04e7 06       		.byte	0x6
 698 04e8 24       		.byte	0x24
 699 04e9 CC040000 		.4byte	0x4cc
 700 04ed 05       		.uleb128 0x5
 701 04ee 03       		.byte	0x3
 702 04ef 00000000 		.4byte	DMA_I2S_IRQ_cfg
 703 04f3 0C       		.uleb128 0xc
 704 04f4 4C070000 		.4byte	.LASF184
 705 04f8 06       		.byte	0x6
 706 04f9 2A       		.byte	0x2a
 707 04fa CC040000 		.4byte	0x4cc
 708 04fe 05       		.uleb128 0x5
 709 04ff 03       		.byte	0x3
 710 0500 00000000 		.4byte	DMA_PDM_IRQ_cfg
 711 0504 0C       		.uleb128 0xc
 712 0505 850F0000 		.4byte	.LASF185
 713 0509 06       		.byte	0x6
 714 050a 30       		.byte	0x30
 715 050b CC040000 		.4byte	0x4cc
 716 050f 05       		.uleb128 0x5
 717 0510 03       		.byte	0x3
 718 0511 00000000 		.4byte	SMIF_1_SMIF_IRQ_cfg
 719 0515 00       		.byte	0
 720              		.section	.debug_abbrev,"",%progbits
 721              	.Ldebug_abbrev0:
 722 0000 01       		.uleb128 0x1
 723 0001 11       		.uleb128 0x11
 724 0002 01       		.byte	0x1
 725 0003 25       		.uleb128 0x25
 726 0004 0E       		.uleb128 0xe
 727 0005 13       		.uleb128 0x13
 728 0006 0B       		.uleb128 0xb
 729 0007 03       		.uleb128 0x3
 730 0008 0E       		.uleb128 0xe
 731 0009 1B       		.uleb128 0x1b
 732 000a 0E       		.uleb128 0xe
 733 000b 10       		.uleb128 0x10
 734 000c 17       		.uleb128 0x17
 735 000d 00       		.byte	0
 736 000e 00       		.byte	0
 737 000f 02       		.uleb128 0x2
 738 0010 04       		.uleb128 0x4
 739 0011 01       		.byte	0x1
 740 0012 0B       		.uleb128 0xb
 741 0013 0B       		.uleb128 0xb
ARM GAS  C:\Users\ikomb\AppData\Local\Temp\cc8OQ4vE.s 			page 14


 742 0014 49       		.uleb128 0x49
 743 0015 13       		.uleb128 0x13
 744 0016 3A       		.uleb128 0x3a
 745 0017 0B       		.uleb128 0xb
 746 0018 3B       		.uleb128 0x3b
 747 0019 0B       		.uleb128 0xb
 748 001a 01       		.uleb128 0x1
 749 001b 13       		.uleb128 0x13
 750 001c 00       		.byte	0
 751 001d 00       		.byte	0
 752 001e 03       		.uleb128 0x3
 753 001f 28       		.uleb128 0x28
 754 0020 00       		.byte	0
 755 0021 03       		.uleb128 0x3
 756 0022 0E       		.uleb128 0xe
 757 0023 1C       		.uleb128 0x1c
 758 0024 0D       		.uleb128 0xd
 759 0025 00       		.byte	0
 760 0026 00       		.byte	0
 761 0027 04       		.uleb128 0x4
 762 0028 28       		.uleb128 0x28
 763 0029 00       		.byte	0
 764 002a 03       		.uleb128 0x3
 765 002b 0E       		.uleb128 0xe
 766 002c 1C       		.uleb128 0x1c
 767 002d 0B       		.uleb128 0xb
 768 002e 00       		.byte	0
 769 002f 00       		.byte	0
 770 0030 05       		.uleb128 0x5
 771 0031 24       		.uleb128 0x24
 772 0032 00       		.byte	0
 773 0033 0B       		.uleb128 0xb
 774 0034 0B       		.uleb128 0xb
 775 0035 3E       		.uleb128 0x3e
 776 0036 0B       		.uleb128 0xb
 777 0037 03       		.uleb128 0x3
 778 0038 0E       		.uleb128 0xe
 779 0039 00       		.byte	0
 780 003a 00       		.byte	0
 781 003b 06       		.uleb128 0x6
 782 003c 16       		.uleb128 0x16
 783 003d 00       		.byte	0
 784 003e 03       		.uleb128 0x3
 785 003f 0E       		.uleb128 0xe
 786 0040 3A       		.uleb128 0x3a
 787 0041 0B       		.uleb128 0xb
 788 0042 3B       		.uleb128 0x3b
 789 0043 0B       		.uleb128 0xb
 790 0044 49       		.uleb128 0x49
 791 0045 13       		.uleb128 0x13
 792 0046 00       		.byte	0
 793 0047 00       		.byte	0
 794 0048 07       		.uleb128 0x7
 795 0049 24       		.uleb128 0x24
 796 004a 00       		.byte	0
 797 004b 0B       		.uleb128 0xb
 798 004c 0B       		.uleb128 0xb
ARM GAS  C:\Users\ikomb\AppData\Local\Temp\cc8OQ4vE.s 			page 15


 799 004d 3E       		.uleb128 0x3e
 800 004e 0B       		.uleb128 0xb
 801 004f 03       		.uleb128 0x3
 802 0050 08       		.uleb128 0x8
 803 0051 00       		.byte	0
 804 0052 00       		.byte	0
 805 0053 08       		.uleb128 0x8
 806 0054 13       		.uleb128 0x13
 807 0055 01       		.byte	0x1
 808 0056 0B       		.uleb128 0xb
 809 0057 0B       		.uleb128 0xb
 810 0058 3A       		.uleb128 0x3a
 811 0059 0B       		.uleb128 0xb
 812 005a 3B       		.uleb128 0x3b
 813 005b 0B       		.uleb128 0xb
 814 005c 01       		.uleb128 0x1
 815 005d 13       		.uleb128 0x13
 816 005e 00       		.byte	0
 817 005f 00       		.byte	0
 818 0060 09       		.uleb128 0x9
 819 0061 0D       		.uleb128 0xd
 820 0062 00       		.byte	0
 821 0063 03       		.uleb128 0x3
 822 0064 0E       		.uleb128 0xe
 823 0065 3A       		.uleb128 0x3a
 824 0066 0B       		.uleb128 0xb
 825 0067 3B       		.uleb128 0x3b
 826 0068 0B       		.uleb128 0xb
 827 0069 49       		.uleb128 0x49
 828 006a 13       		.uleb128 0x13
 829 006b 38       		.uleb128 0x38
 830 006c 0B       		.uleb128 0xb
 831 006d 00       		.byte	0
 832 006e 00       		.byte	0
 833 006f 0A       		.uleb128 0xa
 834 0070 34       		.uleb128 0x34
 835 0071 00       		.byte	0
 836 0072 03       		.uleb128 0x3
 837 0073 0E       		.uleb128 0xe
 838 0074 3A       		.uleb128 0x3a
 839 0075 0B       		.uleb128 0xb
 840 0076 3B       		.uleb128 0x3b
 841 0077 05       		.uleb128 0x5
 842 0078 49       		.uleb128 0x49
 843 0079 13       		.uleb128 0x13
 844 007a 3F       		.uleb128 0x3f
 845 007b 19       		.uleb128 0x19
 846 007c 3C       		.uleb128 0x3c
 847 007d 19       		.uleb128 0x19
 848 007e 00       		.byte	0
 849 007f 00       		.byte	0
 850 0080 0B       		.uleb128 0xb
 851 0081 35       		.uleb128 0x35
 852 0082 00       		.byte	0
 853 0083 49       		.uleb128 0x49
 854 0084 13       		.uleb128 0x13
 855 0085 00       		.byte	0
ARM GAS  C:\Users\ikomb\AppData\Local\Temp\cc8OQ4vE.s 			page 16


 856 0086 00       		.byte	0
 857 0087 0C       		.uleb128 0xc
 858 0088 34       		.uleb128 0x34
 859 0089 00       		.byte	0
 860 008a 03       		.uleb128 0x3
 861 008b 0E       		.uleb128 0xe
 862 008c 3A       		.uleb128 0x3a
 863 008d 0B       		.uleb128 0xb
 864 008e 3B       		.uleb128 0x3b
 865 008f 0B       		.uleb128 0xb
 866 0090 49       		.uleb128 0x49
 867 0091 13       		.uleb128 0x13
 868 0092 3F       		.uleb128 0x3f
 869 0093 19       		.uleb128 0x19
 870 0094 02       		.uleb128 0x2
 871 0095 18       		.uleb128 0x18
 872 0096 00       		.byte	0
 873 0097 00       		.byte	0
 874 0098 0D       		.uleb128 0xd
 875 0099 26       		.uleb128 0x26
 876 009a 00       		.byte	0
 877 009b 49       		.uleb128 0x49
 878 009c 13       		.uleb128 0x13
 879 009d 00       		.byte	0
 880 009e 00       		.byte	0
 881 009f 00       		.byte	0
 882              		.section	.debug_aranges,"",%progbits
 883 0000 14000000 		.4byte	0x14
 884 0004 0200     		.2byte	0x2
 885 0006 00000000 		.4byte	.Ldebug_info0
 886 000a 04       		.byte	0x4
 887 000b 00       		.byte	0
 888 000c 0000     		.2byte	0
 889 000e 0000     		.2byte	0
 890 0010 00000000 		.4byte	0
 891 0014 00000000 		.4byte	0
 892              		.section	.debug_line,"",%progbits
 893              	.Ldebug_line0:
 894 0000 10020000 		.section	.debug_str,"MS",%progbits,1
 894      02000A02 
 894      00000201 
 894      FB0E0D00 
 894      01010101 
 895              	.LASF123:
 896 0000 74637077 		.ascii	"tcpwm_1_interrupts_15_IRQn\000"
 896      6D5F315F 
 896      696E7465 
 896      72727570 
 896      74735F31 
 897              	.LASF12:
 898 001b 696F7373 		.ascii	"ioss_interrupts_gpio_2_IRQn\000"
 898      5F696E74 
 898      65727275 
 898      7074735F 
 898      6770696F 
 899              	.LASF56:
 900 0037 7363625F 		.ascii	"scb_5_interrupt_IRQn\000"
ARM GAS  C:\Users\ikomb\AppData\Local\Temp\cc8OQ4vE.s 			page 17


 900      355F696E 
 900      74657272 
 900      7570745F 
 900      4952516E 
 901              	.LASF104:
 902 004c 74637077 		.ascii	"tcpwm_0_interrupts_4_IRQn\000"
 902      6D5F305F 
 902      696E7465 
 902      72727570 
 902      74735F34 
 903              	.LASF32:
 904 0066 73727373 		.ascii	"srss_interrupt_IRQn\000"
 904      5F696E74 
 904      65727275 
 904      70745F49 
 904      52516E00 
 905              	.LASF28:
 906 007a 7363625F 		.ascii	"scb_8_interrupt_IRQn\000"
 906      385F696E 
 906      74657272 
 906      7570745F 
 906      4952516E 
 907              	.LASF61:
 908 008f 63707573 		.ascii	"cpuss_interrupts_dw0_1_IRQn\000"
 908      735F696E 
 908      74657272 
 908      75707473 
 908      5F647730 
 909              	.LASF144:
 910 00ab 7564625F 		.ascii	"udb_interrupts_12_IRQn\000"
 910      696E7465 
 910      72727570 
 910      74735F31 
 910      325F4952 
 911              	.LASF34:
 912 00c2 626C6573 		.ascii	"bless_interrupt_IRQn\000"
 912      735F696E 
 912      74657272 
 912      7570745F 
 912      4952516E 
 913              	.LASF133:
 914 00d7 7564625F 		.ascii	"udb_interrupts_1_IRQn\000"
 914      696E7465 
 914      72727570 
 914      74735F31 
 914      5F495251 
 915              	.LASF51:
 916 00ed 7363625F 		.ascii	"scb_0_interrupt_IRQn\000"
 916      305F696E 
 916      74657272 
 916      7570745F 
 916      4952516E 
 917              	.LASF116:
 918 0102 74637077 		.ascii	"tcpwm_1_interrupts_8_IRQn\000"
 918      6D5F315F 
 918      696E7465 
 918      72727570 
ARM GAS  C:\Users\ikomb\AppData\Local\Temp\cc8OQ4vE.s 			page 18


 918      74735F38 
 919              	.LASF39:
 920 011c 63707573 		.ascii	"cpuss_interrupts_ipc_4_IRQn\000"
 920      735F696E 
 920      74657272 
 920      75707473 
 920      5F697063 
 921              	.LASF46:
 922 0138 63707573 		.ascii	"cpuss_interrupts_ipc_11_IRQn\000"
 922      735F696E 
 922      74657272 
 922      75707473 
 922      5F697063 
 923              	.LASF132:
 924 0155 7564625F 		.ascii	"udb_interrupts_0_IRQn\000"
 924      696E7465 
 924      72727570 
 924      74735F30 
 924      5F495251 
 925              	.LASF168:
 926 016b 6C6F6E67 		.ascii	"long long unsigned int\000"
 926      206C6F6E 
 926      6720756E 
 926      7369676E 
 926      65642069 
 927              	.LASF155:
 928 0182 7573625F 		.ascii	"usb_interrupt_lo_IRQn\000"
 928      696E7465 
 928      72727570 
 928      745F6C6F 
 928      5F495251 
 929              	.LASF118:
 930 0198 74637077 		.ascii	"tcpwm_1_interrupts_10_IRQn\000"
 930      6D5F315F 
 930      696E7465 
 930      72727570 
 930      74735F31 
 931              	.LASF10:
 932 01b3 696F7373 		.ascii	"ioss_interrupts_gpio_0_IRQn\000"
 932      5F696E74 
 932      65727275 
 932      7074735F 
 932      6770696F 
 933              	.LASF97:
 934 01cf 63707573 		.ascii	"cpuss_interrupts_cm0_cti_1_IRQn\000"
 934      735F696E 
 934      74657272 
 934      75707473 
 934      5F636D30 
 935              	.LASF19:
 936 01ef 696F7373 		.ascii	"ioss_interrupts_gpio_9_IRQn\000"
 936      5F696E74 
 936      65727275 
 936      7074735F 
 936      6770696F 
 937              	.LASF156:
 938 020b 70617373 		.ascii	"pass_interrupt_dacs_IRQn\000"
ARM GAS  C:\Users\ikomb\AppData\Local\Temp\cc8OQ4vE.s 			page 19


 938      5F696E74 
 938      65727275 
 938      70745F64 
 938      6163735F 
 939              	.LASF138:
 940 0224 7564625F 		.ascii	"udb_interrupts_6_IRQn\000"
 940      696E7465 
 940      72727570 
 940      74735F36 
 940      5F495251 
 941              	.LASF0:
 942 023a 52657365 		.ascii	"Reset_IRQn\000"
 942      745F4952 
 942      516E00
 943              	.LASF124:
 944 0245 74637077 		.ascii	"tcpwm_1_interrupts_16_IRQn\000"
 944      6D5F315F 
 944      696E7465 
 944      72727570 
 944      74735F31 
 945              	.LASF94:
 946 0260 63707573 		.ascii	"cpuss_interrupt_crypto_IRQn\000"
 946      735F696E 
 946      74657272 
 946      7570745F 
 946      63727970 
 947              	.LASF167:
 948 027c 6C6F6E67 		.ascii	"long long int\000"
 948      206C6F6E 
 948      6720696E 
 948      7400
 949              	.LASF159:
 950 028a 7369676E 		.ascii	"signed char\000"
 950      65642063 
 950      68617200 
 951              	.LASF105:
 952 0296 74637077 		.ascii	"tcpwm_0_interrupts_5_IRQn\000"
 952      6D5F305F 
 952      696E7465 
 952      72727570 
 952      74735F35 
 953              	.LASF85:
 954 02b0 63707573 		.ascii	"cpuss_interrupts_dw1_9_IRQn\000"
 954      735F696E 
 954      74657272 
 954      75707473 
 954      5F647731 
 955              	.LASF62:
 956 02cc 63707573 		.ascii	"cpuss_interrupts_dw0_2_IRQn\000"
 956      735F696E 
 956      74657272 
 956      75707473 
 956      5F647730 
 957              	.LASF145:
 958 02e8 7564625F 		.ascii	"udb_interrupts_13_IRQn\000"
 958      696E7465 
 958      72727570 
ARM GAS  C:\Users\ikomb\AppData\Local\Temp\cc8OQ4vE.s 			page 20


 958      74735F31 
 958      335F4952 
 959              	.LASF27:
 960 02ff 6C70636F 		.ascii	"lpcomp_interrupt_IRQn\000"
 960      6D705F69 
 960      6E746572 
 960      72757074 
 960      5F495251 
 961              	.LASF108:
 962 0315 74637077 		.ascii	"tcpwm_1_interrupts_0_IRQn\000"
 962      6D5F315F 
 962      696E7465 
 962      72727570 
 962      74735F30 
 963              	.LASF164:
 964 032f 6C6F6E67 		.ascii	"long int\000"
 964      20696E74 
 964      00
 965              	.LASF117:
 966 0338 74637077 		.ascii	"tcpwm_1_interrupts_9_IRQn\000"
 966      6D5F315F 
 966      696E7465 
 966      72727570 
 966      74735F39 
 967              	.LASF40:
 968 0352 63707573 		.ascii	"cpuss_interrupts_ipc_5_IRQn\000"
 968      735F696E 
 968      74657272 
 968      75707473 
 968      5F697063 
 969              	.LASF83:
 970 036e 63707573 		.ascii	"cpuss_interrupts_dw1_7_IRQn\000"
 970      735F696E 
 970      74657272 
 970      75707473 
 970      5F647731 
 971              	.LASF47:
 972 038a 63707573 		.ascii	"cpuss_interrupts_ipc_12_IRQn\000"
 972      735F696E 
 972      74657272 
 972      75707473 
 972      5F697063 
 973              	.LASF84:
 974 03a7 63707573 		.ascii	"cpuss_interrupts_dw1_8_IRQn\000"
 974      735F696E 
 974      74657272 
 974      75707473 
 974      5F647731 
 975              	.LASF177:
 976 03c3 696E7472 		.ascii	"intrSrc\000"
 976      53726300 
 977              	.LASF119:
 978 03cb 74637077 		.ascii	"tcpwm_1_interrupts_11_IRQn\000"
 978      6D5F315F 
 978      696E7465 
 978      72727570 
 978      74735F31 
ARM GAS  C:\Users\ikomb\AppData\Local\Temp\cc8OQ4vE.s 			page 21


 979              	.LASF64:
 980 03e6 63707573 		.ascii	"cpuss_interrupts_dw0_4_IRQn\000"
 980      735F696E 
 980      74657272 
 980      75707473 
 980      5F647730 
 981              	.LASF25:
 982 0402 696F7373 		.ascii	"ioss_interrupt_gpio_IRQn\000"
 982      5F696E74 
 982      65727275 
 982      70745F67 
 982      70696F5F 
 983              	.LASF29:
 984 041b 73727373 		.ascii	"srss_interrupt_mcwdt_0_IRQn\000"
 984      5F696E74 
 984      65727275 
 984      70745F6D 
 984      63776474 
 985              	.LASF176:
 986 0437 646F7562 		.ascii	"double\000"
 986      6C6500
 987              	.LASF149:
 988 043e 61756469 		.ascii	"audioss_interrupt_i2s_IRQn\000"
 988      6F73735F 
 988      696E7465 
 988      72727570 
 988      745F6932 
 989              	.LASF66:
 990 0459 63707573 		.ascii	"cpuss_interrupts_dw0_6_IRQn\000"
 990      735F696E 
 990      74657272 
 990      75707473 
 990      5F647730 
 991              	.LASF99:
 992 0475 63707573 		.ascii	"cpuss_interrupts_cm4_cti_1_IRQn\000"
 992      735F696E 
 992      74657272 
 992      75707473 
 992      5F636D34 
 993              	.LASF58:
 994 0495 7363625F 		.ascii	"scb_7_interrupt_IRQn\000"
 994      375F696E 
 994      74657272 
 994      7570745F 
 994      4952516E 
 995              	.LASF106:
 996 04aa 74637077 		.ascii	"tcpwm_0_interrupts_6_IRQn\000"
 996      6D5F305F 
 996      696E7465 
 996      72727570 
 996      74735F36 
 997              	.LASF165:
 998 04c4 5F5F7569 		.ascii	"__uint32_t\000"
 998      6E743332 
 998      5F7400
 999              	.LASF4:
 1000 04cf 42757346 		.ascii	"BusFault_IRQn\000"
ARM GAS  C:\Users\ikomb\AppData\Local\Temp\cc8OQ4vE.s 			page 22


 1000      61756C74 
 1000      5F495251 
 1000      6E00
 1001              	.LASF52:
 1002 04dd 7363625F 		.ascii	"scb_1_interrupt_IRQn\000"
 1002      315F696E 
 1002      74657272 
 1002      7570745F 
 1002      4952516E 
 1003              	.LASF146:
 1004 04f2 7564625F 		.ascii	"udb_interrupts_14_IRQn\000"
 1004      696E7465 
 1004      72727570 
 1004      74735F31 
 1004      345F4952 
 1005              	.LASF33:
 1006 0509 70617373 		.ascii	"pass_interrupt_ctbs_IRQn\000"
 1006      5F696E74 
 1006      65727275 
 1006      70745F63 
 1006      7462735F 
 1007              	.LASF53:
 1008 0522 7363625F 		.ascii	"scb_2_interrupt_IRQn\000"
 1008      325F696E 
 1008      74657272 
 1008      7570745F 
 1008      4952516E 
 1009              	.LASF74:
 1010 0537 63707573 		.ascii	"cpuss_interrupts_dw0_14_IRQn\000"
 1010      735F696E 
 1010      74657272 
 1010      75707473 
 1010      5F647730 
 1011              	.LASF15:
 1012 0554 696F7373 		.ascii	"ioss_interrupts_gpio_5_IRQn\000"
 1012      5F696E74 
 1012      65727275 
 1012      7074735F 
 1012      6770696F 
 1013              	.LASF41:
 1014 0570 63707573 		.ascii	"cpuss_interrupts_ipc_6_IRQn\000"
 1014      735F696E 
 1014      74657272 
 1014      75707473 
 1014      5F697063 
 1015              	.LASF134:
 1016 058c 7564625F 		.ascii	"udb_interrupts_2_IRQn\000"
 1016      696E7465 
 1016      72727570 
 1016      74735F32 
 1016      5F495251 
 1017              	.LASF23:
 1018 05a2 696F7373 		.ascii	"ioss_interrupts_gpio_13_IRQn\000"
 1018      5F696E74 
 1018      65727275 
 1018      7074735F 
 1018      6770696F 
ARM GAS  C:\Users\ikomb\AppData\Local\Temp\cc8OQ4vE.s 			page 23


 1019              	.LASF120:
 1020 05bf 74637077 		.ascii	"tcpwm_1_interrupts_12_IRQn\000"
 1020      6D5F315F 
 1020      696E7465 
 1020      72727570 
 1020      74735F31 
 1021              	.LASF89:
 1022 05da 63707573 		.ascii	"cpuss_interrupts_dw1_13_IRQn\000"
 1022      735F696E 
 1022      74657272 
 1022      75707473 
 1022      5F647731 
 1023              	.LASF166:
 1024 05f7 6C6F6E67 		.ascii	"long unsigned int\000"
 1024      20756E73 
 1024      69676E65 
 1024      6420696E 
 1024      7400
 1025              	.LASF30:
 1026 0609 73727373 		.ascii	"srss_interrupt_mcwdt_1_IRQn\000"
 1026      5F696E74 
 1026      65727275 
 1026      70745F6D 
 1026      63776474 
 1027              	.LASF101:
 1028 0625 74637077 		.ascii	"tcpwm_0_interrupts_1_IRQn\000"
 1028      6D5F305F 
 1028      696E7465 
 1028      72727570 
 1028      74735F31 
 1029              	.LASF154:
 1030 063f 7573625F 		.ascii	"usb_interrupt_med_IRQn\000"
 1030      696E7465 
 1030      72727570 
 1030      745F6D65 
 1030      645F4952 
 1031              	.LASF92:
 1032 0656 63707573 		.ascii	"cpuss_interrupts_fault_0_IRQn\000"
 1032      735F696E 
 1032      74657272 
 1032      75707473 
 1032      5F666175 
 1033              	.LASF6:
 1034 0674 53564361 		.ascii	"SVCall_IRQn\000"
 1034      6C6C5F49 
 1034      52516E00 
 1035              	.LASF161:
 1036 0680 73686F72 		.ascii	"short unsigned int\000"
 1036      7420756E 
 1036      7369676E 
 1036      65642069 
 1036      6E7400
 1037              	.LASF181:
 1038 0693 436F6465 		.ascii	"CodecI2CM_SCB_IRQ_cfg\000"
 1038      63493243 
 1038      4D5F5343 
 1038      425F4952 
ARM GAS  C:\Users\ikomb\AppData\Local\Temp\cc8OQ4vE.s 			page 24


 1038      515F6366 
 1039              	.LASF113:
 1040 06a9 74637077 		.ascii	"tcpwm_1_interrupts_5_IRQn\000"
 1040      6D5F315F 
 1040      696E7465 
 1040      72727570 
 1040      74735F35 
 1041              	.LASF36:
 1042 06c3 63707573 		.ascii	"cpuss_interrupts_ipc_1_IRQn\000"
 1042      735F696E 
 1042      74657272 
 1042      75707473 
 1042      5F697063 
 1043              	.LASF80:
 1044 06df 63707573 		.ascii	"cpuss_interrupts_dw1_4_IRQn\000"
 1044      735F696E 
 1044      74657272 
 1044      75707473 
 1044      5F647731 
 1045              	.LASF95:
 1046 06fb 63707573 		.ascii	"cpuss_interrupt_fm_IRQn\000"
 1046      735F696E 
 1046      74657272 
 1046      7570745F 
 1046      666D5F49 
 1047              	.LASF75:
 1048 0713 63707573 		.ascii	"cpuss_interrupts_dw0_15_IRQn\000"
 1048      735F696E 
 1048      74657272 
 1048      75707473 
 1048      5F647730 
 1049              	.LASF16:
 1050 0730 696F7373 		.ascii	"ioss_interrupts_gpio_6_IRQn\000"
 1050      5F696E74 
 1050      65727275 
 1050      7074735F 
 1050      6770696F 
 1051              	.LASF184:
 1052 074c 444D415F 		.ascii	"DMA_PDM_IRQ_cfg\000"
 1052      50444D5F 
 1052      4952515F 
 1052      63666700 
 1053              	.LASF152:
 1054 075c 736D6966 		.ascii	"smif_interrupt_IRQn\000"
 1054      5F696E74 
 1054      65727275 
 1054      70745F49 
 1054      52516E00 
 1055              	.LASF135:
 1056 0770 7564625F 		.ascii	"udb_interrupts_3_IRQn\000"
 1056      696E7465 
 1056      72727570 
 1056      74735F33 
 1056      5F495251 
 1057              	.LASF24:
 1058 0786 696F7373 		.ascii	"ioss_interrupts_gpio_14_IRQn\000"
 1058      5F696E74 
ARM GAS  C:\Users\ikomb\AppData\Local\Temp\cc8OQ4vE.s 			page 25


 1058      65727275 
 1058      7074735F 
 1058      6770696F 
 1059              	.LASF9:
 1060 07a3 53797354 		.ascii	"SysTick_IRQn\000"
 1060      69636B5F 
 1060      4952516E 
 1060      00
 1061              	.LASF90:
 1062 07b0 63707573 		.ascii	"cpuss_interrupts_dw1_14_IRQn\000"
 1062      735F696E 
 1062      74657272 
 1062      75707473 
 1062      5F647731 
 1063              	.LASF131:
 1064 07cd 74637077 		.ascii	"tcpwm_1_interrupts_23_IRQn\000"
 1064      6D5F315F 
 1064      696E7465 
 1064      72727570 
 1064      74735F32 
 1065              	.LASF102:
 1066 07e8 74637077 		.ascii	"tcpwm_0_interrupts_2_IRQn\000"
 1066      6D5F305F 
 1066      696E7465 
 1066      72727570 
 1066      74735F32 
 1067              	.LASF121:
 1068 0802 74637077 		.ascii	"tcpwm_1_interrupts_13_IRQn\000"
 1068      6D5F315F 
 1068      696E7465 
 1068      72727570 
 1068      74735F31 
 1069              	.LASF93:
 1070 081d 63707573 		.ascii	"cpuss_interrupts_fault_1_IRQn\000"
 1070      735F696E 
 1070      74657272 
 1070      75707473 
 1070      5F666175 
 1071              	.LASF172:
 1072 083b 73697A65 		.ascii	"sizetype\000"
 1072      74797065 
 1072      00
 1073              	.LASF142:
 1074 0844 7564625F 		.ascii	"udb_interrupts_10_IRQn\000"
 1074      696E7465 
 1074      72727570 
 1074      74735F31 
 1074      305F4952 
 1075              	.LASF68:
 1076 085b 63707573 		.ascii	"cpuss_interrupts_dw0_8_IRQn\000"
 1076      735F696E 
 1076      74657272 
 1076      75707473 
 1076      5F647730 
 1077              	.LASF179:
 1078 0877 63795F73 		.ascii	"cy_stc_sysint_t\000"
 1078      74635F73 
ARM GAS  C:\Users\ikomb\AppData\Local\Temp\cc8OQ4vE.s 			page 26


 1078      7973696E 
 1078      745F7400 
 1079              	.LASF188:
 1080 0887 433A5C55 		.ascii	"C:\\Users\\ikomb\\Documents\\PSoC Creator\\CE222221"
 1080      73657273 
 1080      5C696B6F 
 1080      6D625C44 
 1080      6F63756D 
 1081 08b5 5F566F69 		.ascii	"_Voice_Recorder01\\CE222221_Voice_Recorder01.cydsn\000"
 1081      63655F52 
 1081      65636F72 
 1081      64657230 
 1081      315C4345 
 1082              	.LASF70:
 1083 08e7 63707573 		.ascii	"cpuss_interrupts_dw0_10_IRQn\000"
 1083      735F696E 
 1083      74657272 
 1083      75707473 
 1083      5F647730 
 1084              	.LASF114:
 1085 0904 74637077 		.ascii	"tcpwm_1_interrupts_6_IRQn\000"
 1085      6D5F315F 
 1085      696E7465 
 1085      72727570 
 1085      74735F36 
 1086              	.LASF37:
 1087 091e 63707573 		.ascii	"cpuss_interrupts_ipc_2_IRQn\000"
 1087      735F696E 
 1087      74657272 
 1087      75707473 
 1087      5F697063 
 1088              	.LASF81:
 1089 093a 63707573 		.ascii	"cpuss_interrupts_dw1_5_IRQn\000"
 1089      735F696E 
 1089      74657272 
 1089      75707473 
 1089      5F647731 
 1090              	.LASF139:
 1091 0956 7564625F 		.ascii	"udb_interrupts_7_IRQn\000"
 1091      696E7465 
 1091      72727570 
 1091      74735F37 
 1091      5F495251 
 1092              	.LASF125:
 1093 096c 74637077 		.ascii	"tcpwm_1_interrupts_17_IRQn\000"
 1093      6D5F315F 
 1093      696E7465 
 1093      72727570 
 1093      74735F31 
 1094              	.LASF55:
 1095 0987 7363625F 		.ascii	"scb_4_interrupt_IRQn\000"
 1095      345F696E 
 1095      74657272 
 1095      7570745F 
 1095      4952516E 
 1096              	.LASF17:
 1097 099c 696F7373 		.ascii	"ioss_interrupts_gpio_7_IRQn\000"
ARM GAS  C:\Users\ikomb\AppData\Local\Temp\cc8OQ4vE.s 			page 27


 1097      5F696E74 
 1097      65727275 
 1097      7074735F 
 1097      6770696F 
 1098              	.LASF73:
 1099 09b8 63707573 		.ascii	"cpuss_interrupts_dw0_13_IRQn\000"
 1099      735F696E 
 1099      74657272 
 1099      75707473 
 1099      5F647730 
 1100              	.LASF91:
 1101 09d5 63707573 		.ascii	"cpuss_interrupts_dw1_15_IRQn\000"
 1101      735F696E 
 1101      74657272 
 1101      75707473 
 1101      5F647731 
 1102              	.LASF153:
 1103 09f2 7573625F 		.ascii	"usb_interrupt_hi_IRQn\000"
 1103      696E7465 
 1103      72727570 
 1103      745F6869 
 1103      5F495251 
 1104              	.LASF175:
 1105 0a08 666C6F61 		.ascii	"float\000"
 1105      7400
 1106              	.LASF63:
 1107 0a0e 63707573 		.ascii	"cpuss_interrupts_dw0_3_IRQn\000"
 1107      735F696E 
 1107      74657272 
 1107      75707473 
 1107      5F647730 
 1108              	.LASF21:
 1109 0a2a 696F7373 		.ascii	"ioss_interrupts_gpio_11_IRQn\000"
 1109      5F696E74 
 1109      65727275 
 1109      7074735F 
 1109      6770696F 
 1110              	.LASF3:
 1111 0a47 4D656D6F 		.ascii	"MemoryManagement_IRQn\000"
 1111      72794D61 
 1111      6E616765 
 1111      6D656E74 
 1111      5F495251 
 1112              	.LASF183:
 1113 0a5d 444D415F 		.ascii	"DMA_I2S_IRQ_cfg\000"
 1113      4932535F 
 1113      4952515F 
 1113      63666700 
 1114              	.LASF103:
 1115 0a6d 74637077 		.ascii	"tcpwm_0_interrupts_3_IRQn\000"
 1115      6D5F305F 
 1115      696E7465 
 1115      72727570 
 1115      74735F33 
 1116              	.LASF128:
 1117 0a87 74637077 		.ascii	"tcpwm_1_interrupts_20_IRQn\000"
 1117      6D5F315F 
ARM GAS  C:\Users\ikomb\AppData\Local\Temp\cc8OQ4vE.s 			page 28


 1117      696E7465 
 1117      72727570 
 1117      74735F32 
 1118              	.LASF109:
 1119 0aa2 74637077 		.ascii	"tcpwm_1_interrupts_1_IRQn\000"
 1119      6D5F315F 
 1119      696E7465 
 1119      72727570 
 1119      74735F31 
 1120              	.LASF76:
 1121 0abc 63707573 		.ascii	"cpuss_interrupts_dw1_0_IRQn\000"
 1121      735F696E 
 1121      74657272 
 1121      75707473 
 1121      5F647731 
 1122              	.LASF143:
 1123 0ad8 7564625F 		.ascii	"udb_interrupts_11_IRQn\000"
 1123      696E7465 
 1123      72727570 
 1123      74735F31 
 1123      315F4952 
 1124              	.LASF69:
 1125 0aef 63707573 		.ascii	"cpuss_interrupts_dw0_9_IRQn\000"
 1125      735F696E 
 1125      74657272 
 1125      75707473 
 1125      5F647730 
 1126              	.LASF170:
 1127 0b0b 696E7433 		.ascii	"int32_t\000"
 1127      325F7400 
 1128              	.LASF160:
 1129 0b13 756E7369 		.ascii	"unsigned char\000"
 1129      676E6564 
 1129      20636861 
 1129      7200
 1130              	.LASF71:
 1131 0b21 63707573 		.ascii	"cpuss_interrupts_dw0_11_IRQn\000"
 1131      735F696E 
 1131      74657272 
 1131      75707473 
 1131      5F647730 
 1132              	.LASF115:
 1133 0b3e 74637077 		.ascii	"tcpwm_1_interrupts_7_IRQn\000"
 1133      6D5F315F 
 1133      696E7465 
 1133      72727570 
 1133      74735F37 
 1134              	.LASF38:
 1135 0b58 63707573 		.ascii	"cpuss_interrupts_ipc_3_IRQn\000"
 1135      735F696E 
 1135      74657272 
 1135      75707473 
 1135      5F697063 
 1136              	.LASF180:
 1137 0b74 49544D5F 		.ascii	"ITM_RxBuffer\000"
 1137      52784275 
 1137      66666572 
ARM GAS  C:\Users\ikomb\AppData\Local\Temp\cc8OQ4vE.s 			page 29


 1137      00
 1138              	.LASF169:
 1139 0b81 756E7369 		.ascii	"unsigned int\000"
 1139      676E6564 
 1139      20696E74 
 1139      00
 1140              	.LASF20:
 1141 0b8e 696F7373 		.ascii	"ioss_interrupts_gpio_10_IRQn\000"
 1141      5F696E74 
 1141      65727275 
 1141      7074735F 
 1141      6770696F 
 1142              	.LASF140:
 1143 0bab 7564625F 		.ascii	"udb_interrupts_8_IRQn\000"
 1143      696E7465 
 1143      72727570 
 1143      74735F38 
 1143      5F495251 
 1144              	.LASF157:
 1145 0bc1 756E636F 		.ascii	"unconnected_IRQn\000"
 1145      6E6E6563 
 1145      7465645F 
 1145      4952516E 
 1145      00
 1146              	.LASF158:
 1147 0bd2 73686F72 		.ascii	"short int\000"
 1147      7420696E 
 1147      7400
 1148              	.LASF98:
 1149 0bdc 63707573 		.ascii	"cpuss_interrupts_cm4_cti_0_IRQn\000"
 1149      735F696E 
 1149      74657272 
 1149      75707473 
 1149      5F636D34 
 1150              	.LASF126:
 1151 0bfc 74637077 		.ascii	"tcpwm_1_interrupts_18_IRQn\000"
 1151      6D5F315F 
 1151      696E7465 
 1151      72727570 
 1151      74735F31 
 1152              	.LASF79:
 1153 0c17 63707573 		.ascii	"cpuss_interrupts_dw1_3_IRQn\000"
 1153      735F696E 
 1153      74657272 
 1153      75707473 
 1153      5F647731 
 1154              	.LASF107:
 1155 0c33 74637077 		.ascii	"tcpwm_0_interrupts_7_IRQn\000"
 1155      6D5F305F 
 1155      696E7465 
 1155      72727570 
 1155      74735F37 
 1156              	.LASF87:
 1157 0c4d 63707573 		.ascii	"cpuss_interrupts_dw1_11_IRQn\000"
 1157      735F696E 
 1157      74657272 
 1157      75707473 
ARM GAS  C:\Users\ikomb\AppData\Local\Temp\cc8OQ4vE.s 			page 30


 1157      5F647731 
 1158              	.LASF147:
 1159 0c6a 7564625F 		.ascii	"udb_interrupts_15_IRQn\000"
 1159      696E7465 
 1159      72727570 
 1159      74735F31 
 1159      355F4952 
 1160              	.LASF162:
 1161 0c81 4952516E 		.ascii	"IRQn_Type\000"
 1161      5F547970 
 1161      6500
 1162              	.LASF129:
 1163 0c8b 74637077 		.ascii	"tcpwm_1_interrupts_21_IRQn\000"
 1163      6D5F315F 
 1163      696E7465 
 1163      72727570 
 1163      74735F32 
 1164              	.LASF171:
 1165 0ca6 75696E74 		.ascii	"uint32_t\000"
 1165      33325F74 
 1165      00
 1166              	.LASF110:
 1167 0caf 74637077 		.ascii	"tcpwm_1_interrupts_2_IRQn\000"
 1167      6D5F315F 
 1167      696E7465 
 1167      72727570 
 1167      74735F32 
 1168              	.LASF5:
 1169 0cc9 55736167 		.ascii	"UsageFault_IRQn\000"
 1169      65466175 
 1169      6C745F49 
 1169      52516E00 
 1170              	.LASF42:
 1171 0cd9 63707573 		.ascii	"cpuss_interrupts_ipc_7_IRQn\000"
 1171      735F696E 
 1171      74657272 
 1171      75707473 
 1171      5F697063 
 1172              	.LASF77:
 1173 0cf5 63707573 		.ascii	"cpuss_interrupts_dw1_1_IRQn\000"
 1173      735F696E 
 1173      74657272 
 1173      75707473 
 1173      5F647731 
 1174              	.LASF49:
 1175 0d11 63707573 		.ascii	"cpuss_interrupts_ipc_14_IRQn\000"
 1175      735F696E 
 1175      74657272 
 1175      75707473 
 1175      5F697063 
 1176              	.LASF150:
 1177 0d2e 61756469 		.ascii	"audioss_interrupt_pdm_IRQn\000"
 1177      6F73735F 
 1177      696E7465 
 1177      72727570 
 1177      745F7064 
 1178              	.LASF173:
ARM GAS  C:\Users\ikomb\AppData\Local\Temp\cc8OQ4vE.s 			page 31


 1179 0d49 6C6F6E67 		.ascii	"long double\000"
 1179      20646F75 
 1179      626C6500 
 1180              	.LASF174:
 1181 0d55 63686172 		.ascii	"char\000"
 1181      00
 1182              	.LASF187:
 1183 0d5a 47656E65 		.ascii	"Generated_Source\\PSoC6\\cyfitter_sysint_cfg.c\000"
 1183      72617465 
 1183      645F536F 
 1183      75726365 
 1183      5C50536F 
 1184              	.LASF72:
 1185 0d87 63707573 		.ascii	"cpuss_interrupts_dw0_12_IRQn\000"
 1185      735F696E 
 1185      74657272 
 1185      75707473 
 1185      5F647730 
 1186              	.LASF13:
 1187 0da4 696F7373 		.ascii	"ioss_interrupts_gpio_3_IRQn\000"
 1187      5F696E74 
 1187      65727275 
 1187      7074735F 
 1187      6770696F 
 1188              	.LASF148:
 1189 0dc0 70617373 		.ascii	"pass_interrupt_sar_IRQn\000"
 1189      5F696E74 
 1189      65727275 
 1189      70745F73 
 1189      61725F49 
 1190              	.LASF8:
 1191 0dd8 50656E64 		.ascii	"PendSV_IRQn\000"
 1191      53565F49 
 1191      52516E00 
 1192              	.LASF54:
 1193 0de4 7363625F 		.ascii	"scb_3_interrupt_IRQn\000"
 1193      335F696E 
 1193      74657272 
 1193      7570745F 
 1193      4952516E 
 1194              	.LASF141:
 1195 0df9 7564625F 		.ascii	"udb_interrupts_9_IRQn\000"
 1195      696E7465 
 1195      72727570 
 1195      74735F39 
 1195      5F495251 
 1196              	.LASF1:
 1197 0e0f 4E6F6E4D 		.ascii	"NonMaskableInt_IRQn\000"
 1197      61736B61 
 1197      626C6549 
 1197      6E745F49 
 1197      52516E00 
 1198              	.LASF163:
 1199 0e23 5F5F696E 		.ascii	"__int32_t\000"
 1199      7433325F 
 1199      7400
 1200              	.LASF127:
ARM GAS  C:\Users\ikomb\AppData\Local\Temp\cc8OQ4vE.s 			page 32


 1201 0e2d 74637077 		.ascii	"tcpwm_1_interrupts_19_IRQn\000"
 1201      6D5F315F 
 1201      696E7465 
 1201      72727570 
 1201      74735F31 
 1202              	.LASF57:
 1203 0e48 7363625F 		.ascii	"scb_6_interrupt_IRQn\000"
 1203      365F696E 
 1203      74657272 
 1203      7570745F 
 1203      4952516E 
 1204              	.LASF11:
 1205 0e5d 696F7373 		.ascii	"ioss_interrupts_gpio_1_IRQn\000"
 1205      5F696E74 
 1205      65727275 
 1205      7074735F 
 1205      6770696F 
 1206              	.LASF2:
 1207 0e79 48617264 		.ascii	"HardFault_IRQn\000"
 1207      4661756C 
 1207      745F4952 
 1207      516E00
 1208              	.LASF65:
 1209 0e88 63707573 		.ascii	"cpuss_interrupts_dw0_5_IRQn\000"
 1209      735F696E 
 1209      74657272 
 1209      75707473 
 1209      5F647730 
 1210              	.LASF7:
 1211 0ea4 44656275 		.ascii	"DebugMonitor_IRQn\000"
 1211      674D6F6E 
 1211      69746F72 
 1211      5F495251 
 1211      6E00
 1212              	.LASF59:
 1213 0eb6 6373645F 		.ascii	"csd_interrupt_IRQn\000"
 1213      696E7465 
 1213      72727570 
 1213      745F4952 
 1213      516E00
 1214              	.LASF35:
 1215 0ec9 63707573 		.ascii	"cpuss_interrupts_ipc_0_IRQn\000"
 1215      735F696E 
 1215      74657272 
 1215      75707473 
 1215      5F697063 
 1216              	.LASF130:
 1217 0ee5 74637077 		.ascii	"tcpwm_1_interrupts_22_IRQn\000"
 1217      6D5F315F 
 1217      696E7465 
 1217      72727570 
 1217      74735F32 
 1218              	.LASF111:
 1219 0f00 74637077 		.ascii	"tcpwm_1_interrupts_3_IRQn\000"
 1219      6D5F315F 
 1219      696E7465 
 1219      72727570 
ARM GAS  C:\Users\ikomb\AppData\Local\Temp\cc8OQ4vE.s 			page 33


 1219      74735F33 
 1220              	.LASF43:
 1221 0f1a 63707573 		.ascii	"cpuss_interrupts_ipc_8_IRQn\000"
 1221      735F696E 
 1221      74657272 
 1221      75707473 
 1221      5F697063 
 1222              	.LASF78:
 1223 0f36 63707573 		.ascii	"cpuss_interrupts_dw1_2_IRQn\000"
 1223      735F696E 
 1223      74657272 
 1223      75707473 
 1223      5F647731 
 1224              	.LASF50:
 1225 0f52 63707573 		.ascii	"cpuss_interrupts_ipc_15_IRQn\000"
 1225      735F696E 
 1225      74657272 
 1225      75707473 
 1225      5F697063 
 1226              	.LASF136:
 1227 0f6f 7564625F 		.ascii	"udb_interrupts_4_IRQn\000"
 1227      696E7465 
 1227      72727570 
 1227      74735F34 
 1227      5F495251 
 1228              	.LASF185:
 1229 0f85 534D4946 		.ascii	"SMIF_1_SMIF_IRQ_cfg\000"
 1229      5F315F53 
 1229      4D49465F 
 1229      4952515F 
 1229      63666700 
 1230              	.LASF122:
 1231 0f99 74637077 		.ascii	"tcpwm_1_interrupts_14_IRQn\000"
 1231      6D5F315F 
 1231      696E7465 
 1231      72727570 
 1231      74735F31 
 1232              	.LASF14:
 1233 0fb4 696F7373 		.ascii	"ioss_interrupts_gpio_4_IRQn\000"
 1233      5F696E74 
 1233      65727275 
 1233      7074735F 
 1233      6770696F 
 1234              	.LASF182:
 1235 0fd0 43617053 		.ascii	"CapSense_ISR_cfg\000"
 1235      656E7365 
 1235      5F495352 
 1235      5F636667 
 1235      00
 1236              	.LASF22:
 1237 0fe1 696F7373 		.ascii	"ioss_interrupts_gpio_12_IRQn\000"
 1237      5F696E74 
 1237      65727275 
 1237      7074735F 
 1237      6770696F 
 1238              	.LASF151:
 1239 0ffe 70726F66 		.ascii	"profile_interrupt_IRQn\000"
ARM GAS  C:\Users\ikomb\AppData\Local\Temp\cc8OQ4vE.s 			page 34


 1239      696C655F 
 1239      696E7465 
 1239      72727570 
 1239      745F4952 
 1240              	.LASF88:
 1241 1015 63707573 		.ascii	"cpuss_interrupts_dw1_12_IRQn\000"
 1241      735F696E 
 1241      74657272 
 1241      75707473 
 1241      5F647731 
 1242              	.LASF60:
 1243 1032 63707573 		.ascii	"cpuss_interrupts_dw0_0_IRQn\000"
 1243      735F696E 
 1243      74657272 
 1243      75707473 
 1243      5F647730 
 1244              	.LASF26:
 1245 104e 696F7373 		.ascii	"ioss_interrupt_vdd_IRQn\000"
 1245      5F696E74 
 1245      65727275 
 1245      70745F76 
 1245      64645F49 
 1246              	.LASF100:
 1247 1066 74637077 		.ascii	"tcpwm_0_interrupts_0_IRQn\000"
 1247      6D5F305F 
 1247      696E7465 
 1247      72727570 
 1247      74735F30 
 1248              	.LASF86:
 1249 1080 63707573 		.ascii	"cpuss_interrupts_dw1_10_IRQn\000"
 1249      735F696E 
 1249      74657272 
 1249      75707473 
 1249      5F647731 
 1250              	.LASF31:
 1251 109d 73727373 		.ascii	"srss_interrupt_backup_IRQn\000"
 1251      5F696E74 
 1251      65727275 
 1251      70745F62 
 1251      61636B75 
 1252              	.LASF186:
 1253 10b8 474E5520 		.ascii	"GNU C11 5.4.1 20160609 (release) [ARM/embedded-5-br"
 1253      43313120 
 1253      352E342E 
 1253      31203230 
 1253      31363036 
 1254 10eb 616E6368 		.ascii	"anch revision 237715] -mcpu=cortex-m4 -mfloat-abi=s"
 1254      20726576 
 1254      6973696F 
 1254      6E203233 
 1254      37373135 
 1255 111e 6F667466 		.ascii	"oftfp -mfpu=fpv4-sp-d16 -mthumb -g -O0 -ffunction-s"
 1255      70202D6D 
 1255      6670753D 
 1255      66707634 
 1255      2D73702D 
 1256 1151 65637469 		.ascii	"ections -ffat-lto-objects\000"
ARM GAS  C:\Users\ikomb\AppData\Local\Temp\cc8OQ4vE.s 			page 35


 1256      6F6E7320 
 1256      2D666661 
 1256      742D6C74 
 1256      6F2D6F62 
 1257              	.LASF45:
 1258 116b 63707573 		.ascii	"cpuss_interrupts_ipc_10_IRQn\000"
 1258      735F696E 
 1258      74657272 
 1258      75707473 
 1258      5F697063 
 1259              	.LASF82:
 1260 1188 63707573 		.ascii	"cpuss_interrupts_dw1_6_IRQn\000"
 1260      735F696E 
 1260      74657272 
 1260      75707473 
 1260      5F647731 
 1261              	.LASF67:
 1262 11a4 63707573 		.ascii	"cpuss_interrupts_dw0_7_IRQn\000"
 1262      735F696E 
 1262      74657272 
 1262      75707473 
 1262      5F647730 
 1263              	.LASF178:
 1264 11c0 696E7472 		.ascii	"intrPriority\000"
 1264      5072696F 
 1264      72697479 
 1264      00
 1265              	.LASF112:
 1266 11cd 74637077 		.ascii	"tcpwm_1_interrupts_4_IRQn\000"
 1266      6D5F315F 
 1266      696E7465 
 1266      72727570 
 1266      74735F34 
 1267              	.LASF96:
 1268 11e7 63707573 		.ascii	"cpuss_interrupts_cm0_cti_0_IRQn\000"
 1268      735F696E 
 1268      74657272 
 1268      75707473 
 1268      5F636D30 
 1269              	.LASF18:
 1270 1207 696F7373 		.ascii	"ioss_interrupts_gpio_8_IRQn\000"
 1270      5F696E74 
 1270      65727275 
 1270      7074735F 
 1270      6770696F 
 1271              	.LASF44:
 1272 1223 63707573 		.ascii	"cpuss_interrupts_ipc_9_IRQn\000"
 1272      735F696E 
 1272      74657272 
 1272      75707473 
 1272      5F697063 
 1273              	.LASF137:
 1274 123f 7564625F 		.ascii	"udb_interrupts_5_IRQn\000"
 1274      696E7465 
 1274      72727570 
 1274      74735F35 
 1274      5F495251 
ARM GAS  C:\Users\ikomb\AppData\Local\Temp\cc8OQ4vE.s 			page 36


 1275              	.LASF48:
 1276 1255 63707573 		.ascii	"cpuss_interrupts_ipc_13_IRQn\000"
 1276      735F696E 
 1276      74657272 
 1276      75707473 
 1276      5F697063 
 1277              		.ident	"GCC: (GNU Tools for ARM Embedded Processors) 5.4.1 20160609 (release) [ARM/embedded-5-bran
