ARM GAS  C:\Users\ikomb\AppData\Local\Temp\cc0e2tTV.s 			page 1


   1              		.syntax unified
   2              		.cpu cortex-m4
   3              		.eabi_attribute 27, 1
   4              		.fpu fpv4-sp-d16
   5              		.eabi_attribute 20, 1
   6              		.eabi_attribute 21, 1
   7              		.eabi_attribute 23, 3
   8              		.eabi_attribute 24, 1
   9              		.eabi_attribute 25, 1
  10              		.eabi_attribute 26, 1
  11              		.eabi_attribute 30, 1
  12              		.eabi_attribute 34, 1
  13              		.eabi_attribute 18, 4
  14              		.thumb
  15              		.syntax unified
  16              		.file	"croutine.c"
  17              		.text
  18              	.Ltext0:
  19              		.cfi_sections	.debug_frame
  20              	.Letext0:
  21              		.file 1 "c:\\program files (x86)\\cypress\\psoc creator\\4.4\\psoc creator\\import\\gnu\\arm\\5.4.
  22              		.file 2 "c:\\program files (x86)\\cypress\\psoc creator\\4.4\\psoc creator\\import\\gnu\\arm\\5.4.
  23              		.file 3 "Generated_Source\\PSoC6\\pdl\\drivers/peripheral/scb/cy_scb_spi.h"
  24              		.file 4 "Generated_Source\\PSoC6\\pdl\\drivers/peripheral/sar/cy_sar.h"
  25              		.file 5 "Generated_Source\\PSoC6/ADC.h"
  26              		.file 6 "Generated_Source\\PSoC6\\pdl\\cmsis/include/core_cm4.h"
  27              		.file 7 "Generated_Source\\PSoC6/CY_EINK_SPIM.h"
  28              		.section	.debug_info,"",%progbits
  29              	.Ldebug_info0:
  30 0000 2D030000 		.4byte	0x32d
  31 0004 0400     		.2byte	0x4
  32 0006 00000000 		.4byte	.Ldebug_abbrev0
  33 000a 04       		.byte	0x4
  34 000b 01       		.uleb128 0x1
  35 000c B9000000 		.4byte	.LASF61
  36 0010 0C       		.byte	0xc
  37 0011 DE030000 		.4byte	.LASF62
  38 0015 6C010000 		.4byte	.LASF63
  39 0019 00000000 		.4byte	.Ldebug_line0
  40 001d 02       		.uleb128 0x2
  41 001e 04       		.byte	0x4
  42 001f 05       		.byte	0x5
  43 0020 696E7400 		.ascii	"int\000"
  44 0024 03       		.uleb128 0x3
  45 0025 04       		.byte	0x4
  46 0026 07       		.byte	0x7
  47 0027 4C040000 		.4byte	.LASF0
  48 002b 03       		.uleb128 0x3
  49 002c 08       		.byte	0x8
  50 002d 05       		.byte	0x5
  51 002e 51020000 		.4byte	.LASF1
  52 0032 03       		.uleb128 0x3
  53 0033 08       		.byte	0x8
  54 0034 04       		.byte	0x4
  55 0035 83020000 		.4byte	.LASF2
  56 0039 03       		.uleb128 0x3
  57 003a 01       		.byte	0x1
ARM GAS  C:\Users\ikomb\AppData\Local\Temp\cc0e2tTV.s 			page 2


  58 003b 06       		.byte	0x6
  59 003c B2020000 		.4byte	.LASF3
  60 0040 03       		.uleb128 0x3
  61 0041 01       		.byte	0x1
  62 0042 08       		.byte	0x8
  63 0043 8F020000 		.4byte	.LASF4
  64 0047 03       		.uleb128 0x3
  65 0048 02       		.byte	0x2
  66 0049 05       		.byte	0x5
  67 004a 4D000000 		.4byte	.LASF5
  68 004e 03       		.uleb128 0x3
  69 004f 02       		.byte	0x2
  70 0050 07       		.byte	0x7
  71 0051 06030000 		.4byte	.LASF6
  72 0055 04       		.uleb128 0x4
  73 0056 94030000 		.4byte	.LASF8
  74 005a 01       		.byte	0x1
  75 005b 3F       		.byte	0x3f
  76 005c 60000000 		.4byte	0x60
  77 0060 03       		.uleb128 0x3
  78 0061 04       		.byte	0x4
  79 0062 05       		.byte	0x5
  80 0063 5F020000 		.4byte	.LASF7
  81 0067 04       		.uleb128 0x4
  82 0068 D4010000 		.4byte	.LASF9
  83 006c 01       		.byte	0x1
  84 006d 41       		.byte	0x41
  85 006e 72000000 		.4byte	0x72
  86 0072 03       		.uleb128 0x3
  87 0073 04       		.byte	0x4
  88 0074 07       		.byte	0x7
  89 0075 7B030000 		.4byte	.LASF10
  90 0079 03       		.uleb128 0x3
  91 007a 08       		.byte	0x8
  92 007b 07       		.byte	0x7
  93 007c BE020000 		.4byte	.LASF11
  94 0080 04       		.uleb128 0x4
  95 0081 5B030000 		.4byte	.LASF12
  96 0085 02       		.byte	0x2
  97 0086 2C       		.byte	0x2c
  98 0087 55000000 		.4byte	0x55
  99 008b 04       		.uleb128 0x4
 100 008c D5020000 		.4byte	.LASF13
 101 0090 02       		.byte	0x2
 102 0091 30       		.byte	0x30
 103 0092 67000000 		.4byte	0x67
 104 0096 03       		.uleb128 0x3
 105 0097 04       		.byte	0x4
 106 0098 07       		.byte	0x7
 107 0099 57000000 		.4byte	.LASF14
 108 009d 05       		.uleb128 0x5
 109 009e 8B000000 		.4byte	0x8b
 110 00a2 03       		.uleb128 0x3
 111 00a3 01       		.byte	0x1
 112 00a4 08       		.byte	0x8
 113 00a5 2B030000 		.4byte	.LASF15
 114 00a9 03       		.uleb128 0x3
ARM GAS  C:\Users\ikomb\AppData\Local\Temp\cc0e2tTV.s 			page 3


 115 00aa 04       		.byte	0x4
 116 00ab 04       		.byte	0x4
 117 00ac 2D020000 		.4byte	.LASF16
 118 00b0 03       		.uleb128 0x3
 119 00b1 08       		.byte	0x8
 120 00b2 04       		.byte	0x4
 121 00b3 8D030000 		.4byte	.LASF17
 122 00b7 06       		.uleb128 0x6
 123 00b8 04       		.byte	0x4
 124 00b9 03       		.uleb128 0x3
 125 00ba 01       		.byte	0x1
 126 00bb 02       		.byte	0x2
 127 00bc 63030000 		.4byte	.LASF18
 128 00c0 07       		.uleb128 0x7
 129 00c1 04       		.byte	0x4
 130 00c2 C6000000 		.4byte	0xc6
 131 00c6 08       		.uleb128 0x8
 132 00c7 D1000000 		.4byte	0xd1
 133 00cb 09       		.uleb128 0x9
 134 00cc 8B000000 		.4byte	0x8b
 135 00d0 00       		.byte	0
 136 00d1 0A       		.uleb128 0xa
 137 00d2 01020000 		.4byte	.LASF19
 138 00d6 03       		.byte	0x3
 139 00d7 BF01     		.2byte	0x1bf
 140 00d9 C0000000 		.4byte	0xc0
 141 00dd 0B       		.uleb128 0xb
 142 00de 59040000 		.4byte	.LASF64
 143 00e2 24       		.byte	0x24
 144 00e3 03       		.byte	0x3
 145 00e4 4102     		.2byte	0x241
 146 00e6 60010000 		.4byte	0x160
 147 00ea 0C       		.uleb128 0xc
 148 00eb 19030000 		.4byte	.LASF20
 149 00ef 03       		.byte	0x3
 150 00f0 4402     		.2byte	0x244
 151 00f2 9D000000 		.4byte	0x9d
 152 00f6 00       		.byte	0
 153 00f7 0C       		.uleb128 0xc
 154 00f8 75030000 		.4byte	.LASF21
 155 00fc 03       		.byte	0x3
 156 00fd 4602     		.2byte	0x246
 157 00ff B7000000 		.4byte	0xb7
 158 0103 04       		.byte	0x4
 159 0104 0C       		.uleb128 0xc
 160 0105 38000000 		.4byte	.LASF22
 161 0109 03       		.byte	0x3
 162 010a 4702     		.2byte	0x247
 163 010c 8B000000 		.4byte	0x8b
 164 0110 08       		.byte	0x8
 165 0111 0C       		.uleb128 0xc
 166 0112 DF010000 		.4byte	.LASF23
 167 0116 03       		.byte	0x3
 168 0117 4802     		.2byte	0x248
 169 0119 9D000000 		.4byte	0x9d
 170 011d 0C       		.byte	0xc
 171 011e 0C       		.uleb128 0xc
ARM GAS  C:\Users\ikomb\AppData\Local\Temp\cc0e2tTV.s 			page 4


 172 011f 33020000 		.4byte	.LASF24
 173 0123 03       		.byte	0x3
 174 0124 4A02     		.2byte	0x24a
 175 0126 B7000000 		.4byte	0xb7
 176 012a 10       		.byte	0x10
 177 012b 0C       		.uleb128 0xc
 178 012c FC020000 		.4byte	.LASF25
 179 0130 03       		.byte	0x3
 180 0131 4B02     		.2byte	0x24b
 181 0133 8B000000 		.4byte	0x8b
 182 0137 14       		.byte	0x14
 183 0138 0C       		.uleb128 0xc
 184 0139 7A020000 		.4byte	.LASF26
 185 013d 03       		.byte	0x3
 186 013e 4C02     		.2byte	0x24c
 187 0140 9D000000 		.4byte	0x9d
 188 0144 18       		.byte	0x18
 189 0145 0C       		.uleb128 0xc
 190 0146 3A030000 		.4byte	.LASF27
 191 014a 03       		.byte	0x3
 192 014b 5202     		.2byte	0x252
 193 014d D1000000 		.4byte	0xd1
 194 0151 1C       		.byte	0x1c
 195 0152 0C       		.uleb128 0xc
 196 0153 B7030000 		.4byte	.LASF28
 197 0157 03       		.byte	0x3
 198 0158 5502     		.2byte	0x255
 199 015a 8B000000 		.4byte	0x8b
 200 015e 20       		.byte	0x20
 201 015f 00       		.byte	0
 202 0160 0A       		.uleb128 0xa
 203 0161 95000000 		.4byte	.LASF29
 204 0165 03       		.byte	0x3
 205 0166 5802     		.2byte	0x258
 206 0168 DD000000 		.4byte	0xdd
 207 016c 0D       		.uleb128 0xd
 208 016d 01       		.byte	0x1
 209 016e 40000000 		.4byte	0x40
 210 0172 04       		.byte	0x4
 211 0173 0504     		.2byte	0x405
 212 0175 92010000 		.4byte	0x192
 213 0179 0E       		.uleb128 0xe
 214 017a 39020000 		.4byte	.LASF30
 215 017e 00       		.byte	0
 216 017f 0E       		.uleb128 0xe
 217 0180 9E030000 		.4byte	.LASF31
 218 0184 01       		.byte	0x1
 219 0185 0E       		.uleb128 0xe
 220 0186 43030000 		.4byte	.LASF32
 221 018a 02       		.byte	0x2
 222 018b 0E       		.uleb128 0xe
 223 018c 1E000000 		.4byte	.LASF33
 224 0190 03       		.byte	0x3
 225 0191 00       		.byte	0
 226 0192 0A       		.uleb128 0xa
 227 0193 79040000 		.4byte	.LASF34
 228 0197 04       		.byte	0x4
ARM GAS  C:\Users\ikomb\AppData\Local\Temp\cc0e2tTV.s 			page 5


 229 0198 0A04     		.2byte	0x40a
 230 019a 6C010000 		.4byte	0x16c
 231 019e 0F       		.uleb128 0xf
 232 019f 78       		.byte	0x78
 233 01a0 04       		.byte	0x4
 234 01a1 F404     		.2byte	0x4f4
 235 01a3 6B020000 		.4byte	0x26b
 236 01a7 0C       		.uleb128 0xc
 237 01a8 68020000 		.4byte	.LASF35
 238 01ac 04       		.byte	0x4
 239 01ad F604     		.2byte	0x4f6
 240 01af 8B000000 		.4byte	0x8b
 241 01b3 00       		.byte	0
 242 01b4 0C       		.uleb128 0xc
 243 01b5 6C000000 		.4byte	.LASF36
 244 01b9 04       		.byte	0x4
 245 01ba F704     		.2byte	0x4f7
 246 01bc 8B000000 		.4byte	0x8b
 247 01c0 04       		.byte	0x4
 248 01c1 0C       		.uleb128 0xc
 249 01c2 6D020000 		.4byte	.LASF37
 250 01c6 04       		.byte	0x4
 251 01c7 F804     		.2byte	0x4f8
 252 01c9 8B000000 		.4byte	0x8b
 253 01cd 08       		.byte	0x8
 254 01ce 0C       		.uleb128 0xc
 255 01cf 32040000 		.4byte	.LASF38
 256 01d3 04       		.byte	0x4
 257 01d4 F904     		.2byte	0x4f9
 258 01d6 8B000000 		.4byte	0x8b
 259 01da 0C       		.byte	0xc
 260 01db 0C       		.uleb128 0xc
 261 01dc AE000000 		.4byte	.LASF39
 262 01e0 04       		.byte	0x4
 263 01e1 FA04     		.2byte	0x4fa
 264 01e3 8B000000 		.4byte	0x8b
 265 01e7 10       		.byte	0x10
 266 01e8 0C       		.uleb128 0xc
 267 01e9 E8010000 		.4byte	.LASF40
 268 01ed 04       		.byte	0x4
 269 01ee FB04     		.2byte	0x4fb
 270 01f0 92010000 		.4byte	0x192
 271 01f4 14       		.byte	0x14
 272 01f5 0C       		.uleb128 0xc
 273 01f6 1F040000 		.4byte	.LASF41
 274 01fa 04       		.byte	0x4
 275 01fb FC04     		.2byte	0x4fc
 276 01fd 8B000000 		.4byte	0x8b
 277 0201 18       		.byte	0x18
 278 0202 0C       		.uleb128 0xc
 279 0203 BF030000 		.4byte	.LASF42
 280 0207 04       		.byte	0x4
 281 0208 FD04     		.2byte	0x4fd
 282 020a 6B020000 		.4byte	0x26b
 283 020e 1C       		.byte	0x1c
 284 020f 0C       		.uleb128 0xc
 285 0210 70040000 		.4byte	.LASF43
ARM GAS  C:\Users\ikomb\AppData\Local\Temp\cc0e2tTV.s 			page 6


 286 0214 04       		.byte	0x4
 287 0215 FE04     		.2byte	0x4fe
 288 0217 8B000000 		.4byte	0x8b
 289 021b 5C       		.byte	0x5c
 290 021c 0C       		.uleb128 0xc
 291 021d 60000000 		.4byte	.LASF44
 292 0221 04       		.byte	0x4
 293 0222 FF04     		.2byte	0x4ff
 294 0224 8B000000 		.4byte	0x8b
 295 0228 60       		.byte	0x60
 296 0229 0C       		.uleb128 0xc
 297 022a DE020000 		.4byte	.LASF45
 298 022e 04       		.byte	0x4
 299 022f 0005     		.2byte	0x500
 300 0231 8B000000 		.4byte	0x8b
 301 0235 64       		.byte	0x64
 302 0236 0C       		.uleb128 0xc
 303 0237 30030000 		.4byte	.LASF46
 304 023b 04       		.byte	0x4
 305 023c 0105     		.2byte	0x501
 306 023e 8B000000 		.4byte	0x8b
 307 0242 68       		.byte	0x68
 308 0243 0C       		.uleb128 0xc
 309 0244 EC020000 		.4byte	.LASF47
 310 0248 04       		.byte	0x4
 311 0249 0205     		.2byte	0x502
 312 024b 8B000000 		.4byte	0x8b
 313 024f 6C       		.byte	0x6c
 314 0250 0C       		.uleb128 0xc
 315 0251 1F020000 		.4byte	.LASF48
 316 0255 04       		.byte	0x4
 317 0256 0305     		.2byte	0x503
 318 0258 B9000000 		.4byte	0xb9
 319 025c 70       		.byte	0x70
 320 025d 0C       		.uleb128 0xc
 321 025e 89000000 		.4byte	.LASF49
 322 0262 04       		.byte	0x4
 323 0263 0405     		.2byte	0x504
 324 0265 8B000000 		.4byte	0x8b
 325 0269 74       		.byte	0x74
 326 026a 00       		.byte	0
 327 026b 10       		.uleb128 0x10
 328 026c 8B000000 		.4byte	0x8b
 329 0270 7B020000 		.4byte	0x27b
 330 0274 11       		.uleb128 0x11
 331 0275 96000000 		.4byte	0x96
 332 0279 0F       		.byte	0xf
 333 027a 00       		.byte	0
 334 027b 0A       		.uleb128 0xa
 335 027c CA030000 		.4byte	.LASF50
 336 0280 04       		.byte	0x4
 337 0281 0505     		.2byte	0x505
 338 0283 9E010000 		.4byte	0x19e
 339 0287 12       		.uleb128 0x12
 340 0288 14       		.byte	0x14
 341 0289 05       		.byte	0x5
 342 028a 3B       		.byte	0x3b
ARM GAS  C:\Users\ikomb\AppData\Local\Temp\cc0e2tTV.s 			page 7


 343 028b CC020000 		.4byte	0x2cc
 344 028f 13       		.uleb128 0x13
 345 0290 00000000 		.4byte	.LASF51
 346 0294 05       		.byte	0x5
 347 0295 3D       		.byte	0x3d
 348 0296 8B000000 		.4byte	0x8b
 349 029a 00       		.byte	0
 350 029b 13       		.uleb128 0x13
 351 029c 26040000 		.4byte	.LASF52
 352 02a0 05       		.byte	0x5
 353 02a1 3E       		.byte	0x3e
 354 02a2 8B000000 		.4byte	0x8b
 355 02a6 04       		.byte	0x4
 356 02a7 13       		.uleb128 0x13
 357 02a8 69030000 		.4byte	.LASF53
 358 02ac 05       		.byte	0x5
 359 02ad 3F       		.byte	0x3f
 360 02ae CC020000 		.4byte	0x2cc
 361 02b2 08       		.byte	0x8
 362 02b3 13       		.uleb128 0x13
 363 02b4 20030000 		.4byte	.LASF54
 364 02b8 05       		.byte	0x5
 365 02b9 40       		.byte	0x40
 366 02ba 8B000000 		.4byte	0x8b
 367 02be 0C       		.byte	0xc
 368 02bf 13       		.uleb128 0x13
 369 02c0 42000000 		.4byte	.LASF55
 370 02c4 05       		.byte	0x5
 371 02c5 45       		.byte	0x45
 372 02c6 8B000000 		.4byte	0x8b
 373 02ca 10       		.byte	0x10
 374 02cb 00       		.byte	0
 375 02cc 07       		.uleb128 0x7
 376 02cd 04       		.byte	0x4
 377 02ce D2020000 		.4byte	0x2d2
 378 02d2 14       		.uleb128 0x14
 379 02d3 7B020000 		.4byte	0x27b
 380 02d7 04       		.uleb128 0x4
 381 02d8 77000000 		.4byte	.LASF56
 382 02dc 05       		.byte	0x5
 383 02dd 48       		.byte	0x48
 384 02de 87020000 		.4byte	0x287
 385 02e2 15       		.uleb128 0x15
 386 02e3 3F040000 		.4byte	.LASF57
 387 02e7 06       		.byte	0x6
 388 02e8 EA07     		.2byte	0x7ea
 389 02ea EE020000 		.4byte	0x2ee
 390 02ee 05       		.uleb128 0x5
 391 02ef 80000000 		.4byte	0x80
 392 02f3 16       		.uleb128 0x16
 393 02f4 9D020000 		.4byte	.LASF58
 394 02f8 07       		.byte	0x7
 395 02f9 5E       		.byte	0x5e
 396 02fa 60010000 		.4byte	0x160
 397 02fe 15       		.uleb128 0x15
 398 02ff 0C000000 		.4byte	.LASF59
 399 0303 05       		.byte	0x5
ARM GAS  C:\Users\ikomb\AppData\Local\Temp\cc0e2tTV.s 			page 8


 400 0304 6001     		.2byte	0x160
 401 0306 8B000000 		.4byte	0x8b
 402 030a 10       		.uleb128 0x10
 403 030b 1A030000 		.4byte	0x31a
 404 030f 1A030000 		.4byte	0x31a
 405 0313 11       		.uleb128 0x11
 406 0314 96000000 		.4byte	0x96
 407 0318 00       		.byte	0
 408 0319 00       		.byte	0
 409 031a 14       		.uleb128 0x14
 410 031b D7020000 		.4byte	0x2d7
 411 031f 15       		.uleb128 0x15
 412 0320 F2010000 		.4byte	.LASF60
 413 0324 05       		.byte	0x5
 414 0325 6401     		.2byte	0x164
 415 0327 2B030000 		.4byte	0x32b
 416 032b 14       		.uleb128 0x14
 417 032c 0A030000 		.4byte	0x30a
 418 0330 00       		.byte	0
 419              		.section	.debug_abbrev,"",%progbits
 420              	.Ldebug_abbrev0:
 421 0000 01       		.uleb128 0x1
 422 0001 11       		.uleb128 0x11
 423 0002 01       		.byte	0x1
 424 0003 25       		.uleb128 0x25
 425 0004 0E       		.uleb128 0xe
 426 0005 13       		.uleb128 0x13
 427 0006 0B       		.uleb128 0xb
 428 0007 03       		.uleb128 0x3
 429 0008 0E       		.uleb128 0xe
 430 0009 1B       		.uleb128 0x1b
 431 000a 0E       		.uleb128 0xe
 432 000b 10       		.uleb128 0x10
 433 000c 17       		.uleb128 0x17
 434 000d 00       		.byte	0
 435 000e 00       		.byte	0
 436 000f 02       		.uleb128 0x2
 437 0010 24       		.uleb128 0x24
 438 0011 00       		.byte	0
 439 0012 0B       		.uleb128 0xb
 440 0013 0B       		.uleb128 0xb
 441 0014 3E       		.uleb128 0x3e
 442 0015 0B       		.uleb128 0xb
 443 0016 03       		.uleb128 0x3
 444 0017 08       		.uleb128 0x8
 445 0018 00       		.byte	0
 446 0019 00       		.byte	0
 447 001a 03       		.uleb128 0x3
 448 001b 24       		.uleb128 0x24
 449 001c 00       		.byte	0
 450 001d 0B       		.uleb128 0xb
 451 001e 0B       		.uleb128 0xb
 452 001f 3E       		.uleb128 0x3e
 453 0020 0B       		.uleb128 0xb
 454 0021 03       		.uleb128 0x3
 455 0022 0E       		.uleb128 0xe
 456 0023 00       		.byte	0
ARM GAS  C:\Users\ikomb\AppData\Local\Temp\cc0e2tTV.s 			page 9


 457 0024 00       		.byte	0
 458 0025 04       		.uleb128 0x4
 459 0026 16       		.uleb128 0x16
 460 0027 00       		.byte	0
 461 0028 03       		.uleb128 0x3
 462 0029 0E       		.uleb128 0xe
 463 002a 3A       		.uleb128 0x3a
 464 002b 0B       		.uleb128 0xb
 465 002c 3B       		.uleb128 0x3b
 466 002d 0B       		.uleb128 0xb
 467 002e 49       		.uleb128 0x49
 468 002f 13       		.uleb128 0x13
 469 0030 00       		.byte	0
 470 0031 00       		.byte	0
 471 0032 05       		.uleb128 0x5
 472 0033 35       		.uleb128 0x35
 473 0034 00       		.byte	0
 474 0035 49       		.uleb128 0x49
 475 0036 13       		.uleb128 0x13
 476 0037 00       		.byte	0
 477 0038 00       		.byte	0
 478 0039 06       		.uleb128 0x6
 479 003a 0F       		.uleb128 0xf
 480 003b 00       		.byte	0
 481 003c 0B       		.uleb128 0xb
 482 003d 0B       		.uleb128 0xb
 483 003e 00       		.byte	0
 484 003f 00       		.byte	0
 485 0040 07       		.uleb128 0x7
 486 0041 0F       		.uleb128 0xf
 487 0042 00       		.byte	0
 488 0043 0B       		.uleb128 0xb
 489 0044 0B       		.uleb128 0xb
 490 0045 49       		.uleb128 0x49
 491 0046 13       		.uleb128 0x13
 492 0047 00       		.byte	0
 493 0048 00       		.byte	0
 494 0049 08       		.uleb128 0x8
 495 004a 15       		.uleb128 0x15
 496 004b 01       		.byte	0x1
 497 004c 27       		.uleb128 0x27
 498 004d 19       		.uleb128 0x19
 499 004e 01       		.uleb128 0x1
 500 004f 13       		.uleb128 0x13
 501 0050 00       		.byte	0
 502 0051 00       		.byte	0
 503 0052 09       		.uleb128 0x9
 504 0053 05       		.uleb128 0x5
 505 0054 00       		.byte	0
 506 0055 49       		.uleb128 0x49
 507 0056 13       		.uleb128 0x13
 508 0057 00       		.byte	0
 509 0058 00       		.byte	0
 510 0059 0A       		.uleb128 0xa
 511 005a 16       		.uleb128 0x16
 512 005b 00       		.byte	0
 513 005c 03       		.uleb128 0x3
ARM GAS  C:\Users\ikomb\AppData\Local\Temp\cc0e2tTV.s 			page 10


 514 005d 0E       		.uleb128 0xe
 515 005e 3A       		.uleb128 0x3a
 516 005f 0B       		.uleb128 0xb
 517 0060 3B       		.uleb128 0x3b
 518 0061 05       		.uleb128 0x5
 519 0062 49       		.uleb128 0x49
 520 0063 13       		.uleb128 0x13
 521 0064 00       		.byte	0
 522 0065 00       		.byte	0
 523 0066 0B       		.uleb128 0xb
 524 0067 13       		.uleb128 0x13
 525 0068 01       		.byte	0x1
 526 0069 03       		.uleb128 0x3
 527 006a 0E       		.uleb128 0xe
 528 006b 0B       		.uleb128 0xb
 529 006c 0B       		.uleb128 0xb
 530 006d 3A       		.uleb128 0x3a
 531 006e 0B       		.uleb128 0xb
 532 006f 3B       		.uleb128 0x3b
 533 0070 05       		.uleb128 0x5
 534 0071 01       		.uleb128 0x1
 535 0072 13       		.uleb128 0x13
 536 0073 00       		.byte	0
 537 0074 00       		.byte	0
 538 0075 0C       		.uleb128 0xc
 539 0076 0D       		.uleb128 0xd
 540 0077 00       		.byte	0
 541 0078 03       		.uleb128 0x3
 542 0079 0E       		.uleb128 0xe
 543 007a 3A       		.uleb128 0x3a
 544 007b 0B       		.uleb128 0xb
 545 007c 3B       		.uleb128 0x3b
 546 007d 05       		.uleb128 0x5
 547 007e 49       		.uleb128 0x49
 548 007f 13       		.uleb128 0x13
 549 0080 38       		.uleb128 0x38
 550 0081 0B       		.uleb128 0xb
 551 0082 00       		.byte	0
 552 0083 00       		.byte	0
 553 0084 0D       		.uleb128 0xd
 554 0085 04       		.uleb128 0x4
 555 0086 01       		.byte	0x1
 556 0087 0B       		.uleb128 0xb
 557 0088 0B       		.uleb128 0xb
 558 0089 49       		.uleb128 0x49
 559 008a 13       		.uleb128 0x13
 560 008b 3A       		.uleb128 0x3a
 561 008c 0B       		.uleb128 0xb
 562 008d 3B       		.uleb128 0x3b
 563 008e 05       		.uleb128 0x5
 564 008f 01       		.uleb128 0x1
 565 0090 13       		.uleb128 0x13
 566 0091 00       		.byte	0
 567 0092 00       		.byte	0
 568 0093 0E       		.uleb128 0xe
 569 0094 28       		.uleb128 0x28
 570 0095 00       		.byte	0
ARM GAS  C:\Users\ikomb\AppData\Local\Temp\cc0e2tTV.s 			page 11


 571 0096 03       		.uleb128 0x3
 572 0097 0E       		.uleb128 0xe
 573 0098 1C       		.uleb128 0x1c
 574 0099 0B       		.uleb128 0xb
 575 009a 00       		.byte	0
 576 009b 00       		.byte	0
 577 009c 0F       		.uleb128 0xf
 578 009d 13       		.uleb128 0x13
 579 009e 01       		.byte	0x1
 580 009f 0B       		.uleb128 0xb
 581 00a0 0B       		.uleb128 0xb
 582 00a1 3A       		.uleb128 0x3a
 583 00a2 0B       		.uleb128 0xb
 584 00a3 3B       		.uleb128 0x3b
 585 00a4 05       		.uleb128 0x5
 586 00a5 01       		.uleb128 0x1
 587 00a6 13       		.uleb128 0x13
 588 00a7 00       		.byte	0
 589 00a8 00       		.byte	0
 590 00a9 10       		.uleb128 0x10
 591 00aa 01       		.uleb128 0x1
 592 00ab 01       		.byte	0x1
 593 00ac 49       		.uleb128 0x49
 594 00ad 13       		.uleb128 0x13
 595 00ae 01       		.uleb128 0x1
 596 00af 13       		.uleb128 0x13
 597 00b0 00       		.byte	0
 598 00b1 00       		.byte	0
 599 00b2 11       		.uleb128 0x11
 600 00b3 21       		.uleb128 0x21
 601 00b4 00       		.byte	0
 602 00b5 49       		.uleb128 0x49
 603 00b6 13       		.uleb128 0x13
 604 00b7 2F       		.uleb128 0x2f
 605 00b8 0B       		.uleb128 0xb
 606 00b9 00       		.byte	0
 607 00ba 00       		.byte	0
 608 00bb 12       		.uleb128 0x12
 609 00bc 13       		.uleb128 0x13
 610 00bd 01       		.byte	0x1
 611 00be 0B       		.uleb128 0xb
 612 00bf 0B       		.uleb128 0xb
 613 00c0 3A       		.uleb128 0x3a
 614 00c1 0B       		.uleb128 0xb
 615 00c2 3B       		.uleb128 0x3b
 616 00c3 0B       		.uleb128 0xb
 617 00c4 01       		.uleb128 0x1
 618 00c5 13       		.uleb128 0x13
 619 00c6 00       		.byte	0
 620 00c7 00       		.byte	0
 621 00c8 13       		.uleb128 0x13
 622 00c9 0D       		.uleb128 0xd
 623 00ca 00       		.byte	0
 624 00cb 03       		.uleb128 0x3
 625 00cc 0E       		.uleb128 0xe
 626 00cd 3A       		.uleb128 0x3a
 627 00ce 0B       		.uleb128 0xb
ARM GAS  C:\Users\ikomb\AppData\Local\Temp\cc0e2tTV.s 			page 12


 628 00cf 3B       		.uleb128 0x3b
 629 00d0 0B       		.uleb128 0xb
 630 00d1 49       		.uleb128 0x49
 631 00d2 13       		.uleb128 0x13
 632 00d3 38       		.uleb128 0x38
 633 00d4 0B       		.uleb128 0xb
 634 00d5 00       		.byte	0
 635 00d6 00       		.byte	0
 636 00d7 14       		.uleb128 0x14
 637 00d8 26       		.uleb128 0x26
 638 00d9 00       		.byte	0
 639 00da 49       		.uleb128 0x49
 640 00db 13       		.uleb128 0x13
 641 00dc 00       		.byte	0
 642 00dd 00       		.byte	0
 643 00de 15       		.uleb128 0x15
 644 00df 34       		.uleb128 0x34
 645 00e0 00       		.byte	0
 646 00e1 03       		.uleb128 0x3
 647 00e2 0E       		.uleb128 0xe
 648 00e3 3A       		.uleb128 0x3a
 649 00e4 0B       		.uleb128 0xb
 650 00e5 3B       		.uleb128 0x3b
 651 00e6 05       		.uleb128 0x5
 652 00e7 49       		.uleb128 0x49
 653 00e8 13       		.uleb128 0x13
 654 00e9 3F       		.uleb128 0x3f
 655 00ea 19       		.uleb128 0x19
 656 00eb 3C       		.uleb128 0x3c
 657 00ec 19       		.uleb128 0x19
 658 00ed 00       		.byte	0
 659 00ee 00       		.byte	0
 660 00ef 16       		.uleb128 0x16
 661 00f0 34       		.uleb128 0x34
 662 00f1 00       		.byte	0
 663 00f2 03       		.uleb128 0x3
 664 00f3 0E       		.uleb128 0xe
 665 00f4 3A       		.uleb128 0x3a
 666 00f5 0B       		.uleb128 0xb
 667 00f6 3B       		.uleb128 0x3b
 668 00f7 0B       		.uleb128 0xb
 669 00f8 49       		.uleb128 0x49
 670 00f9 13       		.uleb128 0x13
 671 00fa 3F       		.uleb128 0x3f
 672 00fb 19       		.uleb128 0x19
 673 00fc 3C       		.uleb128 0x3c
 674 00fd 19       		.uleb128 0x19
 675 00fe 00       		.byte	0
 676 00ff 00       		.byte	0
 677 0100 00       		.byte	0
 678              		.section	.debug_aranges,"",%progbits
 679 0000 14000000 		.4byte	0x14
 680 0004 0200     		.2byte	0x2
 681 0006 00000000 		.4byte	.Ldebug_info0
 682 000a 04       		.byte	0x4
 683 000b 00       		.byte	0
 684 000c 0000     		.2byte	0
ARM GAS  C:\Users\ikomb\AppData\Local\Temp\cc0e2tTV.s 			page 13


 685 000e 0000     		.2byte	0
 686 0010 00000000 		.4byte	0
 687 0014 00000000 		.4byte	0
 688              		.section	.debug_line,"",%progbits
 689              	.Ldebug_line0:
 690 0000 FF010000 		.section	.debug_str,"MS",%progbits,1
 690      0200F901 
 690      00000201 
 690      FB0E0D00 
 690      01010101 
 691              	.LASF51:
 692 0000 6368616E 		.ascii	"channelBase\000"
 692      6E656C42 
 692      61736500 
 693              	.LASF59:
 694 000c 4144435F 		.ascii	"ADC_currentConfig\000"
 694      63757272 
 694      656E7443 
 694      6F6E6669 
 694      6700
 695              	.LASF33:
 696 001e 43595F53 		.ascii	"CY_SAR_RANGE_COND_OUTSIDE\000"
 696      41525F52 
 696      414E4745 
 696      5F434F4E 
 696      445F4F55 
 697              	.LASF22:
 698 0038 72784275 		.ascii	"rxBufSize\000"
 698      6653697A 
 698      6500
 699              	.LASF55:
 700 0042 636C6B44 		.ascii	"clkDivider\000"
 700      69766964 
 700      657200
 701              	.LASF5:
 702 004d 73686F72 		.ascii	"short int\000"
 702      7420696E 
 702      7400
 703              	.LASF14:
 704 0057 73697A65 		.ascii	"sizetype\000"
 704      74797065 
 704      00
 705              	.LASF44:
 706 0060 73617449 		.ascii	"satIntrMask\000"
 706      6E74724D 
 706      61736B00 
 707              	.LASF36:
 708 006c 73616D70 		.ascii	"sampleCtrl\000"
 708      6C654374 
 708      726C00
 709              	.LASF56:
 710 0077 4144435F 		.ascii	"ADC_CONFIG_STRUCT\000"
 710      434F4E46 
 710      49475F53 
 710      54525543 
 710      5400
 711              	.LASF49:
ARM GAS  C:\Users\ikomb\AppData\Local\Temp\cc0e2tTV.s 			page 14


 712 0089 76726566 		.ascii	"vrefMvValue\000"
 712      4D765661 
 712      6C756500 
 713              	.LASF29:
 714 0095 63795F73 		.ascii	"cy_stc_scb_spi_context_t\000"
 714      74635F73 
 714      63625F73 
 714      70695F63 
 714      6F6E7465 
 715              	.LASF39:
 716 00ae 72616E67 		.ascii	"rangeThres\000"
 716      65546872 
 716      657300
 717              	.LASF61:
 718 00b9 474E5520 		.ascii	"GNU C11 5.4.1 20160609 (release) [ARM/embedded-5-br"
 718      43313120 
 718      352E342E 
 718      31203230 
 718      31363036 
 719 00ec 616E6368 		.ascii	"anch revision 237715] -mcpu=cortex-m4 -mfloat-abi=s"
 719      20726576 
 719      6973696F 
 719      6E203233 
 719      37373135 
 720 011f 6F667466 		.ascii	"oftfp -mfpu=fpv4-sp-d16 -mthumb -g -Og -ffunction-s"
 720      70202D6D 
 720      6670753D 
 720      66707634 
 720      2D73702D 
 721 0152 65637469 		.ascii	"ections -ffat-lto-objects\000"
 721      6F6E7320 
 721      2D666661 
 721      742D6C74 
 721      6F2D6F62 
 722              	.LASF63:
 723 016c 433A5C55 		.ascii	"C:\\Users\\ikomb\\Documents\\PSoC Creator\\CE218136"
 723      73657273 
 723      5C696B6F 
 723      6D625C44 
 723      6F63756D 
 724 019a 5F45494E 		.ascii	"_EINK_CapSense_RTOS01\\CE218136_EINK_CapSense_RTOS0"
 724      4B5F4361 
 724      7053656E 
 724      73655F52 
 724      544F5330 
 725 01cc 312E6379 		.ascii	"1.cydsn\000"
 725      64736E00 
 726              	.LASF9:
 727 01d4 5F5F7569 		.ascii	"__uint32_t\000"
 727      6E743332 
 727      5F7400
 728              	.LASF23:
 729 01df 72784275 		.ascii	"rxBufIdx\000"
 729      66496478 
 729      00
 730              	.LASF40:
 731 01e8 72616E67 		.ascii	"rangeCond\000"
ARM GAS  C:\Users\ikomb\AppData\Local\Temp\cc0e2tTV.s 			page 15


 731      65436F6E 
 731      6400
 732              	.LASF60:
 733 01f2 4144435F 		.ascii	"ADC_allConfigs\000"
 733      616C6C43 
 733      6F6E6669 
 733      677300
 734              	.LASF19:
 735 0201 63795F63 		.ascii	"cy_cb_scb_spi_handle_events_t\000"
 735      625F7363 
 735      625F7370 
 735      695F6861 
 735      6E646C65 
 736              	.LASF48:
 737 021f 636F6E66 		.ascii	"configRouting\000"
 737      6967526F 
 737      7574696E 
 737      6700
 738              	.LASF16:
 739 022d 666C6F61 		.ascii	"float\000"
 739      7400
 740              	.LASF24:
 741 0233 74784275 		.ascii	"txBuf\000"
 741      6600
 742              	.LASF30:
 743 0239 43595F53 		.ascii	"CY_SAR_RANGE_COND_BELOW\000"
 743      41525F52 
 743      414E4745 
 743      5F434F4E 
 743      445F4245 
 744              	.LASF1:
 745 0251 6C6F6E67 		.ascii	"long long int\000"
 745      206C6F6E 
 745      6720696E 
 745      7400
 746              	.LASF7:
 747 025f 6C6F6E67 		.ascii	"long int\000"
 747      20696E74 
 747      00
 748              	.LASF35:
 749 0268 6374726C 		.ascii	"ctrl\000"
 749      00
 750              	.LASF37:
 751 026d 73616D70 		.ascii	"sampleTime01\000"
 751      6C655469 
 751      6D653031 
 751      00
 752              	.LASF26:
 753 027a 74784275 		.ascii	"txBufIdx\000"
 753      66496478 
 753      00
 754              	.LASF2:
 755 0283 6C6F6E67 		.ascii	"long double\000"
 755      20646F75 
 755      626C6500 
 756              	.LASF4:
 757 028f 756E7369 		.ascii	"unsigned char\000"
ARM GAS  C:\Users\ikomb\AppData\Local\Temp\cc0e2tTV.s 			page 16


 757      676E6564 
 757      20636861 
 757      7200
 758              	.LASF58:
 759 029d 43595F45 		.ascii	"CY_EINK_SPIM_context\000"
 759      494E4B5F 
 759      5350494D 
 759      5F636F6E 
 759      74657874 
 760              	.LASF3:
 761 02b2 7369676E 		.ascii	"signed char\000"
 761      65642063 
 761      68617200 
 762              	.LASF11:
 763 02be 6C6F6E67 		.ascii	"long long unsigned int\000"
 763      206C6F6E 
 763      6720756E 
 763      7369676E 
 763      65642069 
 764              	.LASF13:
 765 02d5 75696E74 		.ascii	"uint32_t\000"
 765      33325F74 
 765      00
 766              	.LASF45:
 767 02de 72616E67 		.ascii	"rangeIntrMask\000"
 767      65496E74 
 767      724D6173 
 767      6B00
 768              	.LASF47:
 769 02ec 6D757853 		.ascii	"muxSwitchSqCtrl\000"
 769      77697463 
 769      68537143 
 769      74726C00 
 770              	.LASF25:
 771 02fc 74784275 		.ascii	"txBufSize\000"
 771      6653697A 
 771      6500
 772              	.LASF6:
 773 0306 73686F72 		.ascii	"short unsigned int\000"
 773      7420756E 
 773      7369676E 
 773      65642069 
 773      6E7400
 774              	.LASF20:
 775 0319 73746174 		.ascii	"status\000"
 775      757300
 776              	.LASF54:
 777 0320 6D697363 		.ascii	"miscConfig\000"
 777      436F6E66 
 777      696700
 778              	.LASF15:
 779 032b 63686172 		.ascii	"char\000"
 779      00
 780              	.LASF46:
 781 0330 6D757853 		.ascii	"muxSwitch\000"
 781      77697463 
 781      6800
ARM GAS  C:\Users\ikomb\AppData\Local\Temp\cc0e2tTV.s 			page 17


 782              	.LASF27:
 783 033a 63624576 		.ascii	"cbEvents\000"
 783      656E7473 
 783      00
 784              	.LASF32:
 785 0343 43595F53 		.ascii	"CY_SAR_RANGE_COND_ABOVE\000"
 785      41525F52 
 785      414E4745 
 785      5F434F4E 
 785      445F4142 
 786              	.LASF12:
 787 035b 696E7433 		.ascii	"int32_t\000"
 787      325F7400 
 788              	.LASF18:
 789 0363 5F426F6F 		.ascii	"_Bool\000"
 789      6C00
 790              	.LASF53:
 791 0369 6877436F 		.ascii	"hwConfigStc\000"
 791      6E666967 
 791      53746300 
 792              	.LASF21:
 793 0375 72784275 		.ascii	"rxBuf\000"
 793      6600
 794              	.LASF10:
 795 037b 6C6F6E67 		.ascii	"long unsigned int\000"
 795      20756E73 
 795      69676E65 
 795      6420696E 
 795      7400
 796              	.LASF17:
 797 038d 646F7562 		.ascii	"double\000"
 797      6C6500
 798              	.LASF8:
 799 0394 5F5F696E 		.ascii	"__int32_t\000"
 799      7433325F 
 799      7400
 800              	.LASF31:
 801 039e 43595F53 		.ascii	"CY_SAR_RANGE_COND_INSIDE\000"
 801      41525F52 
 801      414E4745 
 801      5F434F4E 
 801      445F494E 
 802              	.LASF28:
 803 03b7 696E6974 		.ascii	"initKey\000"
 803      4B657900 
 804              	.LASF42:
 805 03bf 6368616E 		.ascii	"chanConfig\000"
 805      436F6E66 
 805      696700
 806              	.LASF50:
 807 03ca 63795F73 		.ascii	"cy_stc_sar_config_t\000"
 807      74635F73 
 807      61725F63 
 807      6F6E6669 
 807      675F7400 
 808              	.LASF62:
 809 03de 47656E65 		.ascii	"Generated_Source\\PSoC6\\pdl\\rtos\\FreeRTOS\\9.0.0"
ARM GAS  C:\Users\ikomb\AppData\Local\Temp\cc0e2tTV.s 			page 18


 809      72617465 
 809      645F536F 
 809      75726365 
 809      5C50536F 
 810 040c 5C536F75 		.ascii	"\\Source\\croutine.c\000"
 810      7263655C 
 810      63726F75 
 810      74696E65 
 810      2E6300
 811              	.LASF41:
 812 041f 6368616E 		.ascii	"chanEn\000"
 812      456E00
 813              	.LASF52:
 814 0426 6E756D43 		.ascii	"numChannels\000"
 814      68616E6E 
 814      656C7300 
 815              	.LASF38:
 816 0432 73616D70 		.ascii	"sampleTime23\000"
 816      6C655469 
 816      6D653233 
 816      00
 817              	.LASF57:
 818 043f 49544D5F 		.ascii	"ITM_RxBuffer\000"
 818      52784275 
 818      66666572 
 818      00
 819              	.LASF0:
 820 044c 756E7369 		.ascii	"unsigned int\000"
 820      676E6564 
 820      20696E74 
 820      00
 821              	.LASF64:
 822 0459 63795F73 		.ascii	"cy_stc_scb_spi_context\000"
 822      74635F73 
 822      63625F73 
 822      70695F63 
 822      6F6E7465 
 823              	.LASF43:
 824 0470 696E7472 		.ascii	"intrMask\000"
 824      4D61736B 
 824      00
 825              	.LASF34:
 826 0479 63795F65 		.ascii	"cy_en_sar_range_detect_condition_t\000"
 826      6E5F7361 
 826      725F7261 
 826      6E67655F 
 826      64657465 
 827              		.ident	"GCC: (GNU Tools for ARM Embedded Processors) 5.4.1 20160609 (release) [ARM/embedded-5-bran
